

================================================================
== Vitis HLS Report for 'dense_latency_ap_fixed_16_6_5_3_0_ap_fixed_16_6_5_3_0_config6_s'
================================================================
* Date:           Wed Aug  6 12:30:37 2025

* Version:        2023.2 (Build 4023990 on Oct 11 2023)
* Project:        hls_simple_obds_synthesis
* Solution:       solution1 (Vivado IP Flow Target)
* Product family: virtexuplus
* Target device:  xcu250-figd2104-2L-e


================================================================
== Performance Estimates
================================================================
+ Timing: 
    * Summary: 
    +--------+----------+----------+------------+
    |  Clock |  Target  | Estimated| Uncertainty|
    +--------+----------+----------+------------+
    |ap_clk  |  10.00 ns|  4.750 ns|     2.70 ns|
    +--------+----------+----------+------------+

+ Latency: 
    * Summary: 
    +---------+---------+-----------+-----------+-----+-----+---------+
    |  Latency (cycles) |   Latency (absolute)  |  Interval | Pipeline|
    |   min   |   max   |    min    |    max    | min | max |   Type  |
    +---------+---------+-----------+-----------+-----+-----+---------+
    |        3|        3|  30.000 ns|  30.000 ns|    4|    4|      yes|
    +---------+---------+-----------+-----------+-----+-----+---------+

    + Detail: 
        * Instance: 
        N/A

        * Loop: 
        N/A

============================================================
+ Verbose Summary: Synthesis Manager
============================================================
InlineROM: 1
ExposeGlobal: 0
============================================================
+ Verbose Summary: CDFG Model
============================================================
IsTopModel: 0
ResetActiveHigh: 1
IsCombinational: 0
IsDatapathOnly: 0
HasWiredReturn: 1
HasMFsm: 2
HasVarLatency: 0
IsPipeline: 1
IsRtlPipelined: 0
IsInstanceOverlapped: 0
IsDontTouch: 0
HasImplIP: 0
IsGatedGlobalClock: 0

+ Individual pipeline summary: 
  * Pipeline-0: initiation interval (II) = 4, depth = 4


============================================================
+ Verbose Summary: Schedule
============================================================
* Number of FSM states : 4
* Pipeline : 1
  Pipeline-0 : II = 4, D = 4, States = { 1 2 3 4 }
* Dataflow Pipeline: 0

* FSM state transitions: 
1 --> 2 
2 --> 3 
3 --> 4 
4 --> 

* FSM state operations: 

State 1 <SV = 0> <Delay = 2.72>
ST_1 : Operation 5 [1/1] (0.00ns)   --->   "%data_3_val_read = read i16 @_ssdm_op_Read.ap_auto.i16, i16 %data_3_val" [hls_simple_obds/firmware/nnet_utils/nnet_mult.h:70->hls_simple_obds/firmware/nnet_utils/nnet_dense_latency.h:42]   --->   Operation 5 'read' 'data_3_val_read' <Predicate = true> <Delay = 0.00>
ST_1 : Operation 6 [1/1] (0.00ns)   --->   "%data_2_val_read = read i16 @_ssdm_op_Read.ap_auto.i16, i16 %data_2_val" [hls_simple_obds/firmware/nnet_utils/nnet_mult.h:70->hls_simple_obds/firmware/nnet_utils/nnet_dense_latency.h:42]   --->   Operation 6 'read' 'data_2_val_read' <Predicate = true> <Delay = 0.00>
ST_1 : Operation 7 [1/1] (0.00ns)   --->   "%data_1_val_read = read i16 @_ssdm_op_Read.ap_auto.i16, i16 %data_1_val" [hls_simple_obds/firmware/nnet_utils/nnet_mult.h:70->hls_simple_obds/firmware/nnet_utils/nnet_dense_latency.h:42]   --->   Operation 7 'read' 'data_1_val_read' <Predicate = true> <Delay = 0.00>
ST_1 : Operation 8 [1/1] (0.00ns)   --->   "%data_0_val_read = read i16 @_ssdm_op_Read.ap_auto.i16, i16 %data_0_val" [hls_simple_obds/firmware/nnet_utils/nnet_mult.h:70->hls_simple_obds/firmware/nnet_utils/nnet_dense_latency.h:42]   --->   Operation 8 'read' 'data_0_val_read' <Predicate = true> <Delay = 0.00>
ST_1 : Operation 9 [1/1] (0.00ns)   --->   "%sext_ln70 = sext i16 %data_0_val_read" [hls_simple_obds/firmware/nnet_utils/nnet_mult.h:70->hls_simple_obds/firmware/nnet_utils/nnet_dense_latency.h:42]   --->   Operation 9 'sext' 'sext_ln70' <Predicate = true> <Delay = 0.00>
ST_1 : Operation 10 [1/1] (1.94ns)   --->   "%mul_ln73 = mul i25 %sext_ln70, i25 33554281" [hls_simple_obds/firmware/nnet_utils/nnet_mult.h:73->hls_simple_obds/firmware/nnet_utils/nnet_dense_latency.h:42]   --->   Operation 10 'mul' 'mul_ln73' <Predicate = true> <Delay = 1.94> <CoreInst = "Multiplier">   --->   Core 3 'Multiplier' <Latency = 0> <II = 1> <Delay = 1.94> <FuncUnit> <Opcode : 'mul'> <InPorts = 2> <OutPorts = 1>
ST_1 : Operation 11 [1/1] (0.00ns)   --->   "%trunc_ln = partselect i15 @_ssdm_op_PartSelect.i15.i25.i32.i32, i25 %mul_ln73, i32 10, i32 24" [hls_simple_obds/firmware/nnet_utils/nnet_dense_latency.h:42]   --->   Operation 11 'partselect' 'trunc_ln' <Predicate = true> <Delay = 0.00>
ST_1 : Operation 12 [1/1] (0.00ns)   --->   "%sext_ln42 = sext i15 %trunc_ln" [hls_simple_obds/firmware/nnet_utils/nnet_dense_latency.h:42]   --->   Operation 12 'sext' 'sext_ln42' <Predicate = true> <Delay = 0.00>
ST_1 : Operation 13 [1/1] (0.00ns)   --->   "%shl_ln = bitconcatenate i24 @_ssdm_op_BitConcatenate.i24.i16.i8, i16 %data_0_val_read, i8 0" [hls_simple_obds/firmware/nnet_utils/nnet_mult.h:73->hls_simple_obds/firmware/nnet_utils/nnet_dense_latency.h:42]   --->   Operation 13 'bitconcatenate' 'shl_ln' <Predicate = true> <Delay = 0.00>
ST_1 : Operation 14 [1/1] (0.00ns)   --->   "%sext_ln73 = sext i24 %shl_ln" [hls_simple_obds/firmware/nnet_utils/nnet_mult.h:73->hls_simple_obds/firmware/nnet_utils/nnet_dense_latency.h:42]   --->   Operation 14 'sext' 'sext_ln73' <Predicate = true> <Delay = 0.00>
ST_1 : Operation 15 [1/1] (0.00ns)   --->   "%shl_ln73_1 = bitconcatenate i19 @_ssdm_op_BitConcatenate.i19.i16.i3, i16 %data_0_val_read, i3 0" [hls_simple_obds/firmware/nnet_utils/nnet_mult.h:73->hls_simple_obds/firmware/nnet_utils/nnet_dense_latency.h:42]   --->   Operation 15 'bitconcatenate' 'shl_ln73_1' <Predicate = true> <Delay = 0.00>
ST_1 : Operation 16 [1/1] (0.00ns)   --->   "%sext_ln73_1 = sext i19 %shl_ln73_1" [hls_simple_obds/firmware/nnet_utils/nnet_mult.h:73->hls_simple_obds/firmware/nnet_utils/nnet_dense_latency.h:42]   --->   Operation 16 'sext' 'sext_ln73_1' <Predicate = true> <Delay = 0.00>
ST_1 : Operation 17 [1/1] (0.83ns)   --->   "%add_ln73 = add i25 %sext_ln73, i25 %sext_ln73_1" [hls_simple_obds/firmware/nnet_utils/nnet_mult.h:73->hls_simple_obds/firmware/nnet_utils/nnet_dense_latency.h:42]   --->   Operation 17 'add' 'add_ln73' <Predicate = true> <Delay = 0.83> <CoreInst = "Adder">   --->   Core 1 'Adder' <Latency = 0> <II = 1> <Delay = 0.83> <FuncUnit> <Opcode : 'add' 'sub'> <InPorts = 2> <OutPorts = 1>
ST_1 : Operation 18 [1/1] (0.00ns)   --->   "%trunc_ln42_s = partselect i15 @_ssdm_op_PartSelect.i15.i25.i32.i32, i25 %add_ln73, i32 10, i32 24" [hls_simple_obds/firmware/nnet_utils/nnet_dense_latency.h:42]   --->   Operation 18 'partselect' 'trunc_ln42_s' <Predicate = true> <Delay = 0.00>
ST_1 : Operation 19 [1/1] (0.00ns)   --->   "%sext_ln42_1 = sext i15 %trunc_ln42_s" [hls_simple_obds/firmware/nnet_utils/nnet_dense_latency.h:42]   --->   Operation 19 'sext' 'sext_ln42_1' <Predicate = true> <Delay = 0.00>
ST_1 : Operation 20 [1/1] (0.00ns)   --->   "%sext_ln73_2 = sext i16 %data_1_val_read" [hls_simple_obds/firmware/nnet_utils/nnet_mult.h:73->hls_simple_obds/firmware/nnet_utils/nnet_dense_latency.h:42]   --->   Operation 20 'sext' 'sext_ln73_2' <Predicate = true> <Delay = 0.00>
ST_1 : Operation 21 [1/1] (1.94ns)   --->   "%mul_ln42 = mul i26 %sext_ln73_2, i26 67108305" [hls_simple_obds/firmware/nnet_utils/nnet_dense_latency.h:42]   --->   Operation 21 'mul' 'mul_ln42' <Predicate = true> <Delay = 1.94> <CoreInst = "Multiplier">   --->   Core 3 'Multiplier' <Latency = 0> <II = 1> <Delay = 1.94> <FuncUnit> <Opcode : 'mul'> <InPorts = 2> <OutPorts = 1>
ST_1 : Operation 22 [1/1] (0.00ns)   --->   "%trunc_ln42_2 = partselect i16 @_ssdm_op_PartSelect.i16.i26.i32.i32, i26 %mul_ln42, i32 10, i32 25" [hls_simple_obds/firmware/nnet_utils/nnet_dense_latency.h:42]   --->   Operation 22 'partselect' 'trunc_ln42_2' <Predicate = true> <Delay = 0.00>
ST_1 : Operation 23 [1/1] (1.94ns)   --->   "%mul_ln42_1 = mul i26 %sext_ln73_2, i26 551" [hls_simple_obds/firmware/nnet_utils/nnet_dense_latency.h:42]   --->   Operation 23 'mul' 'mul_ln42_1' <Predicate = true> <Delay = 1.94> <CoreInst = "Multiplier">   --->   Core 3 'Multiplier' <Latency = 0> <II = 1> <Delay = 1.94> <FuncUnit> <Opcode : 'mul'> <InPorts = 2> <OutPorts = 1>
ST_1 : Operation 24 [1/1] (0.00ns)   --->   "%trunc_ln42_3 = partselect i16 @_ssdm_op_PartSelect.i16.i26.i32.i32, i26 %mul_ln42_1, i32 10, i32 25" [hls_simple_obds/firmware/nnet_utils/nnet_dense_latency.h:42]   --->   Operation 24 'partselect' 'trunc_ln42_3' <Predicate = true> <Delay = 0.00>
ST_1 : Operation 25 [1/1] (0.00ns)   --->   "%sext_ln42_2 = sext i16 %data_2_val_read" [hls_simple_obds/firmware/nnet_utils/nnet_dense_latency.h:42]   --->   Operation 25 'sext' 'sext_ln42_2' <Predicate = true> <Delay = 0.00>
ST_1 : Operation 26 [1/1] (1.94ns)   --->   "%mul_ln42_2 = mul i26 %sext_ln42_2, i26 67108229" [hls_simple_obds/firmware/nnet_utils/nnet_dense_latency.h:42]   --->   Operation 26 'mul' 'mul_ln42_2' <Predicate = true> <Delay = 1.94> <CoreInst = "Multiplier">   --->   Core 3 'Multiplier' <Latency = 0> <II = 1> <Delay = 1.94> <FuncUnit> <Opcode : 'mul'> <InPorts = 2> <OutPorts = 1>
ST_1 : Operation 27 [1/1] (0.00ns)   --->   "%trunc_ln42_4 = partselect i16 @_ssdm_op_PartSelect.i16.i26.i32.i32, i26 %mul_ln42_2, i32 10, i32 25" [hls_simple_obds/firmware/nnet_utils/nnet_dense_latency.h:42]   --->   Operation 27 'partselect' 'trunc_ln42_4' <Predicate = true> <Delay = 0.00>
ST_1 : Operation 28 [1/1] (0.00ns)   --->   "%shl_ln73_2 = bitconcatenate i22 @_ssdm_op_BitConcatenate.i22.i16.i6, i16 %data_2_val_read, i6 0" [hls_simple_obds/firmware/nnet_utils/nnet_mult.h:73->hls_simple_obds/firmware/nnet_utils/nnet_dense_latency.h:42]   --->   Operation 28 'bitconcatenate' 'shl_ln73_2' <Predicate = true> <Delay = 0.00>
ST_1 : Operation 29 [1/1] (0.00ns)   --->   "%sext_ln73_3 = sext i22 %shl_ln73_2" [hls_simple_obds/firmware/nnet_utils/nnet_mult.h:73->hls_simple_obds/firmware/nnet_utils/nnet_dense_latency.h:42]   --->   Operation 29 'sext' 'sext_ln73_3' <Predicate = true> <Delay = 0.00>
ST_1 : Operation 30 [1/1] (0.00ns)   --->   "%shl_ln73_3 = bitconcatenate i17 @_ssdm_op_BitConcatenate.i17.i16.i1, i16 %data_2_val_read, i1 0" [hls_simple_obds/firmware/nnet_utils/nnet_mult.h:73->hls_simple_obds/firmware/nnet_utils/nnet_dense_latency.h:42]   --->   Operation 30 'bitconcatenate' 'shl_ln73_3' <Predicate = true> <Delay = 0.00>
ST_1 : Operation 31 [1/1] (0.00ns)   --->   "%sext_ln73_4 = sext i17 %shl_ln73_3" [hls_simple_obds/firmware/nnet_utils/nnet_mult.h:73->hls_simple_obds/firmware/nnet_utils/nnet_dense_latency.h:42]   --->   Operation 31 'sext' 'sext_ln73_4' <Predicate = true> <Delay = 0.00>
ST_1 : Operation 32 [1/1] (0.82ns)   --->   "%add_ln73_1 = add i23 %sext_ln73_3, i23 %sext_ln73_4" [hls_simple_obds/firmware/nnet_utils/nnet_mult.h:73->hls_simple_obds/firmware/nnet_utils/nnet_dense_latency.h:42]   --->   Operation 32 'add' 'add_ln73_1' <Predicate = true> <Delay = 0.82> <CoreInst = "Adder">   --->   Core 1 'Adder' <Latency = 0> <II = 1> <Delay = 0.82> <FuncUnit> <Opcode : 'add' 'sub'> <InPorts = 2> <OutPorts = 1>
ST_1 : Operation 33 [1/1] (0.00ns)   --->   "%trunc_ln42_1 = partselect i13 @_ssdm_op_PartSelect.i13.i23.i32.i32, i23 %add_ln73_1, i32 10, i32 22" [hls_simple_obds/firmware/nnet_utils/nnet_dense_latency.h:42]   --->   Operation 33 'partselect' 'trunc_ln42_1' <Predicate = true> <Delay = 0.00>
ST_1 : Operation 34 [1/1] (0.00ns)   --->   "%sext_ln70_1 = sext i16 %data_3_val_read" [hls_simple_obds/firmware/nnet_utils/nnet_mult.h:70->hls_simple_obds/firmware/nnet_utils/nnet_dense_latency.h:42]   --->   Operation 34 'sext' 'sext_ln70_1' <Predicate = true> <Delay = 0.00>
ST_1 : Operation 35 [1/1] (0.00ns)   --->   "%sext_ln42_4 = sext i16 %data_3_val_read" [hls_simple_obds/firmware/nnet_utils/nnet_dense_latency.h:42]   --->   Operation 35 'sext' 'sext_ln42_4' <Predicate = true> <Delay = 0.00>
ST_1 : Operation 36 [1/1] (1.94ns)   --->   "%mul_ln42_3 = mul i26 %sext_ln42_4, i26 580" [hls_simple_obds/firmware/nnet_utils/nnet_dense_latency.h:42]   --->   Operation 36 'mul' 'mul_ln42_3' <Predicate = true> <Delay = 1.94> <CoreInst = "Multiplier">   --->   Core 3 'Multiplier' <Latency = 0> <II = 1> <Delay = 1.94> <FuncUnit> <Opcode : 'mul'> <InPorts = 2> <OutPorts = 1>
ST_1 : Operation 37 [1/1] (0.00ns)   --->   "%trunc_ln42_6 = partselect i16 @_ssdm_op_PartSelect.i16.i26.i32.i32, i26 %mul_ln42_3, i32 10, i32 25" [hls_simple_obds/firmware/nnet_utils/nnet_dense_latency.h:42]   --->   Operation 37 'partselect' 'trunc_ln42_6' <Predicate = true> <Delay = 0.00>
ST_1 : Operation 38 [1/1] (1.94ns)   --->   "%mul_ln73_1 = mul i24 %sext_ln70_1, i24 108" [hls_simple_obds/firmware/nnet_utils/nnet_mult.h:73->hls_simple_obds/firmware/nnet_utils/nnet_dense_latency.h:42]   --->   Operation 38 'mul' 'mul_ln73_1' <Predicate = true> <Delay = 1.94> <CoreInst = "Multiplier">   --->   Core 3 'Multiplier' <Latency = 0> <II = 1> <Delay = 1.94> <FuncUnit> <Opcode : 'mul'> <InPorts = 2> <OutPorts = 1>
ST_1 : Operation 39 [1/1] (0.00ns)   --->   "%trunc_ln42_5 = partselect i14 @_ssdm_op_PartSelect.i14.i24.i32.i32, i24 %mul_ln73_1, i32 10, i32 23" [hls_simple_obds/firmware/nnet_utils/nnet_dense_latency.h:42]   --->   Operation 39 'partselect' 'trunc_ln42_5' <Predicate = true> <Delay = 0.00>
ST_1 : Operation 40 [1/1] (0.00ns) (grouped into TernaryAdder)   --->   "%add_ln58 = add i16 %trunc_ln42_2, i16 %trunc_ln42_4" [hls_simple_obds/firmware/nnet_utils/nnet_dense_latency.h:58]   --->   Operation 40 'add' 'add_ln58' <Predicate = true> <Delay = 0.00> <CoreInst = "TAddSub">   --->   Core 10 'TAddSub' <Latency = 0> <II = 1> <Delay = 0.33> <IPBlock> <Opcode : '' 'add' 'sub'> <InPorts = 3> <OutPorts = 1> <Sync> <CReg>
ST_1 : Operation 41 [1/1] (0.67ns) (root node of TernaryAdder)   --->   "%add_ln58_1 = add i16 %add_ln58, i16 %sext_ln42" [hls_simple_obds/firmware/nnet_utils/nnet_dense_latency.h:58]   --->   Operation 41 'add' 'add_ln58_1' <Predicate = true> <Delay = 0.67> <CoreInst = "TAddSub">   --->   Core 10 'TAddSub' <Latency = 0> <II = 1> <Delay = 0.33> <IPBlock> <Opcode : '' 'add' 'sub'> <InPorts = 3> <OutPorts = 1> <Sync> <CReg>
ST_1 : Operation 42 [1/1] (0.78ns)   --->   "%add_ln58_12 = add i16 %trunc_ln42_3, i16 %sext_ln42_1" [hls_simple_obds/firmware/nnet_utils/nnet_dense_latency.h:58]   --->   Operation 42 'add' 'add_ln58_12' <Predicate = true> <Delay = 0.78> <CoreInst = "Adder">   --->   Core 1 'Adder' <Latency = 0> <II = 1> <Delay = 0.78> <FuncUnit> <Opcode : 'add' 'sub'> <InPorts = 2> <OutPorts = 1>

State 2 <SV = 1> <Delay = 2.61>
ST_2 : Operation 43 [1/1] (0.00ns)   --->   "%data_7_val_read = read i16 @_ssdm_op_Read.ap_auto.i16, i16 %data_7_val" [hls_simple_obds/firmware/nnet_utils/nnet_mult.h:70->hls_simple_obds/firmware/nnet_utils/nnet_dense_latency.h:42]   --->   Operation 43 'read' 'data_7_val_read' <Predicate = true> <Delay = 0.00>
ST_2 : Operation 44 [1/1] (0.00ns)   --->   "%data_6_val_read = read i16 @_ssdm_op_Read.ap_auto.i16, i16 %data_6_val" [hls_simple_obds/firmware/nnet_utils/nnet_mult.h:70->hls_simple_obds/firmware/nnet_utils/nnet_dense_latency.h:42]   --->   Operation 44 'read' 'data_6_val_read' <Predicate = true> <Delay = 0.00>
ST_2 : Operation 45 [1/1] (0.00ns)   --->   "%data_5_val_read = read i16 @_ssdm_op_Read.ap_auto.i16, i16 %data_5_val" [hls_simple_obds/firmware/nnet_utils/nnet_mult.h:70->hls_simple_obds/firmware/nnet_utils/nnet_dense_latency.h:42]   --->   Operation 45 'read' 'data_5_val_read' <Predicate = true> <Delay = 0.00>
ST_2 : Operation 46 [1/1] (0.00ns)   --->   "%data_4_val_read = read i16 @_ssdm_op_Read.ap_auto.i16, i16 %data_4_val" [hls_simple_obds/firmware/nnet_utils/nnet_mult.h:70->hls_simple_obds/firmware/nnet_utils/nnet_dense_latency.h:42]   --->   Operation 46 'read' 'data_4_val_read' <Predicate = true> <Delay = 0.00>
ST_2 : Operation 47 [1/1] (0.00ns)   --->   "%sext_ln42_3 = sext i13 %trunc_ln42_1" [hls_simple_obds/firmware/nnet_utils/nnet_dense_latency.h:42]   --->   Operation 47 'sext' 'sext_ln42_3' <Predicate = true> <Delay = 0.00>
ST_2 : Operation 48 [1/1] (0.00ns)   --->   "%sext_ln42_5 = sext i14 %trunc_ln42_5" [hls_simple_obds/firmware/nnet_utils/nnet_dense_latency.h:42]   --->   Operation 48 'sext' 'sext_ln42_5' <Predicate = true> <Delay = 0.00>
ST_2 : Operation 49 [1/1] (0.00ns)   --->   "%sext_ln70_2 = sext i16 %data_4_val_read" [hls_simple_obds/firmware/nnet_utils/nnet_mult.h:70->hls_simple_obds/firmware/nnet_utils/nnet_dense_latency.h:42]   --->   Operation 49 'sext' 'sext_ln70_2' <Predicate = true> <Delay = 0.00>
ST_2 : Operation 50 [1/1] (1.94ns)   --->   "%mul_ln42_4 = mul i26 %sext_ln70_2, i26 517" [hls_simple_obds/firmware/nnet_utils/nnet_dense_latency.h:42]   --->   Operation 50 'mul' 'mul_ln42_4' <Predicate = true> <Delay = 1.94> <CoreInst = "Multiplier">   --->   Core 3 'Multiplier' <Latency = 0> <II = 1> <Delay = 1.94> <FuncUnit> <Opcode : 'mul'> <InPorts = 2> <OutPorts = 1>
ST_2 : Operation 51 [1/1] (0.00ns)   --->   "%trunc_ln42_8 = partselect i16 @_ssdm_op_PartSelect.i16.i26.i32.i32, i26 %mul_ln42_4, i32 10, i32 25" [hls_simple_obds/firmware/nnet_utils/nnet_dense_latency.h:42]   --->   Operation 51 'partselect' 'trunc_ln42_8' <Predicate = true> <Delay = 0.00>
ST_2 : Operation 52 [1/1] (1.94ns)   --->   "%mul_ln73_2 = mul i26 %sext_ln70_2, i26 67108495" [hls_simple_obds/firmware/nnet_utils/nnet_mult.h:73->hls_simple_obds/firmware/nnet_utils/nnet_dense_latency.h:42]   --->   Operation 52 'mul' 'mul_ln73_2' <Predicate = true> <Delay = 1.94> <CoreInst = "Multiplier">   --->   Core 3 'Multiplier' <Latency = 0> <II = 1> <Delay = 1.94> <FuncUnit> <Opcode : 'mul'> <InPorts = 2> <OutPorts = 1>
ST_2 : Operation 53 [1/1] (0.00ns)   --->   "%trunc_ln42_9 = partselect i16 @_ssdm_op_PartSelect.i16.i26.i32.i32, i26 %mul_ln73_2, i32 10, i32 25" [hls_simple_obds/firmware/nnet_utils/nnet_dense_latency.h:42]   --->   Operation 53 'partselect' 'trunc_ln42_9' <Predicate = true> <Delay = 0.00>
ST_2 : Operation 54 [1/1] (0.00ns)   --->   "%sext_ln70_3 = sext i16 %data_5_val_read" [hls_simple_obds/firmware/nnet_utils/nnet_mult.h:70->hls_simple_obds/firmware/nnet_utils/nnet_dense_latency.h:42]   --->   Operation 54 'sext' 'sext_ln70_3' <Predicate = true> <Delay = 0.00>
ST_2 : Operation 55 [1/1] (0.00ns)   --->   "%shl_ln73_4 = bitconcatenate i22 @_ssdm_op_BitConcatenate.i22.i16.i6, i16 %data_5_val_read, i6 0" [hls_simple_obds/firmware/nnet_utils/nnet_mult.h:73->hls_simple_obds/firmware/nnet_utils/nnet_dense_latency.h:42]   --->   Operation 55 'bitconcatenate' 'shl_ln73_4' <Predicate = true> <Delay = 0.00>
ST_2 : Operation 56 [1/1] (0.00ns)   --->   "%sext_ln73_5 = sext i22 %shl_ln73_4" [hls_simple_obds/firmware/nnet_utils/nnet_mult.h:73->hls_simple_obds/firmware/nnet_utils/nnet_dense_latency.h:42]   --->   Operation 56 'sext' 'sext_ln73_5' <Predicate = true> <Delay = 0.00>
ST_2 : Operation 57 [1/1] (0.00ns)   --->   "%shl_ln73_5 = bitconcatenate i18 @_ssdm_op_BitConcatenate.i18.i16.i2, i16 %data_5_val_read, i2 0" [hls_simple_obds/firmware/nnet_utils/nnet_mult.h:73->hls_simple_obds/firmware/nnet_utils/nnet_dense_latency.h:42]   --->   Operation 57 'bitconcatenate' 'shl_ln73_5' <Predicate = true> <Delay = 0.00>
ST_2 : Operation 58 [1/1] (0.00ns)   --->   "%sext_ln73_6 = sext i18 %shl_ln73_5" [hls_simple_obds/firmware/nnet_utils/nnet_mult.h:73->hls_simple_obds/firmware/nnet_utils/nnet_dense_latency.h:42]   --->   Operation 58 'sext' 'sext_ln73_6' <Predicate = true> <Delay = 0.00>
ST_2 : Operation 59 [1/1] (0.82ns)   --->   "%add_ln73_2 = add i23 %sext_ln73_5, i23 %sext_ln73_6" [hls_simple_obds/firmware/nnet_utils/nnet_mult.h:73->hls_simple_obds/firmware/nnet_utils/nnet_dense_latency.h:42]   --->   Operation 59 'add' 'add_ln73_2' <Predicate = true> <Delay = 0.82> <CoreInst = "Adder">   --->   Core 1 'Adder' <Latency = 0> <II = 1> <Delay = 0.82> <FuncUnit> <Opcode : 'add' 'sub'> <InPorts = 2> <OutPorts = 1>
ST_2 : Operation 60 [1/1] (0.00ns)   --->   "%trunc_ln42_7 = partselect i13 @_ssdm_op_PartSelect.i13.i23.i32.i32, i23 %add_ln73_2, i32 10, i32 22" [hls_simple_obds/firmware/nnet_utils/nnet_dense_latency.h:42]   --->   Operation 60 'partselect' 'trunc_ln42_7' <Predicate = true> <Delay = 0.00>
ST_2 : Operation 61 [1/1] (0.00ns)   --->   "%sext_ln42_6 = sext i13 %trunc_ln42_7" [hls_simple_obds/firmware/nnet_utils/nnet_dense_latency.h:42]   --->   Operation 61 'sext' 'sext_ln42_6' <Predicate = true> <Delay = 0.00>
ST_2 : Operation 62 [1/1] (1.94ns)   --->   "%mul_ln73_3 = mul i26 %sext_ln70_3, i26 67108557" [hls_simple_obds/firmware/nnet_utils/nnet_mult.h:73->hls_simple_obds/firmware/nnet_utils/nnet_dense_latency.h:42]   --->   Operation 62 'mul' 'mul_ln73_3' <Predicate = true> <Delay = 1.94> <CoreInst = "Multiplier">   --->   Core 3 'Multiplier' <Latency = 0> <II = 1> <Delay = 1.94> <FuncUnit> <Opcode : 'mul'> <InPorts = 2> <OutPorts = 1>
ST_2 : Operation 63 [1/1] (0.00ns)   --->   "%trunc_ln42_10 = partselect i16 @_ssdm_op_PartSelect.i16.i26.i32.i32, i26 %mul_ln73_3, i32 10, i32 25" [hls_simple_obds/firmware/nnet_utils/nnet_dense_latency.h:42]   --->   Operation 63 'partselect' 'trunc_ln42_10' <Predicate = true> <Delay = 0.00>
ST_2 : Operation 64 [1/1] (0.00ns)   --->   "%sext_ln70_4 = sext i16 %data_6_val_read" [hls_simple_obds/firmware/nnet_utils/nnet_mult.h:70->hls_simple_obds/firmware/nnet_utils/nnet_dense_latency.h:42]   --->   Operation 64 'sext' 'sext_ln70_4' <Predicate = true> <Delay = 0.00>
ST_2 : Operation 65 [1/1] (0.00ns)   --->   "%sext_ln70_5 = sext i16 %data_6_val_read" [hls_simple_obds/firmware/nnet_utils/nnet_mult.h:70->hls_simple_obds/firmware/nnet_utils/nnet_dense_latency.h:42]   --->   Operation 65 'sext' 'sext_ln70_5' <Predicate = true> <Delay = 0.00>
ST_2 : Operation 66 [1/1] (1.94ns)   --->   "%mul_ln73_4 = mul i22 %sext_ln70_5, i22 4194283" [hls_simple_obds/firmware/nnet_utils/nnet_mult.h:73->hls_simple_obds/firmware/nnet_utils/nnet_dense_latency.h:42]   --->   Operation 66 'mul' 'mul_ln73_4' <Predicate = true> <Delay = 1.94> <CoreInst = "Multiplier">   --->   Core 3 'Multiplier' <Latency = 0> <II = 1> <Delay = 1.94> <FuncUnit> <Opcode : 'mul'> <InPorts = 2> <OutPorts = 1>
ST_2 : Operation 67 [1/1] (0.00ns)   --->   "%trunc_ln42_11 = partselect i12 @_ssdm_op_PartSelect.i12.i22.i32.i32, i22 %mul_ln73_4, i32 10, i32 21" [hls_simple_obds/firmware/nnet_utils/nnet_dense_latency.h:42]   --->   Operation 67 'partselect' 'trunc_ln42_11' <Predicate = true> <Delay = 0.00>
ST_2 : Operation 68 [1/1] (1.94ns)   --->   "%mul_ln73_5 = mul i26 %sext_ln70_4, i26 382" [hls_simple_obds/firmware/nnet_utils/nnet_mult.h:73->hls_simple_obds/firmware/nnet_utils/nnet_dense_latency.h:42]   --->   Operation 68 'mul' 'mul_ln73_5' <Predicate = true> <Delay = 1.94> <CoreInst = "Multiplier">   --->   Core 3 'Multiplier' <Latency = 0> <II = 1> <Delay = 1.94> <FuncUnit> <Opcode : 'mul'> <InPorts = 2> <OutPorts = 1>
ST_2 : Operation 69 [1/1] (0.00ns)   --->   "%trunc_ln42_12 = partselect i16 @_ssdm_op_PartSelect.i16.i26.i32.i32, i26 %mul_ln73_5, i32 10, i32 25" [hls_simple_obds/firmware/nnet_utils/nnet_dense_latency.h:42]   --->   Operation 69 'partselect' 'trunc_ln42_12' <Predicate = true> <Delay = 0.00>
ST_2 : Operation 70 [1/1] (0.00ns)   --->   "%sext_ln70_6 = sext i16 %data_7_val_read" [hls_simple_obds/firmware/nnet_utils/nnet_mult.h:70->hls_simple_obds/firmware/nnet_utils/nnet_dense_latency.h:42]   --->   Operation 70 'sext' 'sext_ln70_6' <Predicate = true> <Delay = 0.00>
ST_2 : Operation 71 [1/1] (1.94ns)   --->   "%mul_ln73_6 = mul i26 %sext_ln70_6, i26 394" [hls_simple_obds/firmware/nnet_utils/nnet_mult.h:73->hls_simple_obds/firmware/nnet_utils/nnet_dense_latency.h:42]   --->   Operation 71 'mul' 'mul_ln73_6' <Predicate = true> <Delay = 1.94> <CoreInst = "Multiplier">   --->   Core 3 'Multiplier' <Latency = 0> <II = 1> <Delay = 1.94> <FuncUnit> <Opcode : 'mul'> <InPorts = 2> <OutPorts = 1>
ST_2 : Operation 72 [1/1] (0.00ns)   --->   "%trunc_ln42_13 = partselect i16 @_ssdm_op_PartSelect.i16.i26.i32.i32, i26 %mul_ln73_6, i32 10, i32 25" [hls_simple_obds/firmware/nnet_utils/nnet_dense_latency.h:42]   --->   Operation 72 'partselect' 'trunc_ln42_13' <Predicate = true> <Delay = 0.00>
ST_2 : Operation 73 [1/1] (0.00ns) (grouped into TernaryAdder)   --->   "%add_ln58_2 = add i16 %trunc_ln42_8, i16 %sext_ln42_6" [hls_simple_obds/firmware/nnet_utils/nnet_dense_latency.h:58]   --->   Operation 73 'add' 'add_ln58_2' <Predicate = true> <Delay = 0.00> <CoreInst = "TAddSub">   --->   Core 10 'TAddSub' <Latency = 0> <II = 1> <Delay = 0.33> <IPBlock> <Opcode : '' 'add' 'sub'> <InPorts = 3> <OutPorts = 1> <Sync> <CReg>
ST_2 : Operation 74 [1/1] (0.67ns) (root node of TernaryAdder)   --->   "%add_ln58_3 = add i16 %add_ln58_2, i16 %trunc_ln42_6" [hls_simple_obds/firmware/nnet_utils/nnet_dense_latency.h:58]   --->   Operation 74 'add' 'add_ln58_3' <Predicate = true> <Delay = 0.67> <CoreInst = "TAddSub">   --->   Core 10 'TAddSub' <Latency = 0> <II = 1> <Delay = 0.33> <IPBlock> <Opcode : '' 'add' 'sub'> <InPorts = 3> <OutPorts = 1> <Sync> <CReg>
ST_2 : Operation 75 [1/1] (0.00ns) (grouped into TernaryAdder)   --->   "%add_ln58_13 = add i16 %sext_ln42_5, i16 %trunc_ln42_9" [hls_simple_obds/firmware/nnet_utils/nnet_dense_latency.h:58]   --->   Operation 75 'add' 'add_ln58_13' <Predicate = true> <Delay = 0.00> <CoreInst = "TAddSub">   --->   Core 10 'TAddSub' <Latency = 0> <II = 1> <Delay = 0.33> <IPBlock> <Opcode : '' 'add' 'sub'> <InPorts = 3> <OutPorts = 1> <Sync> <CReg>
ST_2 : Operation 76 [1/1] (0.67ns) (root node of TernaryAdder)   --->   "%add_ln58_14 = add i16 %add_ln58_13, i16 %sext_ln42_3" [hls_simple_obds/firmware/nnet_utils/nnet_dense_latency.h:58]   --->   Operation 76 'add' 'add_ln58_14' <Predicate = true> <Delay = 0.67> <CoreInst = "TAddSub">   --->   Core 10 'TAddSub' <Latency = 0> <II = 1> <Delay = 0.33> <IPBlock> <Opcode : '' 'add' 'sub'> <InPorts = 3> <OutPorts = 1> <Sync> <CReg>

State 3 <SV = 2> <Delay = 2.72>
ST_3 : Operation 77 [1/1] (0.00ns)   --->   "%data_10_val_read = read i16 @_ssdm_op_Read.ap_auto.i16, i16 %data_10_val" [hls_simple_obds/firmware/nnet_utils/nnet_mult.h:70->hls_simple_obds/firmware/nnet_utils/nnet_dense_latency.h:42]   --->   Operation 77 'read' 'data_10_val_read' <Predicate = true> <Delay = 0.00>
ST_3 : Operation 78 [1/1] (0.00ns)   --->   "%data_9_val_read = read i16 @_ssdm_op_Read.ap_auto.i16, i16 %data_9_val" [hls_simple_obds/firmware/nnet_utils/nnet_mult.h:70->hls_simple_obds/firmware/nnet_utils/nnet_dense_latency.h:42]   --->   Operation 78 'read' 'data_9_val_read' <Predicate = true> <Delay = 0.00>
ST_3 : Operation 79 [1/1] (0.00ns)   --->   "%data_8_val_read = read i16 @_ssdm_op_Read.ap_auto.i16, i16 %data_8_val" [hls_simple_obds/firmware/nnet_utils/nnet_mult.h:70->hls_simple_obds/firmware/nnet_utils/nnet_dense_latency.h:42]   --->   Operation 79 'read' 'data_8_val_read' <Predicate = true> <Delay = 0.00>
ST_3 : Operation 80 [1/1] (1.94ns)   --->   "%mul_ln73_7 = mul i26 %sext_ln70_6, i26 67108505" [hls_simple_obds/firmware/nnet_utils/nnet_mult.h:73->hls_simple_obds/firmware/nnet_utils/nnet_dense_latency.h:42]   --->   Operation 80 'mul' 'mul_ln73_7' <Predicate = true> <Delay = 1.94> <CoreInst = "Multiplier">   --->   Core 3 'Multiplier' <Latency = 0> <II = 1> <Delay = 1.94> <FuncUnit> <Opcode : 'mul'> <InPorts = 2> <OutPorts = 1>
ST_3 : Operation 81 [1/1] (0.00ns)   --->   "%trunc_ln42_14 = partselect i16 @_ssdm_op_PartSelect.i16.i26.i32.i32, i26 %mul_ln73_7, i32 10, i32 25" [hls_simple_obds/firmware/nnet_utils/nnet_dense_latency.h:42]   --->   Operation 81 'partselect' 'trunc_ln42_14' <Predicate = true> <Delay = 0.00>
ST_3 : Operation 82 [1/1] (0.00ns)   --->   "%sext_ln42_8 = sext i16 %data_8_val_read" [hls_simple_obds/firmware/nnet_utils/nnet_dense_latency.h:42]   --->   Operation 82 'sext' 'sext_ln42_8' <Predicate = true> <Delay = 0.00>
ST_3 : Operation 83 [1/1] (1.94ns)   --->   "%mul_ln42_5 = mul i26 %sext_ln42_8, i26 67108343" [hls_simple_obds/firmware/nnet_utils/nnet_dense_latency.h:42]   --->   Operation 83 'mul' 'mul_ln42_5' <Predicate = true> <Delay = 1.94> <CoreInst = "Multiplier">   --->   Core 3 'Multiplier' <Latency = 0> <II = 1> <Delay = 1.94> <FuncUnit> <Opcode : 'mul'> <InPorts = 2> <OutPorts = 1>
ST_3 : Operation 84 [1/1] (0.00ns)   --->   "%trunc_ln42_15 = partselect i16 @_ssdm_op_PartSelect.i16.i26.i32.i32, i26 %mul_ln42_5, i32 10, i32 25" [hls_simple_obds/firmware/nnet_utils/nnet_dense_latency.h:42]   --->   Operation 84 'partselect' 'trunc_ln42_15' <Predicate = true> <Delay = 0.00>
ST_3 : Operation 85 [1/1] (0.00ns)   --->   "%sext_ln70_7 = sext i16 %data_9_val_read" [hls_simple_obds/firmware/nnet_utils/nnet_mult.h:70->hls_simple_obds/firmware/nnet_utils/nnet_dense_latency.h:42]   --->   Operation 85 'sext' 'sext_ln70_7' <Predicate = true> <Delay = 0.00>
ST_3 : Operation 86 [1/1] (1.94ns)   --->   "%mul_ln73_8 = mul i26 %sext_ln70_7, i26 67108530" [hls_simple_obds/firmware/nnet_utils/nnet_mult.h:73->hls_simple_obds/firmware/nnet_utils/nnet_dense_latency.h:42]   --->   Operation 86 'mul' 'mul_ln73_8' <Predicate = true> <Delay = 1.94> <CoreInst = "Multiplier">   --->   Core 3 'Multiplier' <Latency = 0> <II = 1> <Delay = 1.94> <FuncUnit> <Opcode : 'mul'> <InPorts = 2> <OutPorts = 1>
ST_3 : Operation 87 [1/1] (0.00ns)   --->   "%trunc_ln42_16 = partselect i16 @_ssdm_op_PartSelect.i16.i26.i32.i32, i26 %mul_ln73_8, i32 10, i32 25" [hls_simple_obds/firmware/nnet_utils/nnet_dense_latency.h:42]   --->   Operation 87 'partselect' 'trunc_ln42_16' <Predicate = true> <Delay = 0.00>
ST_3 : Operation 88 [1/1] (1.94ns)   --->   "%mul_ln73_9 = mul i26 %sext_ln70_7, i26 67108540" [hls_simple_obds/firmware/nnet_utils/nnet_mult.h:73->hls_simple_obds/firmware/nnet_utils/nnet_dense_latency.h:42]   --->   Operation 88 'mul' 'mul_ln73_9' <Predicate = true> <Delay = 1.94> <CoreInst = "Multiplier">   --->   Core 3 'Multiplier' <Latency = 0> <II = 1> <Delay = 1.94> <FuncUnit> <Opcode : 'mul'> <InPorts = 2> <OutPorts = 1>
ST_3 : Operation 89 [1/1] (0.00ns)   --->   "%trunc_ln42_17 = partselect i16 @_ssdm_op_PartSelect.i16.i26.i32.i32, i26 %mul_ln73_9, i32 10, i32 25" [hls_simple_obds/firmware/nnet_utils/nnet_dense_latency.h:42]   --->   Operation 89 'partselect' 'trunc_ln42_17' <Predicate = true> <Delay = 0.00>
ST_3 : Operation 90 [1/1] (0.00ns)   --->   "%sext_ln70_8 = sext i16 %data_10_val_read" [hls_simple_obds/firmware/nnet_utils/nnet_mult.h:70->hls_simple_obds/firmware/nnet_utils/nnet_dense_latency.h:42]   --->   Operation 90 'sext' 'sext_ln70_8' <Predicate = true> <Delay = 0.00>
ST_3 : Operation 91 [1/1] (0.00ns)   --->   "%sext_ln70_9 = sext i16 %data_10_val_read" [hls_simple_obds/firmware/nnet_utils/nnet_mult.h:70->hls_simple_obds/firmware/nnet_utils/nnet_dense_latency.h:42]   --->   Operation 91 'sext' 'sext_ln70_9' <Predicate = true> <Delay = 0.00>
ST_3 : Operation 92 [1/1] (1.94ns)   --->   "%mul_ln73_10 = mul i21 %sext_ln70_9, i21 11" [hls_simple_obds/firmware/nnet_utils/nnet_mult.h:73->hls_simple_obds/firmware/nnet_utils/nnet_dense_latency.h:42]   --->   Operation 92 'mul' 'mul_ln73_10' <Predicate = true> <Delay = 1.94> <CoreInst = "Multiplier">   --->   Core 3 'Multiplier' <Latency = 0> <II = 1> <Delay = 1.94> <FuncUnit> <Opcode : 'mul'> <InPorts = 2> <OutPorts = 1>
ST_3 : Operation 93 [1/1] (0.00ns)   --->   "%trunc_ln42_18 = partselect i11 @_ssdm_op_PartSelect.i11.i21.i32.i32, i21 %mul_ln73_10, i32 10, i32 20" [hls_simple_obds/firmware/nnet_utils/nnet_dense_latency.h:42]   --->   Operation 93 'partselect' 'trunc_ln42_18' <Predicate = true> <Delay = 0.00>
ST_3 : Operation 94 [1/1] (1.94ns)   --->   "%mul_ln73_11 = mul i25 %sext_ln70_8, i25 33554277" [hls_simple_obds/firmware/nnet_utils/nnet_mult.h:73->hls_simple_obds/firmware/nnet_utils/nnet_dense_latency.h:42]   --->   Operation 94 'mul' 'mul_ln73_11' <Predicate = true> <Delay = 1.94> <CoreInst = "Multiplier">   --->   Core 3 'Multiplier' <Latency = 0> <II = 1> <Delay = 1.94> <FuncUnit> <Opcode : 'mul'> <InPorts = 2> <OutPorts = 1>
ST_3 : Operation 95 [1/1] (0.00ns)   --->   "%trunc_ln42_19 = partselect i15 @_ssdm_op_PartSelect.i15.i25.i32.i32, i25 %mul_ln73_11, i32 10, i32 24" [hls_simple_obds/firmware/nnet_utils/nnet_dense_latency.h:42]   --->   Operation 95 'partselect' 'trunc_ln42_19' <Predicate = true> <Delay = 0.00>
ST_3 : Operation 96 [1/1] (0.78ns)   --->   "%add_ln58_5 = add i16 %trunc_ln42_13, i16 %trunc_ln42_15" [hls_simple_obds/firmware/nnet_utils/nnet_dense_latency.h:58]   --->   Operation 96 'add' 'add_ln58_5' <Predicate = true> <Delay = 0.78> <CoreInst = "Adder">   --->   Core 1 'Adder' <Latency = 0> <II = 1> <Delay = 0.78> <FuncUnit> <Opcode : 'add' 'sub'> <InPorts = 2> <OutPorts = 1>
ST_3 : Operation 97 [1/1] (0.78ns)   --->   "%add_ln58_16 = add i16 %trunc_ln42_12, i16 %trunc_ln42_14" [hls_simple_obds/firmware/nnet_utils/nnet_dense_latency.h:58]   --->   Operation 97 'add' 'add_ln58_16' <Predicate = true> <Delay = 0.78> <CoreInst = "Adder">   --->   Core 1 'Adder' <Latency = 0> <II = 1> <Delay = 0.78> <FuncUnit> <Opcode : 'add' 'sub'> <InPorts = 2> <OutPorts = 1>

State 4 <SV = 3> <Delay = 4.75>
ST_4 : Operation 98 [1/1] (0.00ns)   --->   "%specpipeline_ln33 = specpipeline void @_ssdm_op_SpecPipeline, i32 4, i32 0, i32 0, i32 0, void @empty_0" [hls_simple_obds/firmware/nnet_utils/nnet_dense_latency.h:33]   --->   Operation 98 'specpipeline' 'specpipeline_ln33' <Predicate = true> <Delay = 0.00>
ST_4 : Operation 99 [1/1] (0.00ns)   --->   "%specresourcelimit_ln33 = specresourcelimit void @_ssdm_op_SpecResourceLimit, i64 6, void @empty_1, void @empty_0, void @empty_0, void @empty_0" [hls_simple_obds/firmware/nnet_utils/nnet_dense_latency.h:33]   --->   Operation 99 'specresourcelimit' 'specresourcelimit_ln33' <Predicate = true> <Delay = 0.00>
ST_4 : Operation 100 [1/1] (0.00ns)   --->   "%data_11_val_read = read i16 @_ssdm_op_Read.ap_auto.i16, i16 %data_11_val" [hls_simple_obds/firmware/nnet_utils/nnet_mult.h:70->hls_simple_obds/firmware/nnet_utils/nnet_dense_latency.h:42]   --->   Operation 100 'read' 'data_11_val_read' <Predicate = true> <Delay = 0.00>
ST_4 : Operation 101 [1/1] (0.00ns)   --->   "%sext_ln42_7 = sext i12 %trunc_ln42_11" [hls_simple_obds/firmware/nnet_utils/nnet_dense_latency.h:42]   --->   Operation 101 'sext' 'sext_ln42_7' <Predicate = true> <Delay = 0.00>
ST_4 : Operation 102 [1/1] (0.00ns)   --->   "%sext_ln42_9 = sext i11 %trunc_ln42_18" [hls_simple_obds/firmware/nnet_utils/nnet_dense_latency.h:42]   --->   Operation 102 'sext' 'sext_ln42_9' <Predicate = true> <Delay = 0.00>
ST_4 : Operation 103 [1/1] (0.00ns)   --->   "%sext_ln42_10 = sext i15 %trunc_ln42_19" [hls_simple_obds/firmware/nnet_utils/nnet_dense_latency.h:42]   --->   Operation 103 'sext' 'sext_ln42_10' <Predicate = true> <Delay = 0.00>
ST_4 : Operation 104 [1/1] (0.00ns)   --->   "%sext_ln73_7 = sext i16 %data_11_val_read" [hls_simple_obds/firmware/nnet_utils/nnet_mult.h:73->hls_simple_obds/firmware/nnet_utils/nnet_dense_latency.h:42]   --->   Operation 104 'sext' 'sext_ln73_7' <Predicate = true> <Delay = 0.00>
ST_4 : Operation 105 [1/1] (1.94ns)   --->   "%mul_ln42_6 = mul i26 %sext_ln73_7, i26 566" [hls_simple_obds/firmware/nnet_utils/nnet_dense_latency.h:42]   --->   Operation 105 'mul' 'mul_ln42_6' <Predicate = true> <Delay = 1.94> <CoreInst = "Multiplier">   --->   Core 3 'Multiplier' <Latency = 0> <II = 1> <Delay = 1.94> <FuncUnit> <Opcode : 'mul'> <InPorts = 2> <OutPorts = 1>
ST_4 : Operation 106 [1/1] (0.00ns)   --->   "%trunc_ln42_20 = partselect i16 @_ssdm_op_PartSelect.i16.i26.i32.i32, i26 %mul_ln42_6, i32 10, i32 25" [hls_simple_obds/firmware/nnet_utils/nnet_dense_latency.h:42]   --->   Operation 106 'partselect' 'trunc_ln42_20' <Predicate = true> <Delay = 0.00>
ST_4 : Operation 107 [1/1] (1.94ns)   --->   "%mul_ln42_7 = mul i26 %sext_ln73_7, i26 534" [hls_simple_obds/firmware/nnet_utils/nnet_dense_latency.h:42]   --->   Operation 107 'mul' 'mul_ln42_7' <Predicate = true> <Delay = 1.94> <CoreInst = "Multiplier">   --->   Core 3 'Multiplier' <Latency = 0> <II = 1> <Delay = 1.94> <FuncUnit> <Opcode : 'mul'> <InPorts = 2> <OutPorts = 1>
ST_4 : Operation 108 [1/1] (0.00ns)   --->   "%trunc_ln42_21 = partselect i16 @_ssdm_op_PartSelect.i16.i26.i32.i32, i26 %mul_ln42_7, i32 10, i32 25" [hls_simple_obds/firmware/nnet_utils/nnet_dense_latency.h:42]   --->   Operation 108 'partselect' 'trunc_ln42_21' <Predicate = true> <Delay = 0.00>
ST_4 : Operation 109 [1/1] (0.00ns) (grouped into TernaryAdder)   --->   "%add_ln58_4 = add i16 %add_ln58_3, i16 %add_ln58_1" [hls_simple_obds/firmware/nnet_utils/nnet_dense_latency.h:58]   --->   Operation 109 'add' 'add_ln58_4' <Predicate = true> <Delay = 0.00> <CoreInst = "TAddSub">   --->   Core 10 'TAddSub' <Latency = 0> <II = 1> <Delay = 0.33> <IPBlock> <Opcode : '' 'add' 'sub'> <InPorts = 3> <OutPorts = 1> <Sync> <CReg>
ST_4 : Operation 110 [1/1] (0.00ns) (grouped into TernaryAdder)   --->   "%add_ln58_6 = add i16 %add_ln58_5, i16 %sext_ln42_7" [hls_simple_obds/firmware/nnet_utils/nnet_dense_latency.h:58]   --->   Operation 110 'add' 'add_ln58_6' <Predicate = true> <Delay = 0.00> <CoreInst = "TAddSub">   --->   Core 10 'TAddSub' <Latency = 0> <II = 1> <Delay = 0.33> <IPBlock> <Opcode : '' 'add' 'sub'> <InPorts = 3> <OutPorts = 1> <Sync> <CReg>
ST_4 : Operation 111 [1/1] (0.00ns) (grouped into TernaryAdder)   --->   "%add_ln58_7 = add i16 %trunc_ln42_16, i16 %sext_ln42_9" [hls_simple_obds/firmware/nnet_utils/nnet_dense_latency.h:58]   --->   Operation 111 'add' 'add_ln58_7' <Predicate = true> <Delay = 0.00> <CoreInst = "TAddSub">   --->   Core 10 'TAddSub' <Latency = 0> <II = 1> <Delay = 0.33> <IPBlock> <Opcode : '' 'add' 'sub'> <InPorts = 3> <OutPorts = 1> <Sync> <CReg>
ST_4 : Operation 112 [1/1] (0.78ns)   --->   "%add_ln58_8 = add i16 %trunc_ln42_20, i16 65535" [hls_simple_obds/firmware/nnet_utils/nnet_dense_latency.h:58]   --->   Operation 112 'add' 'add_ln58_8' <Predicate = true> <Delay = 0.78> <CoreInst = "Adder">   --->   Core 1 'Adder' <Latency = 0> <II = 1> <Delay = 0.78> <FuncUnit> <Opcode : 'add' 'sub'> <InPorts = 2> <OutPorts = 1>
ST_4 : Operation 113 [1/1] (0.67ns) (root node of TernaryAdder)   --->   "%add_ln58_9 = add i16 %add_ln58_8, i16 %add_ln58_7" [hls_simple_obds/firmware/nnet_utils/nnet_dense_latency.h:58]   --->   Operation 113 'add' 'add_ln58_9' <Predicate = true> <Delay = 0.67> <CoreInst = "TAddSub">   --->   Core 10 'TAddSub' <Latency = 0> <II = 1> <Delay = 0.33> <IPBlock> <Opcode : '' 'add' 'sub'> <InPorts = 3> <OutPorts = 1> <Sync> <CReg>
ST_4 : Operation 114 [1/1] (0.67ns) (root node of TernaryAdder)   --->   "%add_ln58_10 = add i16 %add_ln58_9, i16 %add_ln58_6" [hls_simple_obds/firmware/nnet_utils/nnet_dense_latency.h:58]   --->   Operation 114 'add' 'add_ln58_10' <Predicate = true> <Delay = 0.67> <CoreInst = "TAddSub">   --->   Core 10 'TAddSub' <Latency = 0> <II = 1> <Delay = 0.33> <IPBlock> <Opcode : '' 'add' 'sub'> <InPorts = 3> <OutPorts = 1> <Sync> <CReg>
ST_4 : Operation 115 [1/1] (0.67ns) (root node of TernaryAdder)   --->   "%add_ln58_11 = add i16 %add_ln58_10, i16 %add_ln58_4" [hls_simple_obds/firmware/nnet_utils/nnet_dense_latency.h:58]   --->   Operation 115 'add' 'add_ln58_11' <Predicate = true> <Delay = 0.67> <CoreInst = "TAddSub">   --->   Core 10 'TAddSub' <Latency = 0> <II = 1> <Delay = 0.33> <IPBlock> <Opcode : '' 'add' 'sub'> <InPorts = 3> <OutPorts = 1> <Sync> <CReg>
ST_4 : Operation 116 [1/1] (0.00ns) (grouped into TernaryAdder)   --->   "%add_ln58_15 = add i16 %add_ln58_14, i16 %add_ln58_12" [hls_simple_obds/firmware/nnet_utils/nnet_dense_latency.h:58]   --->   Operation 116 'add' 'add_ln58_15' <Predicate = true> <Delay = 0.00> <CoreInst = "TAddSub">   --->   Core 10 'TAddSub' <Latency = 0> <II = 1> <Delay = 0.33> <IPBlock> <Opcode : '' 'add' 'sub'> <InPorts = 3> <OutPorts = 1> <Sync> <CReg>
ST_4 : Operation 117 [1/1] (0.00ns) (grouped into TernaryAdder)   --->   "%add_ln58_17 = add i16 %add_ln58_16, i16 %trunc_ln42_10" [hls_simple_obds/firmware/nnet_utils/nnet_dense_latency.h:58]   --->   Operation 117 'add' 'add_ln58_17' <Predicate = true> <Delay = 0.00> <CoreInst = "TAddSub">   --->   Core 10 'TAddSub' <Latency = 0> <II = 1> <Delay = 0.33> <IPBlock> <Opcode : '' 'add' 'sub'> <InPorts = 3> <OutPorts = 1> <Sync> <CReg>
ST_4 : Operation 118 [1/1] (0.00ns) (grouped into TernaryAdder)   --->   "%add_ln58_18 = add i16 %sext_ln42_10, i16 %trunc_ln42_21" [hls_simple_obds/firmware/nnet_utils/nnet_dense_latency.h:58]   --->   Operation 118 'add' 'add_ln58_18' <Predicate = true> <Delay = 0.00> <CoreInst = "TAddSub">   --->   Core 10 'TAddSub' <Latency = 0> <II = 1> <Delay = 0.33> <IPBlock> <Opcode : '' 'add' 'sub'> <InPorts = 3> <OutPorts = 1> <Sync> <CReg>
ST_4 : Operation 119 [1/1] (0.67ns) (root node of TernaryAdder)   --->   "%add_ln58_19 = add i16 %add_ln58_18, i16 %trunc_ln42_17" [hls_simple_obds/firmware/nnet_utils/nnet_dense_latency.h:58]   --->   Operation 119 'add' 'add_ln58_19' <Predicate = true> <Delay = 0.67> <CoreInst = "TAddSub">   --->   Core 10 'TAddSub' <Latency = 0> <II = 1> <Delay = 0.33> <IPBlock> <Opcode : '' 'add' 'sub'> <InPorts = 3> <OutPorts = 1> <Sync> <CReg>
ST_4 : Operation 120 [1/1] (0.67ns) (root node of TernaryAdder)   --->   "%add_ln58_20 = add i16 %add_ln58_19, i16 %add_ln58_17" [hls_simple_obds/firmware/nnet_utils/nnet_dense_latency.h:58]   --->   Operation 120 'add' 'add_ln58_20' <Predicate = true> <Delay = 0.67> <CoreInst = "TAddSub">   --->   Core 10 'TAddSub' <Latency = 0> <II = 1> <Delay = 0.33> <IPBlock> <Opcode : '' 'add' 'sub'> <InPorts = 3> <OutPorts = 1> <Sync> <CReg>
ST_4 : Operation 121 [1/1] (0.67ns) (root node of TernaryAdder)   --->   "%add_ln58_21 = add i16 %add_ln58_20, i16 %add_ln58_15" [hls_simple_obds/firmware/nnet_utils/nnet_dense_latency.h:58]   --->   Operation 121 'add' 'add_ln58_21' <Predicate = true> <Delay = 0.67> <CoreInst = "TAddSub">   --->   Core 10 'TAddSub' <Latency = 0> <II = 1> <Delay = 0.33> <IPBlock> <Opcode : '' 'add' 'sub'> <InPorts = 3> <OutPorts = 1> <Sync> <CReg>
ST_4 : Operation 122 [1/1] (0.00ns)   --->   "%mrv = insertvalue i32 <undef>, i16 %add_ln58_11" [hls_simple_obds/firmware/nnet_utils/nnet_dense_latency.h:68]   --->   Operation 122 'insertvalue' 'mrv' <Predicate = true> <Delay = 0.00>
ST_4 : Operation 123 [1/1] (0.00ns)   --->   "%mrv_1 = insertvalue i32 %mrv, i16 %add_ln58_21" [hls_simple_obds/firmware/nnet_utils/nnet_dense_latency.h:68]   --->   Operation 123 'insertvalue' 'mrv_1' <Predicate = true> <Delay = 0.00>
ST_4 : Operation 124 [1/1] (0.00ns)   --->   "%ret_ln68 = ret i32 %mrv_1" [hls_simple_obds/firmware/nnet_utils/nnet_dense_latency.h:68]   --->   Operation 124 'ret' 'ret_ln68' <Predicate = true> <Delay = 0.00>


============================================================
+ Verbose Summary: Timing violations
============================================================
Target clock period: 10.000ns, clock uncertainty: 2.700ns.

 <State 1>: 2.725ns
The critical path consists of the following:
	wire read operation ('data_1_val_read', hls_simple_obds/firmware/nnet_utils/nnet_mult.h:70->hls_simple_obds/firmware/nnet_utils/nnet_dense_latency.h:42) on port 'data_1_val' (hls_simple_obds/firmware/nnet_utils/nnet_mult.h:70->hls_simple_obds/firmware/nnet_utils/nnet_dense_latency.h:42) [25]  (0.000 ns)
	'mul' operation 26 bit ('mul_ln42_1', hls_simple_obds/firmware/nnet_utils/nnet_dense_latency.h:42) [41]  (1.940 ns)
	'add' operation 16 bit ('add_ln58_12', hls_simple_obds/firmware/nnet_utils/nnet_dense_latency.h:58) [120]  (0.785 ns)

 <State 2>: 2.615ns
The critical path consists of the following:
	wire read operation ('data_4_val_read', hls_simple_obds/firmware/nnet_utils/nnet_mult.h:70->hls_simple_obds/firmware/nnet_utils/nnet_dense_latency.h:42) on port 'data_4_val' (hls_simple_obds/firmware/nnet_utils/nnet_mult.h:70->hls_simple_obds/firmware/nnet_utils/nnet_dense_latency.h:42) [22]  (0.000 ns)
	'mul' operation 26 bit ('mul_ln42_4', hls_simple_obds/firmware/nnet_utils/nnet_dense_latency.h:42) [61]  (1.940 ns)
	'add' operation 16 bit ('add_ln58_2', hls_simple_obds/firmware/nnet_utils/nnet_dense_latency.h:58) [110]  (0.000 ns)
	'add' operation 16 bit ('add_ln58_3', hls_simple_obds/firmware/nnet_utils/nnet_dense_latency.h:58) [111]  (0.675 ns)

 <State 3>: 2.725ns
The critical path consists of the following:
	wire read operation ('data_8_val_read', hls_simple_obds/firmware/nnet_utils/nnet_mult.h:70->hls_simple_obds/firmware/nnet_utils/nnet_dense_latency.h:42) on port 'data_8_val' (hls_simple_obds/firmware/nnet_utils/nnet_mult.h:70->hls_simple_obds/firmware/nnet_utils/nnet_dense_latency.h:42) [18]  (0.000 ns)
	'mul' operation 26 bit ('mul_ln42_5', hls_simple_obds/firmware/nnet_utils/nnet_dense_latency.h:42) [88]  (1.940 ns)
	'add' operation 16 bit ('add_ln58_5', hls_simple_obds/firmware/nnet_utils/nnet_dense_latency.h:58) [113]  (0.785 ns)

 <State 4>: 4.750ns
The critical path consists of the following:
	wire read operation ('data_11_val_read', hls_simple_obds/firmware/nnet_utils/nnet_mult.h:70->hls_simple_obds/firmware/nnet_utils/nnet_dense_latency.h:42) on port 'data_11_val' (hls_simple_obds/firmware/nnet_utils/nnet_mult.h:70->hls_simple_obds/firmware/nnet_utils/nnet_dense_latency.h:42) [15]  (0.000 ns)
	'mul' operation 26 bit ('mul_ln42_6', hls_simple_obds/firmware/nnet_utils/nnet_dense_latency.h:42) [104]  (1.940 ns)
	'add' operation 16 bit ('add_ln58_8', hls_simple_obds/firmware/nnet_utils/nnet_dense_latency.h:58) [116]  (0.785 ns)
	'add' operation 16 bit ('add_ln58_9', hls_simple_obds/firmware/nnet_utils/nnet_dense_latency.h:58) [117]  (0.675 ns)
	'add' operation 16 bit ('add_ln58_10', hls_simple_obds/firmware/nnet_utils/nnet_dense_latency.h:58) [118]  (0.675 ns)
	'add' operation 16 bit ('add_ln58_11', hls_simple_obds/firmware/nnet_utils/nnet_dense_latency.h:58) [119]  (0.675 ns)


============================================================
+ Verbose Summary: Binding
============================================================
N/A
* FSMD analyzer results:
  - Output states:
 - Input state : 
  - Chain level:
	State 1
	State 2
	State 3
	State 4


============================================================
+ Verbose Summary: Datapath Resource usage 
============================================================
N/A
