

================================================================
== Vitis HLS Report for 'relu_ap_fixed_16_6_5_3_0_ap_fixed_16_6_5_3_0_relu_config5_s'
================================================================
* Date:           Wed Aug  6 12:30:44 2025

* Version:        2023.2 (Build 4023990 on Oct 11 2023)
* Project:        hls_simple_obds_synthesis
* Solution:       solution1 (Vivado IP Flow Target)
* Product family: virtexuplus
* Target device:  xcu250-figd2104-2L-e


================================================================
== Performance Estimates
================================================================
+ Timing: 
    * Summary: 
    +--------+----------+----------+------------+
    |  Clock |  Target  | Estimated| Uncertainty|
    +--------+----------+----------+------------+
    |ap_clk  |  10.00 ns|  1.078 ns|     2.70 ns|
    +--------+----------+----------+------------+

+ Latency: 
    * Summary: 
    +---------+---------+----------+----------+-----+-----+---------+
    |  Latency (cycles) |  Latency (absolute) |  Interval | Pipeline|
    |   min   |   max   |    min   |    max   | min | max |   Type  |
    +---------+---------+----------+----------+-----+-----+---------+
    |        0|        0|      0 ns|      0 ns|    1|    1|      yes|
    +---------+---------+----------+----------+-----+-----+---------+

    + Detail: 
        * Instance: 
        N/A

        * Loop: 
        N/A



================================================================
== Utilization Estimates
================================================================
* Summary: 
+---------------------+---------+-------+---------+---------+------+
|         Name        | BRAM_18K|  DSP  |    FF   |   LUT   | URAM |
+---------------------+---------+-------+---------+---------+------+
|DSP                  |        -|      -|        -|        -|     -|
|Expression           |        -|      -|        0|      456|     -|
|FIFO                 |        -|      -|        -|        -|     -|
|Instance             |        -|      -|        -|        -|     -|
|Memory               |        -|      -|        -|        -|     -|
|Multiplexer          |        -|      -|        -|        -|     -|
|Register             |        -|      -|        -|        -|     -|
+---------------------+---------+-------+---------+---------+------+
|Total                |        0|      0|        0|      456|     0|
+---------------------+---------+-------+---------+---------+------+
|Available SLR        |     1344|   3072|   864000|   432000|   320|
+---------------------+---------+-------+---------+---------+------+
|Utilization SLR (%)  |        0|      0|        0|       ~0|     0|
+---------------------+---------+-------+---------+---------+------+
|Available            |     5376|  12288|  3456000|  1728000|  1280|
+---------------------+---------+-------+---------+---------+------+
|Utilization (%)      |        0|      0|        0|       ~0|     0|
+---------------------+---------+-------+---------+---------+------+

+ Detail: 
    * Instance: 
    N/A

    * DSP: 
    N/A

    * Memory: 
    N/A

    * FIFO: 
    N/A

    * Expression: 
    +------------------------+----------+----+---+----+------------+------------+
    |      Variable Name     | Operation| DSP| FF| LUT| Bitwidth P0| Bitwidth P1|
    +------------------------+----------+----+---+----+------------+------------+
    |icmp_ln45_10_fu_340_p2  |      icmp|   0|  0|  23|          16|           1|
    |icmp_ln45_11_fu_358_p2  |      icmp|   0|  0|  23|          16|           1|
    |icmp_ln45_1_fu_178_p2   |      icmp|   0|  0|  23|          16|           1|
    |icmp_ln45_2_fu_196_p2   |      icmp|   0|  0|  23|          16|           1|
    |icmp_ln45_3_fu_214_p2   |      icmp|   0|  0|  23|          16|           1|
    |icmp_ln45_4_fu_232_p2   |      icmp|   0|  0|  23|          16|           1|
    |icmp_ln45_5_fu_250_p2   |      icmp|   0|  0|  23|          16|           1|
    |icmp_ln45_6_fu_268_p2   |      icmp|   0|  0|  23|          16|           1|
    |icmp_ln45_7_fu_286_p2   |      icmp|   0|  0|  23|          16|           1|
    |icmp_ln45_8_fu_304_p2   |      icmp|   0|  0|  23|          16|           1|
    |icmp_ln45_9_fu_322_p2   |      icmp|   0|  0|  23|          16|           1|
    |icmp_ln45_fu_160_p2     |      icmp|   0|  0|  23|          16|           1|
    |datareg_10_fu_346_p3    |    select|   0|  0|  15|           1|          15|
    |datareg_11_fu_364_p3    |    select|   0|  0|  15|           1|          15|
    |datareg_1_fu_184_p3     |    select|   0|  0|  15|           1|          15|
    |datareg_2_fu_202_p3     |    select|   0|  0|  15|           1|          15|
    |datareg_3_fu_220_p3     |    select|   0|  0|  15|           1|          15|
    |datareg_4_fu_238_p3     |    select|   0|  0|  15|           1|          15|
    |datareg_5_fu_256_p3     |    select|   0|  0|  15|           1|          15|
    |datareg_6_fu_274_p3     |    select|   0|  0|  15|           1|          15|
    |datareg_7_fu_292_p3     |    select|   0|  0|  15|           1|          15|
    |datareg_8_fu_310_p3     |    select|   0|  0|  15|           1|          15|
    |datareg_9_fu_328_p3     |    select|   0|  0|  15|           1|          15|
    |datareg_fu_166_p3       |    select|   0|  0|  15|           1|          15|
    +------------------------+----------+----+---+----+------------+------------+
    |Total                   |          |   0|  0| 456|         204|         192|
    +------------------------+----------+----+---+----+------------+------------+

    * Multiplexer: 
    N/A

    * Register: 
    N/A



================================================================
== Interface
================================================================
* Summary: 
+--------------+-----+-----+------------+------------------------------------------------------------------------+--------------+
|   RTL Ports  | Dir | Bits|  Protocol  |                              Source Object                             |    C Type    |
+--------------+-----+-----+------------+------------------------------------------------------------------------+--------------+
|ap_ready      |  out|    1|  ap_ctrl_hs|  relu<ap_fixed<16, 6, 5, 3, 0>, ap_fixed<16, 6, 5, 3, 0>, relu_config5>|  return value|
|ap_return_0   |  out|   16|  ap_ctrl_hs|  relu<ap_fixed<16, 6, 5, 3, 0>, ap_fixed<16, 6, 5, 3, 0>, relu_config5>|  return value|
|ap_return_1   |  out|   16|  ap_ctrl_hs|  relu<ap_fixed<16, 6, 5, 3, 0>, ap_fixed<16, 6, 5, 3, 0>, relu_config5>|  return value|
|ap_return_2   |  out|   16|  ap_ctrl_hs|  relu<ap_fixed<16, 6, 5, 3, 0>, ap_fixed<16, 6, 5, 3, 0>, relu_config5>|  return value|
|ap_return_3   |  out|   16|  ap_ctrl_hs|  relu<ap_fixed<16, 6, 5, 3, 0>, ap_fixed<16, 6, 5, 3, 0>, relu_config5>|  return value|
|ap_return_4   |  out|   16|  ap_ctrl_hs|  relu<ap_fixed<16, 6, 5, 3, 0>, ap_fixed<16, 6, 5, 3, 0>, relu_config5>|  return value|
|ap_return_5   |  out|   16|  ap_ctrl_hs|  relu<ap_fixed<16, 6, 5, 3, 0>, ap_fixed<16, 6, 5, 3, 0>, relu_config5>|  return value|
|ap_return_6   |  out|   16|  ap_ctrl_hs|  relu<ap_fixed<16, 6, 5, 3, 0>, ap_fixed<16, 6, 5, 3, 0>, relu_config5>|  return value|
|ap_return_7   |  out|   16|  ap_ctrl_hs|  relu<ap_fixed<16, 6, 5, 3, 0>, ap_fixed<16, 6, 5, 3, 0>, relu_config5>|  return value|
|ap_return_8   |  out|   16|  ap_ctrl_hs|  relu<ap_fixed<16, 6, 5, 3, 0>, ap_fixed<16, 6, 5, 3, 0>, relu_config5>|  return value|
|ap_return_9   |  out|   16|  ap_ctrl_hs|  relu<ap_fixed<16, 6, 5, 3, 0>, ap_fixed<16, 6, 5, 3, 0>, relu_config5>|  return value|
|ap_return_10  |  out|   16|  ap_ctrl_hs|  relu<ap_fixed<16, 6, 5, 3, 0>, ap_fixed<16, 6, 5, 3, 0>, relu_config5>|  return value|
|ap_return_11  |  out|   16|  ap_ctrl_hs|  relu<ap_fixed<16, 6, 5, 3, 0>, ap_fixed<16, 6, 5, 3, 0>, relu_config5>|  return value|
|data_0_val    |   in|   16|     ap_none|                                                              data_0_val|        scalar|
|data_1_val    |   in|   16|     ap_none|                                                              data_1_val|        scalar|
|data_2_val    |   in|   16|     ap_none|                                                              data_2_val|        scalar|
|data_3_val    |   in|   16|     ap_none|                                                              data_3_val|        scalar|
|data_4_val    |   in|   16|     ap_none|                                                              data_4_val|        scalar|
|data_5_val    |   in|   16|     ap_none|                                                              data_5_val|        scalar|
|data_6_val    |   in|   16|     ap_none|                                                              data_6_val|        scalar|
|data_7_val    |   in|   16|     ap_none|                                                              data_7_val|        scalar|
|data_8_val    |   in|   16|     ap_none|                                                              data_8_val|        scalar|
|data_9_val    |   in|   16|     ap_none|                                                              data_9_val|        scalar|
|data_10_val   |   in|   16|     ap_none|                                                             data_10_val|        scalar|
|data_11_val   |   in|   16|     ap_none|                                                             data_11_val|        scalar|
+--------------+-----+-----+------------+------------------------------------------------------------------------+--------------+

============================================================
+ Verbose Summary: Synthesis Manager
============================================================
InlineROM: 1
ExposeGlobal: 0
============================================================
+ Verbose Summary: CDFG Model
============================================================
IsTopModel: 0
ResetActiveHigh: 1
IsCombinational: 1
IsDatapathOnly: 2
HasWiredReturn: 1
HasMFsm: 2
HasVarLatency: 0
IsPipeline: 1
IsRtlPipelined: 0
IsInstanceOverlapped: 0
IsDontTouch: 0
HasImplIP: 0
IsGatedGlobalClock: 0

+ Individual pipeline summary: 
  * Pipeline-0: initiation interval (II) = 1, depth = 1


============================================================
+ Verbose Summary: Schedule
============================================================
* Number of FSM states : 1
* Pipeline : 1
  Pipeline-0 : II = 1, D = 1, States = { 1 }
* Dataflow Pipeline: 0

* FSM state transitions: 
1 --> 

* FSM state operations: 

State 1 <SV = 0> <Delay = 1.07>
ST_1 : Operation 2 [1/1] (0.00ns)   --->   "%data_11_val_read = read i16 @_ssdm_op_Read.ap_auto.i16, i16 %data_11_val" [hls_simple_obds/firmware/nnet_utils/nnet_activation.h:42]   --->   Operation 2 'read' 'data_11_val_read' <Predicate = true> <Delay = 0.00>
ST_1 : Operation 3 [1/1] (0.00ns)   --->   "%data_10_val_read = read i16 @_ssdm_op_Read.ap_auto.i16, i16 %data_10_val" [hls_simple_obds/firmware/nnet_utils/nnet_activation.h:42]   --->   Operation 3 'read' 'data_10_val_read' <Predicate = true> <Delay = 0.00>
ST_1 : Operation 4 [1/1] (0.00ns)   --->   "%data_9_val_read = read i16 @_ssdm_op_Read.ap_auto.i16, i16 %data_9_val" [hls_simple_obds/firmware/nnet_utils/nnet_activation.h:42]   --->   Operation 4 'read' 'data_9_val_read' <Predicate = true> <Delay = 0.00>
ST_1 : Operation 5 [1/1] (0.00ns)   --->   "%data_8_val_read = read i16 @_ssdm_op_Read.ap_auto.i16, i16 %data_8_val" [hls_simple_obds/firmware/nnet_utils/nnet_activation.h:42]   --->   Operation 5 'read' 'data_8_val_read' <Predicate = true> <Delay = 0.00>
ST_1 : Operation 6 [1/1] (0.00ns)   --->   "%data_7_val_read = read i16 @_ssdm_op_Read.ap_auto.i16, i16 %data_7_val" [hls_simple_obds/firmware/nnet_utils/nnet_activation.h:42]   --->   Operation 6 'read' 'data_7_val_read' <Predicate = true> <Delay = 0.00>
ST_1 : Operation 7 [1/1] (0.00ns)   --->   "%data_6_val_read = read i16 @_ssdm_op_Read.ap_auto.i16, i16 %data_6_val" [hls_simple_obds/firmware/nnet_utils/nnet_activation.h:42]   --->   Operation 7 'read' 'data_6_val_read' <Predicate = true> <Delay = 0.00>
ST_1 : Operation 8 [1/1] (0.00ns)   --->   "%data_5_val_read = read i16 @_ssdm_op_Read.ap_auto.i16, i16 %data_5_val" [hls_simple_obds/firmware/nnet_utils/nnet_activation.h:42]   --->   Operation 8 'read' 'data_5_val_read' <Predicate = true> <Delay = 0.00>
ST_1 : Operation 9 [1/1] (0.00ns)   --->   "%data_4_val_read = read i16 @_ssdm_op_Read.ap_auto.i16, i16 %data_4_val" [hls_simple_obds/firmware/nnet_utils/nnet_activation.h:42]   --->   Operation 9 'read' 'data_4_val_read' <Predicate = true> <Delay = 0.00>
ST_1 : Operation 10 [1/1] (0.00ns)   --->   "%data_3_val_read = read i16 @_ssdm_op_Read.ap_auto.i16, i16 %data_3_val" [hls_simple_obds/firmware/nnet_utils/nnet_activation.h:42]   --->   Operation 10 'read' 'data_3_val_read' <Predicate = true> <Delay = 0.00>
ST_1 : Operation 11 [1/1] (0.00ns)   --->   "%data_2_val_read = read i16 @_ssdm_op_Read.ap_auto.i16, i16 %data_2_val" [hls_simple_obds/firmware/nnet_utils/nnet_activation.h:42]   --->   Operation 11 'read' 'data_2_val_read' <Predicate = true> <Delay = 0.00>
ST_1 : Operation 12 [1/1] (0.00ns)   --->   "%data_1_val_read = read i16 @_ssdm_op_Read.ap_auto.i16, i16 %data_1_val" [hls_simple_obds/firmware/nnet_utils/nnet_activation.h:42]   --->   Operation 12 'read' 'data_1_val_read' <Predicate = true> <Delay = 0.00>
ST_1 : Operation 13 [1/1] (0.00ns)   --->   "%data_0_val_read = read i16 @_ssdm_op_Read.ap_auto.i16, i16 %data_0_val" [hls_simple_obds/firmware/nnet_utils/nnet_activation.h:42]   --->   Operation 13 'read' 'data_0_val_read' <Predicate = true> <Delay = 0.00>
ST_1 : Operation 14 [1/1] (0.00ns)   --->   "%trunc_ln42 = trunc i16 %data_11_val_read" [hls_simple_obds/firmware/nnet_utils/nnet_activation.h:42]   --->   Operation 14 'trunc' 'trunc_ln42' <Predicate = (icmp_ln45_11)> <Delay = 0.00>
ST_1 : Operation 15 [1/1] (0.00ns)   --->   "%trunc_ln42_1 = trunc i16 %data_10_val_read" [hls_simple_obds/firmware/nnet_utils/nnet_activation.h:42]   --->   Operation 15 'trunc' 'trunc_ln42_1' <Predicate = (icmp_ln45_10)> <Delay = 0.00>
ST_1 : Operation 16 [1/1] (0.00ns)   --->   "%trunc_ln42_2 = trunc i16 %data_9_val_read" [hls_simple_obds/firmware/nnet_utils/nnet_activation.h:42]   --->   Operation 16 'trunc' 'trunc_ln42_2' <Predicate = (icmp_ln45_9)> <Delay = 0.00>
ST_1 : Operation 17 [1/1] (0.00ns)   --->   "%trunc_ln42_3 = trunc i16 %data_8_val_read" [hls_simple_obds/firmware/nnet_utils/nnet_activation.h:42]   --->   Operation 17 'trunc' 'trunc_ln42_3' <Predicate = (icmp_ln45_8)> <Delay = 0.00>
ST_1 : Operation 18 [1/1] (0.00ns)   --->   "%trunc_ln42_4 = trunc i16 %data_7_val_read" [hls_simple_obds/firmware/nnet_utils/nnet_activation.h:42]   --->   Operation 18 'trunc' 'trunc_ln42_4' <Predicate = (icmp_ln45_7)> <Delay = 0.00>
ST_1 : Operation 19 [1/1] (0.00ns)   --->   "%trunc_ln42_5 = trunc i16 %data_6_val_read" [hls_simple_obds/firmware/nnet_utils/nnet_activation.h:42]   --->   Operation 19 'trunc' 'trunc_ln42_5' <Predicate = (icmp_ln45_6)> <Delay = 0.00>
ST_1 : Operation 20 [1/1] (0.00ns)   --->   "%trunc_ln42_6 = trunc i16 %data_5_val_read" [hls_simple_obds/firmware/nnet_utils/nnet_activation.h:42]   --->   Operation 20 'trunc' 'trunc_ln42_6' <Predicate = (icmp_ln45_5)> <Delay = 0.00>
ST_1 : Operation 21 [1/1] (0.00ns)   --->   "%trunc_ln42_7 = trunc i16 %data_4_val_read" [hls_simple_obds/firmware/nnet_utils/nnet_activation.h:42]   --->   Operation 21 'trunc' 'trunc_ln42_7' <Predicate = (icmp_ln45_4)> <Delay = 0.00>
ST_1 : Operation 22 [1/1] (0.00ns)   --->   "%trunc_ln42_8 = trunc i16 %data_3_val_read" [hls_simple_obds/firmware/nnet_utils/nnet_activation.h:42]   --->   Operation 22 'trunc' 'trunc_ln42_8' <Predicate = (icmp_ln45_3)> <Delay = 0.00>
ST_1 : Operation 23 [1/1] (0.00ns)   --->   "%trunc_ln42_9 = trunc i16 %data_2_val_read" [hls_simple_obds/firmware/nnet_utils/nnet_activation.h:42]   --->   Operation 23 'trunc' 'trunc_ln42_9' <Predicate = (icmp_ln45_2)> <Delay = 0.00>
ST_1 : Operation 24 [1/1] (0.00ns)   --->   "%trunc_ln42_10 = trunc i16 %data_1_val_read" [hls_simple_obds/firmware/nnet_utils/nnet_activation.h:42]   --->   Operation 24 'trunc' 'trunc_ln42_10' <Predicate = (icmp_ln45_1)> <Delay = 0.00>
ST_1 : Operation 25 [1/1] (0.00ns)   --->   "%trunc_ln42_11 = trunc i16 %data_0_val_read" [hls_simple_obds/firmware/nnet_utils/nnet_activation.h:42]   --->   Operation 25 'trunc' 'trunc_ln42_11' <Predicate = (icmp_ln45)> <Delay = 0.00>
ST_1 : Operation 26 [1/1] (0.00ns)   --->   "%specpipeline_ln42 = specpipeline void @_ssdm_op_SpecPipeline, i32 4294967295, i32 0, i32 0, i32 0, void @empty_0" [hls_simple_obds/firmware/nnet_utils/nnet_activation.h:42]   --->   Operation 26 'specpipeline' 'specpipeline_ln42' <Predicate = true> <Delay = 0.00>
ST_1 : Operation 27 [1/1] (0.78ns)   --->   "%icmp_ln45 = icmp_sgt  i16 %data_0_val_read, i16 0" [hls_simple_obds/firmware/nnet_utils/nnet_activation.h:45]   --->   Operation 27 'icmp' 'icmp_ln45' <Predicate = true> <Delay = 0.78> <CoreInst = "Cmp">   --->   Core 9 'Cmp' <Latency = 0> <II = 1> <Delay = 0.78> <FuncUnit> <Opcode : 'icmp'> <InPorts = 2> <OutPorts = 1>
ST_1 : Operation 28 [1/1] (0.29ns)   --->   "%datareg = select i1 %icmp_ln45, i15 %trunc_ln42_11, i15 0" [hls_simple_obds/firmware/nnet_utils/nnet_activation.h:45]   --->   Operation 28 'select' 'datareg' <Predicate = true> <Delay = 0.29> <CoreInst = "Sel">   --->   Core 73 'Sel' <Latency = 0> <II = 1> <Delay = 0.29> <FuncUnit> <Opcode : 'select'> <InPorts = 3> <OutPorts = 1>
ST_1 : Operation 29 [1/1] (0.00ns)   --->   "%zext_ln45 = zext i15 %datareg" [hls_simple_obds/firmware/nnet_utils/nnet_activation.h:45]   --->   Operation 29 'zext' 'zext_ln45' <Predicate = true> <Delay = 0.00>
ST_1 : Operation 30 [1/1] (0.78ns)   --->   "%icmp_ln45_1 = icmp_sgt  i16 %data_1_val_read, i16 0" [hls_simple_obds/firmware/nnet_utils/nnet_activation.h:45]   --->   Operation 30 'icmp' 'icmp_ln45_1' <Predicate = true> <Delay = 0.78> <CoreInst = "Cmp">   --->   Core 9 'Cmp' <Latency = 0> <II = 1> <Delay = 0.78> <FuncUnit> <Opcode : 'icmp'> <InPorts = 2> <OutPorts = 1>
ST_1 : Operation 31 [1/1] (0.29ns)   --->   "%datareg_1 = select i1 %icmp_ln45_1, i15 %trunc_ln42_10, i15 0" [hls_simple_obds/firmware/nnet_utils/nnet_activation.h:45]   --->   Operation 31 'select' 'datareg_1' <Predicate = true> <Delay = 0.29> <CoreInst = "Sel">   --->   Core 73 'Sel' <Latency = 0> <II = 1> <Delay = 0.29> <FuncUnit> <Opcode : 'select'> <InPorts = 3> <OutPorts = 1>
ST_1 : Operation 32 [1/1] (0.00ns)   --->   "%zext_ln45_1 = zext i15 %datareg_1" [hls_simple_obds/firmware/nnet_utils/nnet_activation.h:45]   --->   Operation 32 'zext' 'zext_ln45_1' <Predicate = true> <Delay = 0.00>
ST_1 : Operation 33 [1/1] (0.78ns)   --->   "%icmp_ln45_2 = icmp_sgt  i16 %data_2_val_read, i16 0" [hls_simple_obds/firmware/nnet_utils/nnet_activation.h:45]   --->   Operation 33 'icmp' 'icmp_ln45_2' <Predicate = true> <Delay = 0.78> <CoreInst = "Cmp">   --->   Core 9 'Cmp' <Latency = 0> <II = 1> <Delay = 0.78> <FuncUnit> <Opcode : 'icmp'> <InPorts = 2> <OutPorts = 1>
ST_1 : Operation 34 [1/1] (0.29ns)   --->   "%datareg_2 = select i1 %icmp_ln45_2, i15 %trunc_ln42_9, i15 0" [hls_simple_obds/firmware/nnet_utils/nnet_activation.h:45]   --->   Operation 34 'select' 'datareg_2' <Predicate = true> <Delay = 0.29> <CoreInst = "Sel">   --->   Core 73 'Sel' <Latency = 0> <II = 1> <Delay = 0.29> <FuncUnit> <Opcode : 'select'> <InPorts = 3> <OutPorts = 1>
ST_1 : Operation 35 [1/1] (0.00ns)   --->   "%zext_ln45_2 = zext i15 %datareg_2" [hls_simple_obds/firmware/nnet_utils/nnet_activation.h:45]   --->   Operation 35 'zext' 'zext_ln45_2' <Predicate = true> <Delay = 0.00>
ST_1 : Operation 36 [1/1] (0.78ns)   --->   "%icmp_ln45_3 = icmp_sgt  i16 %data_3_val_read, i16 0" [hls_simple_obds/firmware/nnet_utils/nnet_activation.h:45]   --->   Operation 36 'icmp' 'icmp_ln45_3' <Predicate = true> <Delay = 0.78> <CoreInst = "Cmp">   --->   Core 9 'Cmp' <Latency = 0> <II = 1> <Delay = 0.78> <FuncUnit> <Opcode : 'icmp'> <InPorts = 2> <OutPorts = 1>
ST_1 : Operation 37 [1/1] (0.29ns)   --->   "%datareg_3 = select i1 %icmp_ln45_3, i15 %trunc_ln42_8, i15 0" [hls_simple_obds/firmware/nnet_utils/nnet_activation.h:45]   --->   Operation 37 'select' 'datareg_3' <Predicate = true> <Delay = 0.29> <CoreInst = "Sel">   --->   Core 73 'Sel' <Latency = 0> <II = 1> <Delay = 0.29> <FuncUnit> <Opcode : 'select'> <InPorts = 3> <OutPorts = 1>
ST_1 : Operation 38 [1/1] (0.00ns)   --->   "%zext_ln45_3 = zext i15 %datareg_3" [hls_simple_obds/firmware/nnet_utils/nnet_activation.h:45]   --->   Operation 38 'zext' 'zext_ln45_3' <Predicate = true> <Delay = 0.00>
ST_1 : Operation 39 [1/1] (0.78ns)   --->   "%icmp_ln45_4 = icmp_sgt  i16 %data_4_val_read, i16 0" [hls_simple_obds/firmware/nnet_utils/nnet_activation.h:45]   --->   Operation 39 'icmp' 'icmp_ln45_4' <Predicate = true> <Delay = 0.78> <CoreInst = "Cmp">   --->   Core 9 'Cmp' <Latency = 0> <II = 1> <Delay = 0.78> <FuncUnit> <Opcode : 'icmp'> <InPorts = 2> <OutPorts = 1>
ST_1 : Operation 40 [1/1] (0.29ns)   --->   "%datareg_4 = select i1 %icmp_ln45_4, i15 %trunc_ln42_7, i15 0" [hls_simple_obds/firmware/nnet_utils/nnet_activation.h:45]   --->   Operation 40 'select' 'datareg_4' <Predicate = true> <Delay = 0.29> <CoreInst = "Sel">   --->   Core 73 'Sel' <Latency = 0> <II = 1> <Delay = 0.29> <FuncUnit> <Opcode : 'select'> <InPorts = 3> <OutPorts = 1>
ST_1 : Operation 41 [1/1] (0.00ns)   --->   "%zext_ln45_4 = zext i15 %datareg_4" [hls_simple_obds/firmware/nnet_utils/nnet_activation.h:45]   --->   Operation 41 'zext' 'zext_ln45_4' <Predicate = true> <Delay = 0.00>
ST_1 : Operation 42 [1/1] (0.78ns)   --->   "%icmp_ln45_5 = icmp_sgt  i16 %data_5_val_read, i16 0" [hls_simple_obds/firmware/nnet_utils/nnet_activation.h:45]   --->   Operation 42 'icmp' 'icmp_ln45_5' <Predicate = true> <Delay = 0.78> <CoreInst = "Cmp">   --->   Core 9 'Cmp' <Latency = 0> <II = 1> <Delay = 0.78> <FuncUnit> <Opcode : 'icmp'> <InPorts = 2> <OutPorts = 1>
ST_1 : Operation 43 [1/1] (0.29ns)   --->   "%datareg_5 = select i1 %icmp_ln45_5, i15 %trunc_ln42_6, i15 0" [hls_simple_obds/firmware/nnet_utils/nnet_activation.h:45]   --->   Operation 43 'select' 'datareg_5' <Predicate = true> <Delay = 0.29> <CoreInst = "Sel">   --->   Core 73 'Sel' <Latency = 0> <II = 1> <Delay = 0.29> <FuncUnit> <Opcode : 'select'> <InPorts = 3> <OutPorts = 1>
ST_1 : Operation 44 [1/1] (0.00ns)   --->   "%zext_ln45_5 = zext i15 %datareg_5" [hls_simple_obds/firmware/nnet_utils/nnet_activation.h:45]   --->   Operation 44 'zext' 'zext_ln45_5' <Predicate = true> <Delay = 0.00>
ST_1 : Operation 45 [1/1] (0.78ns)   --->   "%icmp_ln45_6 = icmp_sgt  i16 %data_6_val_read, i16 0" [hls_simple_obds/firmware/nnet_utils/nnet_activation.h:45]   --->   Operation 45 'icmp' 'icmp_ln45_6' <Predicate = true> <Delay = 0.78> <CoreInst = "Cmp">   --->   Core 9 'Cmp' <Latency = 0> <II = 1> <Delay = 0.78> <FuncUnit> <Opcode : 'icmp'> <InPorts = 2> <OutPorts = 1>
ST_1 : Operation 46 [1/1] (0.29ns)   --->   "%datareg_6 = select i1 %icmp_ln45_6, i15 %trunc_ln42_5, i15 0" [hls_simple_obds/firmware/nnet_utils/nnet_activation.h:45]   --->   Operation 46 'select' 'datareg_6' <Predicate = true> <Delay = 0.29> <CoreInst = "Sel">   --->   Core 73 'Sel' <Latency = 0> <II = 1> <Delay = 0.29> <FuncUnit> <Opcode : 'select'> <InPorts = 3> <OutPorts = 1>
ST_1 : Operation 47 [1/1] (0.00ns)   --->   "%zext_ln45_6 = zext i15 %datareg_6" [hls_simple_obds/firmware/nnet_utils/nnet_activation.h:45]   --->   Operation 47 'zext' 'zext_ln45_6' <Predicate = true> <Delay = 0.00>
ST_1 : Operation 48 [1/1] (0.78ns)   --->   "%icmp_ln45_7 = icmp_sgt  i16 %data_7_val_read, i16 0" [hls_simple_obds/firmware/nnet_utils/nnet_activation.h:45]   --->   Operation 48 'icmp' 'icmp_ln45_7' <Predicate = true> <Delay = 0.78> <CoreInst = "Cmp">   --->   Core 9 'Cmp' <Latency = 0> <II = 1> <Delay = 0.78> <FuncUnit> <Opcode : 'icmp'> <InPorts = 2> <OutPorts = 1>
ST_1 : Operation 49 [1/1] (0.29ns)   --->   "%datareg_7 = select i1 %icmp_ln45_7, i15 %trunc_ln42_4, i15 0" [hls_simple_obds/firmware/nnet_utils/nnet_activation.h:45]   --->   Operation 49 'select' 'datareg_7' <Predicate = true> <Delay = 0.29> <CoreInst = "Sel">   --->   Core 73 'Sel' <Latency = 0> <II = 1> <Delay = 0.29> <FuncUnit> <Opcode : 'select'> <InPorts = 3> <OutPorts = 1>
ST_1 : Operation 50 [1/1] (0.00ns)   --->   "%zext_ln45_7 = zext i15 %datareg_7" [hls_simple_obds/firmware/nnet_utils/nnet_activation.h:45]   --->   Operation 50 'zext' 'zext_ln45_7' <Predicate = true> <Delay = 0.00>
ST_1 : Operation 51 [1/1] (0.78ns)   --->   "%icmp_ln45_8 = icmp_sgt  i16 %data_8_val_read, i16 0" [hls_simple_obds/firmware/nnet_utils/nnet_activation.h:45]   --->   Operation 51 'icmp' 'icmp_ln45_8' <Predicate = true> <Delay = 0.78> <CoreInst = "Cmp">   --->   Core 9 'Cmp' <Latency = 0> <II = 1> <Delay = 0.78> <FuncUnit> <Opcode : 'icmp'> <InPorts = 2> <OutPorts = 1>
ST_1 : Operation 52 [1/1] (0.29ns)   --->   "%datareg_8 = select i1 %icmp_ln45_8, i15 %trunc_ln42_3, i15 0" [hls_simple_obds/firmware/nnet_utils/nnet_activation.h:45]   --->   Operation 52 'select' 'datareg_8' <Predicate = true> <Delay = 0.29> <CoreInst = "Sel">   --->   Core 73 'Sel' <Latency = 0> <II = 1> <Delay = 0.29> <FuncUnit> <Opcode : 'select'> <InPorts = 3> <OutPorts = 1>
ST_1 : Operation 53 [1/1] (0.00ns)   --->   "%zext_ln45_8 = zext i15 %datareg_8" [hls_simple_obds/firmware/nnet_utils/nnet_activation.h:45]   --->   Operation 53 'zext' 'zext_ln45_8' <Predicate = true> <Delay = 0.00>
ST_1 : Operation 54 [1/1] (0.78ns)   --->   "%icmp_ln45_9 = icmp_sgt  i16 %data_9_val_read, i16 0" [hls_simple_obds/firmware/nnet_utils/nnet_activation.h:45]   --->   Operation 54 'icmp' 'icmp_ln45_9' <Predicate = true> <Delay = 0.78> <CoreInst = "Cmp">   --->   Core 9 'Cmp' <Latency = 0> <II = 1> <Delay = 0.78> <FuncUnit> <Opcode : 'icmp'> <InPorts = 2> <OutPorts = 1>
ST_1 : Operation 55 [1/1] (0.29ns)   --->   "%datareg_9 = select i1 %icmp_ln45_9, i15 %trunc_ln42_2, i15 0" [hls_simple_obds/firmware/nnet_utils/nnet_activation.h:45]   --->   Operation 55 'select' 'datareg_9' <Predicate = true> <Delay = 0.29> <CoreInst = "Sel">   --->   Core 73 'Sel' <Latency = 0> <II = 1> <Delay = 0.29> <FuncUnit> <Opcode : 'select'> <InPorts = 3> <OutPorts = 1>
ST_1 : Operation 56 [1/1] (0.00ns)   --->   "%zext_ln45_9 = zext i15 %datareg_9" [hls_simple_obds/firmware/nnet_utils/nnet_activation.h:45]   --->   Operation 56 'zext' 'zext_ln45_9' <Predicate = true> <Delay = 0.00>
ST_1 : Operation 57 [1/1] (0.78ns)   --->   "%icmp_ln45_10 = icmp_sgt  i16 %data_10_val_read, i16 0" [hls_simple_obds/firmware/nnet_utils/nnet_activation.h:45]   --->   Operation 57 'icmp' 'icmp_ln45_10' <Predicate = true> <Delay = 0.78> <CoreInst = "Cmp">   --->   Core 9 'Cmp' <Latency = 0> <II = 1> <Delay = 0.78> <FuncUnit> <Opcode : 'icmp'> <InPorts = 2> <OutPorts = 1>
ST_1 : Operation 58 [1/1] (0.29ns)   --->   "%datareg_10 = select i1 %icmp_ln45_10, i15 %trunc_ln42_1, i15 0" [hls_simple_obds/firmware/nnet_utils/nnet_activation.h:45]   --->   Operation 58 'select' 'datareg_10' <Predicate = true> <Delay = 0.29> <CoreInst = "Sel">   --->   Core 73 'Sel' <Latency = 0> <II = 1> <Delay = 0.29> <FuncUnit> <Opcode : 'select'> <InPorts = 3> <OutPorts = 1>
ST_1 : Operation 59 [1/1] (0.00ns)   --->   "%zext_ln45_10 = zext i15 %datareg_10" [hls_simple_obds/firmware/nnet_utils/nnet_activation.h:45]   --->   Operation 59 'zext' 'zext_ln45_10' <Predicate = true> <Delay = 0.00>
ST_1 : Operation 60 [1/1] (0.78ns)   --->   "%icmp_ln45_11 = icmp_sgt  i16 %data_11_val_read, i16 0" [hls_simple_obds/firmware/nnet_utils/nnet_activation.h:45]   --->   Operation 60 'icmp' 'icmp_ln45_11' <Predicate = true> <Delay = 0.78> <CoreInst = "Cmp">   --->   Core 9 'Cmp' <Latency = 0> <II = 1> <Delay = 0.78> <FuncUnit> <Opcode : 'icmp'> <InPorts = 2> <OutPorts = 1>
ST_1 : Operation 61 [1/1] (0.29ns)   --->   "%datareg_11 = select i1 %icmp_ln45_11, i15 %trunc_ln42, i15 0" [hls_simple_obds/firmware/nnet_utils/nnet_activation.h:45]   --->   Operation 61 'select' 'datareg_11' <Predicate = true> <Delay = 0.29> <CoreInst = "Sel">   --->   Core 73 'Sel' <Latency = 0> <II = 1> <Delay = 0.29> <FuncUnit> <Opcode : 'select'> <InPorts = 3> <OutPorts = 1>
ST_1 : Operation 62 [1/1] (0.00ns)   --->   "%zext_ln45_11 = zext i15 %datareg_11" [hls_simple_obds/firmware/nnet_utils/nnet_activation.h:45]   --->   Operation 62 'zext' 'zext_ln45_11' <Predicate = true> <Delay = 0.00>
ST_1 : Operation 63 [1/1] (0.00ns)   --->   "%mrv = insertvalue i192 <undef>, i16 %zext_ln45" [hls_simple_obds/firmware/nnet_utils/nnet_activation.h:50]   --->   Operation 63 'insertvalue' 'mrv' <Predicate = true> <Delay = 0.00>
ST_1 : Operation 64 [1/1] (0.00ns)   --->   "%mrv_1 = insertvalue i192 %mrv, i16 %zext_ln45_1" [hls_simple_obds/firmware/nnet_utils/nnet_activation.h:50]   --->   Operation 64 'insertvalue' 'mrv_1' <Predicate = true> <Delay = 0.00>
ST_1 : Operation 65 [1/1] (0.00ns)   --->   "%mrv_2 = insertvalue i192 %mrv_1, i16 %zext_ln45_2" [hls_simple_obds/firmware/nnet_utils/nnet_activation.h:50]   --->   Operation 65 'insertvalue' 'mrv_2' <Predicate = true> <Delay = 0.00>
ST_1 : Operation 66 [1/1] (0.00ns)   --->   "%mrv_3 = insertvalue i192 %mrv_2, i16 %zext_ln45_3" [hls_simple_obds/firmware/nnet_utils/nnet_activation.h:50]   --->   Operation 66 'insertvalue' 'mrv_3' <Predicate = true> <Delay = 0.00>
ST_1 : Operation 67 [1/1] (0.00ns)   --->   "%mrv_4 = insertvalue i192 %mrv_3, i16 %zext_ln45_4" [hls_simple_obds/firmware/nnet_utils/nnet_activation.h:50]   --->   Operation 67 'insertvalue' 'mrv_4' <Predicate = true> <Delay = 0.00>
ST_1 : Operation 68 [1/1] (0.00ns)   --->   "%mrv_5 = insertvalue i192 %mrv_4, i16 %zext_ln45_5" [hls_simple_obds/firmware/nnet_utils/nnet_activation.h:50]   --->   Operation 68 'insertvalue' 'mrv_5' <Predicate = true> <Delay = 0.00>
ST_1 : Operation 69 [1/1] (0.00ns)   --->   "%mrv_6 = insertvalue i192 %mrv_5, i16 %zext_ln45_6" [hls_simple_obds/firmware/nnet_utils/nnet_activation.h:50]   --->   Operation 69 'insertvalue' 'mrv_6' <Predicate = true> <Delay = 0.00>
ST_1 : Operation 70 [1/1] (0.00ns)   --->   "%mrv_7 = insertvalue i192 %mrv_6, i16 %zext_ln45_7" [hls_simple_obds/firmware/nnet_utils/nnet_activation.h:50]   --->   Operation 70 'insertvalue' 'mrv_7' <Predicate = true> <Delay = 0.00>
ST_1 : Operation 71 [1/1] (0.00ns)   --->   "%mrv_8 = insertvalue i192 %mrv_7, i16 %zext_ln45_8" [hls_simple_obds/firmware/nnet_utils/nnet_activation.h:50]   --->   Operation 71 'insertvalue' 'mrv_8' <Predicate = true> <Delay = 0.00>
ST_1 : Operation 72 [1/1] (0.00ns)   --->   "%mrv_9 = insertvalue i192 %mrv_8, i16 %zext_ln45_9" [hls_simple_obds/firmware/nnet_utils/nnet_activation.h:50]   --->   Operation 72 'insertvalue' 'mrv_9' <Predicate = true> <Delay = 0.00>
ST_1 : Operation 73 [1/1] (0.00ns)   --->   "%mrv_s = insertvalue i192 %mrv_9, i16 %zext_ln45_10" [hls_simple_obds/firmware/nnet_utils/nnet_activation.h:50]   --->   Operation 73 'insertvalue' 'mrv_s' <Predicate = true> <Delay = 0.00>
ST_1 : Operation 74 [1/1] (0.00ns)   --->   "%mrv_10 = insertvalue i192 %mrv_s, i16 %zext_ln45_11" [hls_simple_obds/firmware/nnet_utils/nnet_activation.h:50]   --->   Operation 74 'insertvalue' 'mrv_10' <Predicate = true> <Delay = 0.00>
ST_1 : Operation 75 [1/1] (0.00ns)   --->   "%ret_ln50 = ret i192 %mrv_10" [hls_simple_obds/firmware/nnet_utils/nnet_activation.h:50]   --->   Operation 75 'ret' 'ret_ln50' <Predicate = true> <Delay = 0.00>


============================================================
+ Verbose Summary: Binding
============================================================
STG Binding: 
---------------- STG Properties BEGIN ----------------
- Is combinational: 1
- Is one-state seq: 0
- Is datapath-only: 0
- Is pipelined: 1
- Is top level: 0
Port [ Return ] is wired: 1; IO mode=ap_ctrl_hs:ce=0
Port [ data_0_val]:  wired=1; compound=0; hidden=0; nouse=0; global=0; static=0; extern=0; dir=0; type=0; pingpong=0; private_global=0; IO mode=ap_none:ce=0
Port [ data_1_val]:  wired=1; compound=0; hidden=0; nouse=0; global=0; static=0; extern=0; dir=0; type=0; pingpong=0; private_global=0; IO mode=ap_none:ce=0
Port [ data_2_val]:  wired=1; compound=0; hidden=0; nouse=0; global=0; static=0; extern=0; dir=0; type=0; pingpong=0; private_global=0; IO mode=ap_none:ce=0
Port [ data_3_val]:  wired=1; compound=0; hidden=0; nouse=0; global=0; static=0; extern=0; dir=0; type=0; pingpong=0; private_global=0; IO mode=ap_none:ce=0
Port [ data_4_val]:  wired=1; compound=0; hidden=0; nouse=0; global=0; static=0; extern=0; dir=0; type=0; pingpong=0; private_global=0; IO mode=ap_none:ce=0
Port [ data_5_val]:  wired=1; compound=0; hidden=0; nouse=0; global=0; static=0; extern=0; dir=0; type=0; pingpong=0; private_global=0; IO mode=ap_none:ce=0
Port [ data_6_val]:  wired=1; compound=0; hidden=0; nouse=0; global=0; static=0; extern=0; dir=0; type=0; pingpong=0; private_global=0; IO mode=ap_none:ce=0
Port [ data_7_val]:  wired=1; compound=0; hidden=0; nouse=0; global=0; static=0; extern=0; dir=0; type=0; pingpong=0; private_global=0; IO mode=ap_none:ce=0
Port [ data_8_val]:  wired=1; compound=0; hidden=0; nouse=0; global=0; static=0; extern=0; dir=0; type=0; pingpong=0; private_global=0; IO mode=ap_none:ce=0
Port [ data_9_val]:  wired=1; compound=0; hidden=0; nouse=0; global=0; static=0; extern=0; dir=0; type=0; pingpong=0; private_global=0; IO mode=ap_none:ce=0
Port [ data_10_val]:  wired=1; compound=0; hidden=0; nouse=0; global=0; static=0; extern=0; dir=0; type=0; pingpong=0; private_global=0; IO mode=ap_none:ce=0
Port [ data_11_val]:  wired=1; compound=0; hidden=0; nouse=0; global=0; static=0; extern=0; dir=0; type=0; pingpong=0; private_global=0; IO mode=ap_none:ce=0
---------------- STG Properties END ------------------

---------------- Datapath Model BEGIN ----------------

<LifeTime>
<method=bitvector/>
data_11_val_read  (read        ) [ 00]
data_10_val_read  (read        ) [ 00]
data_9_val_read   (read        ) [ 00]
data_8_val_read   (read        ) [ 00]
data_7_val_read   (read        ) [ 00]
data_6_val_read   (read        ) [ 00]
data_5_val_read   (read        ) [ 00]
data_4_val_read   (read        ) [ 00]
data_3_val_read   (read        ) [ 00]
data_2_val_read   (read        ) [ 00]
data_1_val_read   (read        ) [ 00]
data_0_val_read   (read        ) [ 00]
trunc_ln42        (trunc       ) [ 00]
trunc_ln42_1      (trunc       ) [ 00]
trunc_ln42_2      (trunc       ) [ 00]
trunc_ln42_3      (trunc       ) [ 00]
trunc_ln42_4      (trunc       ) [ 00]
trunc_ln42_5      (trunc       ) [ 00]
trunc_ln42_6      (trunc       ) [ 00]
trunc_ln42_7      (trunc       ) [ 00]
trunc_ln42_8      (trunc       ) [ 00]
trunc_ln42_9      (trunc       ) [ 00]
trunc_ln42_10     (trunc       ) [ 00]
trunc_ln42_11     (trunc       ) [ 00]
specpipeline_ln42 (specpipeline) [ 00]
icmp_ln45         (icmp        ) [ 01]
datareg           (select      ) [ 00]
zext_ln45         (zext        ) [ 00]
icmp_ln45_1       (icmp        ) [ 01]
datareg_1         (select      ) [ 00]
zext_ln45_1       (zext        ) [ 00]
icmp_ln45_2       (icmp        ) [ 01]
datareg_2         (select      ) [ 00]
zext_ln45_2       (zext        ) [ 00]
icmp_ln45_3       (icmp        ) [ 01]
datareg_3         (select      ) [ 00]
zext_ln45_3       (zext        ) [ 00]
icmp_ln45_4       (icmp        ) [ 01]
datareg_4         (select      ) [ 00]
zext_ln45_4       (zext        ) [ 00]
icmp_ln45_5       (icmp        ) [ 01]
datareg_5         (select      ) [ 00]
zext_ln45_5       (zext        ) [ 00]
icmp_ln45_6       (icmp        ) [ 01]
datareg_6         (select      ) [ 00]
zext_ln45_6       (zext        ) [ 00]
icmp_ln45_7       (icmp        ) [ 01]
datareg_7         (select      ) [ 00]
zext_ln45_7       (zext        ) [ 00]
icmp_ln45_8       (icmp        ) [ 01]
datareg_8         (select      ) [ 00]
zext_ln45_8       (zext        ) [ 00]
icmp_ln45_9       (icmp        ) [ 01]
datareg_9         (select      ) [ 00]
zext_ln45_9       (zext        ) [ 00]
icmp_ln45_10      (icmp        ) [ 01]
datareg_10        (select      ) [ 00]
zext_ln45_10      (zext        ) [ 00]
icmp_ln45_11      (icmp        ) [ 01]
datareg_11        (select      ) [ 00]
zext_ln45_11      (zext        ) [ 00]
mrv               (insertvalue ) [ 00]
mrv_1             (insertvalue ) [ 00]
mrv_2             (insertvalue ) [ 00]
mrv_3             (insertvalue ) [ 00]
mrv_4             (insertvalue ) [ 00]
mrv_5             (insertvalue ) [ 00]
mrv_6             (insertvalue ) [ 00]
mrv_7             (insertvalue ) [ 00]
mrv_8             (insertvalue ) [ 00]
mrv_9             (insertvalue ) [ 00]
mrv_s             (insertvalue ) [ 00]
mrv_10            (insertvalue ) [ 00]
ret_ln50          (ret         ) [ 00]
</LifeTime>

<model>

<comp_list>
<comp id="0" class="1000" name="data_0_val">
<pin_list>
<pin id="1" dir="1" index="0" bw="1" slack="0"/>
</pin_list>
<bind>
<StgValue><ssdm name="data_0_val"/></StgValue>
</bind>
</comp>

<comp id="2" class="1000" name="data_1_val">
<pin_list>
<pin id="3" dir="1" index="0" bw="1" slack="0"/>
</pin_list>
<bind>
<StgValue><ssdm name="data_1_val"/></StgValue>
</bind>
</comp>

<comp id="4" class="1000" name="data_2_val">
<pin_list>
<pin id="5" dir="1" index="0" bw="1" slack="0"/>
</pin_list>
<bind>
<StgValue><ssdm name="data_2_val"/></StgValue>
</bind>
</comp>

<comp id="6" class="1000" name="data_3_val">
<pin_list>
<pin id="7" dir="1" index="0" bw="1" slack="0"/>
</pin_list>
<bind>
<StgValue><ssdm name="data_3_val"/></StgValue>
</bind>
</comp>

<comp id="8" class="1000" name="data_4_val">
<pin_list>
<pin id="9" dir="1" index="0" bw="1" slack="0"/>
</pin_list>
<bind>
<StgValue><ssdm name="data_4_val"/></StgValue>
</bind>
</comp>

<comp id="10" class="1000" name="data_5_val">
<pin_list>
<pin id="11" dir="1" index="0" bw="1" slack="0"/>
</pin_list>
<bind>
<StgValue><ssdm name="data_5_val"/></StgValue>
</bind>
</comp>

<comp id="12" class="1000" name="data_6_val">
<pin_list>
<pin id="13" dir="1" index="0" bw="1" slack="0"/>
</pin_list>
<bind>
<StgValue><ssdm name="data_6_val"/></StgValue>
</bind>
</comp>

<comp id="14" class="1000" name="data_7_val">
<pin_list>
<pin id="15" dir="1" index="0" bw="1" slack="0"/>
</pin_list>
<bind>
<StgValue><ssdm name="data_7_val"/></StgValue>
</bind>
</comp>

<comp id="16" class="1000" name="data_8_val">
<pin_list>
<pin id="17" dir="1" index="0" bw="1" slack="0"/>
</pin_list>
<bind>
<StgValue><ssdm name="data_8_val"/></StgValue>
</bind>
</comp>

<comp id="18" class="1000" name="data_9_val">
<pin_list>
<pin id="19" dir="1" index="0" bw="1" slack="0"/>
</pin_list>
<bind>
<StgValue><ssdm name="data_9_val"/></StgValue>
</bind>
</comp>

<comp id="20" class="1000" name="data_10_val">
<pin_list>
<pin id="21" dir="1" index="0" bw="1" slack="0"/>
</pin_list>
<bind>
<StgValue><ssdm name="data_10_val"/></StgValue>
</bind>
</comp>

<comp id="22" class="1000" name="data_11_val">
<pin_list>
<pin id="23" dir="1" index="0" bw="1" slack="0"/>
</pin_list>
<bind>
<StgValue><ssdm name="data_11_val"/></StgValue>
</bind>
</comp>

<comp id="24" class="1001" name="const_24">
<pin_list>
<pin id="25" dir="1" index="0" bw="1" slack="0"/>
</pin_list>
<bind>
<StgValue><ssdm name="_ssdm_op_Read.ap_auto.i16"/></StgValue>
</bind>
</comp>

<comp id="26" class="1001" name="const_26">
<pin_list>
<pin id="27" dir="1" index="0" bw="1" slack="2147483647"/>
</pin_list>
<bind>
<StgValue><ssdm name="_ssdm_op_SpecPipeline"/></StgValue>
</bind>
</comp>

<comp id="28" class="1001" name="const_28">
<pin_list>
<pin id="29" dir="1" index="0" bw="1" slack="2147483647"/>
</pin_list>
<bind>
<StgValue><ssdm name=""/></StgValue>
</bind>
</comp>

<comp id="30" class="1001" name="const_30">
<pin_list>
<pin id="31" dir="1" index="0" bw="1" slack="2147483647"/>
</pin_list>
<bind>
<StgValue><ssdm name=""/></StgValue>
</bind>
</comp>

<comp id="32" class="1001" name="const_32">
<pin_list>
<pin id="33" dir="1" index="0" bw="1" slack="2147483647"/>
</pin_list>
<bind>
<StgValue><ssdm name="empty_0"/></StgValue>
</bind>
</comp>

<comp id="34" class="1001" name="const_34">
<pin_list>
<pin id="35" dir="1" index="0" bw="1" slack="0"/>
</pin_list>
<bind>
<StgValue><ssdm name=""/></StgValue>
</bind>
</comp>

<comp id="36" class="1001" name="const_36">
<pin_list>
<pin id="37" dir="1" index="0" bw="1" slack="0"/>
</pin_list>
<bind>
<StgValue><ssdm name=""/></StgValue>
</bind>
</comp>

<comp id="38" class="1001" name="const_38">
<pin_list>
<pin id="39" dir="1" index="0" bw="1" slack="0"/>
</pin_list>
<bind>
<StgValue><ssdm name=""/></StgValue>
</bind>
</comp>

<comp id="40" class="1004" name="data_11_val_read_read_fu_40">
<pin_list>
<pin id="41" dir="0" index="0" bw="16" slack="0"/>
<pin id="42" dir="0" index="1" bw="16" slack="0"/>
<pin id="43" dir="1" index="2" bw="16" slack="0"/>
</pin_list>
<bind>
<opcode="read(1150) " fcode="read"/>
<opset="data_11_val_read/1 "/>
</bind>
</comp>

<comp id="46" class="1004" name="data_10_val_read_read_fu_46">
<pin_list>
<pin id="47" dir="0" index="0" bw="16" slack="0"/>
<pin id="48" dir="0" index="1" bw="16" slack="0"/>
<pin id="49" dir="1" index="2" bw="16" slack="0"/>
</pin_list>
<bind>
<opcode="read(1150) " fcode="read"/>
<opset="data_10_val_read/1 "/>
</bind>
</comp>

<comp id="52" class="1004" name="data_9_val_read_read_fu_52">
<pin_list>
<pin id="53" dir="0" index="0" bw="16" slack="0"/>
<pin id="54" dir="0" index="1" bw="16" slack="0"/>
<pin id="55" dir="1" index="2" bw="16" slack="0"/>
</pin_list>
<bind>
<opcode="read(1150) " fcode="read"/>
<opset="data_9_val_read/1 "/>
</bind>
</comp>

<comp id="58" class="1004" name="data_8_val_read_read_fu_58">
<pin_list>
<pin id="59" dir="0" index="0" bw="16" slack="0"/>
<pin id="60" dir="0" index="1" bw="16" slack="0"/>
<pin id="61" dir="1" index="2" bw="16" slack="0"/>
</pin_list>
<bind>
<opcode="read(1150) " fcode="read"/>
<opset="data_8_val_read/1 "/>
</bind>
</comp>

<comp id="64" class="1004" name="data_7_val_read_read_fu_64">
<pin_list>
<pin id="65" dir="0" index="0" bw="16" slack="0"/>
<pin id="66" dir="0" index="1" bw="16" slack="0"/>
<pin id="67" dir="1" index="2" bw="16" slack="0"/>
</pin_list>
<bind>
<opcode="read(1150) " fcode="read"/>
<opset="data_7_val_read/1 "/>
</bind>
</comp>

<comp id="70" class="1004" name="data_6_val_read_read_fu_70">
<pin_list>
<pin id="71" dir="0" index="0" bw="16" slack="0"/>
<pin id="72" dir="0" index="1" bw="16" slack="0"/>
<pin id="73" dir="1" index="2" bw="16" slack="0"/>
</pin_list>
<bind>
<opcode="read(1150) " fcode="read"/>
<opset="data_6_val_read/1 "/>
</bind>
</comp>

<comp id="76" class="1004" name="data_5_val_read_read_fu_76">
<pin_list>
<pin id="77" dir="0" index="0" bw="16" slack="0"/>
<pin id="78" dir="0" index="1" bw="16" slack="0"/>
<pin id="79" dir="1" index="2" bw="16" slack="0"/>
</pin_list>
<bind>
<opcode="read(1150) " fcode="read"/>
<opset="data_5_val_read/1 "/>
</bind>
</comp>

<comp id="82" class="1004" name="data_4_val_read_read_fu_82">
<pin_list>
<pin id="83" dir="0" index="0" bw="16" slack="0"/>
<pin id="84" dir="0" index="1" bw="16" slack="0"/>
<pin id="85" dir="1" index="2" bw="16" slack="0"/>
</pin_list>
<bind>
<opcode="read(1150) " fcode="read"/>
<opset="data_4_val_read/1 "/>
</bind>
</comp>

<comp id="88" class="1004" name="data_3_val_read_read_fu_88">
<pin_list>
<pin id="89" dir="0" index="0" bw="16" slack="0"/>
<pin id="90" dir="0" index="1" bw="16" slack="0"/>
<pin id="91" dir="1" index="2" bw="16" slack="0"/>
</pin_list>
<bind>
<opcode="read(1150) " fcode="read"/>
<opset="data_3_val_read/1 "/>
</bind>
</comp>

<comp id="94" class="1004" name="data_2_val_read_read_fu_94">
<pin_list>
<pin id="95" dir="0" index="0" bw="16" slack="0"/>
<pin id="96" dir="0" index="1" bw="16" slack="0"/>
<pin id="97" dir="1" index="2" bw="16" slack="0"/>
</pin_list>
<bind>
<opcode="read(1150) " fcode="read"/>
<opset="data_2_val_read/1 "/>
</bind>
</comp>

<comp id="100" class="1004" name="data_1_val_read_read_fu_100">
<pin_list>
<pin id="101" dir="0" index="0" bw="16" slack="0"/>
<pin id="102" dir="0" index="1" bw="16" slack="0"/>
<pin id="103" dir="1" index="2" bw="16" slack="0"/>
</pin_list>
<bind>
<opcode="read(1150) " fcode="read"/>
<opset="data_1_val_read/1 "/>
</bind>
</comp>

<comp id="106" class="1004" name="data_0_val_read_read_fu_106">
<pin_list>
<pin id="107" dir="0" index="0" bw="16" slack="0"/>
<pin id="108" dir="0" index="1" bw="16" slack="0"/>
<pin id="109" dir="1" index="2" bw="16" slack="0"/>
</pin_list>
<bind>
<opcode="read(1150) " fcode="read"/>
<opset="data_0_val_read/1 "/>
</bind>
</comp>

<comp id="112" class="1004" name="trunc_ln42_fu_112">
<pin_list>
<pin id="113" dir="0" index="0" bw="16" slack="0"/>
<pin id="114" dir="1" index="1" bw="15" slack="0"/>
</pin_list>
<bind>
<opcode="trunc(33) " fcode="trunc"/>
<opset="trunc_ln42/1 "/>
</bind>
</comp>

<comp id="116" class="1004" name="trunc_ln42_1_fu_116">
<pin_list>
<pin id="117" dir="0" index="0" bw="16" slack="0"/>
<pin id="118" dir="1" index="1" bw="15" slack="0"/>
</pin_list>
<bind>
<opcode="trunc(33) " fcode="trunc"/>
<opset="trunc_ln42_1/1 "/>
</bind>
</comp>

<comp id="120" class="1004" name="trunc_ln42_2_fu_120">
<pin_list>
<pin id="121" dir="0" index="0" bw="16" slack="0"/>
<pin id="122" dir="1" index="1" bw="15" slack="0"/>
</pin_list>
<bind>
<opcode="trunc(33) " fcode="trunc"/>
<opset="trunc_ln42_2/1 "/>
</bind>
</comp>

<comp id="124" class="1004" name="trunc_ln42_3_fu_124">
<pin_list>
<pin id="125" dir="0" index="0" bw="16" slack="0"/>
<pin id="126" dir="1" index="1" bw="15" slack="0"/>
</pin_list>
<bind>
<opcode="trunc(33) " fcode="trunc"/>
<opset="trunc_ln42_3/1 "/>
</bind>
</comp>

<comp id="128" class="1004" name="trunc_ln42_4_fu_128">
<pin_list>
<pin id="129" dir="0" index="0" bw="16" slack="0"/>
<pin id="130" dir="1" index="1" bw="15" slack="0"/>
</pin_list>
<bind>
<opcode="trunc(33) " fcode="trunc"/>
<opset="trunc_ln42_4/1 "/>
</bind>
</comp>

<comp id="132" class="1004" name="trunc_ln42_5_fu_132">
<pin_list>
<pin id="133" dir="0" index="0" bw="16" slack="0"/>
<pin id="134" dir="1" index="1" bw="15" slack="0"/>
</pin_list>
<bind>
<opcode="trunc(33) " fcode="trunc"/>
<opset="trunc_ln42_5/1 "/>
</bind>
</comp>

<comp id="136" class="1004" name="trunc_ln42_6_fu_136">
<pin_list>
<pin id="137" dir="0" index="0" bw="16" slack="0"/>
<pin id="138" dir="1" index="1" bw="15" slack="0"/>
</pin_list>
<bind>
<opcode="trunc(33) " fcode="trunc"/>
<opset="trunc_ln42_6/1 "/>
</bind>
</comp>

<comp id="140" class="1004" name="trunc_ln42_7_fu_140">
<pin_list>
<pin id="141" dir="0" index="0" bw="16" slack="0"/>
<pin id="142" dir="1" index="1" bw="15" slack="0"/>
</pin_list>
<bind>
<opcode="trunc(33) " fcode="trunc"/>
<opset="trunc_ln42_7/1 "/>
</bind>
</comp>

<comp id="144" class="1004" name="trunc_ln42_8_fu_144">
<pin_list>
<pin id="145" dir="0" index="0" bw="16" slack="0"/>
<pin id="146" dir="1" index="1" bw="15" slack="0"/>
</pin_list>
<bind>
<opcode="trunc(33) " fcode="trunc"/>
<opset="trunc_ln42_8/1 "/>
</bind>
</comp>

<comp id="148" class="1004" name="trunc_ln42_9_fu_148">
<pin_list>
<pin id="149" dir="0" index="0" bw="16" slack="0"/>
<pin id="150" dir="1" index="1" bw="15" slack="0"/>
</pin_list>
<bind>
<opcode="trunc(33) " fcode="trunc"/>
<opset="trunc_ln42_9/1 "/>
</bind>
</comp>

<comp id="152" class="1004" name="trunc_ln42_10_fu_152">
<pin_list>
<pin id="153" dir="0" index="0" bw="16" slack="0"/>
<pin id="154" dir="1" index="1" bw="15" slack="0"/>
</pin_list>
<bind>
<opcode="trunc(33) " fcode="trunc"/>
<opset="trunc_ln42_10/1 "/>
</bind>
</comp>

<comp id="156" class="1004" name="trunc_ln42_11_fu_156">
<pin_list>
<pin id="157" dir="0" index="0" bw="16" slack="0"/>
<pin id="158" dir="1" index="1" bw="15" slack="0"/>
</pin_list>
<bind>
<opcode="trunc(33) " fcode="trunc"/>
<opset="trunc_ln42_11/1 "/>
</bind>
</comp>

<comp id="160" class="1004" name="icmp_ln45_fu_160">
<pin_list>
<pin id="161" dir="0" index="0" bw="16" slack="0"/>
<pin id="162" dir="0" index="1" bw="16" slack="0"/>
<pin id="163" dir="1" index="2" bw="1" slack="0"/>
</pin_list>
<bind>
<opcode="icmp(45) " fcode="icmp"/>
<opset="icmp_ln45/1 "/>
</bind>
</comp>

<comp id="166" class="1004" name="datareg_fu_166">
<pin_list>
<pin id="167" dir="0" index="0" bw="1" slack="0"/>
<pin id="168" dir="0" index="1" bw="15" slack="0"/>
<pin id="169" dir="0" index="2" bw="15" slack="0"/>
<pin id="170" dir="1" index="3" bw="15" slack="0"/>
</pin_list>
<bind>
<opcode="select(49) " fcode="select"/>
<opset="datareg/1 "/>
</bind>
</comp>

<comp id="174" class="1004" name="zext_ln45_fu_174">
<pin_list>
<pin id="175" dir="0" index="0" bw="15" slack="0"/>
<pin id="176" dir="1" index="1" bw="16" slack="0"/>
</pin_list>
<bind>
<opcode="zext(34) " fcode="zext"/>
<opset="zext_ln45/1 "/>
</bind>
</comp>

<comp id="178" class="1004" name="icmp_ln45_1_fu_178">
<pin_list>
<pin id="179" dir="0" index="0" bw="16" slack="0"/>
<pin id="180" dir="0" index="1" bw="16" slack="0"/>
<pin id="181" dir="1" index="2" bw="1" slack="0"/>
</pin_list>
<bind>
<opcode="icmp(45) " fcode="icmp"/>
<opset="icmp_ln45_1/1 "/>
</bind>
</comp>

<comp id="184" class="1004" name="datareg_1_fu_184">
<pin_list>
<pin id="185" dir="0" index="0" bw="1" slack="0"/>
<pin id="186" dir="0" index="1" bw="15" slack="0"/>
<pin id="187" dir="0" index="2" bw="15" slack="0"/>
<pin id="188" dir="1" index="3" bw="15" slack="0"/>
</pin_list>
<bind>
<opcode="select(49) " fcode="select"/>
<opset="datareg_1/1 "/>
</bind>
</comp>

<comp id="192" class="1004" name="zext_ln45_1_fu_192">
<pin_list>
<pin id="193" dir="0" index="0" bw="15" slack="0"/>
<pin id="194" dir="1" index="1" bw="16" slack="0"/>
</pin_list>
<bind>
<opcode="zext(34) " fcode="zext"/>
<opset="zext_ln45_1/1 "/>
</bind>
</comp>

<comp id="196" class="1004" name="icmp_ln45_2_fu_196">
<pin_list>
<pin id="197" dir="0" index="0" bw="16" slack="0"/>
<pin id="198" dir="0" index="1" bw="16" slack="0"/>
<pin id="199" dir="1" index="2" bw="1" slack="0"/>
</pin_list>
<bind>
<opcode="icmp(45) " fcode="icmp"/>
<opset="icmp_ln45_2/1 "/>
</bind>
</comp>

<comp id="202" class="1004" name="datareg_2_fu_202">
<pin_list>
<pin id="203" dir="0" index="0" bw="1" slack="0"/>
<pin id="204" dir="0" index="1" bw="15" slack="0"/>
<pin id="205" dir="0" index="2" bw="15" slack="0"/>
<pin id="206" dir="1" index="3" bw="15" slack="0"/>
</pin_list>
<bind>
<opcode="select(49) " fcode="select"/>
<opset="datareg_2/1 "/>
</bind>
</comp>

<comp id="210" class="1004" name="zext_ln45_2_fu_210">
<pin_list>
<pin id="211" dir="0" index="0" bw="15" slack="0"/>
<pin id="212" dir="1" index="1" bw="16" slack="0"/>
</pin_list>
<bind>
<opcode="zext(34) " fcode="zext"/>
<opset="zext_ln45_2/1 "/>
</bind>
</comp>

<comp id="214" class="1004" name="icmp_ln45_3_fu_214">
<pin_list>
<pin id="215" dir="0" index="0" bw="16" slack="0"/>
<pin id="216" dir="0" index="1" bw="16" slack="0"/>
<pin id="217" dir="1" index="2" bw="1" slack="0"/>
</pin_list>
<bind>
<opcode="icmp(45) " fcode="icmp"/>
<opset="icmp_ln45_3/1 "/>
</bind>
</comp>

<comp id="220" class="1004" name="datareg_3_fu_220">
<pin_list>
<pin id="221" dir="0" index="0" bw="1" slack="0"/>
<pin id="222" dir="0" index="1" bw="15" slack="0"/>
<pin id="223" dir="0" index="2" bw="15" slack="0"/>
<pin id="224" dir="1" index="3" bw="15" slack="0"/>
</pin_list>
<bind>
<opcode="select(49) " fcode="select"/>
<opset="datareg_3/1 "/>
</bind>
</comp>

<comp id="228" class="1004" name="zext_ln45_3_fu_228">
<pin_list>
<pin id="229" dir="0" index="0" bw="15" slack="0"/>
<pin id="230" dir="1" index="1" bw="16" slack="0"/>
</pin_list>
<bind>
<opcode="zext(34) " fcode="zext"/>
<opset="zext_ln45_3/1 "/>
</bind>
</comp>

<comp id="232" class="1004" name="icmp_ln45_4_fu_232">
<pin_list>
<pin id="233" dir="0" index="0" bw="16" slack="0"/>
<pin id="234" dir="0" index="1" bw="16" slack="0"/>
<pin id="235" dir="1" index="2" bw="1" slack="0"/>
</pin_list>
<bind>
<opcode="icmp(45) " fcode="icmp"/>
<opset="icmp_ln45_4/1 "/>
</bind>
</comp>

<comp id="238" class="1004" name="datareg_4_fu_238">
<pin_list>
<pin id="239" dir="0" index="0" bw="1" slack="0"/>
<pin id="240" dir="0" index="1" bw="15" slack="0"/>
<pin id="241" dir="0" index="2" bw="15" slack="0"/>
<pin id="242" dir="1" index="3" bw="15" slack="0"/>
</pin_list>
<bind>
<opcode="select(49) " fcode="select"/>
<opset="datareg_4/1 "/>
</bind>
</comp>

<comp id="246" class="1004" name="zext_ln45_4_fu_246">
<pin_list>
<pin id="247" dir="0" index="0" bw="15" slack="0"/>
<pin id="248" dir="1" index="1" bw="16" slack="0"/>
</pin_list>
<bind>
<opcode="zext(34) " fcode="zext"/>
<opset="zext_ln45_4/1 "/>
</bind>
</comp>

<comp id="250" class="1004" name="icmp_ln45_5_fu_250">
<pin_list>
<pin id="251" dir="0" index="0" bw="16" slack="0"/>
<pin id="252" dir="0" index="1" bw="16" slack="0"/>
<pin id="253" dir="1" index="2" bw="1" slack="0"/>
</pin_list>
<bind>
<opcode="icmp(45) " fcode="icmp"/>
<opset="icmp_ln45_5/1 "/>
</bind>
</comp>

<comp id="256" class="1004" name="datareg_5_fu_256">
<pin_list>
<pin id="257" dir="0" index="0" bw="1" slack="0"/>
<pin id="258" dir="0" index="1" bw="15" slack="0"/>
<pin id="259" dir="0" index="2" bw="15" slack="0"/>
<pin id="260" dir="1" index="3" bw="15" slack="0"/>
</pin_list>
<bind>
<opcode="select(49) " fcode="select"/>
<opset="datareg_5/1 "/>
</bind>
</comp>

<comp id="264" class="1004" name="zext_ln45_5_fu_264">
<pin_list>
<pin id="265" dir="0" index="0" bw="15" slack="0"/>
<pin id="266" dir="1" index="1" bw="16" slack="0"/>
</pin_list>
<bind>
<opcode="zext(34) " fcode="zext"/>
<opset="zext_ln45_5/1 "/>
</bind>
</comp>

<comp id="268" class="1004" name="icmp_ln45_6_fu_268">
<pin_list>
<pin id="269" dir="0" index="0" bw="16" slack="0"/>
<pin id="270" dir="0" index="1" bw="16" slack="0"/>
<pin id="271" dir="1" index="2" bw="1" slack="0"/>
</pin_list>
<bind>
<opcode="icmp(45) " fcode="icmp"/>
<opset="icmp_ln45_6/1 "/>
</bind>
</comp>

<comp id="274" class="1004" name="datareg_6_fu_274">
<pin_list>
<pin id="275" dir="0" index="0" bw="1" slack="0"/>
<pin id="276" dir="0" index="1" bw="15" slack="0"/>
<pin id="277" dir="0" index="2" bw="15" slack="0"/>
<pin id="278" dir="1" index="3" bw="15" slack="0"/>
</pin_list>
<bind>
<opcode="select(49) " fcode="select"/>
<opset="datareg_6/1 "/>
</bind>
</comp>

<comp id="282" class="1004" name="zext_ln45_6_fu_282">
<pin_list>
<pin id="283" dir="0" index="0" bw="15" slack="0"/>
<pin id="284" dir="1" index="1" bw="16" slack="0"/>
</pin_list>
<bind>
<opcode="zext(34) " fcode="zext"/>
<opset="zext_ln45_6/1 "/>
</bind>
</comp>

<comp id="286" class="1004" name="icmp_ln45_7_fu_286">
<pin_list>
<pin id="287" dir="0" index="0" bw="16" slack="0"/>
<pin id="288" dir="0" index="1" bw="16" slack="0"/>
<pin id="289" dir="1" index="2" bw="1" slack="0"/>
</pin_list>
<bind>
<opcode="icmp(45) " fcode="icmp"/>
<opset="icmp_ln45_7/1 "/>
</bind>
</comp>

<comp id="292" class="1004" name="datareg_7_fu_292">
<pin_list>
<pin id="293" dir="0" index="0" bw="1" slack="0"/>
<pin id="294" dir="0" index="1" bw="15" slack="0"/>
<pin id="295" dir="0" index="2" bw="15" slack="0"/>
<pin id="296" dir="1" index="3" bw="15" slack="0"/>
</pin_list>
<bind>
<opcode="select(49) " fcode="select"/>
<opset="datareg_7/1 "/>
</bind>
</comp>

<comp id="300" class="1004" name="zext_ln45_7_fu_300">
<pin_list>
<pin id="301" dir="0" index="0" bw="15" slack="0"/>
<pin id="302" dir="1" index="1" bw="16" slack="0"/>
</pin_list>
<bind>
<opcode="zext(34) " fcode="zext"/>
<opset="zext_ln45_7/1 "/>
</bind>
</comp>

<comp id="304" class="1004" name="icmp_ln45_8_fu_304">
<pin_list>
<pin id="305" dir="0" index="0" bw="16" slack="0"/>
<pin id="306" dir="0" index="1" bw="16" slack="0"/>
<pin id="307" dir="1" index="2" bw="1" slack="0"/>
</pin_list>
<bind>
<opcode="icmp(45) " fcode="icmp"/>
<opset="icmp_ln45_8/1 "/>
</bind>
</comp>

<comp id="310" class="1004" name="datareg_8_fu_310">
<pin_list>
<pin id="311" dir="0" index="0" bw="1" slack="0"/>
<pin id="312" dir="0" index="1" bw="15" slack="0"/>
<pin id="313" dir="0" index="2" bw="15" slack="0"/>
<pin id="314" dir="1" index="3" bw="15" slack="0"/>
</pin_list>
<bind>
<opcode="select(49) " fcode="select"/>
<opset="datareg_8/1 "/>
</bind>
</comp>

<comp id="318" class="1004" name="zext_ln45_8_fu_318">
<pin_list>
<pin id="319" dir="0" index="0" bw="15" slack="0"/>
<pin id="320" dir="1" index="1" bw="16" slack="0"/>
</pin_list>
<bind>
<opcode="zext(34) " fcode="zext"/>
<opset="zext_ln45_8/1 "/>
</bind>
</comp>

<comp id="322" class="1004" name="icmp_ln45_9_fu_322">
<pin_list>
<pin id="323" dir="0" index="0" bw="16" slack="0"/>
<pin id="324" dir="0" index="1" bw="16" slack="0"/>
<pin id="325" dir="1" index="2" bw="1" slack="0"/>
</pin_list>
<bind>
<opcode="icmp(45) " fcode="icmp"/>
<opset="icmp_ln45_9/1 "/>
</bind>
</comp>

<comp id="328" class="1004" name="datareg_9_fu_328">
<pin_list>
<pin id="329" dir="0" index="0" bw="1" slack="0"/>
<pin id="330" dir="0" index="1" bw="15" slack="0"/>
<pin id="331" dir="0" index="2" bw="15" slack="0"/>
<pin id="332" dir="1" index="3" bw="15" slack="0"/>
</pin_list>
<bind>
<opcode="select(49) " fcode="select"/>
<opset="datareg_9/1 "/>
</bind>
</comp>

<comp id="336" class="1004" name="zext_ln45_9_fu_336">
<pin_list>
<pin id="337" dir="0" index="0" bw="15" slack="0"/>
<pin id="338" dir="1" index="1" bw="16" slack="0"/>
</pin_list>
<bind>
<opcode="zext(34) " fcode="zext"/>
<opset="zext_ln45_9/1 "/>
</bind>
</comp>

<comp id="340" class="1004" name="icmp_ln45_10_fu_340">
<pin_list>
<pin id="341" dir="0" index="0" bw="16" slack="0"/>
<pin id="342" dir="0" index="1" bw="16" slack="0"/>
<pin id="343" dir="1" index="2" bw="1" slack="0"/>
</pin_list>
<bind>
<opcode="icmp(45) " fcode="icmp"/>
<opset="icmp_ln45_10/1 "/>
</bind>
</comp>

<comp id="346" class="1004" name="datareg_10_fu_346">
<pin_list>
<pin id="347" dir="0" index="0" bw="1" slack="0"/>
<pin id="348" dir="0" index="1" bw="15" slack="0"/>
<pin id="349" dir="0" index="2" bw="15" slack="0"/>
<pin id="350" dir="1" index="3" bw="15" slack="0"/>
</pin_list>
<bind>
<opcode="select(49) " fcode="select"/>
<opset="datareg_10/1 "/>
</bind>
</comp>

<comp id="354" class="1004" name="zext_ln45_10_fu_354">
<pin_list>
<pin id="355" dir="0" index="0" bw="15" slack="0"/>
<pin id="356" dir="1" index="1" bw="16" slack="0"/>
</pin_list>
<bind>
<opcode="zext(34) " fcode="zext"/>
<opset="zext_ln45_10/1 "/>
</bind>
</comp>

<comp id="358" class="1004" name="icmp_ln45_11_fu_358">
<pin_list>
<pin id="359" dir="0" index="0" bw="16" slack="0"/>
<pin id="360" dir="0" index="1" bw="16" slack="0"/>
<pin id="361" dir="1" index="2" bw="1" slack="0"/>
</pin_list>
<bind>
<opcode="icmp(45) " fcode="icmp"/>
<opset="icmp_ln45_11/1 "/>
</bind>
</comp>

<comp id="364" class="1004" name="datareg_11_fu_364">
<pin_list>
<pin id="365" dir="0" index="0" bw="1" slack="0"/>
<pin id="366" dir="0" index="1" bw="15" slack="0"/>
<pin id="367" dir="0" index="2" bw="15" slack="0"/>
<pin id="368" dir="1" index="3" bw="15" slack="0"/>
</pin_list>
<bind>
<opcode="select(49) " fcode="select"/>
<opset="datareg_11/1 "/>
</bind>
</comp>

<comp id="372" class="1004" name="zext_ln45_11_fu_372">
<pin_list>
<pin id="373" dir="0" index="0" bw="15" slack="0"/>
<pin id="374" dir="1" index="1" bw="16" slack="0"/>
</pin_list>
<bind>
<opcode="zext(34) " fcode="zext"/>
<opset="zext_ln45_11/1 "/>
</bind>
</comp>

<comp id="376" class="1004" name="mrv_fu_376">
<pin_list>
<pin id="377" dir="0" index="0" bw="192" slack="0"/>
<pin id="378" dir="0" index="1" bw="15" slack="0"/>
<pin id="379" dir="1" index="2" bw="192" slack="0"/>
</pin_list>
<bind>
<opcode="insertvalue(57) " fcode="insertvalue"/>
<opset="mrv/1 "/>
</bind>
</comp>

<comp id="382" class="1004" name="mrv_1_fu_382">
<pin_list>
<pin id="383" dir="0" index="0" bw="192" slack="0"/>
<pin id="384" dir="0" index="1" bw="15" slack="0"/>
<pin id="385" dir="1" index="2" bw="192" slack="0"/>
</pin_list>
<bind>
<opcode="insertvalue(57) " fcode="insertvalue"/>
<opset="mrv_1/1 "/>
</bind>
</comp>

<comp id="388" class="1004" name="mrv_2_fu_388">
<pin_list>
<pin id="389" dir="0" index="0" bw="192" slack="0"/>
<pin id="390" dir="0" index="1" bw="15" slack="0"/>
<pin id="391" dir="1" index="2" bw="192" slack="0"/>
</pin_list>
<bind>
<opcode="insertvalue(57) " fcode="insertvalue"/>
<opset="mrv_2/1 "/>
</bind>
</comp>

<comp id="394" class="1004" name="mrv_3_fu_394">
<pin_list>
<pin id="395" dir="0" index="0" bw="192" slack="0"/>
<pin id="396" dir="0" index="1" bw="15" slack="0"/>
<pin id="397" dir="1" index="2" bw="192" slack="0"/>
</pin_list>
<bind>
<opcode="insertvalue(57) " fcode="insertvalue"/>
<opset="mrv_3/1 "/>
</bind>
</comp>

<comp id="400" class="1004" name="mrv_4_fu_400">
<pin_list>
<pin id="401" dir="0" index="0" bw="192" slack="0"/>
<pin id="402" dir="0" index="1" bw="15" slack="0"/>
<pin id="403" dir="1" index="2" bw="192" slack="0"/>
</pin_list>
<bind>
<opcode="insertvalue(57) " fcode="insertvalue"/>
<opset="mrv_4/1 "/>
</bind>
</comp>

<comp id="406" class="1004" name="mrv_5_fu_406">
<pin_list>
<pin id="407" dir="0" index="0" bw="192" slack="0"/>
<pin id="408" dir="0" index="1" bw="15" slack="0"/>
<pin id="409" dir="1" index="2" bw="192" slack="0"/>
</pin_list>
<bind>
<opcode="insertvalue(57) " fcode="insertvalue"/>
<opset="mrv_5/1 "/>
</bind>
</comp>

<comp id="412" class="1004" name="mrv_6_fu_412">
<pin_list>
<pin id="413" dir="0" index="0" bw="192" slack="0"/>
<pin id="414" dir="0" index="1" bw="15" slack="0"/>
<pin id="415" dir="1" index="2" bw="192" slack="0"/>
</pin_list>
<bind>
<opcode="insertvalue(57) " fcode="insertvalue"/>
<opset="mrv_6/1 "/>
</bind>
</comp>

<comp id="418" class="1004" name="mrv_7_fu_418">
<pin_list>
<pin id="419" dir="0" index="0" bw="192" slack="0"/>
<pin id="420" dir="0" index="1" bw="15" slack="0"/>
<pin id="421" dir="1" index="2" bw="192" slack="0"/>
</pin_list>
<bind>
<opcode="insertvalue(57) " fcode="insertvalue"/>
<opset="mrv_7/1 "/>
</bind>
</comp>

<comp id="424" class="1004" name="mrv_8_fu_424">
<pin_list>
<pin id="425" dir="0" index="0" bw="192" slack="0"/>
<pin id="426" dir="0" index="1" bw="15" slack="0"/>
<pin id="427" dir="1" index="2" bw="192" slack="0"/>
</pin_list>
<bind>
<opcode="insertvalue(57) " fcode="insertvalue"/>
<opset="mrv_8/1 "/>
</bind>
</comp>

<comp id="430" class="1004" name="mrv_9_fu_430">
<pin_list>
<pin id="431" dir="0" index="0" bw="192" slack="0"/>
<pin id="432" dir="0" index="1" bw="15" slack="0"/>
<pin id="433" dir="1" index="2" bw="192" slack="0"/>
</pin_list>
<bind>
<opcode="insertvalue(57) " fcode="insertvalue"/>
<opset="mrv_9/1 "/>
</bind>
</comp>

<comp id="436" class="1004" name="mrv_s_fu_436">
<pin_list>
<pin id="437" dir="0" index="0" bw="192" slack="0"/>
<pin id="438" dir="0" index="1" bw="15" slack="0"/>
<pin id="439" dir="1" index="2" bw="192" slack="0"/>
</pin_list>
<bind>
<opcode="insertvalue(57) " fcode="insertvalue"/>
<opset="mrv_s/1 "/>
</bind>
</comp>

<comp id="442" class="1004" name="mrv_10_fu_442">
<pin_list>
<pin id="443" dir="0" index="0" bw="192" slack="0"/>
<pin id="444" dir="0" index="1" bw="15" slack="0"/>
<pin id="445" dir="1" index="2" bw="192" slack="2147483647"/>
</pin_list>
<bind>
<opcode="insertvalue(57) " fcode="insertvalue"/>
<opset="mrv_10/1 "/>
</bind>
</comp>

</comp_list>

<net_list>
<net id="44"><net_src comp="24" pin="0"/><net_sink comp="40" pin=0"/></net>

<net id="45"><net_src comp="22" pin="0"/><net_sink comp="40" pin=1"/></net>

<net id="50"><net_src comp="24" pin="0"/><net_sink comp="46" pin=0"/></net>

<net id="51"><net_src comp="20" pin="0"/><net_sink comp="46" pin=1"/></net>

<net id="56"><net_src comp="24" pin="0"/><net_sink comp="52" pin=0"/></net>

<net id="57"><net_src comp="18" pin="0"/><net_sink comp="52" pin=1"/></net>

<net id="62"><net_src comp="24" pin="0"/><net_sink comp="58" pin=0"/></net>

<net id="63"><net_src comp="16" pin="0"/><net_sink comp="58" pin=1"/></net>

<net id="68"><net_src comp="24" pin="0"/><net_sink comp="64" pin=0"/></net>

<net id="69"><net_src comp="14" pin="0"/><net_sink comp="64" pin=1"/></net>

<net id="74"><net_src comp="24" pin="0"/><net_sink comp="70" pin=0"/></net>

<net id="75"><net_src comp="12" pin="0"/><net_sink comp="70" pin=1"/></net>

<net id="80"><net_src comp="24" pin="0"/><net_sink comp="76" pin=0"/></net>

<net id="81"><net_src comp="10" pin="0"/><net_sink comp="76" pin=1"/></net>

<net id="86"><net_src comp="24" pin="0"/><net_sink comp="82" pin=0"/></net>

<net id="87"><net_src comp="8" pin="0"/><net_sink comp="82" pin=1"/></net>

<net id="92"><net_src comp="24" pin="0"/><net_sink comp="88" pin=0"/></net>

<net id="93"><net_src comp="6" pin="0"/><net_sink comp="88" pin=1"/></net>

<net id="98"><net_src comp="24" pin="0"/><net_sink comp="94" pin=0"/></net>

<net id="99"><net_src comp="4" pin="0"/><net_sink comp="94" pin=1"/></net>

<net id="104"><net_src comp="24" pin="0"/><net_sink comp="100" pin=0"/></net>

<net id="105"><net_src comp="2" pin="0"/><net_sink comp="100" pin=1"/></net>

<net id="110"><net_src comp="24" pin="0"/><net_sink comp="106" pin=0"/></net>

<net id="111"><net_src comp="0" pin="0"/><net_sink comp="106" pin=1"/></net>

<net id="115"><net_src comp="40" pin="2"/><net_sink comp="112" pin=0"/></net>

<net id="119"><net_src comp="46" pin="2"/><net_sink comp="116" pin=0"/></net>

<net id="123"><net_src comp="52" pin="2"/><net_sink comp="120" pin=0"/></net>

<net id="127"><net_src comp="58" pin="2"/><net_sink comp="124" pin=0"/></net>

<net id="131"><net_src comp="64" pin="2"/><net_sink comp="128" pin=0"/></net>

<net id="135"><net_src comp="70" pin="2"/><net_sink comp="132" pin=0"/></net>

<net id="139"><net_src comp="76" pin="2"/><net_sink comp="136" pin=0"/></net>

<net id="143"><net_src comp="82" pin="2"/><net_sink comp="140" pin=0"/></net>

<net id="147"><net_src comp="88" pin="2"/><net_sink comp="144" pin=0"/></net>

<net id="151"><net_src comp="94" pin="2"/><net_sink comp="148" pin=0"/></net>

<net id="155"><net_src comp="100" pin="2"/><net_sink comp="152" pin=0"/></net>

<net id="159"><net_src comp="106" pin="2"/><net_sink comp="156" pin=0"/></net>

<net id="164"><net_src comp="106" pin="2"/><net_sink comp="160" pin=0"/></net>

<net id="165"><net_src comp="34" pin="0"/><net_sink comp="160" pin=1"/></net>

<net id="171"><net_src comp="160" pin="2"/><net_sink comp="166" pin=0"/></net>

<net id="172"><net_src comp="156" pin="1"/><net_sink comp="166" pin=1"/></net>

<net id="173"><net_src comp="36" pin="0"/><net_sink comp="166" pin=2"/></net>

<net id="177"><net_src comp="166" pin="3"/><net_sink comp="174" pin=0"/></net>

<net id="182"><net_src comp="100" pin="2"/><net_sink comp="178" pin=0"/></net>

<net id="183"><net_src comp="34" pin="0"/><net_sink comp="178" pin=1"/></net>

<net id="189"><net_src comp="178" pin="2"/><net_sink comp="184" pin=0"/></net>

<net id="190"><net_src comp="152" pin="1"/><net_sink comp="184" pin=1"/></net>

<net id="191"><net_src comp="36" pin="0"/><net_sink comp="184" pin=2"/></net>

<net id="195"><net_src comp="184" pin="3"/><net_sink comp="192" pin=0"/></net>

<net id="200"><net_src comp="94" pin="2"/><net_sink comp="196" pin=0"/></net>

<net id="201"><net_src comp="34" pin="0"/><net_sink comp="196" pin=1"/></net>

<net id="207"><net_src comp="196" pin="2"/><net_sink comp="202" pin=0"/></net>

<net id="208"><net_src comp="148" pin="1"/><net_sink comp="202" pin=1"/></net>

<net id="209"><net_src comp="36" pin="0"/><net_sink comp="202" pin=2"/></net>

<net id="213"><net_src comp="202" pin="3"/><net_sink comp="210" pin=0"/></net>

<net id="218"><net_src comp="88" pin="2"/><net_sink comp="214" pin=0"/></net>

<net id="219"><net_src comp="34" pin="0"/><net_sink comp="214" pin=1"/></net>

<net id="225"><net_src comp="214" pin="2"/><net_sink comp="220" pin=0"/></net>

<net id="226"><net_src comp="144" pin="1"/><net_sink comp="220" pin=1"/></net>

<net id="227"><net_src comp="36" pin="0"/><net_sink comp="220" pin=2"/></net>

<net id="231"><net_src comp="220" pin="3"/><net_sink comp="228" pin=0"/></net>

<net id="236"><net_src comp="82" pin="2"/><net_sink comp="232" pin=0"/></net>

<net id="237"><net_src comp="34" pin="0"/><net_sink comp="232" pin=1"/></net>

<net id="243"><net_src comp="232" pin="2"/><net_sink comp="238" pin=0"/></net>

<net id="244"><net_src comp="140" pin="1"/><net_sink comp="238" pin=1"/></net>

<net id="245"><net_src comp="36" pin="0"/><net_sink comp="238" pin=2"/></net>

<net id="249"><net_src comp="238" pin="3"/><net_sink comp="246" pin=0"/></net>

<net id="254"><net_src comp="76" pin="2"/><net_sink comp="250" pin=0"/></net>

<net id="255"><net_src comp="34" pin="0"/><net_sink comp="250" pin=1"/></net>

<net id="261"><net_src comp="250" pin="2"/><net_sink comp="256" pin=0"/></net>

<net id="262"><net_src comp="136" pin="1"/><net_sink comp="256" pin=1"/></net>

<net id="263"><net_src comp="36" pin="0"/><net_sink comp="256" pin=2"/></net>

<net id="267"><net_src comp="256" pin="3"/><net_sink comp="264" pin=0"/></net>

<net id="272"><net_src comp="70" pin="2"/><net_sink comp="268" pin=0"/></net>

<net id="273"><net_src comp="34" pin="0"/><net_sink comp="268" pin=1"/></net>

<net id="279"><net_src comp="268" pin="2"/><net_sink comp="274" pin=0"/></net>

<net id="280"><net_src comp="132" pin="1"/><net_sink comp="274" pin=1"/></net>

<net id="281"><net_src comp="36" pin="0"/><net_sink comp="274" pin=2"/></net>

<net id="285"><net_src comp="274" pin="3"/><net_sink comp="282" pin=0"/></net>

<net id="290"><net_src comp="64" pin="2"/><net_sink comp="286" pin=0"/></net>

<net id="291"><net_src comp="34" pin="0"/><net_sink comp="286" pin=1"/></net>

<net id="297"><net_src comp="286" pin="2"/><net_sink comp="292" pin=0"/></net>

<net id="298"><net_src comp="128" pin="1"/><net_sink comp="292" pin=1"/></net>

<net id="299"><net_src comp="36" pin="0"/><net_sink comp="292" pin=2"/></net>

<net id="303"><net_src comp="292" pin="3"/><net_sink comp="300" pin=0"/></net>

<net id="308"><net_src comp="58" pin="2"/><net_sink comp="304" pin=0"/></net>

<net id="309"><net_src comp="34" pin="0"/><net_sink comp="304" pin=1"/></net>

<net id="315"><net_src comp="304" pin="2"/><net_sink comp="310" pin=0"/></net>

<net id="316"><net_src comp="124" pin="1"/><net_sink comp="310" pin=1"/></net>

<net id="317"><net_src comp="36" pin="0"/><net_sink comp="310" pin=2"/></net>

<net id="321"><net_src comp="310" pin="3"/><net_sink comp="318" pin=0"/></net>

<net id="326"><net_src comp="52" pin="2"/><net_sink comp="322" pin=0"/></net>

<net id="327"><net_src comp="34" pin="0"/><net_sink comp="322" pin=1"/></net>

<net id="333"><net_src comp="322" pin="2"/><net_sink comp="328" pin=0"/></net>

<net id="334"><net_src comp="120" pin="1"/><net_sink comp="328" pin=1"/></net>

<net id="335"><net_src comp="36" pin="0"/><net_sink comp="328" pin=2"/></net>

<net id="339"><net_src comp="328" pin="3"/><net_sink comp="336" pin=0"/></net>

<net id="344"><net_src comp="46" pin="2"/><net_sink comp="340" pin=0"/></net>

<net id="345"><net_src comp="34" pin="0"/><net_sink comp="340" pin=1"/></net>

<net id="351"><net_src comp="340" pin="2"/><net_sink comp="346" pin=0"/></net>

<net id="352"><net_src comp="116" pin="1"/><net_sink comp="346" pin=1"/></net>

<net id="353"><net_src comp="36" pin="0"/><net_sink comp="346" pin=2"/></net>

<net id="357"><net_src comp="346" pin="3"/><net_sink comp="354" pin=0"/></net>

<net id="362"><net_src comp="40" pin="2"/><net_sink comp="358" pin=0"/></net>

<net id="363"><net_src comp="34" pin="0"/><net_sink comp="358" pin=1"/></net>

<net id="369"><net_src comp="358" pin="2"/><net_sink comp="364" pin=0"/></net>

<net id="370"><net_src comp="112" pin="1"/><net_sink comp="364" pin=1"/></net>

<net id="371"><net_src comp="36" pin="0"/><net_sink comp="364" pin=2"/></net>

<net id="375"><net_src comp="364" pin="3"/><net_sink comp="372" pin=0"/></net>

<net id="380"><net_src comp="38" pin="0"/><net_sink comp="376" pin=0"/></net>

<net id="381"><net_src comp="174" pin="1"/><net_sink comp="376" pin=1"/></net>

<net id="386"><net_src comp="376" pin="2"/><net_sink comp="382" pin=0"/></net>

<net id="387"><net_src comp="192" pin="1"/><net_sink comp="382" pin=1"/></net>

<net id="392"><net_src comp="382" pin="2"/><net_sink comp="388" pin=0"/></net>

<net id="393"><net_src comp="210" pin="1"/><net_sink comp="388" pin=1"/></net>

<net id="398"><net_src comp="388" pin="2"/><net_sink comp="394" pin=0"/></net>

<net id="399"><net_src comp="228" pin="1"/><net_sink comp="394" pin=1"/></net>

<net id="404"><net_src comp="394" pin="2"/><net_sink comp="400" pin=0"/></net>

<net id="405"><net_src comp="246" pin="1"/><net_sink comp="400" pin=1"/></net>

<net id="410"><net_src comp="400" pin="2"/><net_sink comp="406" pin=0"/></net>

<net id="411"><net_src comp="264" pin="1"/><net_sink comp="406" pin=1"/></net>

<net id="416"><net_src comp="406" pin="2"/><net_sink comp="412" pin=0"/></net>

<net id="417"><net_src comp="282" pin="1"/><net_sink comp="412" pin=1"/></net>

<net id="422"><net_src comp="412" pin="2"/><net_sink comp="418" pin=0"/></net>

<net id="423"><net_src comp="300" pin="1"/><net_sink comp="418" pin=1"/></net>

<net id="428"><net_src comp="418" pin="2"/><net_sink comp="424" pin=0"/></net>

<net id="429"><net_src comp="318" pin="1"/><net_sink comp="424" pin=1"/></net>

<net id="434"><net_src comp="424" pin="2"/><net_sink comp="430" pin=0"/></net>

<net id="435"><net_src comp="336" pin="1"/><net_sink comp="430" pin=1"/></net>

<net id="440"><net_src comp="430" pin="2"/><net_sink comp="436" pin=0"/></net>

<net id="441"><net_src comp="354" pin="1"/><net_sink comp="436" pin=1"/></net>

<net id="446"><net_src comp="436" pin="2"/><net_sink comp="442" pin=0"/></net>

<net id="447"><net_src comp="372" pin="1"/><net_sink comp="442" pin=1"/></net>

</net_list>

</model> 
---------------- Datapath Model END ------------------

* FSMD analyzer results:
  - Output states:
 - Input state : 
	Port: relu<ap_fixed<16, 6, 5, 3, 0>, ap_fixed<16, 6, 5, 3, 0>, relu_config5> : data_0_val | {1 }
	Port: relu<ap_fixed<16, 6, 5, 3, 0>, ap_fixed<16, 6, 5, 3, 0>, relu_config5> : data_1_val | {1 }
	Port: relu<ap_fixed<16, 6, 5, 3, 0>, ap_fixed<16, 6, 5, 3, 0>, relu_config5> : data_2_val | {1 }
	Port: relu<ap_fixed<16, 6, 5, 3, 0>, ap_fixed<16, 6, 5, 3, 0>, relu_config5> : data_3_val | {1 }
	Port: relu<ap_fixed<16, 6, 5, 3, 0>, ap_fixed<16, 6, 5, 3, 0>, relu_config5> : data_4_val | {1 }
	Port: relu<ap_fixed<16, 6, 5, 3, 0>, ap_fixed<16, 6, 5, 3, 0>, relu_config5> : data_5_val | {1 }
	Port: relu<ap_fixed<16, 6, 5, 3, 0>, ap_fixed<16, 6, 5, 3, 0>, relu_config5> : data_6_val | {1 }
	Port: relu<ap_fixed<16, 6, 5, 3, 0>, ap_fixed<16, 6, 5, 3, 0>, relu_config5> : data_7_val | {1 }
	Port: relu<ap_fixed<16, 6, 5, 3, 0>, ap_fixed<16, 6, 5, 3, 0>, relu_config5> : data_8_val | {1 }
	Port: relu<ap_fixed<16, 6, 5, 3, 0>, ap_fixed<16, 6, 5, 3, 0>, relu_config5> : data_9_val | {1 }
	Port: relu<ap_fixed<16, 6, 5, 3, 0>, ap_fixed<16, 6, 5, 3, 0>, relu_config5> : data_10_val | {1 }
	Port: relu<ap_fixed<16, 6, 5, 3, 0>, ap_fixed<16, 6, 5, 3, 0>, relu_config5> : data_11_val | {1 }
  - Chain level:
	State 1
		datareg : 1
		zext_ln45 : 2
		datareg_1 : 1
		zext_ln45_1 : 2
		datareg_2 : 1
		zext_ln45_2 : 2
		datareg_3 : 1
		zext_ln45_3 : 2
		datareg_4 : 1
		zext_ln45_4 : 2
		datareg_5 : 1
		zext_ln45_5 : 2
		datareg_6 : 1
		zext_ln45_6 : 2
		datareg_7 : 1
		zext_ln45_7 : 2
		datareg_8 : 1
		zext_ln45_8 : 2
		datareg_9 : 1
		zext_ln45_9 : 2
		datareg_10 : 1
		zext_ln45_10 : 2
		datareg_11 : 1
		zext_ln45_11 : 2
		mrv : 3
		mrv_1 : 4
		mrv_2 : 5
		mrv_3 : 6
		mrv_4 : 7
		mrv_5 : 8
		mrv_6 : 9
		mrv_7 : 10
		mrv_8 : 11
		mrv_9 : 12
		mrv_s : 13
		mrv_10 : 14
		ret_ln50 : 15


============================================================
+ Verbose Summary: Datapath Resource usage 
============================================================

* Functional unit list:
|----------|-----------------------------|---------|---------|
| Operation|       Functional Unit       |    FF   |   LUT   |
|----------|-----------------------------|---------|---------|
|          |       icmp_ln45_fu_160      |    0    |    23   |
|          |      icmp_ln45_1_fu_178     |    0    |    23   |
|          |      icmp_ln45_2_fu_196     |    0    |    23   |
|          |      icmp_ln45_3_fu_214     |    0    |    23   |
|          |      icmp_ln45_4_fu_232     |    0    |    23   |
|   icmp   |      icmp_ln45_5_fu_250     |    0    |    23   |
|          |      icmp_ln45_6_fu_268     |    0    |    23   |
|          |      icmp_ln45_7_fu_286     |    0    |    23   |
|          |      icmp_ln45_8_fu_304     |    0    |    23   |
|          |      icmp_ln45_9_fu_322     |    0    |    23   |
|          |     icmp_ln45_10_fu_340     |    0    |    23   |
|          |     icmp_ln45_11_fu_358     |    0    |    23   |
|----------|-----------------------------|---------|---------|
|          |        datareg_fu_166       |    0    |    15   |
|          |       datareg_1_fu_184      |    0    |    15   |
|          |       datareg_2_fu_202      |    0    |    15   |
|          |       datareg_3_fu_220      |    0    |    15   |
|          |       datareg_4_fu_238      |    0    |    15   |
|  select  |       datareg_5_fu_256      |    0    |    15   |
|          |       datareg_6_fu_274      |    0    |    15   |
|          |       datareg_7_fu_292      |    0    |    15   |
|          |       datareg_8_fu_310      |    0    |    15   |
|          |       datareg_9_fu_328      |    0    |    15   |
|          |      datareg_10_fu_346      |    0    |    15   |
|          |      datareg_11_fu_364      |    0    |    15   |
|----------|-----------------------------|---------|---------|
|          | data_11_val_read_read_fu_40 |    0    |    0    |
|          | data_10_val_read_read_fu_46 |    0    |    0    |
|          |  data_9_val_read_read_fu_52 |    0    |    0    |
|          |  data_8_val_read_read_fu_58 |    0    |    0    |
|          |  data_7_val_read_read_fu_64 |    0    |    0    |
|   read   |  data_6_val_read_read_fu_70 |    0    |    0    |
|          |  data_5_val_read_read_fu_76 |    0    |    0    |
|          |  data_4_val_read_read_fu_82 |    0    |    0    |
|          |  data_3_val_read_read_fu_88 |    0    |    0    |
|          |  data_2_val_read_read_fu_94 |    0    |    0    |
|          | data_1_val_read_read_fu_100 |    0    |    0    |
|          | data_0_val_read_read_fu_106 |    0    |    0    |
|----------|-----------------------------|---------|---------|
|          |      trunc_ln42_fu_112      |    0    |    0    |
|          |     trunc_ln42_1_fu_116     |    0    |    0    |
|          |     trunc_ln42_2_fu_120     |    0    |    0    |
|          |     trunc_ln42_3_fu_124     |    0    |    0    |
|          |     trunc_ln42_4_fu_128     |    0    |    0    |
|   trunc  |     trunc_ln42_5_fu_132     |    0    |    0    |
|          |     trunc_ln42_6_fu_136     |    0    |    0    |
|          |     trunc_ln42_7_fu_140     |    0    |    0    |
|          |     trunc_ln42_8_fu_144     |    0    |    0    |
|          |     trunc_ln42_9_fu_148     |    0    |    0    |
|          |     trunc_ln42_10_fu_152    |    0    |    0    |
|          |     trunc_ln42_11_fu_156    |    0    |    0    |
|----------|-----------------------------|---------|---------|
|          |       zext_ln45_fu_174      |    0    |    0    |
|          |      zext_ln45_1_fu_192     |    0    |    0    |
|          |      zext_ln45_2_fu_210     |    0    |    0    |
|          |      zext_ln45_3_fu_228     |    0    |    0    |
|          |      zext_ln45_4_fu_246     |    0    |    0    |
|   zext   |      zext_ln45_5_fu_264     |    0    |    0    |
|          |      zext_ln45_6_fu_282     |    0    |    0    |
|          |      zext_ln45_7_fu_300     |    0    |    0    |
|          |      zext_ln45_8_fu_318     |    0    |    0    |
|          |      zext_ln45_9_fu_336     |    0    |    0    |
|          |     zext_ln45_10_fu_354     |    0    |    0    |
|          |     zext_ln45_11_fu_372     |    0    |    0    |
|----------|-----------------------------|---------|---------|
|          |          mrv_fu_376         |    0    |    0    |
|          |         mrv_1_fu_382        |    0    |    0    |
|          |         mrv_2_fu_388        |    0    |    0    |
|          |         mrv_3_fu_394        |    0    |    0    |
|          |         mrv_4_fu_400        |    0    |    0    |
|insertvalue|         mrv_5_fu_406        |    0    |    0    |
|          |         mrv_6_fu_412        |    0    |    0    |
|          |         mrv_7_fu_418        |    0    |    0    |
|          |         mrv_8_fu_424        |    0    |    0    |
|          |         mrv_9_fu_430        |    0    |    0    |
|          |         mrv_s_fu_436        |    0    |    0    |
|          |        mrv_10_fu_442        |    0    |    0    |
|----------|-----------------------------|---------|---------|
|   Total  |                             |    0    |   456   |
|----------|-----------------------------|---------|---------|

Memories:
N/A

* Register list:
N/A

* Multiplexer (MUX) list: 
|--------|------|------|------|--------|
|  Comp  |  Pin | Size |  BW  | S x BW |
|--------|------|------|------|--------|
|  Total |      |      |      |    0   |
|--------|------|------|------|--------|



* Summary:
+-----------+--------+--------+
|           |   FF   |   LUT  |
+-----------+--------+--------+
|  Function |    0   |   456  |
|   Memory  |    -   |    -   |
|Multiplexer|    -   |    -   |
|  Register |    -   |    -   |
+-----------+--------+--------+
|   Total   |    0   |   456  |
+-----------+--------+--------+
