

================================================================
== Vitis HLS Report for 'relu_ap_fixed_16_6_5_3_0_ap_fixed_16_6_5_3_0_relu_config5_s'
================================================================
* Date:           Wed Aug  6 12:30:37 2025

* Version:        2023.2 (Build 4023990 on Oct 11 2023)
* Project:        hls_simple_obds_synthesis
* Solution:       solution1 (Vivado IP Flow Target)
* Product family: virtexuplus
* Target device:  xcu250-figd2104-2L-e


================================================================
== Performance Estimates
================================================================
+ Timing: 
    * Summary: 
    +--------+----------+----------+------------+
    |  Clock |  Target  | Estimated| Uncertainty|
    +--------+----------+----------+------------+
    |ap_clk  |  10.00 ns|  1.078 ns|     2.70 ns|
    +--------+----------+----------+------------+

+ Latency: 
    * Summary: 
    +---------+---------+----------+----------+-----+-----+---------+
    |  Latency (cycles) |  Latency (absolute) |  Interval | Pipeline|
    |   min   |   max   |    min   |    max   | min | max |   Type  |
    +---------+---------+----------+----------+-----+-----+---------+
    |        0|        0|      0 ns|      0 ns|    1|    1|      yes|
    +---------+---------+----------+----------+-----+-----+---------+

    + Detail: 
        * Instance: 
        N/A

        * Loop: 
        N/A

============================================================
+ Verbose Summary: Synthesis Manager
============================================================
InlineROM: 1
ExposeGlobal: 0
============================================================
+ Verbose Summary: CDFG Model
============================================================
IsTopModel: 0
ResetActiveHigh: 1
IsCombinational: 0
IsDatapathOnly: 0
HasWiredReturn: 1
HasMFsm: 2
HasVarLatency: 0
IsPipeline: 1
IsRtlPipelined: 0
IsInstanceOverlapped: 0
IsDontTouch: 0
HasImplIP: 0
IsGatedGlobalClock: 0

+ Individual pipeline summary: 
  * Pipeline-0: initiation interval (II) = 1, depth = 1


============================================================
+ Verbose Summary: Schedule
============================================================
* Number of FSM states : 1
* Pipeline : 1
  Pipeline-0 : II = 1, D = 1, States = { 1 }
* Dataflow Pipeline: 0

* FSM state transitions: 
1 --> 

* FSM state operations: 

State 1 <SV = 0> <Delay = 1.07>
ST_1 : Operation 2 [1/1] (0.00ns)   --->   "%data_11_val_read = read i16 @_ssdm_op_Read.ap_auto.i16, i16 %data_11_val" [hls_simple_obds/firmware/nnet_utils/nnet_activation.h:42]   --->   Operation 2 'read' 'data_11_val_read' <Predicate = true> <Delay = 0.00>
ST_1 : Operation 3 [1/1] (0.00ns)   --->   "%data_10_val_read = read i16 @_ssdm_op_Read.ap_auto.i16, i16 %data_10_val" [hls_simple_obds/firmware/nnet_utils/nnet_activation.h:42]   --->   Operation 3 'read' 'data_10_val_read' <Predicate = true> <Delay = 0.00>
ST_1 : Operation 4 [1/1] (0.00ns)   --->   "%data_9_val_read = read i16 @_ssdm_op_Read.ap_auto.i16, i16 %data_9_val" [hls_simple_obds/firmware/nnet_utils/nnet_activation.h:42]   --->   Operation 4 'read' 'data_9_val_read' <Predicate = true> <Delay = 0.00>
ST_1 : Operation 5 [1/1] (0.00ns)   --->   "%data_8_val_read = read i16 @_ssdm_op_Read.ap_auto.i16, i16 %data_8_val" [hls_simple_obds/firmware/nnet_utils/nnet_activation.h:42]   --->   Operation 5 'read' 'data_8_val_read' <Predicate = true> <Delay = 0.00>
ST_1 : Operation 6 [1/1] (0.00ns)   --->   "%data_7_val_read = read i16 @_ssdm_op_Read.ap_auto.i16, i16 %data_7_val" [hls_simple_obds/firmware/nnet_utils/nnet_activation.h:42]   --->   Operation 6 'read' 'data_7_val_read' <Predicate = true> <Delay = 0.00>
ST_1 : Operation 7 [1/1] (0.00ns)   --->   "%data_6_val_read = read i16 @_ssdm_op_Read.ap_auto.i16, i16 %data_6_val" [hls_simple_obds/firmware/nnet_utils/nnet_activation.h:42]   --->   Operation 7 'read' 'data_6_val_read' <Predicate = true> <Delay = 0.00>
ST_1 : Operation 8 [1/1] (0.00ns)   --->   "%data_5_val_read = read i16 @_ssdm_op_Read.ap_auto.i16, i16 %data_5_val" [hls_simple_obds/firmware/nnet_utils/nnet_activation.h:42]   --->   Operation 8 'read' 'data_5_val_read' <Predicate = true> <Delay = 0.00>
ST_1 : Operation 9 [1/1] (0.00ns)   --->   "%data_4_val_read = read i16 @_ssdm_op_Read.ap_auto.i16, i16 %data_4_val" [hls_simple_obds/firmware/nnet_utils/nnet_activation.h:42]   --->   Operation 9 'read' 'data_4_val_read' <Predicate = true> <Delay = 0.00>
ST_1 : Operation 10 [1/1] (0.00ns)   --->   "%data_3_val_read = read i16 @_ssdm_op_Read.ap_auto.i16, i16 %data_3_val" [hls_simple_obds/firmware/nnet_utils/nnet_activation.h:42]   --->   Operation 10 'read' 'data_3_val_read' <Predicate = true> <Delay = 0.00>
ST_1 : Operation 11 [1/1] (0.00ns)   --->   "%data_2_val_read = read i16 @_ssdm_op_Read.ap_auto.i16, i16 %data_2_val" [hls_simple_obds/firmware/nnet_utils/nnet_activation.h:42]   --->   Operation 11 'read' 'data_2_val_read' <Predicate = true> <Delay = 0.00>
ST_1 : Operation 12 [1/1] (0.00ns)   --->   "%data_1_val_read = read i16 @_ssdm_op_Read.ap_auto.i16, i16 %data_1_val" [hls_simple_obds/firmware/nnet_utils/nnet_activation.h:42]   --->   Operation 12 'read' 'data_1_val_read' <Predicate = true> <Delay = 0.00>
ST_1 : Operation 13 [1/1] (0.00ns)   --->   "%data_0_val_read = read i16 @_ssdm_op_Read.ap_auto.i16, i16 %data_0_val" [hls_simple_obds/firmware/nnet_utils/nnet_activation.h:42]   --->   Operation 13 'read' 'data_0_val_read' <Predicate = true> <Delay = 0.00>
ST_1 : Operation 14 [1/1] (0.00ns)   --->   "%trunc_ln42 = trunc i16 %data_11_val_read" [hls_simple_obds/firmware/nnet_utils/nnet_activation.h:42]   --->   Operation 14 'trunc' 'trunc_ln42' <Predicate = (icmp_ln45_11)> <Delay = 0.00>
ST_1 : Operation 15 [1/1] (0.00ns)   --->   "%trunc_ln42_1 = trunc i16 %data_10_val_read" [hls_simple_obds/firmware/nnet_utils/nnet_activation.h:42]   --->   Operation 15 'trunc' 'trunc_ln42_1' <Predicate = (icmp_ln45_10)> <Delay = 0.00>
ST_1 : Operation 16 [1/1] (0.00ns)   --->   "%trunc_ln42_2 = trunc i16 %data_9_val_read" [hls_simple_obds/firmware/nnet_utils/nnet_activation.h:42]   --->   Operation 16 'trunc' 'trunc_ln42_2' <Predicate = (icmp_ln45_9)> <Delay = 0.00>
ST_1 : Operation 17 [1/1] (0.00ns)   --->   "%trunc_ln42_3 = trunc i16 %data_8_val_read" [hls_simple_obds/firmware/nnet_utils/nnet_activation.h:42]   --->   Operation 17 'trunc' 'trunc_ln42_3' <Predicate = (icmp_ln45_8)> <Delay = 0.00>
ST_1 : Operation 18 [1/1] (0.00ns)   --->   "%trunc_ln42_4 = trunc i16 %data_7_val_read" [hls_simple_obds/firmware/nnet_utils/nnet_activation.h:42]   --->   Operation 18 'trunc' 'trunc_ln42_4' <Predicate = (icmp_ln45_7)> <Delay = 0.00>
ST_1 : Operation 19 [1/1] (0.00ns)   --->   "%trunc_ln42_5 = trunc i16 %data_6_val_read" [hls_simple_obds/firmware/nnet_utils/nnet_activation.h:42]   --->   Operation 19 'trunc' 'trunc_ln42_5' <Predicate = (icmp_ln45_6)> <Delay = 0.00>
ST_1 : Operation 20 [1/1] (0.00ns)   --->   "%trunc_ln42_6 = trunc i16 %data_5_val_read" [hls_simple_obds/firmware/nnet_utils/nnet_activation.h:42]   --->   Operation 20 'trunc' 'trunc_ln42_6' <Predicate = (icmp_ln45_5)> <Delay = 0.00>
ST_1 : Operation 21 [1/1] (0.00ns)   --->   "%trunc_ln42_7 = trunc i16 %data_4_val_read" [hls_simple_obds/firmware/nnet_utils/nnet_activation.h:42]   --->   Operation 21 'trunc' 'trunc_ln42_7' <Predicate = (icmp_ln45_4)> <Delay = 0.00>
ST_1 : Operation 22 [1/1] (0.00ns)   --->   "%trunc_ln42_8 = trunc i16 %data_3_val_read" [hls_simple_obds/firmware/nnet_utils/nnet_activation.h:42]   --->   Operation 22 'trunc' 'trunc_ln42_8' <Predicate = (icmp_ln45_3)> <Delay = 0.00>
ST_1 : Operation 23 [1/1] (0.00ns)   --->   "%trunc_ln42_9 = trunc i16 %data_2_val_read" [hls_simple_obds/firmware/nnet_utils/nnet_activation.h:42]   --->   Operation 23 'trunc' 'trunc_ln42_9' <Predicate = (icmp_ln45_2)> <Delay = 0.00>
ST_1 : Operation 24 [1/1] (0.00ns)   --->   "%trunc_ln42_10 = trunc i16 %data_1_val_read" [hls_simple_obds/firmware/nnet_utils/nnet_activation.h:42]   --->   Operation 24 'trunc' 'trunc_ln42_10' <Predicate = (icmp_ln45_1)> <Delay = 0.00>
ST_1 : Operation 25 [1/1] (0.00ns)   --->   "%trunc_ln42_11 = trunc i16 %data_0_val_read" [hls_simple_obds/firmware/nnet_utils/nnet_activation.h:42]   --->   Operation 25 'trunc' 'trunc_ln42_11' <Predicate = (icmp_ln45)> <Delay = 0.00>
ST_1 : Operation 26 [1/1] (0.00ns)   --->   "%specpipeline_ln42 = specpipeline void @_ssdm_op_SpecPipeline, i32 4294967295, i32 0, i32 0, i32 0, void @empty_0" [hls_simple_obds/firmware/nnet_utils/nnet_activation.h:42]   --->   Operation 26 'specpipeline' 'specpipeline_ln42' <Predicate = true> <Delay = 0.00>
ST_1 : Operation 27 [1/1] (0.78ns)   --->   "%icmp_ln45 = icmp_sgt  i16 %data_0_val_read, i16 0" [hls_simple_obds/firmware/nnet_utils/nnet_activation.h:45]   --->   Operation 27 'icmp' 'icmp_ln45' <Predicate = true> <Delay = 0.78> <CoreInst = "Cmp">   --->   Core 9 'Cmp' <Latency = 0> <II = 1> <Delay = 0.78> <FuncUnit> <Opcode : 'icmp'> <InPorts = 2> <OutPorts = 1>
ST_1 : Operation 28 [1/1] (0.29ns)   --->   "%datareg = select i1 %icmp_ln45, i15 %trunc_ln42_11, i15 0" [hls_simple_obds/firmware/nnet_utils/nnet_activation.h:45]   --->   Operation 28 'select' 'datareg' <Predicate = true> <Delay = 0.29> <CoreInst = "Sel">   --->   Core 73 'Sel' <Latency = 0> <II = 1> <Delay = 0.29> <FuncUnit> <Opcode : 'select'> <InPorts = 3> <OutPorts = 1>
ST_1 : Operation 29 [1/1] (0.00ns)   --->   "%zext_ln45 = zext i15 %datareg" [hls_simple_obds/firmware/nnet_utils/nnet_activation.h:45]   --->   Operation 29 'zext' 'zext_ln45' <Predicate = true> <Delay = 0.00>
ST_1 : Operation 30 [1/1] (0.78ns)   --->   "%icmp_ln45_1 = icmp_sgt  i16 %data_1_val_read, i16 0" [hls_simple_obds/firmware/nnet_utils/nnet_activation.h:45]   --->   Operation 30 'icmp' 'icmp_ln45_1' <Predicate = true> <Delay = 0.78> <CoreInst = "Cmp">   --->   Core 9 'Cmp' <Latency = 0> <II = 1> <Delay = 0.78> <FuncUnit> <Opcode : 'icmp'> <InPorts = 2> <OutPorts = 1>
ST_1 : Operation 31 [1/1] (0.29ns)   --->   "%datareg_1 = select i1 %icmp_ln45_1, i15 %trunc_ln42_10, i15 0" [hls_simple_obds/firmware/nnet_utils/nnet_activation.h:45]   --->   Operation 31 'select' 'datareg_1' <Predicate = true> <Delay = 0.29> <CoreInst = "Sel">   --->   Core 73 'Sel' <Latency = 0> <II = 1> <Delay = 0.29> <FuncUnit> <Opcode : 'select'> <InPorts = 3> <OutPorts = 1>
ST_1 : Operation 32 [1/1] (0.00ns)   --->   "%zext_ln45_1 = zext i15 %datareg_1" [hls_simple_obds/firmware/nnet_utils/nnet_activation.h:45]   --->   Operation 32 'zext' 'zext_ln45_1' <Predicate = true> <Delay = 0.00>
ST_1 : Operation 33 [1/1] (0.78ns)   --->   "%icmp_ln45_2 = icmp_sgt  i16 %data_2_val_read, i16 0" [hls_simple_obds/firmware/nnet_utils/nnet_activation.h:45]   --->   Operation 33 'icmp' 'icmp_ln45_2' <Predicate = true> <Delay = 0.78> <CoreInst = "Cmp">   --->   Core 9 'Cmp' <Latency = 0> <II = 1> <Delay = 0.78> <FuncUnit> <Opcode : 'icmp'> <InPorts = 2> <OutPorts = 1>
ST_1 : Operation 34 [1/1] (0.29ns)   --->   "%datareg_2 = select i1 %icmp_ln45_2, i15 %trunc_ln42_9, i15 0" [hls_simple_obds/firmware/nnet_utils/nnet_activation.h:45]   --->   Operation 34 'select' 'datareg_2' <Predicate = true> <Delay = 0.29> <CoreInst = "Sel">   --->   Core 73 'Sel' <Latency = 0> <II = 1> <Delay = 0.29> <FuncUnit> <Opcode : 'select'> <InPorts = 3> <OutPorts = 1>
ST_1 : Operation 35 [1/1] (0.00ns)   --->   "%zext_ln45_2 = zext i15 %datareg_2" [hls_simple_obds/firmware/nnet_utils/nnet_activation.h:45]   --->   Operation 35 'zext' 'zext_ln45_2' <Predicate = true> <Delay = 0.00>
ST_1 : Operation 36 [1/1] (0.78ns)   --->   "%icmp_ln45_3 = icmp_sgt  i16 %data_3_val_read, i16 0" [hls_simple_obds/firmware/nnet_utils/nnet_activation.h:45]   --->   Operation 36 'icmp' 'icmp_ln45_3' <Predicate = true> <Delay = 0.78> <CoreInst = "Cmp">   --->   Core 9 'Cmp' <Latency = 0> <II = 1> <Delay = 0.78> <FuncUnit> <Opcode : 'icmp'> <InPorts = 2> <OutPorts = 1>
ST_1 : Operation 37 [1/1] (0.29ns)   --->   "%datareg_3 = select i1 %icmp_ln45_3, i15 %trunc_ln42_8, i15 0" [hls_simple_obds/firmware/nnet_utils/nnet_activation.h:45]   --->   Operation 37 'select' 'datareg_3' <Predicate = true> <Delay = 0.29> <CoreInst = "Sel">   --->   Core 73 'Sel' <Latency = 0> <II = 1> <Delay = 0.29> <FuncUnit> <Opcode : 'select'> <InPorts = 3> <OutPorts = 1>
ST_1 : Operation 38 [1/1] (0.00ns)   --->   "%zext_ln45_3 = zext i15 %datareg_3" [hls_simple_obds/firmware/nnet_utils/nnet_activation.h:45]   --->   Operation 38 'zext' 'zext_ln45_3' <Predicate = true> <Delay = 0.00>
ST_1 : Operation 39 [1/1] (0.78ns)   --->   "%icmp_ln45_4 = icmp_sgt  i16 %data_4_val_read, i16 0" [hls_simple_obds/firmware/nnet_utils/nnet_activation.h:45]   --->   Operation 39 'icmp' 'icmp_ln45_4' <Predicate = true> <Delay = 0.78> <CoreInst = "Cmp">   --->   Core 9 'Cmp' <Latency = 0> <II = 1> <Delay = 0.78> <FuncUnit> <Opcode : 'icmp'> <InPorts = 2> <OutPorts = 1>
ST_1 : Operation 40 [1/1] (0.29ns)   --->   "%datareg_4 = select i1 %icmp_ln45_4, i15 %trunc_ln42_7, i15 0" [hls_simple_obds/firmware/nnet_utils/nnet_activation.h:45]   --->   Operation 40 'select' 'datareg_4' <Predicate = true> <Delay = 0.29> <CoreInst = "Sel">   --->   Core 73 'Sel' <Latency = 0> <II = 1> <Delay = 0.29> <FuncUnit> <Opcode : 'select'> <InPorts = 3> <OutPorts = 1>
ST_1 : Operation 41 [1/1] (0.00ns)   --->   "%zext_ln45_4 = zext i15 %datareg_4" [hls_simple_obds/firmware/nnet_utils/nnet_activation.h:45]   --->   Operation 41 'zext' 'zext_ln45_4' <Predicate = true> <Delay = 0.00>
ST_1 : Operation 42 [1/1] (0.78ns)   --->   "%icmp_ln45_5 = icmp_sgt  i16 %data_5_val_read, i16 0" [hls_simple_obds/firmware/nnet_utils/nnet_activation.h:45]   --->   Operation 42 'icmp' 'icmp_ln45_5' <Predicate = true> <Delay = 0.78> <CoreInst = "Cmp">   --->   Core 9 'Cmp' <Latency = 0> <II = 1> <Delay = 0.78> <FuncUnit> <Opcode : 'icmp'> <InPorts = 2> <OutPorts = 1>
ST_1 : Operation 43 [1/1] (0.29ns)   --->   "%datareg_5 = select i1 %icmp_ln45_5, i15 %trunc_ln42_6, i15 0" [hls_simple_obds/firmware/nnet_utils/nnet_activation.h:45]   --->   Operation 43 'select' 'datareg_5' <Predicate = true> <Delay = 0.29> <CoreInst = "Sel">   --->   Core 73 'Sel' <Latency = 0> <II = 1> <Delay = 0.29> <FuncUnit> <Opcode : 'select'> <InPorts = 3> <OutPorts = 1>
ST_1 : Operation 44 [1/1] (0.00ns)   --->   "%zext_ln45_5 = zext i15 %datareg_5" [hls_simple_obds/firmware/nnet_utils/nnet_activation.h:45]   --->   Operation 44 'zext' 'zext_ln45_5' <Predicate = true> <Delay = 0.00>
ST_1 : Operation 45 [1/1] (0.78ns)   --->   "%icmp_ln45_6 = icmp_sgt  i16 %data_6_val_read, i16 0" [hls_simple_obds/firmware/nnet_utils/nnet_activation.h:45]   --->   Operation 45 'icmp' 'icmp_ln45_6' <Predicate = true> <Delay = 0.78> <CoreInst = "Cmp">   --->   Core 9 'Cmp' <Latency = 0> <II = 1> <Delay = 0.78> <FuncUnit> <Opcode : 'icmp'> <InPorts = 2> <OutPorts = 1>
ST_1 : Operation 46 [1/1] (0.29ns)   --->   "%datareg_6 = select i1 %icmp_ln45_6, i15 %trunc_ln42_5, i15 0" [hls_simple_obds/firmware/nnet_utils/nnet_activation.h:45]   --->   Operation 46 'select' 'datareg_6' <Predicate = true> <Delay = 0.29> <CoreInst = "Sel">   --->   Core 73 'Sel' <Latency = 0> <II = 1> <Delay = 0.29> <FuncUnit> <Opcode : 'select'> <InPorts = 3> <OutPorts = 1>
ST_1 : Operation 47 [1/1] (0.00ns)   --->   "%zext_ln45_6 = zext i15 %datareg_6" [hls_simple_obds/firmware/nnet_utils/nnet_activation.h:45]   --->   Operation 47 'zext' 'zext_ln45_6' <Predicate = true> <Delay = 0.00>
ST_1 : Operation 48 [1/1] (0.78ns)   --->   "%icmp_ln45_7 = icmp_sgt  i16 %data_7_val_read, i16 0" [hls_simple_obds/firmware/nnet_utils/nnet_activation.h:45]   --->   Operation 48 'icmp' 'icmp_ln45_7' <Predicate = true> <Delay = 0.78> <CoreInst = "Cmp">   --->   Core 9 'Cmp' <Latency = 0> <II = 1> <Delay = 0.78> <FuncUnit> <Opcode : 'icmp'> <InPorts = 2> <OutPorts = 1>
ST_1 : Operation 49 [1/1] (0.29ns)   --->   "%datareg_7 = select i1 %icmp_ln45_7, i15 %trunc_ln42_4, i15 0" [hls_simple_obds/firmware/nnet_utils/nnet_activation.h:45]   --->   Operation 49 'select' 'datareg_7' <Predicate = true> <Delay = 0.29> <CoreInst = "Sel">   --->   Core 73 'Sel' <Latency = 0> <II = 1> <Delay = 0.29> <FuncUnit> <Opcode : 'select'> <InPorts = 3> <OutPorts = 1>
ST_1 : Operation 50 [1/1] (0.00ns)   --->   "%zext_ln45_7 = zext i15 %datareg_7" [hls_simple_obds/firmware/nnet_utils/nnet_activation.h:45]   --->   Operation 50 'zext' 'zext_ln45_7' <Predicate = true> <Delay = 0.00>
ST_1 : Operation 51 [1/1] (0.78ns)   --->   "%icmp_ln45_8 = icmp_sgt  i16 %data_8_val_read, i16 0" [hls_simple_obds/firmware/nnet_utils/nnet_activation.h:45]   --->   Operation 51 'icmp' 'icmp_ln45_8' <Predicate = true> <Delay = 0.78> <CoreInst = "Cmp">   --->   Core 9 'Cmp' <Latency = 0> <II = 1> <Delay = 0.78> <FuncUnit> <Opcode : 'icmp'> <InPorts = 2> <OutPorts = 1>
ST_1 : Operation 52 [1/1] (0.29ns)   --->   "%datareg_8 = select i1 %icmp_ln45_8, i15 %trunc_ln42_3, i15 0" [hls_simple_obds/firmware/nnet_utils/nnet_activation.h:45]   --->   Operation 52 'select' 'datareg_8' <Predicate = true> <Delay = 0.29> <CoreInst = "Sel">   --->   Core 73 'Sel' <Latency = 0> <II = 1> <Delay = 0.29> <FuncUnit> <Opcode : 'select'> <InPorts = 3> <OutPorts = 1>
ST_1 : Operation 53 [1/1] (0.00ns)   --->   "%zext_ln45_8 = zext i15 %datareg_8" [hls_simple_obds/firmware/nnet_utils/nnet_activation.h:45]   --->   Operation 53 'zext' 'zext_ln45_8' <Predicate = true> <Delay = 0.00>
ST_1 : Operation 54 [1/1] (0.78ns)   --->   "%icmp_ln45_9 = icmp_sgt  i16 %data_9_val_read, i16 0" [hls_simple_obds/firmware/nnet_utils/nnet_activation.h:45]   --->   Operation 54 'icmp' 'icmp_ln45_9' <Predicate = true> <Delay = 0.78> <CoreInst = "Cmp">   --->   Core 9 'Cmp' <Latency = 0> <II = 1> <Delay = 0.78> <FuncUnit> <Opcode : 'icmp'> <InPorts = 2> <OutPorts = 1>
ST_1 : Operation 55 [1/1] (0.29ns)   --->   "%datareg_9 = select i1 %icmp_ln45_9, i15 %trunc_ln42_2, i15 0" [hls_simple_obds/firmware/nnet_utils/nnet_activation.h:45]   --->   Operation 55 'select' 'datareg_9' <Predicate = true> <Delay = 0.29> <CoreInst = "Sel">   --->   Core 73 'Sel' <Latency = 0> <II = 1> <Delay = 0.29> <FuncUnit> <Opcode : 'select'> <InPorts = 3> <OutPorts = 1>
ST_1 : Operation 56 [1/1] (0.00ns)   --->   "%zext_ln45_9 = zext i15 %datareg_9" [hls_simple_obds/firmware/nnet_utils/nnet_activation.h:45]   --->   Operation 56 'zext' 'zext_ln45_9' <Predicate = true> <Delay = 0.00>
ST_1 : Operation 57 [1/1] (0.78ns)   --->   "%icmp_ln45_10 = icmp_sgt  i16 %data_10_val_read, i16 0" [hls_simple_obds/firmware/nnet_utils/nnet_activation.h:45]   --->   Operation 57 'icmp' 'icmp_ln45_10' <Predicate = true> <Delay = 0.78> <CoreInst = "Cmp">   --->   Core 9 'Cmp' <Latency = 0> <II = 1> <Delay = 0.78> <FuncUnit> <Opcode : 'icmp'> <InPorts = 2> <OutPorts = 1>
ST_1 : Operation 58 [1/1] (0.29ns)   --->   "%datareg_10 = select i1 %icmp_ln45_10, i15 %trunc_ln42_1, i15 0" [hls_simple_obds/firmware/nnet_utils/nnet_activation.h:45]   --->   Operation 58 'select' 'datareg_10' <Predicate = true> <Delay = 0.29> <CoreInst = "Sel">   --->   Core 73 'Sel' <Latency = 0> <II = 1> <Delay = 0.29> <FuncUnit> <Opcode : 'select'> <InPorts = 3> <OutPorts = 1>
ST_1 : Operation 59 [1/1] (0.00ns)   --->   "%zext_ln45_10 = zext i15 %datareg_10" [hls_simple_obds/firmware/nnet_utils/nnet_activation.h:45]   --->   Operation 59 'zext' 'zext_ln45_10' <Predicate = true> <Delay = 0.00>
ST_1 : Operation 60 [1/1] (0.78ns)   --->   "%icmp_ln45_11 = icmp_sgt  i16 %data_11_val_read, i16 0" [hls_simple_obds/firmware/nnet_utils/nnet_activation.h:45]   --->   Operation 60 'icmp' 'icmp_ln45_11' <Predicate = true> <Delay = 0.78> <CoreInst = "Cmp">   --->   Core 9 'Cmp' <Latency = 0> <II = 1> <Delay = 0.78> <FuncUnit> <Opcode : 'icmp'> <InPorts = 2> <OutPorts = 1>
ST_1 : Operation 61 [1/1] (0.29ns)   --->   "%datareg_11 = select i1 %icmp_ln45_11, i15 %trunc_ln42, i15 0" [hls_simple_obds/firmware/nnet_utils/nnet_activation.h:45]   --->   Operation 61 'select' 'datareg_11' <Predicate = true> <Delay = 0.29> <CoreInst = "Sel">   --->   Core 73 'Sel' <Latency = 0> <II = 1> <Delay = 0.29> <FuncUnit> <Opcode : 'select'> <InPorts = 3> <OutPorts = 1>
ST_1 : Operation 62 [1/1] (0.00ns)   --->   "%zext_ln45_11 = zext i15 %datareg_11" [hls_simple_obds/firmware/nnet_utils/nnet_activation.h:45]   --->   Operation 62 'zext' 'zext_ln45_11' <Predicate = true> <Delay = 0.00>
ST_1 : Operation 63 [1/1] (0.00ns)   --->   "%mrv = insertvalue i192 <undef>, i16 %zext_ln45" [hls_simple_obds/firmware/nnet_utils/nnet_activation.h:50]   --->   Operation 63 'insertvalue' 'mrv' <Predicate = true> <Delay = 0.00>
ST_1 : Operation 64 [1/1] (0.00ns)   --->   "%mrv_1 = insertvalue i192 %mrv, i16 %zext_ln45_1" [hls_simple_obds/firmware/nnet_utils/nnet_activation.h:50]   --->   Operation 64 'insertvalue' 'mrv_1' <Predicate = true> <Delay = 0.00>
ST_1 : Operation 65 [1/1] (0.00ns)   --->   "%mrv_2 = insertvalue i192 %mrv_1, i16 %zext_ln45_2" [hls_simple_obds/firmware/nnet_utils/nnet_activation.h:50]   --->   Operation 65 'insertvalue' 'mrv_2' <Predicate = true> <Delay = 0.00>
ST_1 : Operation 66 [1/1] (0.00ns)   --->   "%mrv_3 = insertvalue i192 %mrv_2, i16 %zext_ln45_3" [hls_simple_obds/firmware/nnet_utils/nnet_activation.h:50]   --->   Operation 66 'insertvalue' 'mrv_3' <Predicate = true> <Delay = 0.00>
ST_1 : Operation 67 [1/1] (0.00ns)   --->   "%mrv_4 = insertvalue i192 %mrv_3, i16 %zext_ln45_4" [hls_simple_obds/firmware/nnet_utils/nnet_activation.h:50]   --->   Operation 67 'insertvalue' 'mrv_4' <Predicate = true> <Delay = 0.00>
ST_1 : Operation 68 [1/1] (0.00ns)   --->   "%mrv_5 = insertvalue i192 %mrv_4, i16 %zext_ln45_5" [hls_simple_obds/firmware/nnet_utils/nnet_activation.h:50]   --->   Operation 68 'insertvalue' 'mrv_5' <Predicate = true> <Delay = 0.00>
ST_1 : Operation 69 [1/1] (0.00ns)   --->   "%mrv_6 = insertvalue i192 %mrv_5, i16 %zext_ln45_6" [hls_simple_obds/firmware/nnet_utils/nnet_activation.h:50]   --->   Operation 69 'insertvalue' 'mrv_6' <Predicate = true> <Delay = 0.00>
ST_1 : Operation 70 [1/1] (0.00ns)   --->   "%mrv_7 = insertvalue i192 %mrv_6, i16 %zext_ln45_7" [hls_simple_obds/firmware/nnet_utils/nnet_activation.h:50]   --->   Operation 70 'insertvalue' 'mrv_7' <Predicate = true> <Delay = 0.00>
ST_1 : Operation 71 [1/1] (0.00ns)   --->   "%mrv_8 = insertvalue i192 %mrv_7, i16 %zext_ln45_8" [hls_simple_obds/firmware/nnet_utils/nnet_activation.h:50]   --->   Operation 71 'insertvalue' 'mrv_8' <Predicate = true> <Delay = 0.00>
ST_1 : Operation 72 [1/1] (0.00ns)   --->   "%mrv_9 = insertvalue i192 %mrv_8, i16 %zext_ln45_9" [hls_simple_obds/firmware/nnet_utils/nnet_activation.h:50]   --->   Operation 72 'insertvalue' 'mrv_9' <Predicate = true> <Delay = 0.00>
ST_1 : Operation 73 [1/1] (0.00ns)   --->   "%mrv_s = insertvalue i192 %mrv_9, i16 %zext_ln45_10" [hls_simple_obds/firmware/nnet_utils/nnet_activation.h:50]   --->   Operation 73 'insertvalue' 'mrv_s' <Predicate = true> <Delay = 0.00>
ST_1 : Operation 74 [1/1] (0.00ns)   --->   "%mrv_10 = insertvalue i192 %mrv_s, i16 %zext_ln45_11" [hls_simple_obds/firmware/nnet_utils/nnet_activation.h:50]   --->   Operation 74 'insertvalue' 'mrv_10' <Predicate = true> <Delay = 0.00>
ST_1 : Operation 75 [1/1] (0.00ns)   --->   "%ret_ln50 = ret i192 %mrv_10" [hls_simple_obds/firmware/nnet_utils/nnet_activation.h:50]   --->   Operation 75 'ret' 'ret_ln50' <Predicate = true> <Delay = 0.00>


============================================================
+ Verbose Summary: Timing violations
============================================================
Target clock period: 10.000ns, clock uncertainty: 2.700ns.

 <State 1>: 1.078ns
The critical path consists of the following:
	wire read operation ('data_0_val_read', hls_simple_obds/firmware/nnet_utils/nnet_activation.h:42) on port 'data_0_val' (hls_simple_obds/firmware/nnet_utils/nnet_activation.h:42) [24]  (0.000 ns)
	'icmp' operation 1 bit ('icmp_ln45', hls_simple_obds/firmware/nnet_utils/nnet_activation.h:45) [38]  (0.785 ns)
	'select' operation 15 bit ('datareg', hls_simple_obds/firmware/nnet_utils/nnet_activation.h:45) [39]  (0.292 ns)


============================================================
+ Verbose Summary: Binding
============================================================
N/A
* FSMD analyzer results:
  - Output states:
 - Input state : 
  - Chain level:
	State 1


============================================================
+ Verbose Summary: Datapath Resource usage 
============================================================
N/A
