

================================================================
== Vitis HLS Report for 'dense_latency_ap_fixed_16_6_5_3_0_ap_fixed_16_6_5_3_0_config8_s'
================================================================
* Date:           Wed Aug  6 12:26:28 2025

* Version:        2023.2 (Build 4023990 on Oct 11 2023)
* Project:        hls_simple_bds_synthesis
* Solution:       solution1 (Vivado IP Flow Target)
* Product family: virtexuplus
* Target device:  xcu250-figd2104-2L-e


================================================================
== Performance Estimates
================================================================
+ Timing: 
    * Summary: 
    +--------+----------+----------+------------+
    |  Clock |  Target  | Estimated| Uncertainty|
    +--------+----------+----------+------------+
    |ap_clk  |  10.00 ns|  3.965 ns|     2.70 ns|
    +--------+----------+----------+------------+

+ Latency: 
    * Summary: 
    +---------+---------+-----------+-----------+-----+-----+---------+
    |  Latency (cycles) |   Latency (absolute)  |  Interval | Pipeline|
    |   min   |   max   |    min    |    max    | min | max |   Type  |
    +---------+---------+-----------+-----------+-----+-----+---------+
    |        3|        3|  30.000 ns|  30.000 ns|    4|    4|      yes|
    +---------+---------+-----------+-----------+-----+-----+---------+

    + Detail: 
        * Instance: 
        N/A

        * Loop: 
        N/A



================================================================
== Utilization Estimates
================================================================
* Summary: 
+---------------------+---------+-------+---------+---------+------+
|         Name        | BRAM_18K|  DSP  |    FF   |   LUT   | URAM |
+---------------------+---------+-------+---------+---------+------+
|DSP                  |        -|      -|        -|        -|     -|
|Expression           |        -|      -|        0|      345|     -|
|FIFO                 |        -|      -|        -|        -|     -|
|Instance             |        -|      4|        0|       20|     -|
|Memory               |        -|      -|        -|        -|     -|
|Multiplexer          |        -|      -|        -|      210|     -|
|Register             |        -|      -|      272|        -|     -|
+---------------------+---------+-------+---------+---------+------+
|Total                |        0|      4|      272|      575|     0|
+---------------------+---------+-------+---------+---------+------+
|Available SLR        |     1344|   3072|   864000|   432000|   320|
+---------------------+---------+-------+---------+---------+------+
|Utilization SLR (%)  |        0|     ~0|       ~0|       ~0|     0|
+---------------------+---------+-------+---------+---------+------+
|Available            |     5376|  12288|  3456000|  1728000|  1280|
+---------------------+---------+-------+---------+---------+------+
|Utilization (%)      |        0|     ~0|       ~0|       ~0|     0|
+---------------------+---------+-------+---------+---------+------+

+ Detail: 
    * Instance: 
    +--------------------------+---------------------+---------+----+---+----+-----+
    |         Instance         |        Module       | BRAM_18K| DSP| FF| LUT| URAM|
    +--------------------------+---------------------+---------+----+---+----+-----+
    |mul_16s_11ns_26_1_1_U405  |mul_16s_11ns_26_1_1  |        0|   1|  0|   5|    0|
    |mul_16s_11s_26_1_1_U406   |mul_16s_11s_26_1_1   |        0|   1|  0|   5|    0|
    |mul_16s_12s_26_1_1_U407   |mul_16s_12s_26_1_1   |        0|   1|  0|   5|    0|
    |mul_16s_12s_26_1_1_U408   |mul_16s_12s_26_1_1   |        0|   1|  0|   5|    0|
    +--------------------------+---------------------+---------+----+---+----+-----+
    |Total                     |                     |        0|   4|  0|  20|    0|
    +--------------------------+---------------------+---------+----+---+----+-----+

    * DSP: 
    N/A

    * Memory: 
    N/A

    * FIFO: 
    N/A

    * Expression: 
    +-----------------------+----------+----+---+----+------------+------------+
    |     Variable Name     | Operation| DSP| FF| LUT| Bitwidth P0| Bitwidth P1|
    +-----------------------+----------+----+---+----+------------+------------+
    |add_ln58_10_fu_565_p2  |         +|   0|  0|  16|          16|          16|
    |add_ln58_11_fu_569_p2  |         +|   0|  0|  16|          16|          16|
    |add_ln58_12_fu_574_p2  |         +|   0|  0|  16|          16|           3|
    |add_ln58_13_fu_580_p2  |         +|   0|  0|  16|          16|          16|
    |add_ln58_14_fu_586_p2  |         +|   0|  0|  16|          16|          16|
    |add_ln58_15_fu_592_p2  |         +|   0|  0|  16|          16|          16|
    |add_ln58_1_fu_467_p2   |         +|   0|  0|  23|          16|          16|
    |add_ln58_2_fu_534_p2   |         +|   0|  0|  16|          16|          16|
    |add_ln58_3_fu_538_p2   |         +|   0|  0|  16|          16|          16|
    |add_ln58_4_fu_542_p2   |         +|   0|  0|  16|          16|           2|
    |add_ln58_5_fu_548_p2   |         +|   0|  0|  16|          16|          16|
    |add_ln58_6_fu_553_p2   |         +|   0|  0|  16|          16|          16|
    |add_ln58_7_fu_559_p2   |         +|   0|  0|  16|          16|          16|
    |add_ln58_8_fu_387_p2   |         +|   0|  0|  23|          16|          16|
    |add_ln58_9_fu_473_p2   |         +|   0|  0|  23|          16|          16|
    |add_ln58_fu_381_p2     |         +|   0|  0|  23|          16|          16|
    |add_ln73_fu_442_p2     |         +|   0|  0|  31|          24|          24|
    |sub_ln73_fu_506_p2     |         -|   0|  0|  30|           1|          23|
    +-----------------------+----------+----+---+----+------------+------------+
    |Total                  |          |   0|  0| 345|         281|         276|
    +-----------------------+----------+----+---+----+------------+------------+

    * Multiplexer: 
    +---------------+----+-----------+-----+-----------+
    |      Name     | LUT| Input Size| Bits| Total Bits|
    +---------------+----+-----------+-----+-----------+
    |ap_NS_fsm      |  26|          5|    1|          5|
    |grp_fu_142_p0  |  26|          5|   16|         80|
    |grp_fu_142_p1  |  26|          5|   11|         55|
    |grp_fu_143_p0  |  20|          4|   16|         64|
    |grp_fu_143_p1  |  20|          4|   11|         44|
    |grp_fu_144_p0  |  20|          4|   16|         64|
    |grp_fu_144_p1  |  20|          4|   12|         48|
    |grp_fu_145_p0  |  26|          5|   16|         80|
    |grp_fu_145_p1  |  26|          5|   12|         60|
    +---------------+----+-----------+-----+-----------+
    |Total          | 210|         41|  111|        500|
    +---------------+----+-----------+-----+-----------+

    * Register: 
    +-------------------------+----+----+-----+-----------+
    |           Name          | FF | LUT| Bits| Const Bits|
    +-------------------------+----+----+-----+-----------+
    |add_ln58_1_reg_630       |  16|   0|   16|          0|
    |add_ln58_8_reg_615       |  16|   0|   16|          0|
    |add_ln58_9_reg_635       |  16|   0|   16|          0|
    |add_ln58_reg_610         |  16|   0|   16|          0|
    |ap_CS_fsm                |   4|   0|    4|          0|
    |ap_port_reg_data_2_val   |  16|   0|   16|          0|
    |ap_port_reg_data_3_val   |  16|   0|   16|          0|
    |ap_port_reg_data_4_val   |  16|   0|   16|          0|
    |ap_port_reg_data_5_val   |  16|   0|   16|          0|
    |ap_port_reg_data_6_val   |  16|   0|   16|          0|
    |ap_port_reg_data_7_val   |  16|   0|   16|          0|
    |data_4_val_read_reg_620  |  16|   0|   16|          0|
    |trunc_ln42_10_reg_650    |  16|   0|   16|          0|
    |trunc_ln42_11_reg_655    |  16|   0|   16|          0|
    |trunc_ln42_12_reg_660    |  13|   0|   13|          0|
    |trunc_ln42_7_reg_640     |  15|   0|   15|          0|
    |trunc_ln42_8_reg_625     |  16|   0|   16|          0|
    |trunc_ln42_9_reg_645     |  16|   0|   16|          0|
    +-------------------------+----+----+-----+-----------+
    |Total                    | 272|   0|  272|          0|
    +-------------------------+----+----+-----+-----------+



================================================================
== Interface
================================================================
* Summary: 
+-------------+-----+-----+------------+----------------------------------------------------------------------------+--------------+
|  RTL Ports  | Dir | Bits|  Protocol  |                                Source Object                               |    C Type    |
+-------------+-----+-----+------------+----------------------------------------------------------------------------+--------------+
|ap_clk       |   in|    1|  ap_ctrl_hs|  dense_latency<ap_fixed<16, 6, 5, 3, 0>, ap_fixed<16, 6, 5, 3, 0>, config8>|  return value|
|ap_rst       |   in|    1|  ap_ctrl_hs|  dense_latency<ap_fixed<16, 6, 5, 3, 0>, ap_fixed<16, 6, 5, 3, 0>, config8>|  return value|
|ap_start     |   in|    1|  ap_ctrl_hs|  dense_latency<ap_fixed<16, 6, 5, 3, 0>, ap_fixed<16, 6, 5, 3, 0>, config8>|  return value|
|ap_done      |  out|    1|  ap_ctrl_hs|  dense_latency<ap_fixed<16, 6, 5, 3, 0>, ap_fixed<16, 6, 5, 3, 0>, config8>|  return value|
|ap_idle      |  out|    1|  ap_ctrl_hs|  dense_latency<ap_fixed<16, 6, 5, 3, 0>, ap_fixed<16, 6, 5, 3, 0>, config8>|  return value|
|ap_ready     |  out|    1|  ap_ctrl_hs|  dense_latency<ap_fixed<16, 6, 5, 3, 0>, ap_fixed<16, 6, 5, 3, 0>, config8>|  return value|
|ap_return_0  |  out|   16|  ap_ctrl_hs|  dense_latency<ap_fixed<16, 6, 5, 3, 0>, ap_fixed<16, 6, 5, 3, 0>, config8>|  return value|
|ap_return_1  |  out|   16|  ap_ctrl_hs|  dense_latency<ap_fixed<16, 6, 5, 3, 0>, ap_fixed<16, 6, 5, 3, 0>, config8>|  return value|
|ap_ce        |   in|    1|  ap_ctrl_hs|  dense_latency<ap_fixed<16, 6, 5, 3, 0>, ap_fixed<16, 6, 5, 3, 0>, config8>|  return value|
|data_0_val   |   in|   16|     ap_none|                                                                  data_0_val|        scalar|
|data_1_val   |   in|   16|     ap_none|                                                                  data_1_val|        scalar|
|data_2_val   |   in|   16|     ap_none|                                                                  data_2_val|        scalar|
|data_3_val   |   in|   16|     ap_none|                                                                  data_3_val|        scalar|
|data_4_val   |   in|   16|     ap_none|                                                                  data_4_val|        scalar|
|data_5_val   |   in|   16|     ap_none|                                                                  data_5_val|        scalar|
|data_6_val   |   in|   16|     ap_none|                                                                  data_6_val|        scalar|
|data_7_val   |   in|   16|     ap_none|                                                                  data_7_val|        scalar|
+-------------+-----+-----+------------+----------------------------------------------------------------------------+--------------+

============================================================
+ Verbose Summary: Synthesis Manager
============================================================
InlineROM: 1
ExposeGlobal: 0
============================================================
+ Verbose Summary: CDFG Model
============================================================
IsTopModel: 0
ResetActiveHigh: 1
IsCombinational: 2
IsDatapathOnly: 2
HasWiredReturn: 1
HasMFsm: 2
HasVarLatency: 0
IsPipeline: 1
IsRtlPipelined: 0
IsInstanceOverlapped: 0
IsDontTouch: 0
HasImplIP: 0
IsGatedGlobalClock: 0

+ Individual pipeline summary: 
  * Pipeline-0: initiation interval (II) = 4, depth = 4


============================================================
+ Verbose Summary: Schedule
============================================================
* Number of FSM states : 4
* Pipeline : 1
  Pipeline-0 : II = 4, D = 4, States = { 1 2 3 4 }
* Dataflow Pipeline: 0

* FSM state transitions: 
1 --> 2 
2 --> 3 
3 --> 4 
4 --> 

* FSM state operations: 

State 1 <SV = 0> <Delay = 2.72>
ST_1 : Operation 5 [1/1] (0.00ns)   --->   "%data_1_val_read = read i16 @_ssdm_op_Read.ap_auto.i16, i16 %data_1_val" [hls_simple_bds/firmware/nnet_utils/nnet_dense_latency.h:42]   --->   Operation 5 'read' 'data_1_val_read' <Predicate = true> <Delay = 0.00>
ST_1 : Operation 6 [1/1] (0.00ns)   --->   "%data_0_val_read = read i16 @_ssdm_op_Read.ap_auto.i16, i16 %data_0_val" [hls_simple_bds/firmware/nnet_utils/nnet_dense_latency.h:42]   --->   Operation 6 'read' 'data_0_val_read' <Predicate = true> <Delay = 0.00>
ST_1 : Operation 7 [1/1] (0.00ns)   --->   "%sext_ln42 = sext i16 %data_0_val_read" [hls_simple_bds/firmware/nnet_utils/nnet_dense_latency.h:42]   --->   Operation 7 'sext' 'sext_ln42' <Predicate = true> <Delay = 0.00>
ST_1 : Operation 8 [1/1] (1.94ns)   --->   "%mul_ln73 = mul i26 %sext_ln42, i26 402" [hls_simple_bds/firmware/nnet_utils/nnet_mult.h:73->hls_simple_bds/firmware/nnet_utils/nnet_dense_latency.h:42]   --->   Operation 8 'mul' 'mul_ln73' <Predicate = true> <Delay = 1.94> <CoreInst = "Multiplier">   --->   Core 3 'Multiplier' <Latency = 0> <II = 1> <Delay = 1.94> <FuncUnit> <Opcode : 'mul'> <InPorts = 2> <OutPorts = 1>
ST_1 : Operation 9 [1/1] (0.00ns)   --->   "%trunc_ln = partselect i16 @_ssdm_op_PartSelect.i16.i26.i32.i32, i26 %mul_ln73, i32 10, i32 25" [hls_simple_bds/firmware/nnet_utils/nnet_dense_latency.h:42]   --->   Operation 9 'partselect' 'trunc_ln' <Predicate = true> <Delay = 0.00>
ST_1 : Operation 10 [1/1] (1.94ns)   --->   "%mul_ln42 = mul i26 %sext_ln42, i26 622" [hls_simple_bds/firmware/nnet_utils/nnet_dense_latency.h:42]   --->   Operation 10 'mul' 'mul_ln42' <Predicate = true> <Delay = 1.94> <CoreInst = "Multiplier">   --->   Core 3 'Multiplier' <Latency = 0> <II = 1> <Delay = 1.94> <FuncUnit> <Opcode : 'mul'> <InPorts = 2> <OutPorts = 1>
ST_1 : Operation 11 [1/1] (0.00ns)   --->   "%trunc_ln42_1 = partselect i16 @_ssdm_op_PartSelect.i16.i26.i32.i32, i26 %mul_ln42, i32 10, i32 25" [hls_simple_bds/firmware/nnet_utils/nnet_dense_latency.h:42]   --->   Operation 11 'partselect' 'trunc_ln42_1' <Predicate = true> <Delay = 0.00>
ST_1 : Operation 12 [1/1] (0.00ns)   --->   "%sext_ln73 = sext i16 %data_1_val_read" [hls_simple_bds/firmware/nnet_utils/nnet_mult.h:73->hls_simple_bds/firmware/nnet_utils/nnet_dense_latency.h:42]   --->   Operation 12 'sext' 'sext_ln73' <Predicate = true> <Delay = 0.00>
ST_1 : Operation 13 [1/1] (1.94ns)   --->   "%mul_ln42_1 = mul i26 %sext_ln73, i26 584" [hls_simple_bds/firmware/nnet_utils/nnet_dense_latency.h:42]   --->   Operation 13 'mul' 'mul_ln42_1' <Predicate = true> <Delay = 1.94> <CoreInst = "Multiplier">   --->   Core 3 'Multiplier' <Latency = 0> <II = 1> <Delay = 1.94> <FuncUnit> <Opcode : 'mul'> <InPorts = 2> <OutPorts = 1>
ST_1 : Operation 14 [1/1] (0.00ns)   --->   "%trunc_ln42_2 = partselect i16 @_ssdm_op_PartSelect.i16.i26.i32.i32, i26 %mul_ln42_1, i32 10, i32 25" [hls_simple_bds/firmware/nnet_utils/nnet_dense_latency.h:42]   --->   Operation 14 'partselect' 'trunc_ln42_2' <Predicate = true> <Delay = 0.00>
ST_1 : Operation 15 [1/1] (1.94ns)   --->   "%mul_ln42_2 = mul i26 %sext_ln73, i26 740" [hls_simple_bds/firmware/nnet_utils/nnet_dense_latency.h:42]   --->   Operation 15 'mul' 'mul_ln42_2' <Predicate = true> <Delay = 1.94> <CoreInst = "Multiplier">   --->   Core 3 'Multiplier' <Latency = 0> <II = 1> <Delay = 1.94> <FuncUnit> <Opcode : 'mul'> <InPorts = 2> <OutPorts = 1>
ST_1 : Operation 16 [1/1] (0.00ns)   --->   "%trunc_ln42_3 = partselect i16 @_ssdm_op_PartSelect.i16.i26.i32.i32, i26 %mul_ln42_2, i32 10, i32 25" [hls_simple_bds/firmware/nnet_utils/nnet_dense_latency.h:42]   --->   Operation 16 'partselect' 'trunc_ln42_3' <Predicate = true> <Delay = 0.00>
ST_1 : Operation 17 [1/1] (0.78ns)   --->   "%add_ln58 = add i16 %trunc_ln, i16 %trunc_ln42_2" [hls_simple_bds/firmware/nnet_utils/nnet_dense_latency.h:58]   --->   Operation 17 'add' 'add_ln58' <Predicate = true> <Delay = 0.78> <CoreInst = "Adder">   --->   Core 1 'Adder' <Latency = 0> <II = 1> <Delay = 0.78> <FuncUnit> <Opcode : 'add' 'sub'> <InPorts = 2> <OutPorts = 1>
ST_1 : Operation 18 [1/1] (0.78ns)   --->   "%add_ln58_8 = add i16 %trunc_ln42_1, i16 %trunc_ln42_3" [hls_simple_bds/firmware/nnet_utils/nnet_dense_latency.h:58]   --->   Operation 18 'add' 'add_ln58_8' <Predicate = true> <Delay = 0.78> <CoreInst = "Adder">   --->   Core 1 'Adder' <Latency = 0> <II = 1> <Delay = 0.78> <FuncUnit> <Opcode : 'add' 'sub'> <InPorts = 2> <OutPorts = 1>

State 2 <SV = 1> <Delay = 2.72>
ST_2 : Operation 19 [1/1] (0.00ns)   --->   "%data_4_val_read = read i16 @_ssdm_op_Read.ap_auto.i16, i16 %data_4_val" [hls_simple_bds/firmware/nnet_utils/nnet_dense_latency.h:42]   --->   Operation 19 'read' 'data_4_val_read' <Predicate = true> <Delay = 0.00>
ST_2 : Operation 20 [1/1] (0.00ns)   --->   "%data_3_val_read = read i16 @_ssdm_op_Read.ap_auto.i16, i16 %data_3_val" [hls_simple_bds/firmware/nnet_utils/nnet_dense_latency.h:42]   --->   Operation 20 'read' 'data_3_val_read' <Predicate = true> <Delay = 0.00>
ST_2 : Operation 21 [1/1] (0.00ns)   --->   "%data_2_val_read = read i16 @_ssdm_op_Read.ap_auto.i16, i16 %data_2_val" [hls_simple_bds/firmware/nnet_utils/nnet_dense_latency.h:42]   --->   Operation 21 'read' 'data_2_val_read' <Predicate = true> <Delay = 0.00>
ST_2 : Operation 22 [1/1] (0.00ns)   --->   "%sext_ln70 = sext i16 %data_2_val_read" [hls_simple_bds/firmware/nnet_utils/nnet_mult.h:70->hls_simple_bds/firmware/nnet_utils/nnet_dense_latency.h:42]   --->   Operation 22 'sext' 'sext_ln70' <Predicate = true> <Delay = 0.00>
ST_2 : Operation 23 [1/1] (0.00ns)   --->   "%sext_ln70_1 = sext i16 %data_2_val_read" [hls_simple_bds/firmware/nnet_utils/nnet_mult.h:70->hls_simple_bds/firmware/nnet_utils/nnet_dense_latency.h:42]   --->   Operation 23 'sext' 'sext_ln70_1' <Predicate = true> <Delay = 0.00>
ST_2 : Operation 24 [1/1] (1.94ns)   --->   "%mul_ln73_1 = mul i25 %sext_ln70_1, i25 33554297" [hls_simple_bds/firmware/nnet_utils/nnet_mult.h:73->hls_simple_bds/firmware/nnet_utils/nnet_dense_latency.h:42]   --->   Operation 24 'mul' 'mul_ln73_1' <Predicate = true> <Delay = 1.94> <CoreInst = "Multiplier">   --->   Core 3 'Multiplier' <Latency = 0> <II = 1> <Delay = 1.94> <FuncUnit> <Opcode : 'mul'> <InPorts = 2> <OutPorts = 1>
ST_2 : Operation 25 [1/1] (0.00ns)   --->   "%trunc_ln42_s = partselect i15 @_ssdm_op_PartSelect.i15.i25.i32.i32, i25 %mul_ln73_1, i32 10, i32 24" [hls_simple_bds/firmware/nnet_utils/nnet_dense_latency.h:42]   --->   Operation 25 'partselect' 'trunc_ln42_s' <Predicate = true> <Delay = 0.00>
ST_2 : Operation 26 [1/1] (0.00ns)   --->   "%sext_ln42_1 = sext i15 %trunc_ln42_s" [hls_simple_bds/firmware/nnet_utils/nnet_dense_latency.h:42]   --->   Operation 26 'sext' 'sext_ln42_1' <Predicate = true> <Delay = 0.00>
ST_2 : Operation 27 [1/1] (1.94ns)   --->   "%mul_ln73_2 = mul i26 %sext_ln70, i26 278" [hls_simple_bds/firmware/nnet_utils/nnet_mult.h:73->hls_simple_bds/firmware/nnet_utils/nnet_dense_latency.h:42]   --->   Operation 27 'mul' 'mul_ln73_2' <Predicate = true> <Delay = 1.94> <CoreInst = "Multiplier">   --->   Core 3 'Multiplier' <Latency = 0> <II = 1> <Delay = 1.94> <FuncUnit> <Opcode : 'mul'> <InPorts = 2> <OutPorts = 1>
ST_2 : Operation 28 [1/1] (0.00ns)   --->   "%trunc_ln42_5 = partselect i16 @_ssdm_op_PartSelect.i16.i26.i32.i32, i26 %mul_ln73_2, i32 10, i32 25" [hls_simple_bds/firmware/nnet_utils/nnet_dense_latency.h:42]   --->   Operation 28 'partselect' 'trunc_ln42_5' <Predicate = true> <Delay = 0.00>
ST_2 : Operation 29 [1/1] (0.00ns)   --->   "%sext_ln70_2 = sext i16 %data_3_val_read" [hls_simple_bds/firmware/nnet_utils/nnet_mult.h:70->hls_simple_bds/firmware/nnet_utils/nnet_dense_latency.h:42]   --->   Operation 29 'sext' 'sext_ln70_2' <Predicate = true> <Delay = 0.00>
ST_2 : Operation 30 [1/1] (0.00ns)   --->   "%sext_ln70_3 = sext i16 %data_3_val_read" [hls_simple_bds/firmware/nnet_utils/nnet_mult.h:70->hls_simple_bds/firmware/nnet_utils/nnet_dense_latency.h:42]   --->   Operation 30 'sext' 'sext_ln70_3' <Predicate = true> <Delay = 0.00>
ST_2 : Operation 31 [1/1] (1.94ns)   --->   "%mul_ln73_3 = mul i25 %sext_ln70_3, i25 139" [hls_simple_bds/firmware/nnet_utils/nnet_mult.h:73->hls_simple_bds/firmware/nnet_utils/nnet_dense_latency.h:42]   --->   Operation 31 'mul' 'mul_ln73_3' <Predicate = true> <Delay = 1.94> <CoreInst = "Multiplier">   --->   Core 3 'Multiplier' <Latency = 0> <II = 1> <Delay = 1.94> <FuncUnit> <Opcode : 'mul'> <InPorts = 2> <OutPorts = 1>
ST_2 : Operation 32 [1/1] (0.00ns)   --->   "%trunc_ln42_4 = partselect i15 @_ssdm_op_PartSelect.i15.i25.i32.i32, i25 %mul_ln73_3, i32 10, i32 24" [hls_simple_bds/firmware/nnet_utils/nnet_dense_latency.h:42]   --->   Operation 32 'partselect' 'trunc_ln42_4' <Predicate = true> <Delay = 0.00>
ST_2 : Operation 33 [1/1] (0.00ns)   --->   "%sext_ln42_2 = sext i15 %trunc_ln42_4" [hls_simple_bds/firmware/nnet_utils/nnet_dense_latency.h:42]   --->   Operation 33 'sext' 'sext_ln42_2' <Predicate = true> <Delay = 0.00>
ST_2 : Operation 34 [1/1] (0.00ns)   --->   "%shl_ln = bitconcatenate i23 @_ssdm_op_BitConcatenate.i23.i16.i7, i16 %data_3_val_read, i7 0" [hls_simple_bds/firmware/nnet_utils/nnet_mult.h:73->hls_simple_bds/firmware/nnet_utils/nnet_dense_latency.h:42]   --->   Operation 34 'bitconcatenate' 'shl_ln' <Predicate = true> <Delay = 0.00>
ST_2 : Operation 35 [1/1] (0.00ns)   --->   "%sext_ln73_1 = sext i23 %shl_ln" [hls_simple_bds/firmware/nnet_utils/nnet_mult.h:73->hls_simple_bds/firmware/nnet_utils/nnet_dense_latency.h:42]   --->   Operation 35 'sext' 'sext_ln73_1' <Predicate = true> <Delay = 0.00>
ST_2 : Operation 36 [1/1] (0.82ns)   --->   "%add_ln73 = add i24 %sext_ln73_1, i24 %sext_ln70_2" [hls_simple_bds/firmware/nnet_utils/nnet_mult.h:73->hls_simple_bds/firmware/nnet_utils/nnet_dense_latency.h:42]   --->   Operation 36 'add' 'add_ln73' <Predicate = true> <Delay = 0.82> <CoreInst = "Adder">   --->   Core 1 'Adder' <Latency = 0> <II = 1> <Delay = 0.83> <FuncUnit> <Opcode : 'add' 'sub'> <InPorts = 2> <OutPorts = 1>
ST_2 : Operation 37 [1/1] (0.00ns)   --->   "%trunc_ln42_6 = partselect i14 @_ssdm_op_PartSelect.i14.i24.i32.i32, i24 %add_ln73, i32 10, i32 23" [hls_simple_bds/firmware/nnet_utils/nnet_dense_latency.h:42]   --->   Operation 37 'partselect' 'trunc_ln42_6' <Predicate = true> <Delay = 0.00>
ST_2 : Operation 38 [1/1] (0.00ns)   --->   "%sext_ln42_3 = sext i14 %trunc_ln42_6" [hls_simple_bds/firmware/nnet_utils/nnet_dense_latency.h:42]   --->   Operation 38 'sext' 'sext_ln42_3' <Predicate = true> <Delay = 0.00>
ST_2 : Operation 39 [1/1] (0.00ns)   --->   "%sext_ln42_4 = sext i16 %data_4_val_read" [hls_simple_bds/firmware/nnet_utils/nnet_dense_latency.h:42]   --->   Operation 39 'sext' 'sext_ln42_4' <Predicate = true> <Delay = 0.00>
ST_2 : Operation 40 [1/1] (1.94ns)   --->   "%mul_ln42_3 = mul i26 %sext_ln42_4, i26 67108311" [hls_simple_bds/firmware/nnet_utils/nnet_dense_latency.h:42]   --->   Operation 40 'mul' 'mul_ln42_3' <Predicate = true> <Delay = 1.94> <CoreInst = "Multiplier">   --->   Core 3 'Multiplier' <Latency = 0> <II = 1> <Delay = 1.94> <FuncUnit> <Opcode : 'mul'> <InPorts = 2> <OutPorts = 1>
ST_2 : Operation 41 [1/1] (0.00ns)   --->   "%trunc_ln42_8 = partselect i16 @_ssdm_op_PartSelect.i16.i26.i32.i32, i26 %mul_ln42_3, i32 10, i32 25" [hls_simple_bds/firmware/nnet_utils/nnet_dense_latency.h:42]   --->   Operation 41 'partselect' 'trunc_ln42_8' <Predicate = true> <Delay = 0.00>
ST_2 : Operation 42 [1/1] (0.77ns)   --->   "%add_ln58_1 = add i16 %sext_ln42_1, i16 %sext_ln42_2" [hls_simple_bds/firmware/nnet_utils/nnet_dense_latency.h:58]   --->   Operation 42 'add' 'add_ln58_1' <Predicate = true> <Delay = 0.77> <CoreInst = "Adder">   --->   Core 1 'Adder' <Latency = 0> <II = 1> <Delay = 0.78> <FuncUnit> <Opcode : 'add' 'sub'> <InPorts = 2> <OutPorts = 1>
ST_2 : Operation 43 [1/1] (0.78ns)   --->   "%add_ln58_9 = add i16 %trunc_ln42_5, i16 %sext_ln42_3" [hls_simple_bds/firmware/nnet_utils/nnet_dense_latency.h:58]   --->   Operation 43 'add' 'add_ln58_9' <Predicate = true> <Delay = 0.78> <CoreInst = "Adder">   --->   Core 1 'Adder' <Latency = 0> <II = 1> <Delay = 0.78> <FuncUnit> <Opcode : 'add' 'sub'> <InPorts = 2> <OutPorts = 1>

State 3 <SV = 2> <Delay = 1.94>
ST_3 : Operation 44 [1/1] (0.00ns)   --->   "%data_6_val_read = read i16 @_ssdm_op_Read.ap_auto.i16, i16 %data_6_val" [hls_simple_bds/firmware/nnet_utils/nnet_dense_latency.h:42]   --->   Operation 44 'read' 'data_6_val_read' <Predicate = true> <Delay = 0.00>
ST_3 : Operation 45 [1/1] (0.00ns)   --->   "%data_5_val_read = read i16 @_ssdm_op_Read.ap_auto.i16, i16 %data_5_val" [hls_simple_bds/firmware/nnet_utils/nnet_dense_latency.h:42]   --->   Operation 45 'read' 'data_5_val_read' <Predicate = true> <Delay = 0.00>
ST_3 : Operation 46 [1/1] (0.00ns)   --->   "%sext_ln70_4 = sext i16 %data_4_val_read" [hls_simple_bds/firmware/nnet_utils/nnet_mult.h:70->hls_simple_bds/firmware/nnet_utils/nnet_dense_latency.h:42]   --->   Operation 46 'sext' 'sext_ln70_4' <Predicate = true> <Delay = 0.00>
ST_3 : Operation 47 [1/1] (1.94ns)   --->   "%mul_ln73_4 = mul i25 %sext_ln70_4, i25 145" [hls_simple_bds/firmware/nnet_utils/nnet_mult.h:73->hls_simple_bds/firmware/nnet_utils/nnet_dense_latency.h:42]   --->   Operation 47 'mul' 'mul_ln73_4' <Predicate = true> <Delay = 1.94> <CoreInst = "Multiplier">   --->   Core 3 'Multiplier' <Latency = 0> <II = 1> <Delay = 1.94> <FuncUnit> <Opcode : 'mul'> <InPorts = 2> <OutPorts = 1>
ST_3 : Operation 48 [1/1] (0.00ns)   --->   "%trunc_ln42_7 = partselect i15 @_ssdm_op_PartSelect.i15.i25.i32.i32, i25 %mul_ln73_4, i32 10, i32 24" [hls_simple_bds/firmware/nnet_utils/nnet_dense_latency.h:42]   --->   Operation 48 'partselect' 'trunc_ln42_7' <Predicate = true> <Delay = 0.00>
ST_3 : Operation 49 [1/1] (0.00ns)   --->   "%sext_ln70_5 = sext i16 %data_5_val_read" [hls_simple_bds/firmware/nnet_utils/nnet_mult.h:70->hls_simple_bds/firmware/nnet_utils/nnet_dense_latency.h:42]   --->   Operation 49 'sext' 'sext_ln70_5' <Predicate = true> <Delay = 0.00>
ST_3 : Operation 50 [1/1] (1.94ns)   --->   "%mul_ln73_5 = mul i26 %sext_ln70_5, i26 67108523" [hls_simple_bds/firmware/nnet_utils/nnet_mult.h:73->hls_simple_bds/firmware/nnet_utils/nnet_dense_latency.h:42]   --->   Operation 50 'mul' 'mul_ln73_5' <Predicate = true> <Delay = 1.94> <CoreInst = "Multiplier">   --->   Core 3 'Multiplier' <Latency = 0> <II = 1> <Delay = 1.94> <FuncUnit> <Opcode : 'mul'> <InPorts = 2> <OutPorts = 1>
ST_3 : Operation 51 [1/1] (0.00ns)   --->   "%trunc_ln42_9 = partselect i16 @_ssdm_op_PartSelect.i16.i26.i32.i32, i26 %mul_ln73_5, i32 10, i32 25" [hls_simple_bds/firmware/nnet_utils/nnet_dense_latency.h:42]   --->   Operation 51 'partselect' 'trunc_ln42_9' <Predicate = true> <Delay = 0.00>
ST_3 : Operation 52 [1/1] (1.94ns)   --->   "%mul_ln73_6 = mul i26 %sext_ln70_5, i26 459" [hls_simple_bds/firmware/nnet_utils/nnet_mult.h:73->hls_simple_bds/firmware/nnet_utils/nnet_dense_latency.h:42]   --->   Operation 52 'mul' 'mul_ln73_6' <Predicate = true> <Delay = 1.94> <CoreInst = "Multiplier">   --->   Core 3 'Multiplier' <Latency = 0> <II = 1> <Delay = 1.94> <FuncUnit> <Opcode : 'mul'> <InPorts = 2> <OutPorts = 1>
ST_3 : Operation 53 [1/1] (0.00ns)   --->   "%trunc_ln42_10 = partselect i16 @_ssdm_op_PartSelect.i16.i26.i32.i32, i26 %mul_ln73_6, i32 10, i32 25" [hls_simple_bds/firmware/nnet_utils/nnet_dense_latency.h:42]   --->   Operation 53 'partselect' 'trunc_ln42_10' <Predicate = true> <Delay = 0.00>
ST_3 : Operation 54 [1/1] (0.00ns)   --->   "%sext_ln70_6 = sext i16 %data_6_val_read" [hls_simple_bds/firmware/nnet_utils/nnet_mult.h:70->hls_simple_bds/firmware/nnet_utils/nnet_dense_latency.h:42]   --->   Operation 54 'sext' 'sext_ln70_6' <Predicate = true> <Delay = 0.00>
ST_3 : Operation 55 [1/1] (1.94ns)   --->   "%mul_ln73_7 = mul i26 %sext_ln70_6, i26 322" [hls_simple_bds/firmware/nnet_utils/nnet_mult.h:73->hls_simple_bds/firmware/nnet_utils/nnet_dense_latency.h:42]   --->   Operation 55 'mul' 'mul_ln73_7' <Predicate = true> <Delay = 1.94> <CoreInst = "Multiplier">   --->   Core 3 'Multiplier' <Latency = 0> <II = 1> <Delay = 1.94> <FuncUnit> <Opcode : 'mul'> <InPorts = 2> <OutPorts = 1>
ST_3 : Operation 56 [1/1] (0.00ns)   --->   "%trunc_ln42_11 = partselect i16 @_ssdm_op_PartSelect.i16.i26.i32.i32, i26 %mul_ln73_7, i32 10, i32 25" [hls_simple_bds/firmware/nnet_utils/nnet_dense_latency.h:42]   --->   Operation 56 'partselect' 'trunc_ln42_11' <Predicate = true> <Delay = 0.00>
ST_3 : Operation 57 [1/1] (0.00ns)   --->   "%shl_ln73_1 = bitconcatenate i22 @_ssdm_op_BitConcatenate.i22.i16.i6, i16 %data_6_val_read, i6 0" [hls_simple_bds/firmware/nnet_utils/nnet_mult.h:73->hls_simple_bds/firmware/nnet_utils/nnet_dense_latency.h:42]   --->   Operation 57 'bitconcatenate' 'shl_ln73_1' <Predicate = true> <Delay = 0.00>
ST_3 : Operation 58 [1/1] (0.00ns)   --->   "%sext_ln73_2 = sext i22 %shl_ln73_1" [hls_simple_bds/firmware/nnet_utils/nnet_mult.h:73->hls_simple_bds/firmware/nnet_utils/nnet_dense_latency.h:42]   --->   Operation 58 'sext' 'sext_ln73_2' <Predicate = true> <Delay = 0.00>
ST_3 : Operation 59 [1/1] (0.82ns)   --->   "%sub_ln73 = sub i23 0, i23 %sext_ln73_2" [hls_simple_bds/firmware/nnet_utils/nnet_mult.h:73->hls_simple_bds/firmware/nnet_utils/nnet_dense_latency.h:42]   --->   Operation 59 'sub' 'sub_ln73' <Predicate = true> <Delay = 0.82> <CoreInst = "Adder">   --->   Core 1 'Adder' <Latency = 0> <II = 1> <Delay = 0.82> <FuncUnit> <Opcode : 'add' 'sub'> <InPorts = 2> <OutPorts = 1>
ST_3 : Operation 60 [1/1] (0.00ns)   --->   "%trunc_ln42_12 = partselect i13 @_ssdm_op_PartSelect.i13.i23.i32.i32, i23 %sub_ln73, i32 10, i32 22" [hls_simple_bds/firmware/nnet_utils/nnet_dense_latency.h:42]   --->   Operation 60 'partselect' 'trunc_ln42_12' <Predicate = true> <Delay = 0.00>

State 4 <SV = 3> <Delay = 3.96>
ST_4 : Operation 61 [1/1] (0.00ns)   --->   "%specpipeline_ln33 = specpipeline void @_ssdm_op_SpecPipeline, i32 4, i32 0, i32 0, i32 0, void @empty_0" [hls_simple_bds/firmware/nnet_utils/nnet_dense_latency.h:33]   --->   Operation 61 'specpipeline' 'specpipeline_ln33' <Predicate = true> <Delay = 0.00>
ST_4 : Operation 62 [1/1] (0.00ns)   --->   "%specresourcelimit_ln33 = specresourcelimit void @_ssdm_op_SpecResourceLimit, i64 4, void @empty_1, void @empty_0, void @empty_0, void @empty_0" [hls_simple_bds/firmware/nnet_utils/nnet_dense_latency.h:33]   --->   Operation 62 'specresourcelimit' 'specresourcelimit_ln33' <Predicate = true> <Delay = 0.00>
ST_4 : Operation 63 [1/1] (0.00ns)   --->   "%data_7_val_read = read i16 @_ssdm_op_Read.ap_auto.i16, i16 %data_7_val" [hls_simple_bds/firmware/nnet_utils/nnet_dense_latency.h:42]   --->   Operation 63 'read' 'data_7_val_read' <Predicate = true> <Delay = 0.00>
ST_4 : Operation 64 [1/1] (0.00ns)   --->   "%sext_ln42_5 = sext i15 %trunc_ln42_7" [hls_simple_bds/firmware/nnet_utils/nnet_dense_latency.h:42]   --->   Operation 64 'sext' 'sext_ln42_5' <Predicate = true> <Delay = 0.00>
ST_4 : Operation 65 [1/1] (0.00ns)   --->   "%sext_ln42_6 = sext i13 %trunc_ln42_12" [hls_simple_bds/firmware/nnet_utils/nnet_dense_latency.h:42]   --->   Operation 65 'sext' 'sext_ln42_6' <Predicate = true> <Delay = 0.00>
ST_4 : Operation 66 [1/1] (0.00ns)   --->   "%sext_ln70_7 = sext i16 %data_7_val_read" [hls_simple_bds/firmware/nnet_utils/nnet_mult.h:70->hls_simple_bds/firmware/nnet_utils/nnet_dense_latency.h:42]   --->   Operation 66 'sext' 'sext_ln70_7' <Predicate = true> <Delay = 0.00>
ST_4 : Operation 67 [1/1] (1.94ns)   --->   "%mul_ln73_8 = mul i26 %sext_ln70_7, i26 266" [hls_simple_bds/firmware/nnet_utils/nnet_mult.h:73->hls_simple_bds/firmware/nnet_utils/nnet_dense_latency.h:42]   --->   Operation 67 'mul' 'mul_ln73_8' <Predicate = true> <Delay = 1.94> <CoreInst = "Multiplier">   --->   Core 3 'Multiplier' <Latency = 0> <II = 1> <Delay = 1.94> <FuncUnit> <Opcode : 'mul'> <InPorts = 2> <OutPorts = 1>
ST_4 : Operation 68 [1/1] (0.00ns)   --->   "%trunc_ln42_13 = partselect i16 @_ssdm_op_PartSelect.i16.i26.i32.i32, i26 %mul_ln73_8, i32 10, i32 25" [hls_simple_bds/firmware/nnet_utils/nnet_dense_latency.h:42]   --->   Operation 68 'partselect' 'trunc_ln42_13' <Predicate = true> <Delay = 0.00>
ST_4 : Operation 69 [1/1] (1.94ns)   --->   "%mul_ln73_9 = mul i26 %sext_ln70_7, i26 67108476" [hls_simple_bds/firmware/nnet_utils/nnet_mult.h:73->hls_simple_bds/firmware/nnet_utils/nnet_dense_latency.h:42]   --->   Operation 69 'mul' 'mul_ln73_9' <Predicate = true> <Delay = 1.94> <CoreInst = "Multiplier">   --->   Core 3 'Multiplier' <Latency = 0> <II = 1> <Delay = 1.94> <FuncUnit> <Opcode : 'mul'> <InPorts = 2> <OutPorts = 1>
ST_4 : Operation 70 [1/1] (0.00ns)   --->   "%trunc_ln42_14 = partselect i16 @_ssdm_op_PartSelect.i16.i26.i32.i32, i26 %mul_ln73_9, i32 10, i32 25" [hls_simple_bds/firmware/nnet_utils/nnet_dense_latency.h:42]   --->   Operation 70 'partselect' 'trunc_ln42_14' <Predicate = true> <Delay = 0.00>
ST_4 : Operation 71 [1/1] (0.00ns) (grouped into TernaryAdder)   --->   "%add_ln58_2 = add i16 %add_ln58_1, i16 %add_ln58" [hls_simple_bds/firmware/nnet_utils/nnet_dense_latency.h:58]   --->   Operation 71 'add' 'add_ln58_2' <Predicate = true> <Delay = 0.00> <CoreInst = "TAddSub">   --->   Core 10 'TAddSub' <Latency = 0> <II = 1> <Delay = 0.33> <IPBlock> <Opcode : '' 'add' 'sub'> <InPorts = 3> <OutPorts = 1> <Sync> <CReg>
ST_4 : Operation 72 [1/1] (0.00ns) (grouped into TernaryAdder)   --->   "%add_ln58_3 = add i16 %trunc_ln42_8, i16 %trunc_ln42_9" [hls_simple_bds/firmware/nnet_utils/nnet_dense_latency.h:58]   --->   Operation 72 'add' 'add_ln58_3' <Predicate = true> <Delay = 0.00> <CoreInst = "TAddSub">   --->   Core 10 'TAddSub' <Latency = 0> <II = 1> <Delay = 0.33> <IPBlock> <Opcode : '' 'add' 'sub'> <InPorts = 3> <OutPorts = 1> <Sync> <CReg>
ST_4 : Operation 73 [1/1] (0.00ns) (grouped into TernaryAdder)   --->   "%add_ln58_4 = add i16 %trunc_ln42_13, i16 2" [hls_simple_bds/firmware/nnet_utils/nnet_dense_latency.h:58]   --->   Operation 73 'add' 'add_ln58_4' <Predicate = true> <Delay = 0.00> <CoreInst = "TAddSub">   --->   Core 10 'TAddSub' <Latency = 0> <II = 1> <Delay = 0.33> <IPBlock> <Opcode : '' 'add' 'sub'> <InPorts = 3> <OutPorts = 1> <Sync> <CReg>
ST_4 : Operation 74 [1/1] (0.67ns) (root node of TernaryAdder)   --->   "%add_ln58_5 = add i16 %add_ln58_4, i16 %trunc_ln42_11" [hls_simple_bds/firmware/nnet_utils/nnet_dense_latency.h:58]   --->   Operation 74 'add' 'add_ln58_5' <Predicate = true> <Delay = 0.67> <CoreInst = "TAddSub">   --->   Core 10 'TAddSub' <Latency = 0> <II = 1> <Delay = 0.33> <IPBlock> <Opcode : '' 'add' 'sub'> <InPorts = 3> <OutPorts = 1> <Sync> <CReg>
ST_4 : Operation 75 [1/1] (0.67ns) (root node of TernaryAdder)   --->   "%add_ln58_6 = add i16 %add_ln58_5, i16 %add_ln58_3" [hls_simple_bds/firmware/nnet_utils/nnet_dense_latency.h:58]   --->   Operation 75 'add' 'add_ln58_6' <Predicate = true> <Delay = 0.67> <CoreInst = "TAddSub">   --->   Core 10 'TAddSub' <Latency = 0> <II = 1> <Delay = 0.33> <IPBlock> <Opcode : '' 'add' 'sub'> <InPorts = 3> <OutPorts = 1> <Sync> <CReg>
ST_4 : Operation 76 [1/1] (0.67ns) (root node of TernaryAdder)   --->   "%add_ln58_7 = add i16 %add_ln58_6, i16 %add_ln58_2" [hls_simple_bds/firmware/nnet_utils/nnet_dense_latency.h:58]   --->   Operation 76 'add' 'add_ln58_7' <Predicate = true> <Delay = 0.67> <CoreInst = "TAddSub">   --->   Core 10 'TAddSub' <Latency = 0> <II = 1> <Delay = 0.33> <IPBlock> <Opcode : '' 'add' 'sub'> <InPorts = 3> <OutPorts = 1> <Sync> <CReg>
ST_4 : Operation 77 [1/1] (0.00ns) (grouped into TernaryAdder)   --->   "%add_ln58_10 = add i16 %add_ln58_9, i16 %add_ln58_8" [hls_simple_bds/firmware/nnet_utils/nnet_dense_latency.h:58]   --->   Operation 77 'add' 'add_ln58_10' <Predicate = true> <Delay = 0.00> <CoreInst = "TAddSub">   --->   Core 10 'TAddSub' <Latency = 0> <II = 1> <Delay = 0.33> <IPBlock> <Opcode : '' 'add' 'sub'> <InPorts = 3> <OutPorts = 1> <Sync> <CReg>
ST_4 : Operation 78 [1/1] (0.00ns) (grouped into TernaryAdder)   --->   "%add_ln58_11 = add i16 %sext_ln42_5, i16 %trunc_ln42_10" [hls_simple_bds/firmware/nnet_utils/nnet_dense_latency.h:58]   --->   Operation 78 'add' 'add_ln58_11' <Predicate = true> <Delay = 0.00> <CoreInst = "TAddSub">   --->   Core 10 'TAddSub' <Latency = 0> <II = 1> <Delay = 0.33> <IPBlock> <Opcode : '' 'add' 'sub'> <InPorts = 3> <OutPorts = 1> <Sync> <CReg>
ST_4 : Operation 79 [1/1] (0.00ns) (grouped into TernaryAdder)   --->   "%add_ln58_12 = add i16 %trunc_ln42_14, i16 65533" [hls_simple_bds/firmware/nnet_utils/nnet_dense_latency.h:58]   --->   Operation 79 'add' 'add_ln58_12' <Predicate = true> <Delay = 0.00> <CoreInst = "TAddSub">   --->   Core 10 'TAddSub' <Latency = 0> <II = 1> <Delay = 0.33> <IPBlock> <Opcode : '' 'add' 'sub'> <InPorts = 3> <OutPorts = 1> <Sync> <CReg>
ST_4 : Operation 80 [1/1] (0.67ns) (root node of TernaryAdder)   --->   "%add_ln58_13 = add i16 %add_ln58_12, i16 %sext_ln42_6" [hls_simple_bds/firmware/nnet_utils/nnet_dense_latency.h:58]   --->   Operation 80 'add' 'add_ln58_13' <Predicate = true> <Delay = 0.67> <CoreInst = "TAddSub">   --->   Core 10 'TAddSub' <Latency = 0> <II = 1> <Delay = 0.33> <IPBlock> <Opcode : '' 'add' 'sub'> <InPorts = 3> <OutPorts = 1> <Sync> <CReg>
ST_4 : Operation 81 [1/1] (0.67ns) (root node of TernaryAdder)   --->   "%add_ln58_14 = add i16 %add_ln58_13, i16 %add_ln58_11" [hls_simple_bds/firmware/nnet_utils/nnet_dense_latency.h:58]   --->   Operation 81 'add' 'add_ln58_14' <Predicate = true> <Delay = 0.67> <CoreInst = "TAddSub">   --->   Core 10 'TAddSub' <Latency = 0> <II = 1> <Delay = 0.33> <IPBlock> <Opcode : '' 'add' 'sub'> <InPorts = 3> <OutPorts = 1> <Sync> <CReg>
ST_4 : Operation 82 [1/1] (0.67ns) (root node of TernaryAdder)   --->   "%add_ln58_15 = add i16 %add_ln58_14, i16 %add_ln58_10" [hls_simple_bds/firmware/nnet_utils/nnet_dense_latency.h:58]   --->   Operation 82 'add' 'add_ln58_15' <Predicate = true> <Delay = 0.67> <CoreInst = "TAddSub">   --->   Core 10 'TAddSub' <Latency = 0> <II = 1> <Delay = 0.33> <IPBlock> <Opcode : '' 'add' 'sub'> <InPorts = 3> <OutPorts = 1> <Sync> <CReg>
ST_4 : Operation 83 [1/1] (0.00ns)   --->   "%mrv = insertvalue i32 <undef>, i16 %add_ln58_7" [hls_simple_bds/firmware/nnet_utils/nnet_dense_latency.h:68]   --->   Operation 83 'insertvalue' 'mrv' <Predicate = true> <Delay = 0.00>
ST_4 : Operation 84 [1/1] (0.00ns)   --->   "%mrv_1 = insertvalue i32 %mrv, i16 %add_ln58_15" [hls_simple_bds/firmware/nnet_utils/nnet_dense_latency.h:68]   --->   Operation 84 'insertvalue' 'mrv_1' <Predicate = true> <Delay = 0.00>
ST_4 : Operation 85 [1/1] (0.00ns)   --->   "%ret_ln68 = ret i32 %mrv_1" [hls_simple_bds/firmware/nnet_utils/nnet_dense_latency.h:68]   --->   Operation 85 'ret' 'ret_ln68' <Predicate = true> <Delay = 0.00>


============================================================
+ Verbose Summary: Binding
============================================================
STG Binding: 
---------------- STG Properties BEGIN ----------------
- Is combinational: 0
- Is one-state seq: 0
- Is datapath-only: 0
- Is pipelined: 1
- Is top level: 0
Port [ Return ] is wired: 1; IO mode=ap_ctrl_hs:ce=0
Port [ data_0_val]:  wired=1; compound=0; hidden=0; nouse=0; global=0; static=0; extern=0; dir=0; type=0; pingpong=0; private_global=0; IO mode=ap_none:ce=0
Port [ data_1_val]:  wired=1; compound=0; hidden=0; nouse=0; global=0; static=0; extern=0; dir=0; type=0; pingpong=0; private_global=0; IO mode=ap_none:ce=0
Port [ data_2_val]:  wired=1; compound=0; hidden=0; nouse=0; global=0; static=0; extern=0; dir=0; type=0; pingpong=0; private_global=0; IO mode=ap_none:ce=0
Port [ data_3_val]:  wired=1; compound=0; hidden=0; nouse=0; global=0; static=0; extern=0; dir=0; type=0; pingpong=0; private_global=0; IO mode=ap_none:ce=0
Port [ data_4_val]:  wired=1; compound=0; hidden=0; nouse=0; global=0; static=0; extern=0; dir=0; type=0; pingpong=0; private_global=0; IO mode=ap_none:ce=0
Port [ data_5_val]:  wired=1; compound=0; hidden=0; nouse=0; global=0; static=0; extern=0; dir=0; type=0; pingpong=0; private_global=0; IO mode=ap_none:ce=0
Port [ data_6_val]:  wired=1; compound=0; hidden=0; nouse=0; global=0; static=0; extern=0; dir=0; type=0; pingpong=0; private_global=0; IO mode=ap_none:ce=0
Port [ data_7_val]:  wired=1; compound=0; hidden=0; nouse=0; global=0; static=0; extern=0; dir=0; type=0; pingpong=0; private_global=0; IO mode=ap_none:ce=0
---------------- STG Properties END ------------------

---------------- Datapath Model BEGIN ----------------

<LifeTime>
<method=bitvector/>
data_1_val_read        (read             ) [ 00000]
data_0_val_read        (read             ) [ 00000]
sext_ln42              (sext             ) [ 00000]
mul_ln73               (mul              ) [ 00000]
trunc_ln               (partselect       ) [ 00000]
mul_ln42               (mul              ) [ 00000]
trunc_ln42_1           (partselect       ) [ 00000]
sext_ln73              (sext             ) [ 00000]
mul_ln42_1             (mul              ) [ 00000]
trunc_ln42_2           (partselect       ) [ 00000]
mul_ln42_2             (mul              ) [ 00000]
trunc_ln42_3           (partselect       ) [ 00000]
add_ln58               (add              ) [ 00111]
add_ln58_8             (add              ) [ 00111]
data_4_val_read        (read             ) [ 00010]
data_3_val_read        (read             ) [ 00000]
data_2_val_read        (read             ) [ 00000]
sext_ln70              (sext             ) [ 00000]
sext_ln70_1            (sext             ) [ 00000]
mul_ln73_1             (mul              ) [ 00000]
trunc_ln42_s           (partselect       ) [ 00000]
sext_ln42_1            (sext             ) [ 00000]
mul_ln73_2             (mul              ) [ 00000]
trunc_ln42_5           (partselect       ) [ 00000]
sext_ln70_2            (sext             ) [ 00000]
sext_ln70_3            (sext             ) [ 00000]
mul_ln73_3             (mul              ) [ 00000]
trunc_ln42_4           (partselect       ) [ 00000]
sext_ln42_2            (sext             ) [ 00000]
shl_ln                 (bitconcatenate   ) [ 00000]
sext_ln73_1            (sext             ) [ 00000]
add_ln73               (add              ) [ 00000]
trunc_ln42_6           (partselect       ) [ 00000]
sext_ln42_3            (sext             ) [ 00000]
sext_ln42_4            (sext             ) [ 00000]
mul_ln42_3             (mul              ) [ 00000]
trunc_ln42_8           (partselect       ) [ 00011]
add_ln58_1             (add              ) [ 00011]
add_ln58_9             (add              ) [ 00011]
data_6_val_read        (read             ) [ 00000]
data_5_val_read        (read             ) [ 00000]
sext_ln70_4            (sext             ) [ 00000]
mul_ln73_4             (mul              ) [ 00000]
trunc_ln42_7           (partselect       ) [ 00001]
sext_ln70_5            (sext             ) [ 00000]
mul_ln73_5             (mul              ) [ 00000]
trunc_ln42_9           (partselect       ) [ 00001]
mul_ln73_6             (mul              ) [ 00000]
trunc_ln42_10          (partselect       ) [ 00001]
sext_ln70_6            (sext             ) [ 00000]
mul_ln73_7             (mul              ) [ 00000]
trunc_ln42_11          (partselect       ) [ 00001]
shl_ln73_1             (bitconcatenate   ) [ 00000]
sext_ln73_2            (sext             ) [ 00000]
sub_ln73               (sub              ) [ 00000]
trunc_ln42_12          (partselect       ) [ 00001]
specpipeline_ln33      (specpipeline     ) [ 00000]
specresourcelimit_ln33 (specresourcelimit) [ 00000]
data_7_val_read        (read             ) [ 00000]
sext_ln42_5            (sext             ) [ 00000]
sext_ln42_6            (sext             ) [ 00000]
sext_ln70_7            (sext             ) [ 00000]
mul_ln73_8             (mul              ) [ 00000]
trunc_ln42_13          (partselect       ) [ 00000]
mul_ln73_9             (mul              ) [ 00000]
trunc_ln42_14          (partselect       ) [ 00000]
add_ln58_2             (add              ) [ 00000]
add_ln58_3             (add              ) [ 00000]
add_ln58_4             (add              ) [ 00000]
add_ln58_5             (add              ) [ 00000]
add_ln58_6             (add              ) [ 00000]
add_ln58_7             (add              ) [ 00000]
add_ln58_10            (add              ) [ 00000]
add_ln58_11            (add              ) [ 00000]
add_ln58_12            (add              ) [ 00000]
add_ln58_13            (add              ) [ 00000]
add_ln58_14            (add              ) [ 00000]
add_ln58_15            (add              ) [ 00000]
mrv                    (insertvalue      ) [ 00000]
mrv_1                  (insertvalue      ) [ 00000]
ret_ln68               (ret              ) [ 00000]
</LifeTime>

<model>

<comp_list>
<comp id="0" class="1000" name="data_0_val">
<pin_list>
<pin id="1" dir="1" index="0" bw="1" slack="0"/>
</pin_list>
<bind>
<StgValue><ssdm name="data_0_val"/></StgValue>
</bind>
</comp>

<comp id="2" class="1000" name="data_1_val">
<pin_list>
<pin id="3" dir="1" index="0" bw="1" slack="0"/>
</pin_list>
<bind>
<StgValue><ssdm name="data_1_val"/></StgValue>
</bind>
</comp>

<comp id="4" class="1000" name="data_2_val">
<pin_list>
<pin id="5" dir="1" index="0" bw="1" slack="0"/>
</pin_list>
<bind>
<StgValue><ssdm name="data_2_val"/></StgValue>
</bind>
</comp>

<comp id="6" class="1000" name="data_3_val">
<pin_list>
<pin id="7" dir="1" index="0" bw="1" slack="0"/>
</pin_list>
<bind>
<StgValue><ssdm name="data_3_val"/></StgValue>
</bind>
</comp>

<comp id="8" class="1000" name="data_4_val">
<pin_list>
<pin id="9" dir="1" index="0" bw="1" slack="0"/>
</pin_list>
<bind>
<StgValue><ssdm name="data_4_val"/></StgValue>
</bind>
</comp>

<comp id="10" class="1000" name="data_5_val">
<pin_list>
<pin id="11" dir="1" index="0" bw="1" slack="0"/>
</pin_list>
<bind>
<StgValue><ssdm name="data_5_val"/></StgValue>
</bind>
</comp>

<comp id="12" class="1000" name="data_6_val">
<pin_list>
<pin id="13" dir="1" index="0" bw="1" slack="0"/>
</pin_list>
<bind>
<StgValue><ssdm name="data_6_val"/></StgValue>
</bind>
</comp>

<comp id="14" class="1000" name="data_7_val">
<pin_list>
<pin id="15" dir="1" index="0" bw="1" slack="0"/>
</pin_list>
<bind>
<StgValue><ssdm name="data_7_val"/></StgValue>
</bind>
</comp>

<comp id="16" class="1001" name="const_16">
<pin_list>
<pin id="17" dir="1" index="0" bw="1" slack="0"/>
</pin_list>
<bind>
<StgValue><ssdm name="_ssdm_op_Read.ap_auto.i16"/></StgValue>
</bind>
</comp>

<comp id="18" class="1001" name="const_18">
<pin_list>
<pin id="19" dir="1" index="0" bw="1" slack="0"/>
</pin_list>
<bind>
<StgValue><ssdm name=""/></StgValue>
</bind>
</comp>

<comp id="20" class="1001" name="const_20">
<pin_list>
<pin id="21" dir="1" index="0" bw="1" slack="0"/>
</pin_list>
<bind>
<StgValue><ssdm name="_ssdm_op_PartSelect.i16.i26.i32.i32"/></StgValue>
</bind>
</comp>

<comp id="22" class="1001" name="const_22">
<pin_list>
<pin id="23" dir="1" index="0" bw="1" slack="0"/>
</pin_list>
<bind>
<StgValue><ssdm name=""/></StgValue>
</bind>
</comp>

<comp id="24" class="1001" name="const_24">
<pin_list>
<pin id="25" dir="1" index="0" bw="1" slack="0"/>
</pin_list>
<bind>
<StgValue><ssdm name=""/></StgValue>
</bind>
</comp>

<comp id="26" class="1001" name="const_26">
<pin_list>
<pin id="27" dir="1" index="0" bw="1" slack="0"/>
</pin_list>
<bind>
<StgValue><ssdm name=""/></StgValue>
</bind>
</comp>

<comp id="28" class="1001" name="const_28">
<pin_list>
<pin id="29" dir="1" index="0" bw="1" slack="0"/>
</pin_list>
<bind>
<StgValue><ssdm name=""/></StgValue>
</bind>
</comp>

<comp id="30" class="1001" name="const_30">
<pin_list>
<pin id="31" dir="1" index="0" bw="1" slack="0"/>
</pin_list>
<bind>
<StgValue><ssdm name=""/></StgValue>
</bind>
</comp>

<comp id="32" class="1001" name="const_32">
<pin_list>
<pin id="33" dir="1" index="0" bw="1" slack="0"/>
</pin_list>
<bind>
<StgValue><ssdm name=""/></StgValue>
</bind>
</comp>

<comp id="34" class="1001" name="const_34">
<pin_list>
<pin id="35" dir="1" index="0" bw="1" slack="0"/>
</pin_list>
<bind>
<StgValue><ssdm name="_ssdm_op_PartSelect.i15.i25.i32.i32"/></StgValue>
</bind>
</comp>

<comp id="36" class="1001" name="const_36">
<pin_list>
<pin id="37" dir="1" index="0" bw="1" slack="0"/>
</pin_list>
<bind>
<StgValue><ssdm name=""/></StgValue>
</bind>
</comp>

<comp id="38" class="1001" name="const_38">
<pin_list>
<pin id="39" dir="1" index="0" bw="1" slack="0"/>
</pin_list>
<bind>
<StgValue><ssdm name=""/></StgValue>
</bind>
</comp>

<comp id="40" class="1001" name="const_40">
<pin_list>
<pin id="41" dir="1" index="0" bw="1" slack="0"/>
</pin_list>
<bind>
<StgValue><ssdm name=""/></StgValue>
</bind>
</comp>

<comp id="42" class="1001" name="const_42">
<pin_list>
<pin id="43" dir="1" index="0" bw="1" slack="0"/>
</pin_list>
<bind>
<StgValue><ssdm name="_ssdm_op_BitConcatenate.i23.i16.i7"/></StgValue>
</bind>
</comp>

<comp id="44" class="1001" name="const_44">
<pin_list>
<pin id="45" dir="1" index="0" bw="1" slack="0"/>
</pin_list>
<bind>
<StgValue><ssdm name=""/></StgValue>
</bind>
</comp>

<comp id="46" class="1001" name="const_46">
<pin_list>
<pin id="47" dir="1" index="0" bw="1" slack="0"/>
</pin_list>
<bind>
<StgValue><ssdm name="_ssdm_op_PartSelect.i14.i24.i32.i32"/></StgValue>
</bind>
</comp>

<comp id="48" class="1001" name="const_48">
<pin_list>
<pin id="49" dir="1" index="0" bw="1" slack="0"/>
</pin_list>
<bind>
<StgValue><ssdm name=""/></StgValue>
</bind>
</comp>

<comp id="50" class="1001" name="const_50">
<pin_list>
<pin id="51" dir="1" index="0" bw="1" slack="0"/>
</pin_list>
<bind>
<StgValue><ssdm name=""/></StgValue>
</bind>
</comp>

<comp id="52" class="1001" name="const_52">
<pin_list>
<pin id="53" dir="1" index="0" bw="1" slack="0"/>
</pin_list>
<bind>
<StgValue><ssdm name=""/></StgValue>
</bind>
</comp>

<comp id="54" class="1001" name="const_54">
<pin_list>
<pin id="55" dir="1" index="0" bw="1" slack="0"/>
</pin_list>
<bind>
<StgValue><ssdm name=""/></StgValue>
</bind>
</comp>

<comp id="56" class="1001" name="const_56">
<pin_list>
<pin id="57" dir="1" index="0" bw="1" slack="0"/>
</pin_list>
<bind>
<StgValue><ssdm name=""/></StgValue>
</bind>
</comp>

<comp id="58" class="1001" name="const_58">
<pin_list>
<pin id="59" dir="1" index="0" bw="1" slack="0"/>
</pin_list>
<bind>
<StgValue><ssdm name=""/></StgValue>
</bind>
</comp>

<comp id="60" class="1001" name="const_60">
<pin_list>
<pin id="61" dir="1" index="0" bw="1" slack="0"/>
</pin_list>
<bind>
<StgValue><ssdm name="_ssdm_op_BitConcatenate.i22.i16.i6"/></StgValue>
</bind>
</comp>

<comp id="62" class="1001" name="const_62">
<pin_list>
<pin id="63" dir="1" index="0" bw="1" slack="0"/>
</pin_list>
<bind>
<StgValue><ssdm name=""/></StgValue>
</bind>
</comp>

<comp id="64" class="1001" name="const_64">
<pin_list>
<pin id="65" dir="1" index="0" bw="1" slack="0"/>
</pin_list>
<bind>
<StgValue><ssdm name=""/></StgValue>
</bind>
</comp>

<comp id="66" class="1001" name="const_66">
<pin_list>
<pin id="67" dir="1" index="0" bw="1" slack="0"/>
</pin_list>
<bind>
<StgValue><ssdm name="_ssdm_op_PartSelect.i13.i23.i32.i32"/></StgValue>
</bind>
</comp>

<comp id="68" class="1001" name="const_68">
<pin_list>
<pin id="69" dir="1" index="0" bw="1" slack="0"/>
</pin_list>
<bind>
<StgValue><ssdm name=""/></StgValue>
</bind>
</comp>

<comp id="70" class="1001" name="const_70">
<pin_list>
<pin id="71" dir="1" index="0" bw="1" slack="2147483647"/>
</pin_list>
<bind>
<StgValue><ssdm name="_ssdm_op_SpecPipeline"/></StgValue>
</bind>
</comp>

<comp id="72" class="1001" name="const_72">
<pin_list>
<pin id="73" dir="1" index="0" bw="1" slack="2147483647"/>
</pin_list>
<bind>
<StgValue><ssdm name=""/></StgValue>
</bind>
</comp>

<comp id="74" class="1001" name="const_74">
<pin_list>
<pin id="75" dir="1" index="0" bw="1" slack="2147483647"/>
</pin_list>
<bind>
<StgValue><ssdm name=""/></StgValue>
</bind>
</comp>

<comp id="76" class="1001" name="const_76">
<pin_list>
<pin id="77" dir="1" index="0" bw="1" slack="2147483647"/>
</pin_list>
<bind>
<StgValue><ssdm name="empty_0"/></StgValue>
</bind>
</comp>

<comp id="78" class="1001" name="const_78">
<pin_list>
<pin id="79" dir="1" index="0" bw="1" slack="2147483647"/>
</pin_list>
<bind>
<StgValue><ssdm name="_ssdm_op_SpecResourceLimit"/></StgValue>
</bind>
</comp>

<comp id="80" class="1001" name="const_80">
<pin_list>
<pin id="81" dir="1" index="0" bw="1" slack="2147483647"/>
</pin_list>
<bind>
<StgValue><ssdm name=""/></StgValue>
</bind>
</comp>

<comp id="82" class="1001" name="const_82">
<pin_list>
<pin id="83" dir="1" index="0" bw="1" slack="2147483647"/>
</pin_list>
<bind>
<StgValue><ssdm name="empty_1"/></StgValue>
</bind>
</comp>

<comp id="84" class="1001" name="const_84">
<pin_list>
<pin id="85" dir="1" index="0" bw="1" slack="0"/>
</pin_list>
<bind>
<StgValue><ssdm name=""/></StgValue>
</bind>
</comp>

<comp id="86" class="1001" name="const_86">
<pin_list>
<pin id="87" dir="1" index="0" bw="1" slack="0"/>
</pin_list>
<bind>
<StgValue><ssdm name=""/></StgValue>
</bind>
</comp>

<comp id="88" class="1001" name="const_88">
<pin_list>
<pin id="89" dir="1" index="0" bw="1" slack="0"/>
</pin_list>
<bind>
<StgValue><ssdm name=""/></StgValue>
</bind>
</comp>

<comp id="90" class="1001" name="const_90">
<pin_list>
<pin id="91" dir="1" index="0" bw="1" slack="0"/>
</pin_list>
<bind>
<StgValue><ssdm name=""/></StgValue>
</bind>
</comp>

<comp id="92" class="1001" name="const_92">
<pin_list>
<pin id="93" dir="1" index="0" bw="1" slack="0"/>
</pin_list>
<bind>
<StgValue><ssdm name=""/></StgValue>
</bind>
</comp>

<comp id="94" class="1004" name="data_1_val_read_read_fu_94">
<pin_list>
<pin id="95" dir="0" index="0" bw="16" slack="0"/>
<pin id="96" dir="0" index="1" bw="16" slack="0"/>
<pin id="97" dir="1" index="2" bw="16" slack="0"/>
</pin_list>
<bind>
<opcode="read(1150) " fcode="read"/>
<opset="data_1_val_read/1 "/>
</bind>
</comp>

<comp id="100" class="1004" name="data_0_val_read_read_fu_100">
<pin_list>
<pin id="101" dir="0" index="0" bw="16" slack="0"/>
<pin id="102" dir="0" index="1" bw="16" slack="0"/>
<pin id="103" dir="1" index="2" bw="16" slack="0"/>
</pin_list>
<bind>
<opcode="read(1150) " fcode="read"/>
<opset="data_0_val_read/1 "/>
</bind>
</comp>

<comp id="106" class="1004" name="data_4_val_read_read_fu_106">
<pin_list>
<pin id="107" dir="0" index="0" bw="16" slack="0"/>
<pin id="108" dir="0" index="1" bw="16" slack="0"/>
<pin id="109" dir="1" index="2" bw="16" slack="0"/>
</pin_list>
<bind>
<opcode="read(1150) " fcode="read"/>
<opset="data_4_val_read/2 "/>
</bind>
</comp>

<comp id="112" class="1004" name="data_3_val_read_read_fu_112">
<pin_list>
<pin id="113" dir="0" index="0" bw="16" slack="0"/>
<pin id="114" dir="0" index="1" bw="16" slack="0"/>
<pin id="115" dir="1" index="2" bw="16" slack="0"/>
</pin_list>
<bind>
<opcode="read(1150) " fcode="read"/>
<opset="data_3_val_read/2 "/>
</bind>
</comp>

<comp id="118" class="1004" name="data_2_val_read_read_fu_118">
<pin_list>
<pin id="119" dir="0" index="0" bw="16" slack="0"/>
<pin id="120" dir="0" index="1" bw="16" slack="0"/>
<pin id="121" dir="1" index="2" bw="16" slack="0"/>
</pin_list>
<bind>
<opcode="read(1150) " fcode="read"/>
<opset="data_2_val_read/2 "/>
</bind>
</comp>

<comp id="124" class="1004" name="data_6_val_read_read_fu_124">
<pin_list>
<pin id="125" dir="0" index="0" bw="16" slack="0"/>
<pin id="126" dir="0" index="1" bw="16" slack="0"/>
<pin id="127" dir="1" index="2" bw="16" slack="0"/>
</pin_list>
<bind>
<opcode="read(1150) " fcode="read"/>
<opset="data_6_val_read/3 "/>
</bind>
</comp>

<comp id="130" class="1004" name="data_5_val_read_read_fu_130">
<pin_list>
<pin id="131" dir="0" index="0" bw="16" slack="0"/>
<pin id="132" dir="0" index="1" bw="16" slack="0"/>
<pin id="133" dir="1" index="2" bw="16" slack="0"/>
</pin_list>
<bind>
<opcode="read(1150) " fcode="read"/>
<opset="data_5_val_read/3 "/>
</bind>
</comp>

<comp id="136" class="1004" name="data_7_val_read_read_fu_136">
<pin_list>
<pin id="137" dir="0" index="0" bw="16" slack="0"/>
<pin id="138" dir="0" index="1" bw="16" slack="0"/>
<pin id="139" dir="1" index="2" bw="16" slack="0"/>
</pin_list>
<bind>
<opcode="read(1150) " fcode="read"/>
<opset="data_7_val_read/4 "/>
</bind>
</comp>

<comp id="142" class="1004" name="grp_fu_142">
<pin_list>
<pin id="218" dir="0" index="0" bw="16" slack="0"/>
<pin id="219" dir="0" index="1" bw="11" slack="0"/>
<pin id="220" dir="1" index="2" bw="26" slack="0"/>
</pin_list>
<bind>
<opcode="mul(12) " fcode="mul"/>
<opset="mul_ln42_1/1 mul_ln73_3/2 mul_ln73_6/3 mul_ln73_8/4 "/>
</bind>
</comp>

<comp id="143" class="1004" name="grp_fu_143">
<pin_list>
<pin id="210" dir="0" index="0" bw="16" slack="0"/>
<pin id="211" dir="0" index="1" bw="10" slack="0"/>
<pin id="212" dir="1" index="2" bw="26" slack="0"/>
</pin_list>
<bind>
<opcode="mul(12) " fcode="mul"/>
<opset="mul_ln73/1 mul_ln73_1/2 mul_ln73_4/3 "/>
</bind>
</comp>

<comp id="144" class="1004" name="grp_fu_144">
<pin_list>
<pin id="222" dir="0" index="0" bw="16" slack="0"/>
<pin id="223" dir="0" index="1" bw="11" slack="0"/>
<pin id="224" dir="1" index="2" bw="26" slack="0"/>
</pin_list>
<bind>
<opcode="mul(12) " fcode="mul"/>
<opset="mul_ln42_2/1 mul_ln42_3/2 mul_ln73_7/3 "/>
</bind>
</comp>

<comp id="145" class="1004" name="grp_fu_145">
<pin_list>
<pin id="214" dir="0" index="0" bw="16" slack="0"/>
<pin id="215" dir="0" index="1" bw="11" slack="0"/>
<pin id="216" dir="1" index="2" bw="26" slack="0"/>
</pin_list>
<bind>
<opcode="mul(12) " fcode="mul"/>
<opset="mul_ln42/1 mul_ln73_2/2 mul_ln73_5/3 mul_ln73_9/4 "/>
</bind>
</comp>

<comp id="319" class="1004" name="grp_fu_319">
<pin_list>
<pin id="320" dir="0" index="0" bw="16" slack="0"/>
<pin id="321" dir="0" index="1" bw="26" slack="0"/>
<pin id="322" dir="0" index="2" bw="5" slack="0"/>
<pin id="323" dir="0" index="3" bw="6" slack="0"/>
<pin id="324" dir="1" index="4" bw="16" slack="0"/>
</pin_list>
<bind>
<opcode="partselect(1002) " fcode="partselect"/>
<opset="trunc_ln42_1/1 trunc_ln42_5/2 trunc_ln42_9/3 trunc_ln42_14/4 "/>
</bind>
</comp>

<comp id="329" class="1004" name="grp_fu_329">
<pin_list>
<pin id="330" dir="0" index="0" bw="16" slack="0"/>
<pin id="331" dir="0" index="1" bw="26" slack="0"/>
<pin id="332" dir="0" index="2" bw="5" slack="0"/>
<pin id="333" dir="0" index="3" bw="6" slack="0"/>
<pin id="334" dir="1" index="4" bw="16" slack="0"/>
</pin_list>
<bind>
<opcode="partselect(1002) " fcode="partselect"/>
<opset="trunc_ln42_2/1 trunc_ln42_10/3 trunc_ln42_13/4 "/>
</bind>
</comp>

<comp id="339" class="1004" name="grp_fu_339">
<pin_list>
<pin id="340" dir="0" index="0" bw="16" slack="0"/>
<pin id="341" dir="0" index="1" bw="26" slack="0"/>
<pin id="342" dir="0" index="2" bw="5" slack="0"/>
<pin id="343" dir="0" index="3" bw="6" slack="0"/>
<pin id="344" dir="1" index="4" bw="16" slack="0"/>
</pin_list>
<bind>
<opcode="partselect(1002) " fcode="partselect"/>
<opset="trunc_ln42_3/1 trunc_ln42_8/2 trunc_ln42_11/3 "/>
</bind>
</comp>

<comp id="349" class="1004" name="grp_fu_349">
<pin_list>
<pin id="350" dir="0" index="0" bw="15" slack="0"/>
<pin id="351" dir="0" index="1" bw="25" slack="0"/>
<pin id="352" dir="0" index="2" bw="5" slack="0"/>
<pin id="353" dir="0" index="3" bw="6" slack="0"/>
<pin id="354" dir="1" index="4" bw="15" slack="0"/>
</pin_list>
<bind>
<opcode="partselect(1002) " fcode="partselect"/>
<opset="trunc_ln42_s/2 trunc_ln42_7/3 "/>
</bind>
</comp>

<comp id="359" class="1004" name="sext_ln42_fu_359">
<pin_list>
<pin id="360" dir="0" index="0" bw="16" slack="0"/>
<pin id="361" dir="1" index="1" bw="26" slack="0"/>
</pin_list>
<bind>
<opcode="sext(35) " fcode="sext"/>
<opset="sext_ln42/1 "/>
</bind>
</comp>

<comp id="365" class="1004" name="trunc_ln_fu_365">
<pin_list>
<pin id="366" dir="0" index="0" bw="16" slack="0"/>
<pin id="367" dir="0" index="1" bw="26" slack="0"/>
<pin id="368" dir="0" index="2" bw="5" slack="0"/>
<pin id="369" dir="0" index="3" bw="6" slack="0"/>
<pin id="370" dir="1" index="4" bw="16" slack="0"/>
</pin_list>
<bind>
<opcode="partselect(1002) " fcode="partselect"/>
<opset="trunc_ln/1 "/>
</bind>
</comp>

<comp id="375" class="1004" name="sext_ln73_fu_375">
<pin_list>
<pin id="376" dir="0" index="0" bw="16" slack="0"/>
<pin id="377" dir="1" index="1" bw="26" slack="0"/>
</pin_list>
<bind>
<opcode="sext(35) " fcode="sext"/>
<opset="sext_ln73/1 "/>
</bind>
</comp>

<comp id="381" class="1004" name="add_ln58_fu_381">
<pin_list>
<pin id="382" dir="0" index="0" bw="16" slack="0"/>
<pin id="383" dir="0" index="1" bw="16" slack="0"/>
<pin id="384" dir="1" index="2" bw="16" slack="3"/>
</pin_list>
<bind>
<opcode="add(8) " fcode="add"/>
<opset="add_ln58/1 "/>
</bind>
</comp>

<comp id="387" class="1004" name="add_ln58_8_fu_387">
<pin_list>
<pin id="388" dir="0" index="0" bw="16" slack="0"/>
<pin id="389" dir="0" index="1" bw="16" slack="0"/>
<pin id="390" dir="1" index="2" bw="16" slack="3"/>
</pin_list>
<bind>
<opcode="add(8) " fcode="add"/>
<opset="add_ln58_8/1 "/>
</bind>
</comp>

<comp id="393" class="1004" name="sext_ln70_fu_393">
<pin_list>
<pin id="394" dir="0" index="0" bw="16" slack="0"/>
<pin id="395" dir="1" index="1" bw="26" slack="0"/>
</pin_list>
<bind>
<opcode="sext(35) " fcode="sext"/>
<opset="sext_ln70/2 "/>
</bind>
</comp>

<comp id="398" class="1004" name="sext_ln70_1_fu_398">
<pin_list>
<pin id="399" dir="0" index="0" bw="16" slack="0"/>
<pin id="400" dir="1" index="1" bw="25" slack="0"/>
</pin_list>
<bind>
<opcode="sext(35) " fcode="sext"/>
<opset="sext_ln70_1/2 "/>
</bind>
</comp>

<comp id="403" class="1004" name="sext_ln42_1_fu_403">
<pin_list>
<pin id="404" dir="0" index="0" bw="15" slack="0"/>
<pin id="405" dir="1" index="1" bw="16" slack="0"/>
</pin_list>
<bind>
<opcode="sext(35) " fcode="sext"/>
<opset="sext_ln42_1/2 "/>
</bind>
</comp>

<comp id="407" class="1004" name="sext_ln70_2_fu_407">
<pin_list>
<pin id="408" dir="0" index="0" bw="16" slack="0"/>
<pin id="409" dir="1" index="1" bw="24" slack="0"/>
</pin_list>
<bind>
<opcode="sext(35) " fcode="sext"/>
<opset="sext_ln70_2/2 "/>
</bind>
</comp>

<comp id="411" class="1004" name="sext_ln70_3_fu_411">
<pin_list>
<pin id="412" dir="0" index="0" bw="16" slack="0"/>
<pin id="413" dir="1" index="1" bw="25" slack="0"/>
</pin_list>
<bind>
<opcode="sext(35) " fcode="sext"/>
<opset="sext_ln70_3/2 "/>
</bind>
</comp>

<comp id="416" class="1004" name="trunc_ln42_4_fu_416">
<pin_list>
<pin id="417" dir="0" index="0" bw="15" slack="0"/>
<pin id="418" dir="0" index="1" bw="25" slack="0"/>
<pin id="419" dir="0" index="2" bw="5" slack="0"/>
<pin id="420" dir="0" index="3" bw="6" slack="0"/>
<pin id="421" dir="1" index="4" bw="15" slack="0"/>
</pin_list>
<bind>
<opcode="partselect(1002) " fcode="partselect"/>
<opset="trunc_ln42_4/2 "/>
</bind>
</comp>

<comp id="426" class="1004" name="sext_ln42_2_fu_426">
<pin_list>
<pin id="427" dir="0" index="0" bw="15" slack="0"/>
<pin id="428" dir="1" index="1" bw="16" slack="0"/>
</pin_list>
<bind>
<opcode="sext(35) " fcode="sext"/>
<opset="sext_ln42_2/2 "/>
</bind>
</comp>

<comp id="430" class="1004" name="shl_ln_fu_430">
<pin_list>
<pin id="431" dir="0" index="0" bw="23" slack="0"/>
<pin id="432" dir="0" index="1" bw="16" slack="0"/>
<pin id="433" dir="0" index="2" bw="1" slack="0"/>
<pin id="434" dir="1" index="3" bw="23" slack="0"/>
</pin_list>
<bind>
<opcode="bitconcatenate(1004) " fcode="bitconcatenate"/>
<opset="shl_ln/2 "/>
</bind>
</comp>

<comp id="438" class="1004" name="sext_ln73_1_fu_438">
<pin_list>
<pin id="439" dir="0" index="0" bw="23" slack="0"/>
<pin id="440" dir="1" index="1" bw="24" slack="0"/>
</pin_list>
<bind>
<opcode="sext(35) " fcode="sext"/>
<opset="sext_ln73_1/2 "/>
</bind>
</comp>

<comp id="442" class="1004" name="add_ln73_fu_442">
<pin_list>
<pin id="443" dir="0" index="0" bw="23" slack="0"/>
<pin id="444" dir="0" index="1" bw="16" slack="0"/>
<pin id="445" dir="1" index="2" bw="24" slack="0"/>
</pin_list>
<bind>
<opcode="add(8) " fcode="add"/>
<opset="add_ln73/2 "/>
</bind>
</comp>

<comp id="448" class="1004" name="trunc_ln42_6_fu_448">
<pin_list>
<pin id="449" dir="0" index="0" bw="14" slack="0"/>
<pin id="450" dir="0" index="1" bw="24" slack="0"/>
<pin id="451" dir="0" index="2" bw="5" slack="0"/>
<pin id="452" dir="0" index="3" bw="6" slack="0"/>
<pin id="453" dir="1" index="4" bw="14" slack="0"/>
</pin_list>
<bind>
<opcode="partselect(1002) " fcode="partselect"/>
<opset="trunc_ln42_6/2 "/>
</bind>
</comp>

<comp id="458" class="1004" name="sext_ln42_3_fu_458">
<pin_list>
<pin id="459" dir="0" index="0" bw="14" slack="0"/>
<pin id="460" dir="1" index="1" bw="16" slack="0"/>
</pin_list>
<bind>
<opcode="sext(35) " fcode="sext"/>
<opset="sext_ln42_3/2 "/>
</bind>
</comp>

<comp id="462" class="1004" name="sext_ln42_4_fu_462">
<pin_list>
<pin id="463" dir="0" index="0" bw="16" slack="0"/>
<pin id="464" dir="1" index="1" bw="26" slack="0"/>
</pin_list>
<bind>
<opcode="sext(35) " fcode="sext"/>
<opset="sext_ln42_4/2 "/>
</bind>
</comp>

<comp id="467" class="1004" name="add_ln58_1_fu_467">
<pin_list>
<pin id="468" dir="0" index="0" bw="15" slack="0"/>
<pin id="469" dir="0" index="1" bw="15" slack="0"/>
<pin id="470" dir="1" index="2" bw="16" slack="2"/>
</pin_list>
<bind>
<opcode="add(8) " fcode="add"/>
<opset="add_ln58_1/2 "/>
</bind>
</comp>

<comp id="473" class="1004" name="add_ln58_9_fu_473">
<pin_list>
<pin id="474" dir="0" index="0" bw="16" slack="0"/>
<pin id="475" dir="0" index="1" bw="14" slack="0"/>
<pin id="476" dir="1" index="2" bw="16" slack="2"/>
</pin_list>
<bind>
<opcode="add(8) " fcode="add"/>
<opset="add_ln58_9/2 "/>
</bind>
</comp>

<comp id="479" class="1004" name="sext_ln70_4_fu_479">
<pin_list>
<pin id="480" dir="0" index="0" bw="16" slack="1"/>
<pin id="481" dir="1" index="1" bw="25" slack="0"/>
</pin_list>
<bind>
<opcode="sext(35) " fcode="sext"/>
<opset="sext_ln70_4/3 "/>
</bind>
</comp>

<comp id="483" class="1004" name="sext_ln70_5_fu_483">
<pin_list>
<pin id="484" dir="0" index="0" bw="16" slack="0"/>
<pin id="485" dir="1" index="1" bw="26" slack="0"/>
</pin_list>
<bind>
<opcode="sext(35) " fcode="sext"/>
<opset="sext_ln70_5/3 "/>
</bind>
</comp>

<comp id="489" class="1004" name="sext_ln70_6_fu_489">
<pin_list>
<pin id="490" dir="0" index="0" bw="16" slack="0"/>
<pin id="491" dir="1" index="1" bw="26" slack="0"/>
</pin_list>
<bind>
<opcode="sext(35) " fcode="sext"/>
<opset="sext_ln70_6/3 "/>
</bind>
</comp>

<comp id="494" class="1004" name="shl_ln73_1_fu_494">
<pin_list>
<pin id="495" dir="0" index="0" bw="22" slack="0"/>
<pin id="496" dir="0" index="1" bw="16" slack="0"/>
<pin id="497" dir="0" index="2" bw="1" slack="0"/>
<pin id="498" dir="1" index="3" bw="22" slack="0"/>
</pin_list>
<bind>
<opcode="bitconcatenate(1004) " fcode="bitconcatenate"/>
<opset="shl_ln73_1/3 "/>
</bind>
</comp>

<comp id="502" class="1004" name="sext_ln73_2_fu_502">
<pin_list>
<pin id="503" dir="0" index="0" bw="22" slack="0"/>
<pin id="504" dir="1" index="1" bw="23" slack="0"/>
</pin_list>
<bind>
<opcode="sext(35) " fcode="sext"/>
<opset="sext_ln73_2/3 "/>
</bind>
</comp>

<comp id="506" class="1004" name="sub_ln73_fu_506">
<pin_list>
<pin id="507" dir="0" index="0" bw="1" slack="0"/>
<pin id="508" dir="0" index="1" bw="22" slack="0"/>
<pin id="509" dir="1" index="2" bw="23" slack="0"/>
</pin_list>
<bind>
<opcode="sub(10) " fcode="sub"/>
<opset="sub_ln73/3 "/>
</bind>
</comp>

<comp id="512" class="1004" name="trunc_ln42_12_fu_512">
<pin_list>
<pin id="513" dir="0" index="0" bw="13" slack="0"/>
<pin id="514" dir="0" index="1" bw="23" slack="0"/>
<pin id="515" dir="0" index="2" bw="5" slack="0"/>
<pin id="516" dir="0" index="3" bw="6" slack="0"/>
<pin id="517" dir="1" index="4" bw="13" slack="1"/>
</pin_list>
<bind>
<opcode="partselect(1002) " fcode="partselect"/>
<opset="trunc_ln42_12/3 "/>
</bind>
</comp>

<comp id="522" class="1004" name="sext_ln42_5_fu_522">
<pin_list>
<pin id="523" dir="0" index="0" bw="15" slack="1"/>
<pin id="524" dir="1" index="1" bw="16" slack="0"/>
</pin_list>
<bind>
<opcode="sext(35) " fcode="sext"/>
<opset="sext_ln42_5/4 "/>
</bind>
</comp>

<comp id="525" class="1004" name="sext_ln42_6_fu_525">
<pin_list>
<pin id="526" dir="0" index="0" bw="13" slack="1"/>
<pin id="527" dir="1" index="1" bw="16" slack="0"/>
</pin_list>
<bind>
<opcode="sext(35) " fcode="sext"/>
<opset="sext_ln42_6/4 "/>
</bind>
</comp>

<comp id="528" class="1004" name="sext_ln70_7_fu_528">
<pin_list>
<pin id="529" dir="0" index="0" bw="16" slack="0"/>
<pin id="530" dir="1" index="1" bw="26" slack="0"/>
</pin_list>
<bind>
<opcode="sext(35) " fcode="sext"/>
<opset="sext_ln70_7/4 "/>
</bind>
</comp>

<comp id="534" class="1004" name="add_ln58_2_fu_534">
<pin_list>
<pin id="535" dir="0" index="0" bw="16" slack="2"/>
<pin id="536" dir="0" index="1" bw="16" slack="3"/>
<pin id="537" dir="1" index="2" bw="16" slack="0"/>
</pin_list>
<bind>
<opcode="add(8) " fcode="add"/>
<opset="add_ln58_2/4 "/>
</bind>
</comp>

<comp id="538" class="1004" name="add_ln58_3_fu_538">
<pin_list>
<pin id="539" dir="0" index="0" bw="16" slack="2"/>
<pin id="540" dir="0" index="1" bw="16" slack="1"/>
<pin id="541" dir="1" index="2" bw="16" slack="0"/>
</pin_list>
<bind>
<opcode="add(8) " fcode="add"/>
<opset="add_ln58_3/4 "/>
</bind>
</comp>

<comp id="542" class="1004" name="add_ln58_4_fu_542">
<pin_list>
<pin id="543" dir="0" index="0" bw="16" slack="0"/>
<pin id="544" dir="0" index="1" bw="3" slack="0"/>
<pin id="545" dir="1" index="2" bw="16" slack="0"/>
</pin_list>
<bind>
<opcode="add(8) " fcode="add"/>
<opset="add_ln58_4/4 "/>
</bind>
</comp>

<comp id="548" class="1004" name="add_ln58_5_fu_548">
<pin_list>
<pin id="549" dir="0" index="0" bw="16" slack="0"/>
<pin id="550" dir="0" index="1" bw="16" slack="1"/>
<pin id="551" dir="1" index="2" bw="16" slack="0"/>
</pin_list>
<bind>
<opcode="add(8) " fcode="add"/>
<opset="add_ln58_5/4 "/>
</bind>
</comp>

<comp id="553" class="1004" name="add_ln58_6_fu_553">
<pin_list>
<pin id="554" dir="0" index="0" bw="16" slack="0"/>
<pin id="555" dir="0" index="1" bw="16" slack="0"/>
<pin id="556" dir="1" index="2" bw="16" slack="0"/>
</pin_list>
<bind>
<opcode="add(8) " fcode="add"/>
<opset="add_ln58_6/4 "/>
</bind>
</comp>

<comp id="559" class="1004" name="add_ln58_7_fu_559">
<pin_list>
<pin id="560" dir="0" index="0" bw="16" slack="0"/>
<pin id="561" dir="0" index="1" bw="16" slack="0"/>
<pin id="562" dir="1" index="2" bw="16" slack="0"/>
</pin_list>
<bind>
<opcode="add(8) " fcode="add"/>
<opset="add_ln58_7/4 "/>
</bind>
</comp>

<comp id="565" class="1004" name="add_ln58_10_fu_565">
<pin_list>
<pin id="566" dir="0" index="0" bw="16" slack="2"/>
<pin id="567" dir="0" index="1" bw="16" slack="3"/>
<pin id="568" dir="1" index="2" bw="16" slack="0"/>
</pin_list>
<bind>
<opcode="add(8) " fcode="add"/>
<opset="add_ln58_10/4 "/>
</bind>
</comp>

<comp id="569" class="1004" name="add_ln58_11_fu_569">
<pin_list>
<pin id="570" dir="0" index="0" bw="15" slack="0"/>
<pin id="571" dir="0" index="1" bw="16" slack="1"/>
<pin id="572" dir="1" index="2" bw="16" slack="0"/>
</pin_list>
<bind>
<opcode="add(8) " fcode="add"/>
<opset="add_ln58_11/4 "/>
</bind>
</comp>

<comp id="574" class="1004" name="add_ln58_12_fu_574">
<pin_list>
<pin id="575" dir="0" index="0" bw="16" slack="0"/>
<pin id="576" dir="0" index="1" bw="3" slack="0"/>
<pin id="577" dir="1" index="2" bw="16" slack="0"/>
</pin_list>
<bind>
<opcode="add(8) " fcode="add"/>
<opset="add_ln58_12/4 "/>
</bind>
</comp>

<comp id="580" class="1004" name="add_ln58_13_fu_580">
<pin_list>
<pin id="581" dir="0" index="0" bw="16" slack="0"/>
<pin id="582" dir="0" index="1" bw="13" slack="0"/>
<pin id="583" dir="1" index="2" bw="16" slack="0"/>
</pin_list>
<bind>
<opcode="add(8) " fcode="add"/>
<opset="add_ln58_13/4 "/>
</bind>
</comp>

<comp id="586" class="1004" name="add_ln58_14_fu_586">
<pin_list>
<pin id="587" dir="0" index="0" bw="16" slack="0"/>
<pin id="588" dir="0" index="1" bw="16" slack="0"/>
<pin id="589" dir="1" index="2" bw="16" slack="0"/>
</pin_list>
<bind>
<opcode="add(8) " fcode="add"/>
<opset="add_ln58_14/4 "/>
</bind>
</comp>

<comp id="592" class="1004" name="add_ln58_15_fu_592">
<pin_list>
<pin id="593" dir="0" index="0" bw="16" slack="0"/>
<pin id="594" dir="0" index="1" bw="16" slack="0"/>
<pin id="595" dir="1" index="2" bw="16" slack="0"/>
</pin_list>
<bind>
<opcode="add(8) " fcode="add"/>
<opset="add_ln58_15/4 "/>
</bind>
</comp>

<comp id="598" class="1004" name="mrv_fu_598">
<pin_list>
<pin id="599" dir="0" index="0" bw="32" slack="0"/>
<pin id="600" dir="0" index="1" bw="16" slack="0"/>
<pin id="601" dir="1" index="2" bw="32" slack="0"/>
</pin_list>
<bind>
<opcode="insertvalue(57) " fcode="insertvalue"/>
<opset="mrv/4 "/>
</bind>
</comp>

<comp id="604" class="1004" name="mrv_1_fu_604">
<pin_list>
<pin id="605" dir="0" index="0" bw="32" slack="0"/>
<pin id="606" dir="0" index="1" bw="16" slack="0"/>
<pin id="607" dir="1" index="2" bw="32" slack="2147483647"/>
</pin_list>
<bind>
<opcode="insertvalue(57) " fcode="insertvalue"/>
<opset="mrv_1/4 "/>
</bind>
</comp>

<comp id="610" class="1005" name="add_ln58_reg_610">
<pin_list>
<pin id="611" dir="0" index="0" bw="16" slack="3"/>
<pin id="612" dir="1" index="1" bw="16" slack="3"/>
</pin_list>
<bind>
<opset="add_ln58 "/>
</bind>
</comp>

<comp id="615" class="1005" name="add_ln58_8_reg_615">
<pin_list>
<pin id="616" dir="0" index="0" bw="16" slack="3"/>
<pin id="617" dir="1" index="1" bw="16" slack="3"/>
</pin_list>
<bind>
<opset="add_ln58_8 "/>
</bind>
</comp>

<comp id="620" class="1005" name="data_4_val_read_reg_620">
<pin_list>
<pin id="621" dir="0" index="0" bw="16" slack="1"/>
<pin id="622" dir="1" index="1" bw="16" slack="1"/>
</pin_list>
<bind>
<opset="data_4_val_read "/>
</bind>
</comp>

<comp id="625" class="1005" name="trunc_ln42_8_reg_625">
<pin_list>
<pin id="626" dir="0" index="0" bw="16" slack="2"/>
<pin id="627" dir="1" index="1" bw="16" slack="2"/>
</pin_list>
<bind>
<opset="trunc_ln42_8 "/>
</bind>
</comp>

<comp id="630" class="1005" name="add_ln58_1_reg_630">
<pin_list>
<pin id="631" dir="0" index="0" bw="16" slack="2"/>
<pin id="632" dir="1" index="1" bw="16" slack="2"/>
</pin_list>
<bind>
<opset="add_ln58_1 "/>
</bind>
</comp>

<comp id="635" class="1005" name="add_ln58_9_reg_635">
<pin_list>
<pin id="636" dir="0" index="0" bw="16" slack="2"/>
<pin id="637" dir="1" index="1" bw="16" slack="2"/>
</pin_list>
<bind>
<opset="add_ln58_9 "/>
</bind>
</comp>

<comp id="640" class="1005" name="trunc_ln42_7_reg_640">
<pin_list>
<pin id="641" dir="0" index="0" bw="15" slack="1"/>
<pin id="642" dir="1" index="1" bw="15" slack="1"/>
</pin_list>
<bind>
<opset="trunc_ln42_7 "/>
</bind>
</comp>

<comp id="645" class="1005" name="trunc_ln42_9_reg_645">
<pin_list>
<pin id="646" dir="0" index="0" bw="16" slack="1"/>
<pin id="647" dir="1" index="1" bw="16" slack="1"/>
</pin_list>
<bind>
<opset="trunc_ln42_9 "/>
</bind>
</comp>

<comp id="650" class="1005" name="trunc_ln42_10_reg_650">
<pin_list>
<pin id="651" dir="0" index="0" bw="16" slack="1"/>
<pin id="652" dir="1" index="1" bw="16" slack="1"/>
</pin_list>
<bind>
<opset="trunc_ln42_10 "/>
</bind>
</comp>

<comp id="655" class="1005" name="trunc_ln42_11_reg_655">
<pin_list>
<pin id="656" dir="0" index="0" bw="16" slack="1"/>
<pin id="657" dir="1" index="1" bw="16" slack="1"/>
</pin_list>
<bind>
<opset="trunc_ln42_11 "/>
</bind>
</comp>

<comp id="660" class="1005" name="trunc_ln42_12_reg_660">
<pin_list>
<pin id="661" dir="0" index="0" bw="13" slack="1"/>
<pin id="662" dir="1" index="1" bw="13" slack="1"/>
</pin_list>
<bind>
<opset="trunc_ln42_12 "/>
</bind>
</comp>

</comp_list>

<net_list>
<net id="98"><net_src comp="16" pin="0"/><net_sink comp="94" pin=0"/></net>

<net id="99"><net_src comp="2" pin="0"/><net_sink comp="94" pin=1"/></net>

<net id="104"><net_src comp="16" pin="0"/><net_sink comp="100" pin=0"/></net>

<net id="105"><net_src comp="0" pin="0"/><net_sink comp="100" pin=1"/></net>

<net id="110"><net_src comp="16" pin="0"/><net_sink comp="106" pin=0"/></net>

<net id="111"><net_src comp="8" pin="0"/><net_sink comp="106" pin=1"/></net>

<net id="116"><net_src comp="16" pin="0"/><net_sink comp="112" pin=0"/></net>

<net id="117"><net_src comp="6" pin="0"/><net_sink comp="112" pin=1"/></net>

<net id="122"><net_src comp="16" pin="0"/><net_sink comp="118" pin=0"/></net>

<net id="123"><net_src comp="4" pin="0"/><net_sink comp="118" pin=1"/></net>

<net id="128"><net_src comp="16" pin="0"/><net_sink comp="124" pin=0"/></net>

<net id="129"><net_src comp="12" pin="0"/><net_sink comp="124" pin=1"/></net>

<net id="134"><net_src comp="16" pin="0"/><net_sink comp="130" pin=0"/></net>

<net id="135"><net_src comp="10" pin="0"/><net_sink comp="130" pin=1"/></net>

<net id="140"><net_src comp="16" pin="0"/><net_sink comp="136" pin=0"/></net>

<net id="141"><net_src comp="14" pin="0"/><net_sink comp="136" pin=1"/></net>

<net id="213"><net_src comp="18" pin="0"/><net_sink comp="143" pin=1"/></net>

<net id="217"><net_src comp="26" pin="0"/><net_sink comp="145" pin=1"/></net>

<net id="221"><net_src comp="28" pin="0"/><net_sink comp="142" pin=1"/></net>

<net id="225"><net_src comp="30" pin="0"/><net_sink comp="144" pin=1"/></net>

<net id="254"><net_src comp="32" pin="0"/><net_sink comp="143" pin=1"/></net>

<net id="255"><net_src comp="38" pin="0"/><net_sink comp="145" pin=1"/></net>

<net id="256"><net_src comp="40" pin="0"/><net_sink comp="142" pin=1"/></net>

<net id="257"><net_src comp="50" pin="0"/><net_sink comp="144" pin=1"/></net>

<net id="286"><net_src comp="52" pin="0"/><net_sink comp="143" pin=1"/></net>

<net id="287"><net_src comp="54" pin="0"/><net_sink comp="145" pin=1"/></net>

<net id="288"><net_src comp="56" pin="0"/><net_sink comp="142" pin=1"/></net>

<net id="289"><net_src comp="58" pin="0"/><net_sink comp="144" pin=1"/></net>

<net id="310"><net_src comp="84" pin="0"/><net_sink comp="142" pin=1"/></net>

<net id="311"><net_src comp="86" pin="0"/><net_sink comp="145" pin=1"/></net>

<net id="325"><net_src comp="20" pin="0"/><net_sink comp="319" pin=0"/></net>

<net id="326"><net_src comp="145" pin="2"/><net_sink comp="319" pin=1"/></net>

<net id="327"><net_src comp="22" pin="0"/><net_sink comp="319" pin=2"/></net>

<net id="328"><net_src comp="24" pin="0"/><net_sink comp="319" pin=3"/></net>

<net id="335"><net_src comp="20" pin="0"/><net_sink comp="329" pin=0"/></net>

<net id="336"><net_src comp="142" pin="2"/><net_sink comp="329" pin=1"/></net>

<net id="337"><net_src comp="22" pin="0"/><net_sink comp="329" pin=2"/></net>

<net id="338"><net_src comp="24" pin="0"/><net_sink comp="329" pin=3"/></net>

<net id="345"><net_src comp="20" pin="0"/><net_sink comp="339" pin=0"/></net>

<net id="346"><net_src comp="144" pin="2"/><net_sink comp="339" pin=1"/></net>

<net id="347"><net_src comp="22" pin="0"/><net_sink comp="339" pin=2"/></net>

<net id="348"><net_src comp="24" pin="0"/><net_sink comp="339" pin=3"/></net>

<net id="355"><net_src comp="34" pin="0"/><net_sink comp="349" pin=0"/></net>

<net id="356"><net_src comp="143" pin="2"/><net_sink comp="349" pin=1"/></net>

<net id="357"><net_src comp="22" pin="0"/><net_sink comp="349" pin=2"/></net>

<net id="358"><net_src comp="36" pin="0"/><net_sink comp="349" pin=3"/></net>

<net id="362"><net_src comp="100" pin="2"/><net_sink comp="359" pin=0"/></net>

<net id="363"><net_src comp="359" pin="1"/><net_sink comp="143" pin=0"/></net>

<net id="364"><net_src comp="359" pin="1"/><net_sink comp="145" pin=0"/></net>

<net id="371"><net_src comp="20" pin="0"/><net_sink comp="365" pin=0"/></net>

<net id="372"><net_src comp="143" pin="2"/><net_sink comp="365" pin=1"/></net>

<net id="373"><net_src comp="22" pin="0"/><net_sink comp="365" pin=2"/></net>

<net id="374"><net_src comp="24" pin="0"/><net_sink comp="365" pin=3"/></net>

<net id="378"><net_src comp="94" pin="2"/><net_sink comp="375" pin=0"/></net>

<net id="379"><net_src comp="375" pin="1"/><net_sink comp="142" pin=0"/></net>

<net id="380"><net_src comp="375" pin="1"/><net_sink comp="144" pin=0"/></net>

<net id="385"><net_src comp="365" pin="4"/><net_sink comp="381" pin=0"/></net>

<net id="386"><net_src comp="329" pin="4"/><net_sink comp="381" pin=1"/></net>

<net id="391"><net_src comp="319" pin="4"/><net_sink comp="387" pin=0"/></net>

<net id="392"><net_src comp="339" pin="4"/><net_sink comp="387" pin=1"/></net>

<net id="396"><net_src comp="118" pin="2"/><net_sink comp="393" pin=0"/></net>

<net id="397"><net_src comp="393" pin="1"/><net_sink comp="145" pin=0"/></net>

<net id="401"><net_src comp="118" pin="2"/><net_sink comp="398" pin=0"/></net>

<net id="402"><net_src comp="398" pin="1"/><net_sink comp="143" pin=0"/></net>

<net id="406"><net_src comp="349" pin="4"/><net_sink comp="403" pin=0"/></net>

<net id="410"><net_src comp="112" pin="2"/><net_sink comp="407" pin=0"/></net>

<net id="414"><net_src comp="112" pin="2"/><net_sink comp="411" pin=0"/></net>

<net id="415"><net_src comp="411" pin="1"/><net_sink comp="142" pin=0"/></net>

<net id="422"><net_src comp="34" pin="0"/><net_sink comp="416" pin=0"/></net>

<net id="423"><net_src comp="142" pin="2"/><net_sink comp="416" pin=1"/></net>

<net id="424"><net_src comp="22" pin="0"/><net_sink comp="416" pin=2"/></net>

<net id="425"><net_src comp="36" pin="0"/><net_sink comp="416" pin=3"/></net>

<net id="429"><net_src comp="416" pin="4"/><net_sink comp="426" pin=0"/></net>

<net id="435"><net_src comp="42" pin="0"/><net_sink comp="430" pin=0"/></net>

<net id="436"><net_src comp="112" pin="2"/><net_sink comp="430" pin=1"/></net>

<net id="437"><net_src comp="44" pin="0"/><net_sink comp="430" pin=2"/></net>

<net id="441"><net_src comp="430" pin="3"/><net_sink comp="438" pin=0"/></net>

<net id="446"><net_src comp="438" pin="1"/><net_sink comp="442" pin=0"/></net>

<net id="447"><net_src comp="407" pin="1"/><net_sink comp="442" pin=1"/></net>

<net id="454"><net_src comp="46" pin="0"/><net_sink comp="448" pin=0"/></net>

<net id="455"><net_src comp="442" pin="2"/><net_sink comp="448" pin=1"/></net>

<net id="456"><net_src comp="22" pin="0"/><net_sink comp="448" pin=2"/></net>

<net id="457"><net_src comp="48" pin="0"/><net_sink comp="448" pin=3"/></net>

<net id="461"><net_src comp="448" pin="4"/><net_sink comp="458" pin=0"/></net>

<net id="465"><net_src comp="106" pin="2"/><net_sink comp="462" pin=0"/></net>

<net id="466"><net_src comp="462" pin="1"/><net_sink comp="144" pin=0"/></net>

<net id="471"><net_src comp="403" pin="1"/><net_sink comp="467" pin=0"/></net>

<net id="472"><net_src comp="426" pin="1"/><net_sink comp="467" pin=1"/></net>

<net id="477"><net_src comp="319" pin="4"/><net_sink comp="473" pin=0"/></net>

<net id="478"><net_src comp="458" pin="1"/><net_sink comp="473" pin=1"/></net>

<net id="482"><net_src comp="479" pin="1"/><net_sink comp="143" pin=0"/></net>

<net id="486"><net_src comp="130" pin="2"/><net_sink comp="483" pin=0"/></net>

<net id="487"><net_src comp="483" pin="1"/><net_sink comp="145" pin=0"/></net>

<net id="488"><net_src comp="483" pin="1"/><net_sink comp="142" pin=0"/></net>

<net id="492"><net_src comp="124" pin="2"/><net_sink comp="489" pin=0"/></net>

<net id="493"><net_src comp="489" pin="1"/><net_sink comp="144" pin=0"/></net>

<net id="499"><net_src comp="60" pin="0"/><net_sink comp="494" pin=0"/></net>

<net id="500"><net_src comp="124" pin="2"/><net_sink comp="494" pin=1"/></net>

<net id="501"><net_src comp="62" pin="0"/><net_sink comp="494" pin=2"/></net>

<net id="505"><net_src comp="494" pin="3"/><net_sink comp="502" pin=0"/></net>

<net id="510"><net_src comp="64" pin="0"/><net_sink comp="506" pin=0"/></net>

<net id="511"><net_src comp="502" pin="1"/><net_sink comp="506" pin=1"/></net>

<net id="518"><net_src comp="66" pin="0"/><net_sink comp="512" pin=0"/></net>

<net id="519"><net_src comp="506" pin="2"/><net_sink comp="512" pin=1"/></net>

<net id="520"><net_src comp="22" pin="0"/><net_sink comp="512" pin=2"/></net>

<net id="521"><net_src comp="68" pin="0"/><net_sink comp="512" pin=3"/></net>

<net id="531"><net_src comp="136" pin="2"/><net_sink comp="528" pin=0"/></net>

<net id="532"><net_src comp="528" pin="1"/><net_sink comp="142" pin=0"/></net>

<net id="533"><net_src comp="528" pin="1"/><net_sink comp="145" pin=0"/></net>

<net id="546"><net_src comp="329" pin="4"/><net_sink comp="542" pin=0"/></net>

<net id="547"><net_src comp="88" pin="0"/><net_sink comp="542" pin=1"/></net>

<net id="552"><net_src comp="542" pin="2"/><net_sink comp="548" pin=0"/></net>

<net id="557"><net_src comp="548" pin="2"/><net_sink comp="553" pin=0"/></net>

<net id="558"><net_src comp="538" pin="2"/><net_sink comp="553" pin=1"/></net>

<net id="563"><net_src comp="553" pin="2"/><net_sink comp="559" pin=0"/></net>

<net id="564"><net_src comp="534" pin="2"/><net_sink comp="559" pin=1"/></net>

<net id="573"><net_src comp="522" pin="1"/><net_sink comp="569" pin=0"/></net>

<net id="578"><net_src comp="319" pin="4"/><net_sink comp="574" pin=0"/></net>

<net id="579"><net_src comp="90" pin="0"/><net_sink comp="574" pin=1"/></net>

<net id="584"><net_src comp="574" pin="2"/><net_sink comp="580" pin=0"/></net>

<net id="585"><net_src comp="525" pin="1"/><net_sink comp="580" pin=1"/></net>

<net id="590"><net_src comp="580" pin="2"/><net_sink comp="586" pin=0"/></net>

<net id="591"><net_src comp="569" pin="2"/><net_sink comp="586" pin=1"/></net>

<net id="596"><net_src comp="586" pin="2"/><net_sink comp="592" pin=0"/></net>

<net id="597"><net_src comp="565" pin="2"/><net_sink comp="592" pin=1"/></net>

<net id="602"><net_src comp="92" pin="0"/><net_sink comp="598" pin=0"/></net>

<net id="603"><net_src comp="559" pin="2"/><net_sink comp="598" pin=1"/></net>

<net id="608"><net_src comp="598" pin="2"/><net_sink comp="604" pin=0"/></net>

<net id="609"><net_src comp="592" pin="2"/><net_sink comp="604" pin=1"/></net>

<net id="613"><net_src comp="381" pin="2"/><net_sink comp="610" pin=0"/></net>

<net id="614"><net_src comp="610" pin="1"/><net_sink comp="534" pin=1"/></net>

<net id="618"><net_src comp="387" pin="2"/><net_sink comp="615" pin=0"/></net>

<net id="619"><net_src comp="615" pin="1"/><net_sink comp="565" pin=1"/></net>

<net id="623"><net_src comp="106" pin="2"/><net_sink comp="620" pin=0"/></net>

<net id="624"><net_src comp="620" pin="1"/><net_sink comp="479" pin=0"/></net>

<net id="628"><net_src comp="339" pin="4"/><net_sink comp="625" pin=0"/></net>

<net id="629"><net_src comp="625" pin="1"/><net_sink comp="538" pin=0"/></net>

<net id="633"><net_src comp="467" pin="2"/><net_sink comp="630" pin=0"/></net>

<net id="634"><net_src comp="630" pin="1"/><net_sink comp="534" pin=0"/></net>

<net id="638"><net_src comp="473" pin="2"/><net_sink comp="635" pin=0"/></net>

<net id="639"><net_src comp="635" pin="1"/><net_sink comp="565" pin=0"/></net>

<net id="643"><net_src comp="349" pin="4"/><net_sink comp="640" pin=0"/></net>

<net id="644"><net_src comp="640" pin="1"/><net_sink comp="522" pin=0"/></net>

<net id="648"><net_src comp="319" pin="4"/><net_sink comp="645" pin=0"/></net>

<net id="649"><net_src comp="645" pin="1"/><net_sink comp="538" pin=1"/></net>

<net id="653"><net_src comp="329" pin="4"/><net_sink comp="650" pin=0"/></net>

<net id="654"><net_src comp="650" pin="1"/><net_sink comp="569" pin=1"/></net>

<net id="658"><net_src comp="339" pin="4"/><net_sink comp="655" pin=0"/></net>

<net id="659"><net_src comp="655" pin="1"/><net_sink comp="548" pin=1"/></net>

<net id="663"><net_src comp="512" pin="4"/><net_sink comp="660" pin=0"/></net>

<net id="664"><net_src comp="660" pin="1"/><net_sink comp="525" pin=0"/></net>

</net_list>

</model> 
---------------- Datapath Model END ------------------

* FSMD analyzer results:
  - Output states:
	Port: data_0_val | {}
	Port: data_1_val | {}
	Port: data_2_val | {}
	Port: data_3_val | {}
	Port: data_4_val | {}
	Port: data_5_val | {}
	Port: data_6_val | {}
	Port: data_7_val | {}
 - Input state : 
	Port: dense_latency<ap_fixed<16, 6, 5, 3, 0>, ap_fixed<16, 6, 5, 3, 0>, config8> : data_0_val | {1 }
	Port: dense_latency<ap_fixed<16, 6, 5, 3, 0>, ap_fixed<16, 6, 5, 3, 0>, config8> : data_1_val | {1 }
	Port: dense_latency<ap_fixed<16, 6, 5, 3, 0>, ap_fixed<16, 6, 5, 3, 0>, config8> : data_2_val | {2 }
	Port: dense_latency<ap_fixed<16, 6, 5, 3, 0>, ap_fixed<16, 6, 5, 3, 0>, config8> : data_3_val | {2 }
	Port: dense_latency<ap_fixed<16, 6, 5, 3, 0>, ap_fixed<16, 6, 5, 3, 0>, config8> : data_4_val | {2 }
	Port: dense_latency<ap_fixed<16, 6, 5, 3, 0>, ap_fixed<16, 6, 5, 3, 0>, config8> : data_5_val | {3 }
	Port: dense_latency<ap_fixed<16, 6, 5, 3, 0>, ap_fixed<16, 6, 5, 3, 0>, config8> : data_6_val | {3 }
	Port: dense_latency<ap_fixed<16, 6, 5, 3, 0>, ap_fixed<16, 6, 5, 3, 0>, config8> : data_7_val | {4 }
  - Chain level:
	State 1
		mul_ln73 : 1
		trunc_ln : 2
		mul_ln42 : 1
		trunc_ln42_1 : 2
		mul_ln42_1 : 1
		trunc_ln42_2 : 2
		mul_ln42_2 : 1
		trunc_ln42_3 : 2
		add_ln58 : 3
		add_ln58_8 : 3
	State 2
		mul_ln73_1 : 1
		trunc_ln42_s : 2
		sext_ln42_1 : 3
		mul_ln73_2 : 1
		trunc_ln42_5 : 2
		mul_ln73_3 : 1
		trunc_ln42_4 : 2
		sext_ln42_2 : 3
		sext_ln73_1 : 1
		add_ln73 : 2
		trunc_ln42_6 : 3
		sext_ln42_3 : 4
		mul_ln42_3 : 1
		trunc_ln42_8 : 2
		add_ln58_1 : 4
		add_ln58_9 : 5
	State 3
		mul_ln73_4 : 1
		trunc_ln42_7 : 2
		mul_ln73_5 : 1
		trunc_ln42_9 : 2
		mul_ln73_6 : 1
		trunc_ln42_10 : 2
		mul_ln73_7 : 1
		trunc_ln42_11 : 2
		sext_ln73_2 : 1
		sub_ln73 : 2
		trunc_ln42_12 : 3
	State 4
		mul_ln73_8 : 1
		trunc_ln42_13 : 2
		mul_ln73_9 : 1
		trunc_ln42_14 : 2
		add_ln58_4 : 3
		add_ln58_5 : 4
		add_ln58_6 : 5
		add_ln58_7 : 6
		add_ln58_11 : 1
		add_ln58_12 : 3
		add_ln58_13 : 4
		add_ln58_14 : 5
		add_ln58_15 : 6
		mrv : 7
		mrv_1 : 8
		ret_ln68 : 9


============================================================
+ Verbose Summary: Datapath Resource usage 
============================================================

* Functional unit list:
|----------|-----------------------------|---------|---------|---------|
| Operation|       Functional Unit       |   DSP   |    FF   |   LUT   |
|----------|-----------------------------|---------|---------|---------|
|          |       add_ln58_fu_381       |    0    |    0    |    23   |
|          |      add_ln58_8_fu_387      |    0    |    0    |    23   |
|          |       add_ln73_fu_442       |    0    |    0    |    30   |
|          |      add_ln58_1_fu_467      |    0    |    0    |    22   |
|          |      add_ln58_9_fu_473      |    0    |    0    |    23   |
|          |      add_ln58_2_fu_534      |    0    |    0    |    16   |
|          |      add_ln58_3_fu_538      |    0    |    0    |    16   |
|          |      add_ln58_4_fu_542      |    0    |    0    |    16   |
|    add   |      add_ln58_5_fu_548      |    0    |    0    |    16   |
|          |      add_ln58_6_fu_553      |    0    |    0    |    16   |
|          |      add_ln58_7_fu_559      |    0    |    0    |    16   |
|          |      add_ln58_10_fu_565     |    0    |    0    |    16   |
|          |      add_ln58_11_fu_569     |    0    |    0    |    16   |
|          |      add_ln58_12_fu_574     |    0    |    0    |    16   |
|          |      add_ln58_13_fu_580     |    0    |    0    |    16   |
|          |      add_ln58_14_fu_586     |    0    |    0    |    16   |
|          |      add_ln58_15_fu_592     |    0    |    0    |    16   |
|----------|-----------------------------|---------|---------|---------|
|    sub   |       sub_ln73_fu_506       |    0    |    0    |    29   |
|----------|-----------------------------|---------|---------|---------|
|          |          grp_fu_142         |    1    |    0    |    5    |
|    mul   |          grp_fu_143         |    1    |    0    |    5    |
|          |          grp_fu_144         |    1    |    0    |    5    |
|          |          grp_fu_145         |    1    |    0    |    5    |
|----------|-----------------------------|---------|---------|---------|
|          |  data_1_val_read_read_fu_94 |    0    |    0    |    0    |
|          | data_0_val_read_read_fu_100 |    0    |    0    |    0    |
|          | data_4_val_read_read_fu_106 |    0    |    0    |    0    |
|   read   | data_3_val_read_read_fu_112 |    0    |    0    |    0    |
|          | data_2_val_read_read_fu_118 |    0    |    0    |    0    |
|          | data_6_val_read_read_fu_124 |    0    |    0    |    0    |
|          | data_5_val_read_read_fu_130 |    0    |    0    |    0    |
|          | data_7_val_read_read_fu_136 |    0    |    0    |    0    |
|----------|-----------------------------|---------|---------|---------|
|          |          grp_fu_319         |    0    |    0    |    0    |
|          |          grp_fu_329         |    0    |    0    |    0    |
|          |          grp_fu_339         |    0    |    0    |    0    |
|partselect|          grp_fu_349         |    0    |    0    |    0    |
|          |       trunc_ln_fu_365       |    0    |    0    |    0    |
|          |     trunc_ln42_4_fu_416     |    0    |    0    |    0    |
|          |     trunc_ln42_6_fu_448     |    0    |    0    |    0    |
|          |     trunc_ln42_12_fu_512    |    0    |    0    |    0    |
|----------|-----------------------------|---------|---------|---------|
|          |       sext_ln42_fu_359      |    0    |    0    |    0    |
|          |       sext_ln73_fu_375      |    0    |    0    |    0    |
|          |       sext_ln70_fu_393      |    0    |    0    |    0    |
|          |      sext_ln70_1_fu_398     |    0    |    0    |    0    |
|          |      sext_ln42_1_fu_403     |    0    |    0    |    0    |
|          |      sext_ln70_2_fu_407     |    0    |    0    |    0    |
|          |      sext_ln70_3_fu_411     |    0    |    0    |    0    |
|          |      sext_ln42_2_fu_426     |    0    |    0    |    0    |
|   sext   |      sext_ln73_1_fu_438     |    0    |    0    |    0    |
|          |      sext_ln42_3_fu_458     |    0    |    0    |    0    |
|          |      sext_ln42_4_fu_462     |    0    |    0    |    0    |
|          |      sext_ln70_4_fu_479     |    0    |    0    |    0    |
|          |      sext_ln70_5_fu_483     |    0    |    0    |    0    |
|          |      sext_ln70_6_fu_489     |    0    |    0    |    0    |
|          |      sext_ln73_2_fu_502     |    0    |    0    |    0    |
|          |      sext_ln42_5_fu_522     |    0    |    0    |    0    |
|          |      sext_ln42_6_fu_525     |    0    |    0    |    0    |
|          |      sext_ln70_7_fu_528     |    0    |    0    |    0    |
|----------|-----------------------------|---------|---------|---------|
|bitconcatenate|        shl_ln_fu_430        |    0    |    0    |    0    |
|          |      shl_ln73_1_fu_494      |    0    |    0    |    0    |
|----------|-----------------------------|---------|---------|---------|
|insertvalue|          mrv_fu_598         |    0    |    0    |    0    |
|          |         mrv_1_fu_604        |    0    |    0    |    0    |
|----------|-----------------------------|---------|---------|---------|
|   Total  |                             |    4    |    0    |   362   |
|----------|-----------------------------|---------|---------|---------|

Memories:
N/A

* Register list:
+-----------------------+--------+
|                       |   FF   |
+-----------------------+--------+
|   add_ln58_1_reg_630  |   16   |
|   add_ln58_8_reg_615  |   16   |
|   add_ln58_9_reg_635  |   16   |
|    add_ln58_reg_610   |   16   |
|data_4_val_read_reg_620|   16   |
| trunc_ln42_10_reg_650 |   16   |
| trunc_ln42_11_reg_655 |   16   |
| trunc_ln42_12_reg_660 |   13   |
|  trunc_ln42_7_reg_640 |   15   |
|  trunc_ln42_8_reg_625 |   16   |
|  trunc_ln42_9_reg_645 |   16   |
+-----------------------+--------+
|         Total         |   172  |
+-----------------------+--------+

* Multiplexer (MUX) list: 
|------------|------|------|------|--------||---------||---------|
|    Comp    |  Pin | Size |  BW  | S x BW ||  Delay  ||   LUT   |
|------------|------|------|------|--------||---------||---------|
| grp_fu_142 |  p0  |   4  |  16  |   64   ||    20   |
| grp_fu_142 |  p1  |   4  |  11  |   44   ||    9    |
| grp_fu_143 |  p0  |   3  |  16  |   48   ||    14   |
| grp_fu_143 |  p1  |   3  |  10  |   30   |
| grp_fu_144 |  p0  |   3  |  16  |   48   ||    14   |
| grp_fu_144 |  p1  |   3  |  11  |   33   |
| grp_fu_145 |  p0  |   4  |  16  |   64   ||    20   |
| grp_fu_145 |  p1  |   4  |  11  |   44   ||    9    |
|------------|------|------|------|--------||---------||---------|
|    Total   |      |      |      |   375  || 3.49029 ||    86   |
|------------|------|------|------|--------||---------||---------|



* Summary:
+-----------+--------+--------+--------+--------+
|           |   DSP  |  Delay |   FF   |   LUT  |
+-----------+--------+--------+--------+--------+
|  Function |    4   |    -   |    0   |   362  |
|   Memory  |    -   |    -   |    -   |    -   |
|Multiplexer|    -   |    3   |    -   |   86   |
|  Register |    -   |    -   |   172  |    -   |
+-----------+--------+--------+--------+--------+
|   Total   |    4   |    3   |   172  |   448  |
+-----------+--------+--------+--------+--------+
