

================================================================
== Vitis HLS Report for 'dense_latency_ap_fixed_16_6_5_3_0_ap_fixed_16_6_5_3_0_config8_s'
================================================================
* Date:           Wed Aug  6 12:26:16 2025

* Version:        2023.2 (Build 4023990 on Oct 11 2023)
* Project:        hls_simple_bds_synthesis
* Solution:       solution1 (Vivado IP Flow Target)
* Product family: virtexuplus
* Target device:  xcu250-figd2104-2L-e


================================================================
== Performance Estimates
================================================================
+ Timing: 
    * Summary: 
    +--------+----------+----------+------------+
    |  Clock |  Target  | Estimated| Uncertainty|
    +--------+----------+----------+------------+
    |ap_clk  |  10.00 ns|  3.965 ns|     2.70 ns|
    +--------+----------+----------+------------+

+ Latency: 
    * Summary: 
    +---------+---------+-----------+-----------+-----+-----+---------+
    |  Latency (cycles) |   Latency (absolute)  |  Interval | Pipeline|
    |   min   |   max   |    min    |    max    | min | max |   Type  |
    +---------+---------+-----------+-----------+-----+-----+---------+
    |        3|        3|  30.000 ns|  30.000 ns|    4|    4|      yes|
    +---------+---------+-----------+-----------+-----+-----+---------+

    + Detail: 
        * Instance: 
        N/A

        * Loop: 
        N/A

============================================================
+ Verbose Summary: Synthesis Manager
============================================================
InlineROM: 1
ExposeGlobal: 0
============================================================
+ Verbose Summary: CDFG Model
============================================================
IsTopModel: 0
ResetActiveHigh: 1
IsCombinational: 0
IsDatapathOnly: 0
HasWiredReturn: 1
HasMFsm: 2
HasVarLatency: 0
IsPipeline: 1
IsRtlPipelined: 0
IsInstanceOverlapped: 0
IsDontTouch: 0
HasImplIP: 0
IsGatedGlobalClock: 0

+ Individual pipeline summary: 
  * Pipeline-0: initiation interval (II) = 4, depth = 4


============================================================
+ Verbose Summary: Schedule
============================================================
* Number of FSM states : 4
* Pipeline : 1
  Pipeline-0 : II = 4, D = 4, States = { 1 2 3 4 }
* Dataflow Pipeline: 0

* FSM state transitions: 
1 --> 2 
2 --> 3 
3 --> 4 
4 --> 

* FSM state operations: 

State 1 <SV = 0> <Delay = 2.72>
ST_1 : Operation 5 [1/1] (0.00ns)   --->   "%data_1_val_read = read i16 @_ssdm_op_Read.ap_auto.i16, i16 %data_1_val" [hls_simple_bds/firmware/nnet_utils/nnet_dense_latency.h:42]   --->   Operation 5 'read' 'data_1_val_read' <Predicate = true> <Delay = 0.00>
ST_1 : Operation 6 [1/1] (0.00ns)   --->   "%data_0_val_read = read i16 @_ssdm_op_Read.ap_auto.i16, i16 %data_0_val" [hls_simple_bds/firmware/nnet_utils/nnet_dense_latency.h:42]   --->   Operation 6 'read' 'data_0_val_read' <Predicate = true> <Delay = 0.00>
ST_1 : Operation 7 [1/1] (0.00ns)   --->   "%sext_ln42 = sext i16 %data_0_val_read" [hls_simple_bds/firmware/nnet_utils/nnet_dense_latency.h:42]   --->   Operation 7 'sext' 'sext_ln42' <Predicate = true> <Delay = 0.00>
ST_1 : Operation 8 [1/1] (1.94ns)   --->   "%mul_ln73 = mul i26 %sext_ln42, i26 402" [hls_simple_bds/firmware/nnet_utils/nnet_mult.h:73->hls_simple_bds/firmware/nnet_utils/nnet_dense_latency.h:42]   --->   Operation 8 'mul' 'mul_ln73' <Predicate = true> <Delay = 1.94> <CoreInst = "Multiplier">   --->   Core 3 'Multiplier' <Latency = 0> <II = 1> <Delay = 1.94> <FuncUnit> <Opcode : 'mul'> <InPorts = 2> <OutPorts = 1>
ST_1 : Operation 9 [1/1] (0.00ns)   --->   "%trunc_ln = partselect i16 @_ssdm_op_PartSelect.i16.i26.i32.i32, i26 %mul_ln73, i32 10, i32 25" [hls_simple_bds/firmware/nnet_utils/nnet_dense_latency.h:42]   --->   Operation 9 'partselect' 'trunc_ln' <Predicate = true> <Delay = 0.00>
ST_1 : Operation 10 [1/1] (1.94ns)   --->   "%mul_ln42 = mul i26 %sext_ln42, i26 622" [hls_simple_bds/firmware/nnet_utils/nnet_dense_latency.h:42]   --->   Operation 10 'mul' 'mul_ln42' <Predicate = true> <Delay = 1.94> <CoreInst = "Multiplier">   --->   Core 3 'Multiplier' <Latency = 0> <II = 1> <Delay = 1.94> <FuncUnit> <Opcode : 'mul'> <InPorts = 2> <OutPorts = 1>
ST_1 : Operation 11 [1/1] (0.00ns)   --->   "%trunc_ln42_1 = partselect i16 @_ssdm_op_PartSelect.i16.i26.i32.i32, i26 %mul_ln42, i32 10, i32 25" [hls_simple_bds/firmware/nnet_utils/nnet_dense_latency.h:42]   --->   Operation 11 'partselect' 'trunc_ln42_1' <Predicate = true> <Delay = 0.00>
ST_1 : Operation 12 [1/1] (0.00ns)   --->   "%sext_ln73 = sext i16 %data_1_val_read" [hls_simple_bds/firmware/nnet_utils/nnet_mult.h:73->hls_simple_bds/firmware/nnet_utils/nnet_dense_latency.h:42]   --->   Operation 12 'sext' 'sext_ln73' <Predicate = true> <Delay = 0.00>
ST_1 : Operation 13 [1/1] (1.94ns)   --->   "%mul_ln42_1 = mul i26 %sext_ln73, i26 584" [hls_simple_bds/firmware/nnet_utils/nnet_dense_latency.h:42]   --->   Operation 13 'mul' 'mul_ln42_1' <Predicate = true> <Delay = 1.94> <CoreInst = "Multiplier">   --->   Core 3 'Multiplier' <Latency = 0> <II = 1> <Delay = 1.94> <FuncUnit> <Opcode : 'mul'> <InPorts = 2> <OutPorts = 1>
ST_1 : Operation 14 [1/1] (0.00ns)   --->   "%trunc_ln42_2 = partselect i16 @_ssdm_op_PartSelect.i16.i26.i32.i32, i26 %mul_ln42_1, i32 10, i32 25" [hls_simple_bds/firmware/nnet_utils/nnet_dense_latency.h:42]   --->   Operation 14 'partselect' 'trunc_ln42_2' <Predicate = true> <Delay = 0.00>
ST_1 : Operation 15 [1/1] (1.94ns)   --->   "%mul_ln42_2 = mul i26 %sext_ln73, i26 740" [hls_simple_bds/firmware/nnet_utils/nnet_dense_latency.h:42]   --->   Operation 15 'mul' 'mul_ln42_2' <Predicate = true> <Delay = 1.94> <CoreInst = "Multiplier">   --->   Core 3 'Multiplier' <Latency = 0> <II = 1> <Delay = 1.94> <FuncUnit> <Opcode : 'mul'> <InPorts = 2> <OutPorts = 1>
ST_1 : Operation 16 [1/1] (0.00ns)   --->   "%trunc_ln42_3 = partselect i16 @_ssdm_op_PartSelect.i16.i26.i32.i32, i26 %mul_ln42_2, i32 10, i32 25" [hls_simple_bds/firmware/nnet_utils/nnet_dense_latency.h:42]   --->   Operation 16 'partselect' 'trunc_ln42_3' <Predicate = true> <Delay = 0.00>
ST_1 : Operation 17 [1/1] (0.78ns)   --->   "%add_ln58 = add i16 %trunc_ln, i16 %trunc_ln42_2" [hls_simple_bds/firmware/nnet_utils/nnet_dense_latency.h:58]   --->   Operation 17 'add' 'add_ln58' <Predicate = true> <Delay = 0.78> <CoreInst = "Adder">   --->   Core 1 'Adder' <Latency = 0> <II = 1> <Delay = 0.78> <FuncUnit> <Opcode : 'add' 'sub'> <InPorts = 2> <OutPorts = 1>
ST_1 : Operation 18 [1/1] (0.78ns)   --->   "%add_ln58_8 = add i16 %trunc_ln42_1, i16 %trunc_ln42_3" [hls_simple_bds/firmware/nnet_utils/nnet_dense_latency.h:58]   --->   Operation 18 'add' 'add_ln58_8' <Predicate = true> <Delay = 0.78> <CoreInst = "Adder">   --->   Core 1 'Adder' <Latency = 0> <II = 1> <Delay = 0.78> <FuncUnit> <Opcode : 'add' 'sub'> <InPorts = 2> <OutPorts = 1>

State 2 <SV = 1> <Delay = 2.72>
ST_2 : Operation 19 [1/1] (0.00ns)   --->   "%data_4_val_read = read i16 @_ssdm_op_Read.ap_auto.i16, i16 %data_4_val" [hls_simple_bds/firmware/nnet_utils/nnet_dense_latency.h:42]   --->   Operation 19 'read' 'data_4_val_read' <Predicate = true> <Delay = 0.00>
ST_2 : Operation 20 [1/1] (0.00ns)   --->   "%data_3_val_read = read i16 @_ssdm_op_Read.ap_auto.i16, i16 %data_3_val" [hls_simple_bds/firmware/nnet_utils/nnet_dense_latency.h:42]   --->   Operation 20 'read' 'data_3_val_read' <Predicate = true> <Delay = 0.00>
ST_2 : Operation 21 [1/1] (0.00ns)   --->   "%data_2_val_read = read i16 @_ssdm_op_Read.ap_auto.i16, i16 %data_2_val" [hls_simple_bds/firmware/nnet_utils/nnet_dense_latency.h:42]   --->   Operation 21 'read' 'data_2_val_read' <Predicate = true> <Delay = 0.00>
ST_2 : Operation 22 [1/1] (0.00ns)   --->   "%sext_ln70 = sext i16 %data_2_val_read" [hls_simple_bds/firmware/nnet_utils/nnet_mult.h:70->hls_simple_bds/firmware/nnet_utils/nnet_dense_latency.h:42]   --->   Operation 22 'sext' 'sext_ln70' <Predicate = true> <Delay = 0.00>
ST_2 : Operation 23 [1/1] (0.00ns)   --->   "%sext_ln70_1 = sext i16 %data_2_val_read" [hls_simple_bds/firmware/nnet_utils/nnet_mult.h:70->hls_simple_bds/firmware/nnet_utils/nnet_dense_latency.h:42]   --->   Operation 23 'sext' 'sext_ln70_1' <Predicate = true> <Delay = 0.00>
ST_2 : Operation 24 [1/1] (1.94ns)   --->   "%mul_ln73_1 = mul i25 %sext_ln70_1, i25 33554297" [hls_simple_bds/firmware/nnet_utils/nnet_mult.h:73->hls_simple_bds/firmware/nnet_utils/nnet_dense_latency.h:42]   --->   Operation 24 'mul' 'mul_ln73_1' <Predicate = true> <Delay = 1.94> <CoreInst = "Multiplier">   --->   Core 3 'Multiplier' <Latency = 0> <II = 1> <Delay = 1.94> <FuncUnit> <Opcode : 'mul'> <InPorts = 2> <OutPorts = 1>
ST_2 : Operation 25 [1/1] (0.00ns)   --->   "%trunc_ln42_s = partselect i15 @_ssdm_op_PartSelect.i15.i25.i32.i32, i25 %mul_ln73_1, i32 10, i32 24" [hls_simple_bds/firmware/nnet_utils/nnet_dense_latency.h:42]   --->   Operation 25 'partselect' 'trunc_ln42_s' <Predicate = true> <Delay = 0.00>
ST_2 : Operation 26 [1/1] (0.00ns)   --->   "%sext_ln42_1 = sext i15 %trunc_ln42_s" [hls_simple_bds/firmware/nnet_utils/nnet_dense_latency.h:42]   --->   Operation 26 'sext' 'sext_ln42_1' <Predicate = true> <Delay = 0.00>
ST_2 : Operation 27 [1/1] (1.94ns)   --->   "%mul_ln73_2 = mul i26 %sext_ln70, i26 278" [hls_simple_bds/firmware/nnet_utils/nnet_mult.h:73->hls_simple_bds/firmware/nnet_utils/nnet_dense_latency.h:42]   --->   Operation 27 'mul' 'mul_ln73_2' <Predicate = true> <Delay = 1.94> <CoreInst = "Multiplier">   --->   Core 3 'Multiplier' <Latency = 0> <II = 1> <Delay = 1.94> <FuncUnit> <Opcode : 'mul'> <InPorts = 2> <OutPorts = 1>
ST_2 : Operation 28 [1/1] (0.00ns)   --->   "%trunc_ln42_5 = partselect i16 @_ssdm_op_PartSelect.i16.i26.i32.i32, i26 %mul_ln73_2, i32 10, i32 25" [hls_simple_bds/firmware/nnet_utils/nnet_dense_latency.h:42]   --->   Operation 28 'partselect' 'trunc_ln42_5' <Predicate = true> <Delay = 0.00>
ST_2 : Operation 29 [1/1] (0.00ns)   --->   "%sext_ln70_2 = sext i16 %data_3_val_read" [hls_simple_bds/firmware/nnet_utils/nnet_mult.h:70->hls_simple_bds/firmware/nnet_utils/nnet_dense_latency.h:42]   --->   Operation 29 'sext' 'sext_ln70_2' <Predicate = true> <Delay = 0.00>
ST_2 : Operation 30 [1/1] (0.00ns)   --->   "%sext_ln70_3 = sext i16 %data_3_val_read" [hls_simple_bds/firmware/nnet_utils/nnet_mult.h:70->hls_simple_bds/firmware/nnet_utils/nnet_dense_latency.h:42]   --->   Operation 30 'sext' 'sext_ln70_3' <Predicate = true> <Delay = 0.00>
ST_2 : Operation 31 [1/1] (1.94ns)   --->   "%mul_ln73_3 = mul i25 %sext_ln70_3, i25 139" [hls_simple_bds/firmware/nnet_utils/nnet_mult.h:73->hls_simple_bds/firmware/nnet_utils/nnet_dense_latency.h:42]   --->   Operation 31 'mul' 'mul_ln73_3' <Predicate = true> <Delay = 1.94> <CoreInst = "Multiplier">   --->   Core 3 'Multiplier' <Latency = 0> <II = 1> <Delay = 1.94> <FuncUnit> <Opcode : 'mul'> <InPorts = 2> <OutPorts = 1>
ST_2 : Operation 32 [1/1] (0.00ns)   --->   "%trunc_ln42_4 = partselect i15 @_ssdm_op_PartSelect.i15.i25.i32.i32, i25 %mul_ln73_3, i32 10, i32 24" [hls_simple_bds/firmware/nnet_utils/nnet_dense_latency.h:42]   --->   Operation 32 'partselect' 'trunc_ln42_4' <Predicate = true> <Delay = 0.00>
ST_2 : Operation 33 [1/1] (0.00ns)   --->   "%sext_ln42_2 = sext i15 %trunc_ln42_4" [hls_simple_bds/firmware/nnet_utils/nnet_dense_latency.h:42]   --->   Operation 33 'sext' 'sext_ln42_2' <Predicate = true> <Delay = 0.00>
ST_2 : Operation 34 [1/1] (0.00ns)   --->   "%shl_ln = bitconcatenate i23 @_ssdm_op_BitConcatenate.i23.i16.i7, i16 %data_3_val_read, i7 0" [hls_simple_bds/firmware/nnet_utils/nnet_mult.h:73->hls_simple_bds/firmware/nnet_utils/nnet_dense_latency.h:42]   --->   Operation 34 'bitconcatenate' 'shl_ln' <Predicate = true> <Delay = 0.00>
ST_2 : Operation 35 [1/1] (0.00ns)   --->   "%sext_ln73_1 = sext i23 %shl_ln" [hls_simple_bds/firmware/nnet_utils/nnet_mult.h:73->hls_simple_bds/firmware/nnet_utils/nnet_dense_latency.h:42]   --->   Operation 35 'sext' 'sext_ln73_1' <Predicate = true> <Delay = 0.00>
ST_2 : Operation 36 [1/1] (0.82ns)   --->   "%add_ln73 = add i24 %sext_ln73_1, i24 %sext_ln70_2" [hls_simple_bds/firmware/nnet_utils/nnet_mult.h:73->hls_simple_bds/firmware/nnet_utils/nnet_dense_latency.h:42]   --->   Operation 36 'add' 'add_ln73' <Predicate = true> <Delay = 0.82> <CoreInst = "Adder">   --->   Core 1 'Adder' <Latency = 0> <II = 1> <Delay = 0.82> <FuncUnit> <Opcode : 'add' 'sub'> <InPorts = 2> <OutPorts = 1>
ST_2 : Operation 37 [1/1] (0.00ns)   --->   "%trunc_ln42_6 = partselect i14 @_ssdm_op_PartSelect.i14.i24.i32.i32, i24 %add_ln73, i32 10, i32 23" [hls_simple_bds/firmware/nnet_utils/nnet_dense_latency.h:42]   --->   Operation 37 'partselect' 'trunc_ln42_6' <Predicate = true> <Delay = 0.00>
ST_2 : Operation 38 [1/1] (0.00ns)   --->   "%sext_ln42_3 = sext i14 %trunc_ln42_6" [hls_simple_bds/firmware/nnet_utils/nnet_dense_latency.h:42]   --->   Operation 38 'sext' 'sext_ln42_3' <Predicate = true> <Delay = 0.00>
ST_2 : Operation 39 [1/1] (0.00ns)   --->   "%sext_ln42_4 = sext i16 %data_4_val_read" [hls_simple_bds/firmware/nnet_utils/nnet_dense_latency.h:42]   --->   Operation 39 'sext' 'sext_ln42_4' <Predicate = true> <Delay = 0.00>
ST_2 : Operation 40 [1/1] (1.94ns)   --->   "%mul_ln42_3 = mul i26 %sext_ln42_4, i26 67108311" [hls_simple_bds/firmware/nnet_utils/nnet_dense_latency.h:42]   --->   Operation 40 'mul' 'mul_ln42_3' <Predicate = true> <Delay = 1.94> <CoreInst = "Multiplier">   --->   Core 3 'Multiplier' <Latency = 0> <II = 1> <Delay = 1.94> <FuncUnit> <Opcode : 'mul'> <InPorts = 2> <OutPorts = 1>
ST_2 : Operation 41 [1/1] (0.00ns)   --->   "%trunc_ln42_8 = partselect i16 @_ssdm_op_PartSelect.i16.i26.i32.i32, i26 %mul_ln42_3, i32 10, i32 25" [hls_simple_bds/firmware/nnet_utils/nnet_dense_latency.h:42]   --->   Operation 41 'partselect' 'trunc_ln42_8' <Predicate = true> <Delay = 0.00>
ST_2 : Operation 42 [1/1] (0.77ns)   --->   "%add_ln58_1 = add i16 %sext_ln42_1, i16 %sext_ln42_2" [hls_simple_bds/firmware/nnet_utils/nnet_dense_latency.h:58]   --->   Operation 42 'add' 'add_ln58_1' <Predicate = true> <Delay = 0.77> <CoreInst = "Adder">   --->   Core 1 'Adder' <Latency = 0> <II = 1> <Delay = 0.77> <FuncUnit> <Opcode : 'add' 'sub'> <InPorts = 2> <OutPorts = 1>
ST_2 : Operation 43 [1/1] (0.78ns)   --->   "%add_ln58_9 = add i16 %trunc_ln42_5, i16 %sext_ln42_3" [hls_simple_bds/firmware/nnet_utils/nnet_dense_latency.h:58]   --->   Operation 43 'add' 'add_ln58_9' <Predicate = true> <Delay = 0.78> <CoreInst = "Adder">   --->   Core 1 'Adder' <Latency = 0> <II = 1> <Delay = 0.78> <FuncUnit> <Opcode : 'add' 'sub'> <InPorts = 2> <OutPorts = 1>

State 3 <SV = 2> <Delay = 1.94>
ST_3 : Operation 44 [1/1] (0.00ns)   --->   "%data_6_val_read = read i16 @_ssdm_op_Read.ap_auto.i16, i16 %data_6_val" [hls_simple_bds/firmware/nnet_utils/nnet_dense_latency.h:42]   --->   Operation 44 'read' 'data_6_val_read' <Predicate = true> <Delay = 0.00>
ST_3 : Operation 45 [1/1] (0.00ns)   --->   "%data_5_val_read = read i16 @_ssdm_op_Read.ap_auto.i16, i16 %data_5_val" [hls_simple_bds/firmware/nnet_utils/nnet_dense_latency.h:42]   --->   Operation 45 'read' 'data_5_val_read' <Predicate = true> <Delay = 0.00>
ST_3 : Operation 46 [1/1] (0.00ns)   --->   "%sext_ln70_4 = sext i16 %data_4_val_read" [hls_simple_bds/firmware/nnet_utils/nnet_mult.h:70->hls_simple_bds/firmware/nnet_utils/nnet_dense_latency.h:42]   --->   Operation 46 'sext' 'sext_ln70_4' <Predicate = true> <Delay = 0.00>
ST_3 : Operation 47 [1/1] (1.94ns)   --->   "%mul_ln73_4 = mul i25 %sext_ln70_4, i25 145" [hls_simple_bds/firmware/nnet_utils/nnet_mult.h:73->hls_simple_bds/firmware/nnet_utils/nnet_dense_latency.h:42]   --->   Operation 47 'mul' 'mul_ln73_4' <Predicate = true> <Delay = 1.94> <CoreInst = "Multiplier">   --->   Core 3 'Multiplier' <Latency = 0> <II = 1> <Delay = 1.94> <FuncUnit> <Opcode : 'mul'> <InPorts = 2> <OutPorts = 1>
ST_3 : Operation 48 [1/1] (0.00ns)   --->   "%trunc_ln42_7 = partselect i15 @_ssdm_op_PartSelect.i15.i25.i32.i32, i25 %mul_ln73_4, i32 10, i32 24" [hls_simple_bds/firmware/nnet_utils/nnet_dense_latency.h:42]   --->   Operation 48 'partselect' 'trunc_ln42_7' <Predicate = true> <Delay = 0.00>
ST_3 : Operation 49 [1/1] (0.00ns)   --->   "%sext_ln70_5 = sext i16 %data_5_val_read" [hls_simple_bds/firmware/nnet_utils/nnet_mult.h:70->hls_simple_bds/firmware/nnet_utils/nnet_dense_latency.h:42]   --->   Operation 49 'sext' 'sext_ln70_5' <Predicate = true> <Delay = 0.00>
ST_3 : Operation 50 [1/1] (1.94ns)   --->   "%mul_ln73_5 = mul i26 %sext_ln70_5, i26 67108523" [hls_simple_bds/firmware/nnet_utils/nnet_mult.h:73->hls_simple_bds/firmware/nnet_utils/nnet_dense_latency.h:42]   --->   Operation 50 'mul' 'mul_ln73_5' <Predicate = true> <Delay = 1.94> <CoreInst = "Multiplier">   --->   Core 3 'Multiplier' <Latency = 0> <II = 1> <Delay = 1.94> <FuncUnit> <Opcode : 'mul'> <InPorts = 2> <OutPorts = 1>
ST_3 : Operation 51 [1/1] (0.00ns)   --->   "%trunc_ln42_9 = partselect i16 @_ssdm_op_PartSelect.i16.i26.i32.i32, i26 %mul_ln73_5, i32 10, i32 25" [hls_simple_bds/firmware/nnet_utils/nnet_dense_latency.h:42]   --->   Operation 51 'partselect' 'trunc_ln42_9' <Predicate = true> <Delay = 0.00>
ST_3 : Operation 52 [1/1] (1.94ns)   --->   "%mul_ln73_6 = mul i26 %sext_ln70_5, i26 459" [hls_simple_bds/firmware/nnet_utils/nnet_mult.h:73->hls_simple_bds/firmware/nnet_utils/nnet_dense_latency.h:42]   --->   Operation 52 'mul' 'mul_ln73_6' <Predicate = true> <Delay = 1.94> <CoreInst = "Multiplier">   --->   Core 3 'Multiplier' <Latency = 0> <II = 1> <Delay = 1.94> <FuncUnit> <Opcode : 'mul'> <InPorts = 2> <OutPorts = 1>
ST_3 : Operation 53 [1/1] (0.00ns)   --->   "%trunc_ln42_10 = partselect i16 @_ssdm_op_PartSelect.i16.i26.i32.i32, i26 %mul_ln73_6, i32 10, i32 25" [hls_simple_bds/firmware/nnet_utils/nnet_dense_latency.h:42]   --->   Operation 53 'partselect' 'trunc_ln42_10' <Predicate = true> <Delay = 0.00>
ST_3 : Operation 54 [1/1] (0.00ns)   --->   "%sext_ln70_6 = sext i16 %data_6_val_read" [hls_simple_bds/firmware/nnet_utils/nnet_mult.h:70->hls_simple_bds/firmware/nnet_utils/nnet_dense_latency.h:42]   --->   Operation 54 'sext' 'sext_ln70_6' <Predicate = true> <Delay = 0.00>
ST_3 : Operation 55 [1/1] (1.94ns)   --->   "%mul_ln73_7 = mul i26 %sext_ln70_6, i26 322" [hls_simple_bds/firmware/nnet_utils/nnet_mult.h:73->hls_simple_bds/firmware/nnet_utils/nnet_dense_latency.h:42]   --->   Operation 55 'mul' 'mul_ln73_7' <Predicate = true> <Delay = 1.94> <CoreInst = "Multiplier">   --->   Core 3 'Multiplier' <Latency = 0> <II = 1> <Delay = 1.94> <FuncUnit> <Opcode : 'mul'> <InPorts = 2> <OutPorts = 1>
ST_3 : Operation 56 [1/1] (0.00ns)   --->   "%trunc_ln42_11 = partselect i16 @_ssdm_op_PartSelect.i16.i26.i32.i32, i26 %mul_ln73_7, i32 10, i32 25" [hls_simple_bds/firmware/nnet_utils/nnet_dense_latency.h:42]   --->   Operation 56 'partselect' 'trunc_ln42_11' <Predicate = true> <Delay = 0.00>
ST_3 : Operation 57 [1/1] (0.00ns)   --->   "%shl_ln73_1 = bitconcatenate i22 @_ssdm_op_BitConcatenate.i22.i16.i6, i16 %data_6_val_read, i6 0" [hls_simple_bds/firmware/nnet_utils/nnet_mult.h:73->hls_simple_bds/firmware/nnet_utils/nnet_dense_latency.h:42]   --->   Operation 57 'bitconcatenate' 'shl_ln73_1' <Predicate = true> <Delay = 0.00>
ST_3 : Operation 58 [1/1] (0.00ns)   --->   "%sext_ln73_2 = sext i22 %shl_ln73_1" [hls_simple_bds/firmware/nnet_utils/nnet_mult.h:73->hls_simple_bds/firmware/nnet_utils/nnet_dense_latency.h:42]   --->   Operation 58 'sext' 'sext_ln73_2' <Predicate = true> <Delay = 0.00>
ST_3 : Operation 59 [1/1] (0.82ns)   --->   "%sub_ln73 = sub i23 0, i23 %sext_ln73_2" [hls_simple_bds/firmware/nnet_utils/nnet_mult.h:73->hls_simple_bds/firmware/nnet_utils/nnet_dense_latency.h:42]   --->   Operation 59 'sub' 'sub_ln73' <Predicate = true> <Delay = 0.82> <CoreInst = "Adder">   --->   Core 1 'Adder' <Latency = 0> <II = 1> <Delay = 0.82> <FuncUnit> <Opcode : 'add' 'sub'> <InPorts = 2> <OutPorts = 1>
ST_3 : Operation 60 [1/1] (0.00ns)   --->   "%trunc_ln42_12 = partselect i13 @_ssdm_op_PartSelect.i13.i23.i32.i32, i23 %sub_ln73, i32 10, i32 22" [hls_simple_bds/firmware/nnet_utils/nnet_dense_latency.h:42]   --->   Operation 60 'partselect' 'trunc_ln42_12' <Predicate = true> <Delay = 0.00>

State 4 <SV = 3> <Delay = 3.96>
ST_4 : Operation 61 [1/1] (0.00ns)   --->   "%specpipeline_ln33 = specpipeline void @_ssdm_op_SpecPipeline, i32 4, i32 0, i32 0, i32 0, void @empty_0" [hls_simple_bds/firmware/nnet_utils/nnet_dense_latency.h:33]   --->   Operation 61 'specpipeline' 'specpipeline_ln33' <Predicate = true> <Delay = 0.00>
ST_4 : Operation 62 [1/1] (0.00ns)   --->   "%specresourcelimit_ln33 = specresourcelimit void @_ssdm_op_SpecResourceLimit, i64 4, void @empty_1, void @empty_0, void @empty_0, void @empty_0" [hls_simple_bds/firmware/nnet_utils/nnet_dense_latency.h:33]   --->   Operation 62 'specresourcelimit' 'specresourcelimit_ln33' <Predicate = true> <Delay = 0.00>
ST_4 : Operation 63 [1/1] (0.00ns)   --->   "%data_7_val_read = read i16 @_ssdm_op_Read.ap_auto.i16, i16 %data_7_val" [hls_simple_bds/firmware/nnet_utils/nnet_dense_latency.h:42]   --->   Operation 63 'read' 'data_7_val_read' <Predicate = true> <Delay = 0.00>
ST_4 : Operation 64 [1/1] (0.00ns)   --->   "%sext_ln42_5 = sext i15 %trunc_ln42_7" [hls_simple_bds/firmware/nnet_utils/nnet_dense_latency.h:42]   --->   Operation 64 'sext' 'sext_ln42_5' <Predicate = true> <Delay = 0.00>
ST_4 : Operation 65 [1/1] (0.00ns)   --->   "%sext_ln42_6 = sext i13 %trunc_ln42_12" [hls_simple_bds/firmware/nnet_utils/nnet_dense_latency.h:42]   --->   Operation 65 'sext' 'sext_ln42_6' <Predicate = true> <Delay = 0.00>
ST_4 : Operation 66 [1/1] (0.00ns)   --->   "%sext_ln70_7 = sext i16 %data_7_val_read" [hls_simple_bds/firmware/nnet_utils/nnet_mult.h:70->hls_simple_bds/firmware/nnet_utils/nnet_dense_latency.h:42]   --->   Operation 66 'sext' 'sext_ln70_7' <Predicate = true> <Delay = 0.00>
ST_4 : Operation 67 [1/1] (1.94ns)   --->   "%mul_ln73_8 = mul i26 %sext_ln70_7, i26 266" [hls_simple_bds/firmware/nnet_utils/nnet_mult.h:73->hls_simple_bds/firmware/nnet_utils/nnet_dense_latency.h:42]   --->   Operation 67 'mul' 'mul_ln73_8' <Predicate = true> <Delay = 1.94> <CoreInst = "Multiplier">   --->   Core 3 'Multiplier' <Latency = 0> <II = 1> <Delay = 1.94> <FuncUnit> <Opcode : 'mul'> <InPorts = 2> <OutPorts = 1>
ST_4 : Operation 68 [1/1] (0.00ns)   --->   "%trunc_ln42_13 = partselect i16 @_ssdm_op_PartSelect.i16.i26.i32.i32, i26 %mul_ln73_8, i32 10, i32 25" [hls_simple_bds/firmware/nnet_utils/nnet_dense_latency.h:42]   --->   Operation 68 'partselect' 'trunc_ln42_13' <Predicate = true> <Delay = 0.00>
ST_4 : Operation 69 [1/1] (1.94ns)   --->   "%mul_ln73_9 = mul i26 %sext_ln70_7, i26 67108476" [hls_simple_bds/firmware/nnet_utils/nnet_mult.h:73->hls_simple_bds/firmware/nnet_utils/nnet_dense_latency.h:42]   --->   Operation 69 'mul' 'mul_ln73_9' <Predicate = true> <Delay = 1.94> <CoreInst = "Multiplier">   --->   Core 3 'Multiplier' <Latency = 0> <II = 1> <Delay = 1.94> <FuncUnit> <Opcode : 'mul'> <InPorts = 2> <OutPorts = 1>
ST_4 : Operation 70 [1/1] (0.00ns)   --->   "%trunc_ln42_14 = partselect i16 @_ssdm_op_PartSelect.i16.i26.i32.i32, i26 %mul_ln73_9, i32 10, i32 25" [hls_simple_bds/firmware/nnet_utils/nnet_dense_latency.h:42]   --->   Operation 70 'partselect' 'trunc_ln42_14' <Predicate = true> <Delay = 0.00>
ST_4 : Operation 71 [1/1] (0.00ns) (grouped into TernaryAdder)   --->   "%add_ln58_2 = add i16 %add_ln58_1, i16 %add_ln58" [hls_simple_bds/firmware/nnet_utils/nnet_dense_latency.h:58]   --->   Operation 71 'add' 'add_ln58_2' <Predicate = true> <Delay = 0.00> <CoreInst = "TAddSub">   --->   Core 10 'TAddSub' <Latency = 0> <II = 1> <Delay = 0.33> <IPBlock> <Opcode : '' 'add' 'sub'> <InPorts = 3> <OutPorts = 1> <Sync> <CReg>
ST_4 : Operation 72 [1/1] (0.00ns) (grouped into TernaryAdder)   --->   "%add_ln58_3 = add i16 %trunc_ln42_8, i16 %trunc_ln42_9" [hls_simple_bds/firmware/nnet_utils/nnet_dense_latency.h:58]   --->   Operation 72 'add' 'add_ln58_3' <Predicate = true> <Delay = 0.00> <CoreInst = "TAddSub">   --->   Core 10 'TAddSub' <Latency = 0> <II = 1> <Delay = 0.33> <IPBlock> <Opcode : '' 'add' 'sub'> <InPorts = 3> <OutPorts = 1> <Sync> <CReg>
ST_4 : Operation 73 [1/1] (0.00ns) (grouped into TernaryAdder)   --->   "%add_ln58_4 = add i16 %trunc_ln42_13, i16 2" [hls_simple_bds/firmware/nnet_utils/nnet_dense_latency.h:58]   --->   Operation 73 'add' 'add_ln58_4' <Predicate = true> <Delay = 0.00> <CoreInst = "TAddSub">   --->   Core 10 'TAddSub' <Latency = 0> <II = 1> <Delay = 0.33> <IPBlock> <Opcode : '' 'add' 'sub'> <InPorts = 3> <OutPorts = 1> <Sync> <CReg>
ST_4 : Operation 74 [1/1] (0.67ns) (root node of TernaryAdder)   --->   "%add_ln58_5 = add i16 %add_ln58_4, i16 %trunc_ln42_11" [hls_simple_bds/firmware/nnet_utils/nnet_dense_latency.h:58]   --->   Operation 74 'add' 'add_ln58_5' <Predicate = true> <Delay = 0.67> <CoreInst = "TAddSub">   --->   Core 10 'TAddSub' <Latency = 0> <II = 1> <Delay = 0.33> <IPBlock> <Opcode : '' 'add' 'sub'> <InPorts = 3> <OutPorts = 1> <Sync> <CReg>
ST_4 : Operation 75 [1/1] (0.67ns) (root node of TernaryAdder)   --->   "%add_ln58_6 = add i16 %add_ln58_5, i16 %add_ln58_3" [hls_simple_bds/firmware/nnet_utils/nnet_dense_latency.h:58]   --->   Operation 75 'add' 'add_ln58_6' <Predicate = true> <Delay = 0.67> <CoreInst = "TAddSub">   --->   Core 10 'TAddSub' <Latency = 0> <II = 1> <Delay = 0.33> <IPBlock> <Opcode : '' 'add' 'sub'> <InPorts = 3> <OutPorts = 1> <Sync> <CReg>
ST_4 : Operation 76 [1/1] (0.67ns) (root node of TernaryAdder)   --->   "%add_ln58_7 = add i16 %add_ln58_6, i16 %add_ln58_2" [hls_simple_bds/firmware/nnet_utils/nnet_dense_latency.h:58]   --->   Operation 76 'add' 'add_ln58_7' <Predicate = true> <Delay = 0.67> <CoreInst = "TAddSub">   --->   Core 10 'TAddSub' <Latency = 0> <II = 1> <Delay = 0.33> <IPBlock> <Opcode : '' 'add' 'sub'> <InPorts = 3> <OutPorts = 1> <Sync> <CReg>
ST_4 : Operation 77 [1/1] (0.00ns) (grouped into TernaryAdder)   --->   "%add_ln58_10 = add i16 %add_ln58_9, i16 %add_ln58_8" [hls_simple_bds/firmware/nnet_utils/nnet_dense_latency.h:58]   --->   Operation 77 'add' 'add_ln58_10' <Predicate = true> <Delay = 0.00> <CoreInst = "TAddSub">   --->   Core 10 'TAddSub' <Latency = 0> <II = 1> <Delay = 0.33> <IPBlock> <Opcode : '' 'add' 'sub'> <InPorts = 3> <OutPorts = 1> <Sync> <CReg>
ST_4 : Operation 78 [1/1] (0.00ns) (grouped into TernaryAdder)   --->   "%add_ln58_11 = add i16 %sext_ln42_5, i16 %trunc_ln42_10" [hls_simple_bds/firmware/nnet_utils/nnet_dense_latency.h:58]   --->   Operation 78 'add' 'add_ln58_11' <Predicate = true> <Delay = 0.00> <CoreInst = "TAddSub">   --->   Core 10 'TAddSub' <Latency = 0> <II = 1> <Delay = 0.33> <IPBlock> <Opcode : '' 'add' 'sub'> <InPorts = 3> <OutPorts = 1> <Sync> <CReg>
ST_4 : Operation 79 [1/1] (0.00ns) (grouped into TernaryAdder)   --->   "%add_ln58_12 = add i16 %trunc_ln42_14, i16 65533" [hls_simple_bds/firmware/nnet_utils/nnet_dense_latency.h:58]   --->   Operation 79 'add' 'add_ln58_12' <Predicate = true> <Delay = 0.00> <CoreInst = "TAddSub">   --->   Core 10 'TAddSub' <Latency = 0> <II = 1> <Delay = 0.33> <IPBlock> <Opcode : '' 'add' 'sub'> <InPorts = 3> <OutPorts = 1> <Sync> <CReg>
ST_4 : Operation 80 [1/1] (0.67ns) (root node of TernaryAdder)   --->   "%add_ln58_13 = add i16 %add_ln58_12, i16 %sext_ln42_6" [hls_simple_bds/firmware/nnet_utils/nnet_dense_latency.h:58]   --->   Operation 80 'add' 'add_ln58_13' <Predicate = true> <Delay = 0.67> <CoreInst = "TAddSub">   --->   Core 10 'TAddSub' <Latency = 0> <II = 1> <Delay = 0.33> <IPBlock> <Opcode : '' 'add' 'sub'> <InPorts = 3> <OutPorts = 1> <Sync> <CReg>
ST_4 : Operation 81 [1/1] (0.67ns) (root node of TernaryAdder)   --->   "%add_ln58_14 = add i16 %add_ln58_13, i16 %add_ln58_11" [hls_simple_bds/firmware/nnet_utils/nnet_dense_latency.h:58]   --->   Operation 81 'add' 'add_ln58_14' <Predicate = true> <Delay = 0.67> <CoreInst = "TAddSub">   --->   Core 10 'TAddSub' <Latency = 0> <II = 1> <Delay = 0.33> <IPBlock> <Opcode : '' 'add' 'sub'> <InPorts = 3> <OutPorts = 1> <Sync> <CReg>
ST_4 : Operation 82 [1/1] (0.67ns) (root node of TernaryAdder)   --->   "%add_ln58_15 = add i16 %add_ln58_14, i16 %add_ln58_10" [hls_simple_bds/firmware/nnet_utils/nnet_dense_latency.h:58]   --->   Operation 82 'add' 'add_ln58_15' <Predicate = true> <Delay = 0.67> <CoreInst = "TAddSub">   --->   Core 10 'TAddSub' <Latency = 0> <II = 1> <Delay = 0.33> <IPBlock> <Opcode : '' 'add' 'sub'> <InPorts = 3> <OutPorts = 1> <Sync> <CReg>
ST_4 : Operation 83 [1/1] (0.00ns)   --->   "%mrv = insertvalue i32 <undef>, i16 %add_ln58_7" [hls_simple_bds/firmware/nnet_utils/nnet_dense_latency.h:68]   --->   Operation 83 'insertvalue' 'mrv' <Predicate = true> <Delay = 0.00>
ST_4 : Operation 84 [1/1] (0.00ns)   --->   "%mrv_1 = insertvalue i32 %mrv, i16 %add_ln58_15" [hls_simple_bds/firmware/nnet_utils/nnet_dense_latency.h:68]   --->   Operation 84 'insertvalue' 'mrv_1' <Predicate = true> <Delay = 0.00>
ST_4 : Operation 85 [1/1] (0.00ns)   --->   "%ret_ln68 = ret i32 %mrv_1" [hls_simple_bds/firmware/nnet_utils/nnet_dense_latency.h:68]   --->   Operation 85 'ret' 'ret_ln68' <Predicate = true> <Delay = 0.00>


============================================================
+ Verbose Summary: Timing violations
============================================================
Target clock period: 10.000ns, clock uncertainty: 2.700ns.

 <State 1>: 2.725ns
The critical path consists of the following:
	wire read operation ('data_1_val_read', hls_simple_bds/firmware/nnet_utils/nnet_dense_latency.h:42) on port 'data_1_val' (hls_simple_bds/firmware/nnet_utils/nnet_dense_latency.h:42) [17]  (0.000 ns)
	'mul' operation 26 bit ('mul_ln42_1', hls_simple_bds/firmware/nnet_utils/nnet_dense_latency.h:42) [25]  (1.940 ns)
	'add' operation 16 bit ('add_ln58', hls_simple_bds/firmware/nnet_utils/nnet_dense_latency.h:58) [71]  (0.785 ns)

 <State 2>: 2.725ns
The critical path consists of the following:
	wire read operation ('data_2_val_read', hls_simple_bds/firmware/nnet_utils/nnet_dense_latency.h:42) on port 'data_2_val' (hls_simple_bds/firmware/nnet_utils/nnet_dense_latency.h:42) [16]  (0.000 ns)
	'mul' operation 26 bit ('mul_ln73_2', hls_simple_bds/firmware/nnet_utils/nnet_mult.h:73->hls_simple_bds/firmware/nnet_utils/nnet_dense_latency.h:42) [34]  (1.940 ns)
	'add' operation 16 bit ('add_ln58_9', hls_simple_bds/firmware/nnet_utils/nnet_dense_latency.h:58) [80]  (0.785 ns)

 <State 3>: 1.940ns
The critical path consists of the following:
	'mul' operation 25 bit ('mul_ln73_4', hls_simple_bds/firmware/nnet_utils/nnet_mult.h:73->hls_simple_bds/firmware/nnet_utils/nnet_dense_latency.h:42) [50]  (1.940 ns)

 <State 4>: 3.965ns
The critical path consists of the following:
	wire read operation ('data_7_val_read', hls_simple_bds/firmware/nnet_utils/nnet_dense_latency.h:42) on port 'data_7_val' (hls_simple_bds/firmware/nnet_utils/nnet_dense_latency.h:42) [11]  (0.000 ns)
	'mul' operation 26 bit ('mul_ln73_8', hls_simple_bds/firmware/nnet_utils/nnet_mult.h:73->hls_simple_bds/firmware/nnet_utils/nnet_dense_latency.h:42) [67]  (1.940 ns)
	'add' operation 16 bit ('add_ln58_4', hls_simple_bds/firmware/nnet_utils/nnet_dense_latency.h:58) [75]  (0.000 ns)
	'add' operation 16 bit ('add_ln58_5', hls_simple_bds/firmware/nnet_utils/nnet_dense_latency.h:58) [76]  (0.675 ns)
	'add' operation 16 bit ('add_ln58_6', hls_simple_bds/firmware/nnet_utils/nnet_dense_latency.h:58) [77]  (0.675 ns)
	'add' operation 16 bit ('add_ln58_7', hls_simple_bds/firmware/nnet_utils/nnet_dense_latency.h:58) [78]  (0.675 ns)


============================================================
+ Verbose Summary: Binding
============================================================
N/A
* FSMD analyzer results:
  - Output states:
 - Input state : 
  - Chain level:
	State 1
	State 2
	State 3
	State 4


============================================================
+ Verbose Summary: Datapath Resource usage 
============================================================
N/A
