

================================================================
== Vitis HLS Report for 'relu_ap_fixed_16_6_5_3_0_ap_fixed_16_6_5_3_0_relu_config3_s'
================================================================
* Date:           Wed Aug  6 12:26:09 2025

* Version:        2023.2 (Build 4023990 on Oct 11 2023)
* Project:        hls_simple_bds_synthesis
* Solution:       solution1 (Vivado IP Flow Target)
* Product family: virtexuplus
* Target device:  xcu250-figd2104-2L-e


================================================================
== Performance Estimates
================================================================
+ Timing: 
    * Summary: 
    +--------+----------+----------+------------+
    |  Clock |  Target  | Estimated| Uncertainty|
    +--------+----------+----------+------------+
    |ap_clk  |  10.00 ns|  1.078 ns|     2.70 ns|
    +--------+----------+----------+------------+

+ Latency: 
    * Summary: 
    +---------+---------+----------+----------+-----+-----+---------+
    |  Latency (cycles) |  Latency (absolute) |  Interval | Pipeline|
    |   min   |   max   |    min   |    max   | min | max |   Type  |
    +---------+---------+----------+----------+-----+-----+---------+
    |        0|        0|      0 ns|      0 ns|    1|    1|      yes|
    +---------+---------+----------+----------+-----+-----+---------+

    + Detail: 
        * Instance: 
        N/A

        * Loop: 
        N/A

============================================================
+ Verbose Summary: Synthesis Manager
============================================================
InlineROM: 1
ExposeGlobal: 0
============================================================
+ Verbose Summary: CDFG Model
============================================================
IsTopModel: 0
ResetActiveHigh: 1
IsCombinational: 0
IsDatapathOnly: 0
HasWiredReturn: 1
HasMFsm: 2
HasVarLatency: 0
IsPipeline: 1
IsRtlPipelined: 0
IsInstanceOverlapped: 0
IsDontTouch: 0
HasImplIP: 0
IsGatedGlobalClock: 0

+ Individual pipeline summary: 
  * Pipeline-0: initiation interval (II) = 1, depth = 1


============================================================
+ Verbose Summary: Schedule
============================================================
* Number of FSM states : 1
* Pipeline : 1
  Pipeline-0 : II = 1, D = 1, States = { 1 }
* Dataflow Pipeline: 0

* FSM state transitions: 
1 --> 

* FSM state operations: 

State 1 <SV = 0> <Delay = 1.07>
ST_1 : Operation 2 [1/1] (0.00ns)   --->   "%data_31_val_read = read i16 @_ssdm_op_Read.ap_auto.i16, i16 %data_31_val" [hls_simple_bds/firmware/nnet_utils/nnet_activation.h:42]   --->   Operation 2 'read' 'data_31_val_read' <Predicate = true> <Delay = 0.00>
ST_1 : Operation 3 [1/1] (0.00ns)   --->   "%data_30_val_read = read i16 @_ssdm_op_Read.ap_auto.i16, i16 %data_30_val" [hls_simple_bds/firmware/nnet_utils/nnet_activation.h:42]   --->   Operation 3 'read' 'data_30_val_read' <Predicate = true> <Delay = 0.00>
ST_1 : Operation 4 [1/1] (0.00ns)   --->   "%data_29_val_read = read i16 @_ssdm_op_Read.ap_auto.i16, i16 %data_29_val" [hls_simple_bds/firmware/nnet_utils/nnet_activation.h:42]   --->   Operation 4 'read' 'data_29_val_read' <Predicate = true> <Delay = 0.00>
ST_1 : Operation 5 [1/1] (0.00ns)   --->   "%data_28_val_read = read i16 @_ssdm_op_Read.ap_auto.i16, i16 %data_28_val" [hls_simple_bds/firmware/nnet_utils/nnet_activation.h:42]   --->   Operation 5 'read' 'data_28_val_read' <Predicate = true> <Delay = 0.00>
ST_1 : Operation 6 [1/1] (0.00ns)   --->   "%data_27_val_read = read i16 @_ssdm_op_Read.ap_auto.i16, i16 %data_27_val" [hls_simple_bds/firmware/nnet_utils/nnet_activation.h:42]   --->   Operation 6 'read' 'data_27_val_read' <Predicate = true> <Delay = 0.00>
ST_1 : Operation 7 [1/1] (0.00ns)   --->   "%data_26_val_read = read i16 @_ssdm_op_Read.ap_auto.i16, i16 %data_26_val" [hls_simple_bds/firmware/nnet_utils/nnet_activation.h:42]   --->   Operation 7 'read' 'data_26_val_read' <Predicate = true> <Delay = 0.00>
ST_1 : Operation 8 [1/1] (0.00ns)   --->   "%data_25_val_read = read i16 @_ssdm_op_Read.ap_auto.i16, i16 %data_25_val" [hls_simple_bds/firmware/nnet_utils/nnet_activation.h:42]   --->   Operation 8 'read' 'data_25_val_read' <Predicate = true> <Delay = 0.00>
ST_1 : Operation 9 [1/1] (0.00ns)   --->   "%data_24_val_read = read i16 @_ssdm_op_Read.ap_auto.i16, i16 %data_24_val" [hls_simple_bds/firmware/nnet_utils/nnet_activation.h:42]   --->   Operation 9 'read' 'data_24_val_read' <Predicate = true> <Delay = 0.00>
ST_1 : Operation 10 [1/1] (0.00ns)   --->   "%data_23_val_read = read i16 @_ssdm_op_Read.ap_auto.i16, i16 %data_23_val" [hls_simple_bds/firmware/nnet_utils/nnet_activation.h:42]   --->   Operation 10 'read' 'data_23_val_read' <Predicate = true> <Delay = 0.00>
ST_1 : Operation 11 [1/1] (0.00ns)   --->   "%data_22_val_read = read i16 @_ssdm_op_Read.ap_auto.i16, i16 %data_22_val" [hls_simple_bds/firmware/nnet_utils/nnet_activation.h:42]   --->   Operation 11 'read' 'data_22_val_read' <Predicate = true> <Delay = 0.00>
ST_1 : Operation 12 [1/1] (0.00ns)   --->   "%data_21_val_read = read i16 @_ssdm_op_Read.ap_auto.i16, i16 %data_21_val" [hls_simple_bds/firmware/nnet_utils/nnet_activation.h:42]   --->   Operation 12 'read' 'data_21_val_read' <Predicate = true> <Delay = 0.00>
ST_1 : Operation 13 [1/1] (0.00ns)   --->   "%data_20_val_read = read i16 @_ssdm_op_Read.ap_auto.i16, i16 %data_20_val" [hls_simple_bds/firmware/nnet_utils/nnet_activation.h:42]   --->   Operation 13 'read' 'data_20_val_read' <Predicate = true> <Delay = 0.00>
ST_1 : Operation 14 [1/1] (0.00ns)   --->   "%data_19_val_read = read i16 @_ssdm_op_Read.ap_auto.i16, i16 %data_19_val" [hls_simple_bds/firmware/nnet_utils/nnet_activation.h:42]   --->   Operation 14 'read' 'data_19_val_read' <Predicate = true> <Delay = 0.00>
ST_1 : Operation 15 [1/1] (0.00ns)   --->   "%data_18_val_read = read i16 @_ssdm_op_Read.ap_auto.i16, i16 %data_18_val" [hls_simple_bds/firmware/nnet_utils/nnet_activation.h:42]   --->   Operation 15 'read' 'data_18_val_read' <Predicate = true> <Delay = 0.00>
ST_1 : Operation 16 [1/1] (0.00ns)   --->   "%data_17_val_read = read i16 @_ssdm_op_Read.ap_auto.i16, i16 %data_17_val" [hls_simple_bds/firmware/nnet_utils/nnet_activation.h:42]   --->   Operation 16 'read' 'data_17_val_read' <Predicate = true> <Delay = 0.00>
ST_1 : Operation 17 [1/1] (0.00ns)   --->   "%data_16_val_read = read i16 @_ssdm_op_Read.ap_auto.i16, i16 %data_16_val" [hls_simple_bds/firmware/nnet_utils/nnet_activation.h:42]   --->   Operation 17 'read' 'data_16_val_read' <Predicate = true> <Delay = 0.00>
ST_1 : Operation 18 [1/1] (0.00ns)   --->   "%data_15_val_read = read i16 @_ssdm_op_Read.ap_auto.i16, i16 %data_15_val" [hls_simple_bds/firmware/nnet_utils/nnet_activation.h:42]   --->   Operation 18 'read' 'data_15_val_read' <Predicate = true> <Delay = 0.00>
ST_1 : Operation 19 [1/1] (0.00ns)   --->   "%data_14_val_read = read i16 @_ssdm_op_Read.ap_auto.i16, i16 %data_14_val" [hls_simple_bds/firmware/nnet_utils/nnet_activation.h:42]   --->   Operation 19 'read' 'data_14_val_read' <Predicate = true> <Delay = 0.00>
ST_1 : Operation 20 [1/1] (0.00ns)   --->   "%data_13_val_read = read i16 @_ssdm_op_Read.ap_auto.i16, i16 %data_13_val" [hls_simple_bds/firmware/nnet_utils/nnet_activation.h:42]   --->   Operation 20 'read' 'data_13_val_read' <Predicate = true> <Delay = 0.00>
ST_1 : Operation 21 [1/1] (0.00ns)   --->   "%data_12_val_read = read i16 @_ssdm_op_Read.ap_auto.i16, i16 %data_12_val" [hls_simple_bds/firmware/nnet_utils/nnet_activation.h:42]   --->   Operation 21 'read' 'data_12_val_read' <Predicate = true> <Delay = 0.00>
ST_1 : Operation 22 [1/1] (0.00ns)   --->   "%data_11_val_read = read i16 @_ssdm_op_Read.ap_auto.i16, i16 %data_11_val" [hls_simple_bds/firmware/nnet_utils/nnet_activation.h:42]   --->   Operation 22 'read' 'data_11_val_read' <Predicate = true> <Delay = 0.00>
ST_1 : Operation 23 [1/1] (0.00ns)   --->   "%data_10_val_read = read i16 @_ssdm_op_Read.ap_auto.i16, i16 %data_10_val" [hls_simple_bds/firmware/nnet_utils/nnet_activation.h:42]   --->   Operation 23 'read' 'data_10_val_read' <Predicate = true> <Delay = 0.00>
ST_1 : Operation 24 [1/1] (0.00ns)   --->   "%data_9_val_read = read i16 @_ssdm_op_Read.ap_auto.i16, i16 %data_9_val" [hls_simple_bds/firmware/nnet_utils/nnet_activation.h:42]   --->   Operation 24 'read' 'data_9_val_read' <Predicate = true> <Delay = 0.00>
ST_1 : Operation 25 [1/1] (0.00ns)   --->   "%data_8_val_read = read i16 @_ssdm_op_Read.ap_auto.i16, i16 %data_8_val" [hls_simple_bds/firmware/nnet_utils/nnet_activation.h:42]   --->   Operation 25 'read' 'data_8_val_read' <Predicate = true> <Delay = 0.00>
ST_1 : Operation 26 [1/1] (0.00ns)   --->   "%data_7_val_read = read i16 @_ssdm_op_Read.ap_auto.i16, i16 %data_7_val" [hls_simple_bds/firmware/nnet_utils/nnet_activation.h:42]   --->   Operation 26 'read' 'data_7_val_read' <Predicate = true> <Delay = 0.00>
ST_1 : Operation 27 [1/1] (0.00ns)   --->   "%data_6_val_read = read i16 @_ssdm_op_Read.ap_auto.i16, i16 %data_6_val" [hls_simple_bds/firmware/nnet_utils/nnet_activation.h:42]   --->   Operation 27 'read' 'data_6_val_read' <Predicate = true> <Delay = 0.00>
ST_1 : Operation 28 [1/1] (0.00ns)   --->   "%data_5_val_read = read i16 @_ssdm_op_Read.ap_auto.i16, i16 %data_5_val" [hls_simple_bds/firmware/nnet_utils/nnet_activation.h:42]   --->   Operation 28 'read' 'data_5_val_read' <Predicate = true> <Delay = 0.00>
ST_1 : Operation 29 [1/1] (0.00ns)   --->   "%data_4_val_read = read i16 @_ssdm_op_Read.ap_auto.i16, i16 %data_4_val" [hls_simple_bds/firmware/nnet_utils/nnet_activation.h:42]   --->   Operation 29 'read' 'data_4_val_read' <Predicate = true> <Delay = 0.00>
ST_1 : Operation 30 [1/1] (0.00ns)   --->   "%data_3_val_read = read i16 @_ssdm_op_Read.ap_auto.i16, i16 %data_3_val" [hls_simple_bds/firmware/nnet_utils/nnet_activation.h:42]   --->   Operation 30 'read' 'data_3_val_read' <Predicate = true> <Delay = 0.00>
ST_1 : Operation 31 [1/1] (0.00ns)   --->   "%data_2_val_read = read i16 @_ssdm_op_Read.ap_auto.i16, i16 %data_2_val" [hls_simple_bds/firmware/nnet_utils/nnet_activation.h:42]   --->   Operation 31 'read' 'data_2_val_read' <Predicate = true> <Delay = 0.00>
ST_1 : Operation 32 [1/1] (0.00ns)   --->   "%data_1_val_read = read i16 @_ssdm_op_Read.ap_auto.i16, i16 %data_1_val" [hls_simple_bds/firmware/nnet_utils/nnet_activation.h:42]   --->   Operation 32 'read' 'data_1_val_read' <Predicate = true> <Delay = 0.00>
ST_1 : Operation 33 [1/1] (0.00ns)   --->   "%data_0_val_read = read i16 @_ssdm_op_Read.ap_auto.i16, i16 %data_0_val" [hls_simple_bds/firmware/nnet_utils/nnet_activation.h:42]   --->   Operation 33 'read' 'data_0_val_read' <Predicate = true> <Delay = 0.00>
ST_1 : Operation 34 [1/1] (0.00ns)   --->   "%trunc_ln42 = trunc i16 %data_31_val_read" [hls_simple_bds/firmware/nnet_utils/nnet_activation.h:42]   --->   Operation 34 'trunc' 'trunc_ln42' <Predicate = (icmp_ln45_53)> <Delay = 0.00>
ST_1 : Operation 35 [1/1] (0.00ns)   --->   "%trunc_ln42_23 = trunc i16 %data_30_val_read" [hls_simple_bds/firmware/nnet_utils/nnet_activation.h:42]   --->   Operation 35 'trunc' 'trunc_ln42_23' <Predicate = (icmp_ln45_52)> <Delay = 0.00>
ST_1 : Operation 36 [1/1] (0.00ns)   --->   "%trunc_ln42_24 = trunc i16 %data_29_val_read" [hls_simple_bds/firmware/nnet_utils/nnet_activation.h:42]   --->   Operation 36 'trunc' 'trunc_ln42_24' <Predicate = (icmp_ln45_51)> <Delay = 0.00>
ST_1 : Operation 37 [1/1] (0.00ns)   --->   "%trunc_ln42_25 = trunc i16 %data_28_val_read" [hls_simple_bds/firmware/nnet_utils/nnet_activation.h:42]   --->   Operation 37 'trunc' 'trunc_ln42_25' <Predicate = (icmp_ln45_50)> <Delay = 0.00>
ST_1 : Operation 38 [1/1] (0.00ns)   --->   "%trunc_ln42_26 = trunc i16 %data_27_val_read" [hls_simple_bds/firmware/nnet_utils/nnet_activation.h:42]   --->   Operation 38 'trunc' 'trunc_ln42_26' <Predicate = (icmp_ln45_49)> <Delay = 0.00>
ST_1 : Operation 39 [1/1] (0.00ns)   --->   "%trunc_ln42_27 = trunc i16 %data_26_val_read" [hls_simple_bds/firmware/nnet_utils/nnet_activation.h:42]   --->   Operation 39 'trunc' 'trunc_ln42_27' <Predicate = (icmp_ln45_48)> <Delay = 0.00>
ST_1 : Operation 40 [1/1] (0.00ns)   --->   "%trunc_ln42_28 = trunc i16 %data_25_val_read" [hls_simple_bds/firmware/nnet_utils/nnet_activation.h:42]   --->   Operation 40 'trunc' 'trunc_ln42_28' <Predicate = (icmp_ln45_47)> <Delay = 0.00>
ST_1 : Operation 41 [1/1] (0.00ns)   --->   "%trunc_ln42_29 = trunc i16 %data_24_val_read" [hls_simple_bds/firmware/nnet_utils/nnet_activation.h:42]   --->   Operation 41 'trunc' 'trunc_ln42_29' <Predicate = (icmp_ln45_46)> <Delay = 0.00>
ST_1 : Operation 42 [1/1] (0.00ns)   --->   "%trunc_ln42_30 = trunc i16 %data_23_val_read" [hls_simple_bds/firmware/nnet_utils/nnet_activation.h:42]   --->   Operation 42 'trunc' 'trunc_ln42_30' <Predicate = (icmp_ln45_45)> <Delay = 0.00>
ST_1 : Operation 43 [1/1] (0.00ns)   --->   "%trunc_ln42_31 = trunc i16 %data_22_val_read" [hls_simple_bds/firmware/nnet_utils/nnet_activation.h:42]   --->   Operation 43 'trunc' 'trunc_ln42_31' <Predicate = (icmp_ln45_44)> <Delay = 0.00>
ST_1 : Operation 44 [1/1] (0.00ns)   --->   "%trunc_ln42_32 = trunc i16 %data_21_val_read" [hls_simple_bds/firmware/nnet_utils/nnet_activation.h:42]   --->   Operation 44 'trunc' 'trunc_ln42_32' <Predicate = (icmp_ln45_43)> <Delay = 0.00>
ST_1 : Operation 45 [1/1] (0.00ns)   --->   "%trunc_ln42_33 = trunc i16 %data_20_val_read" [hls_simple_bds/firmware/nnet_utils/nnet_activation.h:42]   --->   Operation 45 'trunc' 'trunc_ln42_33' <Predicate = (icmp_ln45_42)> <Delay = 0.00>
ST_1 : Operation 46 [1/1] (0.00ns)   --->   "%trunc_ln42_34 = trunc i16 %data_19_val_read" [hls_simple_bds/firmware/nnet_utils/nnet_activation.h:42]   --->   Operation 46 'trunc' 'trunc_ln42_34' <Predicate = (icmp_ln45_41)> <Delay = 0.00>
ST_1 : Operation 47 [1/1] (0.00ns)   --->   "%trunc_ln42_35 = trunc i16 %data_18_val_read" [hls_simple_bds/firmware/nnet_utils/nnet_activation.h:42]   --->   Operation 47 'trunc' 'trunc_ln42_35' <Predicate = (icmp_ln45_40)> <Delay = 0.00>
ST_1 : Operation 48 [1/1] (0.00ns)   --->   "%trunc_ln42_36 = trunc i16 %data_17_val_read" [hls_simple_bds/firmware/nnet_utils/nnet_activation.h:42]   --->   Operation 48 'trunc' 'trunc_ln42_36' <Predicate = (icmp_ln45_39)> <Delay = 0.00>
ST_1 : Operation 49 [1/1] (0.00ns)   --->   "%trunc_ln42_37 = trunc i16 %data_16_val_read" [hls_simple_bds/firmware/nnet_utils/nnet_activation.h:42]   --->   Operation 49 'trunc' 'trunc_ln42_37' <Predicate = (icmp_ln45_38)> <Delay = 0.00>
ST_1 : Operation 50 [1/1] (0.00ns)   --->   "%trunc_ln42_38 = trunc i16 %data_15_val_read" [hls_simple_bds/firmware/nnet_utils/nnet_activation.h:42]   --->   Operation 50 'trunc' 'trunc_ln42_38' <Predicate = (icmp_ln45_37)> <Delay = 0.00>
ST_1 : Operation 51 [1/1] (0.00ns)   --->   "%trunc_ln42_39 = trunc i16 %data_14_val_read" [hls_simple_bds/firmware/nnet_utils/nnet_activation.h:42]   --->   Operation 51 'trunc' 'trunc_ln42_39' <Predicate = (icmp_ln45_36)> <Delay = 0.00>
ST_1 : Operation 52 [1/1] (0.00ns)   --->   "%trunc_ln42_40 = trunc i16 %data_13_val_read" [hls_simple_bds/firmware/nnet_utils/nnet_activation.h:42]   --->   Operation 52 'trunc' 'trunc_ln42_40' <Predicate = (icmp_ln45_35)> <Delay = 0.00>
ST_1 : Operation 53 [1/1] (0.00ns)   --->   "%trunc_ln42_41 = trunc i16 %data_12_val_read" [hls_simple_bds/firmware/nnet_utils/nnet_activation.h:42]   --->   Operation 53 'trunc' 'trunc_ln42_41' <Predicate = (icmp_ln45_34)> <Delay = 0.00>
ST_1 : Operation 54 [1/1] (0.00ns)   --->   "%trunc_ln42_42 = trunc i16 %data_11_val_read" [hls_simple_bds/firmware/nnet_utils/nnet_activation.h:42]   --->   Operation 54 'trunc' 'trunc_ln42_42' <Predicate = (icmp_ln45_33)> <Delay = 0.00>
ST_1 : Operation 55 [1/1] (0.00ns)   --->   "%trunc_ln42_43 = trunc i16 %data_10_val_read" [hls_simple_bds/firmware/nnet_utils/nnet_activation.h:42]   --->   Operation 55 'trunc' 'trunc_ln42_43' <Predicate = (icmp_ln45_32)> <Delay = 0.00>
ST_1 : Operation 56 [1/1] (0.00ns)   --->   "%trunc_ln42_44 = trunc i16 %data_9_val_read" [hls_simple_bds/firmware/nnet_utils/nnet_activation.h:42]   --->   Operation 56 'trunc' 'trunc_ln42_44' <Predicate = (icmp_ln45_31)> <Delay = 0.00>
ST_1 : Operation 57 [1/1] (0.00ns)   --->   "%trunc_ln42_45 = trunc i16 %data_8_val_read" [hls_simple_bds/firmware/nnet_utils/nnet_activation.h:42]   --->   Operation 57 'trunc' 'trunc_ln42_45' <Predicate = (icmp_ln45_30)> <Delay = 0.00>
ST_1 : Operation 58 [1/1] (0.00ns)   --->   "%trunc_ln42_46 = trunc i16 %data_7_val_read" [hls_simple_bds/firmware/nnet_utils/nnet_activation.h:42]   --->   Operation 58 'trunc' 'trunc_ln42_46' <Predicate = (icmp_ln45_29)> <Delay = 0.00>
ST_1 : Operation 59 [1/1] (0.00ns)   --->   "%trunc_ln42_47 = trunc i16 %data_6_val_read" [hls_simple_bds/firmware/nnet_utils/nnet_activation.h:42]   --->   Operation 59 'trunc' 'trunc_ln42_47' <Predicate = (icmp_ln45_28)> <Delay = 0.00>
ST_1 : Operation 60 [1/1] (0.00ns)   --->   "%trunc_ln42_48 = trunc i16 %data_5_val_read" [hls_simple_bds/firmware/nnet_utils/nnet_activation.h:42]   --->   Operation 60 'trunc' 'trunc_ln42_48' <Predicate = (icmp_ln45_27)> <Delay = 0.00>
ST_1 : Operation 61 [1/1] (0.00ns)   --->   "%trunc_ln42_49 = trunc i16 %data_4_val_read" [hls_simple_bds/firmware/nnet_utils/nnet_activation.h:42]   --->   Operation 61 'trunc' 'trunc_ln42_49' <Predicate = (icmp_ln45_26)> <Delay = 0.00>
ST_1 : Operation 62 [1/1] (0.00ns)   --->   "%trunc_ln42_50 = trunc i16 %data_3_val_read" [hls_simple_bds/firmware/nnet_utils/nnet_activation.h:42]   --->   Operation 62 'trunc' 'trunc_ln42_50' <Predicate = (icmp_ln45_25)> <Delay = 0.00>
ST_1 : Operation 63 [1/1] (0.00ns)   --->   "%trunc_ln42_51 = trunc i16 %data_2_val_read" [hls_simple_bds/firmware/nnet_utils/nnet_activation.h:42]   --->   Operation 63 'trunc' 'trunc_ln42_51' <Predicate = (icmp_ln45_24)> <Delay = 0.00>
ST_1 : Operation 64 [1/1] (0.00ns)   --->   "%trunc_ln42_52 = trunc i16 %data_1_val_read" [hls_simple_bds/firmware/nnet_utils/nnet_activation.h:42]   --->   Operation 64 'trunc' 'trunc_ln42_52' <Predicate = (icmp_ln45_23)> <Delay = 0.00>
ST_1 : Operation 65 [1/1] (0.00ns)   --->   "%trunc_ln42_53 = trunc i16 %data_0_val_read" [hls_simple_bds/firmware/nnet_utils/nnet_activation.h:42]   --->   Operation 65 'trunc' 'trunc_ln42_53' <Predicate = (icmp_ln45)> <Delay = 0.00>
ST_1 : Operation 66 [1/1] (0.00ns)   --->   "%specpipeline_ln42 = specpipeline void @_ssdm_op_SpecPipeline, i32 4294967295, i32 0, i32 0, i32 0, void @empty_0" [hls_simple_bds/firmware/nnet_utils/nnet_activation.h:42]   --->   Operation 66 'specpipeline' 'specpipeline_ln42' <Predicate = true> <Delay = 0.00>
ST_1 : Operation 67 [1/1] (0.78ns)   --->   "%icmp_ln45 = icmp_sgt  i16 %data_0_val_read, i16 0" [hls_simple_bds/firmware/nnet_utils/nnet_activation.h:45]   --->   Operation 67 'icmp' 'icmp_ln45' <Predicate = true> <Delay = 0.78> <CoreInst = "Cmp">   --->   Core 9 'Cmp' <Latency = 0> <II = 1> <Delay = 0.78> <FuncUnit> <Opcode : 'icmp'> <InPorts = 2> <OutPorts = 1>
ST_1 : Operation 68 [1/1] (0.29ns)   --->   "%datareg = select i1 %icmp_ln45, i15 %trunc_ln42_53, i15 0" [hls_simple_bds/firmware/nnet_utils/nnet_activation.h:45]   --->   Operation 68 'select' 'datareg' <Predicate = true> <Delay = 0.29> <CoreInst = "Sel">   --->   Core 73 'Sel' <Latency = 0> <II = 1> <Delay = 0.29> <FuncUnit> <Opcode : 'select'> <InPorts = 3> <OutPorts = 1>
ST_1 : Operation 69 [1/1] (0.00ns)   --->   "%zext_ln45 = zext i15 %datareg" [hls_simple_bds/firmware/nnet_utils/nnet_activation.h:45]   --->   Operation 69 'zext' 'zext_ln45' <Predicate = true> <Delay = 0.00>
ST_1 : Operation 70 [1/1] (0.78ns)   --->   "%icmp_ln45_23 = icmp_sgt  i16 %data_1_val_read, i16 0" [hls_simple_bds/firmware/nnet_utils/nnet_activation.h:45]   --->   Operation 70 'icmp' 'icmp_ln45_23' <Predicate = true> <Delay = 0.78> <CoreInst = "Cmp">   --->   Core 9 'Cmp' <Latency = 0> <II = 1> <Delay = 0.78> <FuncUnit> <Opcode : 'icmp'> <InPorts = 2> <OutPorts = 1>
ST_1 : Operation 71 [1/1] (0.29ns)   --->   "%datareg_23 = select i1 %icmp_ln45_23, i15 %trunc_ln42_52, i15 0" [hls_simple_bds/firmware/nnet_utils/nnet_activation.h:45]   --->   Operation 71 'select' 'datareg_23' <Predicate = true> <Delay = 0.29> <CoreInst = "Sel">   --->   Core 73 'Sel' <Latency = 0> <II = 1> <Delay = 0.29> <FuncUnit> <Opcode : 'select'> <InPorts = 3> <OutPorts = 1>
ST_1 : Operation 72 [1/1] (0.00ns)   --->   "%zext_ln45_23 = zext i15 %datareg_23" [hls_simple_bds/firmware/nnet_utils/nnet_activation.h:45]   --->   Operation 72 'zext' 'zext_ln45_23' <Predicate = true> <Delay = 0.00>
ST_1 : Operation 73 [1/1] (0.78ns)   --->   "%icmp_ln45_24 = icmp_sgt  i16 %data_2_val_read, i16 0" [hls_simple_bds/firmware/nnet_utils/nnet_activation.h:45]   --->   Operation 73 'icmp' 'icmp_ln45_24' <Predicate = true> <Delay = 0.78> <CoreInst = "Cmp">   --->   Core 9 'Cmp' <Latency = 0> <II = 1> <Delay = 0.78> <FuncUnit> <Opcode : 'icmp'> <InPorts = 2> <OutPorts = 1>
ST_1 : Operation 74 [1/1] (0.29ns)   --->   "%datareg_24 = select i1 %icmp_ln45_24, i15 %trunc_ln42_51, i15 0" [hls_simple_bds/firmware/nnet_utils/nnet_activation.h:45]   --->   Operation 74 'select' 'datareg_24' <Predicate = true> <Delay = 0.29> <CoreInst = "Sel">   --->   Core 73 'Sel' <Latency = 0> <II = 1> <Delay = 0.29> <FuncUnit> <Opcode : 'select'> <InPorts = 3> <OutPorts = 1>
ST_1 : Operation 75 [1/1] (0.00ns)   --->   "%zext_ln45_24 = zext i15 %datareg_24" [hls_simple_bds/firmware/nnet_utils/nnet_activation.h:45]   --->   Operation 75 'zext' 'zext_ln45_24' <Predicate = true> <Delay = 0.00>
ST_1 : Operation 76 [1/1] (0.78ns)   --->   "%icmp_ln45_25 = icmp_sgt  i16 %data_3_val_read, i16 0" [hls_simple_bds/firmware/nnet_utils/nnet_activation.h:45]   --->   Operation 76 'icmp' 'icmp_ln45_25' <Predicate = true> <Delay = 0.78> <CoreInst = "Cmp">   --->   Core 9 'Cmp' <Latency = 0> <II = 1> <Delay = 0.78> <FuncUnit> <Opcode : 'icmp'> <InPorts = 2> <OutPorts = 1>
ST_1 : Operation 77 [1/1] (0.29ns)   --->   "%datareg_25 = select i1 %icmp_ln45_25, i15 %trunc_ln42_50, i15 0" [hls_simple_bds/firmware/nnet_utils/nnet_activation.h:45]   --->   Operation 77 'select' 'datareg_25' <Predicate = true> <Delay = 0.29> <CoreInst = "Sel">   --->   Core 73 'Sel' <Latency = 0> <II = 1> <Delay = 0.29> <FuncUnit> <Opcode : 'select'> <InPorts = 3> <OutPorts = 1>
ST_1 : Operation 78 [1/1] (0.00ns)   --->   "%zext_ln45_25 = zext i15 %datareg_25" [hls_simple_bds/firmware/nnet_utils/nnet_activation.h:45]   --->   Operation 78 'zext' 'zext_ln45_25' <Predicate = true> <Delay = 0.00>
ST_1 : Operation 79 [1/1] (0.78ns)   --->   "%icmp_ln45_26 = icmp_sgt  i16 %data_4_val_read, i16 0" [hls_simple_bds/firmware/nnet_utils/nnet_activation.h:45]   --->   Operation 79 'icmp' 'icmp_ln45_26' <Predicate = true> <Delay = 0.78> <CoreInst = "Cmp">   --->   Core 9 'Cmp' <Latency = 0> <II = 1> <Delay = 0.78> <FuncUnit> <Opcode : 'icmp'> <InPorts = 2> <OutPorts = 1>
ST_1 : Operation 80 [1/1] (0.29ns)   --->   "%datareg_26 = select i1 %icmp_ln45_26, i15 %trunc_ln42_49, i15 0" [hls_simple_bds/firmware/nnet_utils/nnet_activation.h:45]   --->   Operation 80 'select' 'datareg_26' <Predicate = true> <Delay = 0.29> <CoreInst = "Sel">   --->   Core 73 'Sel' <Latency = 0> <II = 1> <Delay = 0.29> <FuncUnit> <Opcode : 'select'> <InPorts = 3> <OutPorts = 1>
ST_1 : Operation 81 [1/1] (0.00ns)   --->   "%zext_ln45_26 = zext i15 %datareg_26" [hls_simple_bds/firmware/nnet_utils/nnet_activation.h:45]   --->   Operation 81 'zext' 'zext_ln45_26' <Predicate = true> <Delay = 0.00>
ST_1 : Operation 82 [1/1] (0.78ns)   --->   "%icmp_ln45_27 = icmp_sgt  i16 %data_5_val_read, i16 0" [hls_simple_bds/firmware/nnet_utils/nnet_activation.h:45]   --->   Operation 82 'icmp' 'icmp_ln45_27' <Predicate = true> <Delay = 0.78> <CoreInst = "Cmp">   --->   Core 9 'Cmp' <Latency = 0> <II = 1> <Delay = 0.78> <FuncUnit> <Opcode : 'icmp'> <InPorts = 2> <OutPorts = 1>
ST_1 : Operation 83 [1/1] (0.29ns)   --->   "%datareg_27 = select i1 %icmp_ln45_27, i15 %trunc_ln42_48, i15 0" [hls_simple_bds/firmware/nnet_utils/nnet_activation.h:45]   --->   Operation 83 'select' 'datareg_27' <Predicate = true> <Delay = 0.29> <CoreInst = "Sel">   --->   Core 73 'Sel' <Latency = 0> <II = 1> <Delay = 0.29> <FuncUnit> <Opcode : 'select'> <InPorts = 3> <OutPorts = 1>
ST_1 : Operation 84 [1/1] (0.00ns)   --->   "%zext_ln45_27 = zext i15 %datareg_27" [hls_simple_bds/firmware/nnet_utils/nnet_activation.h:45]   --->   Operation 84 'zext' 'zext_ln45_27' <Predicate = true> <Delay = 0.00>
ST_1 : Operation 85 [1/1] (0.78ns)   --->   "%icmp_ln45_28 = icmp_sgt  i16 %data_6_val_read, i16 0" [hls_simple_bds/firmware/nnet_utils/nnet_activation.h:45]   --->   Operation 85 'icmp' 'icmp_ln45_28' <Predicate = true> <Delay = 0.78> <CoreInst = "Cmp">   --->   Core 9 'Cmp' <Latency = 0> <II = 1> <Delay = 0.78> <FuncUnit> <Opcode : 'icmp'> <InPorts = 2> <OutPorts = 1>
ST_1 : Operation 86 [1/1] (0.29ns)   --->   "%datareg_28 = select i1 %icmp_ln45_28, i15 %trunc_ln42_47, i15 0" [hls_simple_bds/firmware/nnet_utils/nnet_activation.h:45]   --->   Operation 86 'select' 'datareg_28' <Predicate = true> <Delay = 0.29> <CoreInst = "Sel">   --->   Core 73 'Sel' <Latency = 0> <II = 1> <Delay = 0.29> <FuncUnit> <Opcode : 'select'> <InPorts = 3> <OutPorts = 1>
ST_1 : Operation 87 [1/1] (0.00ns)   --->   "%zext_ln45_28 = zext i15 %datareg_28" [hls_simple_bds/firmware/nnet_utils/nnet_activation.h:45]   --->   Operation 87 'zext' 'zext_ln45_28' <Predicate = true> <Delay = 0.00>
ST_1 : Operation 88 [1/1] (0.78ns)   --->   "%icmp_ln45_29 = icmp_sgt  i16 %data_7_val_read, i16 0" [hls_simple_bds/firmware/nnet_utils/nnet_activation.h:45]   --->   Operation 88 'icmp' 'icmp_ln45_29' <Predicate = true> <Delay = 0.78> <CoreInst = "Cmp">   --->   Core 9 'Cmp' <Latency = 0> <II = 1> <Delay = 0.78> <FuncUnit> <Opcode : 'icmp'> <InPorts = 2> <OutPorts = 1>
ST_1 : Operation 89 [1/1] (0.29ns)   --->   "%datareg_29 = select i1 %icmp_ln45_29, i15 %trunc_ln42_46, i15 0" [hls_simple_bds/firmware/nnet_utils/nnet_activation.h:45]   --->   Operation 89 'select' 'datareg_29' <Predicate = true> <Delay = 0.29> <CoreInst = "Sel">   --->   Core 73 'Sel' <Latency = 0> <II = 1> <Delay = 0.29> <FuncUnit> <Opcode : 'select'> <InPorts = 3> <OutPorts = 1>
ST_1 : Operation 90 [1/1] (0.00ns)   --->   "%zext_ln45_29 = zext i15 %datareg_29" [hls_simple_bds/firmware/nnet_utils/nnet_activation.h:45]   --->   Operation 90 'zext' 'zext_ln45_29' <Predicate = true> <Delay = 0.00>
ST_1 : Operation 91 [1/1] (0.78ns)   --->   "%icmp_ln45_30 = icmp_sgt  i16 %data_8_val_read, i16 0" [hls_simple_bds/firmware/nnet_utils/nnet_activation.h:45]   --->   Operation 91 'icmp' 'icmp_ln45_30' <Predicate = true> <Delay = 0.78> <CoreInst = "Cmp">   --->   Core 9 'Cmp' <Latency = 0> <II = 1> <Delay = 0.78> <FuncUnit> <Opcode : 'icmp'> <InPorts = 2> <OutPorts = 1>
ST_1 : Operation 92 [1/1] (0.29ns)   --->   "%datareg_30 = select i1 %icmp_ln45_30, i15 %trunc_ln42_45, i15 0" [hls_simple_bds/firmware/nnet_utils/nnet_activation.h:45]   --->   Operation 92 'select' 'datareg_30' <Predicate = true> <Delay = 0.29> <CoreInst = "Sel">   --->   Core 73 'Sel' <Latency = 0> <II = 1> <Delay = 0.29> <FuncUnit> <Opcode : 'select'> <InPorts = 3> <OutPorts = 1>
ST_1 : Operation 93 [1/1] (0.00ns)   --->   "%zext_ln45_30 = zext i15 %datareg_30" [hls_simple_bds/firmware/nnet_utils/nnet_activation.h:45]   --->   Operation 93 'zext' 'zext_ln45_30' <Predicate = true> <Delay = 0.00>
ST_1 : Operation 94 [1/1] (0.78ns)   --->   "%icmp_ln45_31 = icmp_sgt  i16 %data_9_val_read, i16 0" [hls_simple_bds/firmware/nnet_utils/nnet_activation.h:45]   --->   Operation 94 'icmp' 'icmp_ln45_31' <Predicate = true> <Delay = 0.78> <CoreInst = "Cmp">   --->   Core 9 'Cmp' <Latency = 0> <II = 1> <Delay = 0.78> <FuncUnit> <Opcode : 'icmp'> <InPorts = 2> <OutPorts = 1>
ST_1 : Operation 95 [1/1] (0.29ns)   --->   "%datareg_31 = select i1 %icmp_ln45_31, i15 %trunc_ln42_44, i15 0" [hls_simple_bds/firmware/nnet_utils/nnet_activation.h:45]   --->   Operation 95 'select' 'datareg_31' <Predicate = true> <Delay = 0.29> <CoreInst = "Sel">   --->   Core 73 'Sel' <Latency = 0> <II = 1> <Delay = 0.29> <FuncUnit> <Opcode : 'select'> <InPorts = 3> <OutPorts = 1>
ST_1 : Operation 96 [1/1] (0.00ns)   --->   "%zext_ln45_31 = zext i15 %datareg_31" [hls_simple_bds/firmware/nnet_utils/nnet_activation.h:45]   --->   Operation 96 'zext' 'zext_ln45_31' <Predicate = true> <Delay = 0.00>
ST_1 : Operation 97 [1/1] (0.78ns)   --->   "%icmp_ln45_32 = icmp_sgt  i16 %data_10_val_read, i16 0" [hls_simple_bds/firmware/nnet_utils/nnet_activation.h:45]   --->   Operation 97 'icmp' 'icmp_ln45_32' <Predicate = true> <Delay = 0.78> <CoreInst = "Cmp">   --->   Core 9 'Cmp' <Latency = 0> <II = 1> <Delay = 0.78> <FuncUnit> <Opcode : 'icmp'> <InPorts = 2> <OutPorts = 1>
ST_1 : Operation 98 [1/1] (0.29ns)   --->   "%datareg_32 = select i1 %icmp_ln45_32, i15 %trunc_ln42_43, i15 0" [hls_simple_bds/firmware/nnet_utils/nnet_activation.h:45]   --->   Operation 98 'select' 'datareg_32' <Predicate = true> <Delay = 0.29> <CoreInst = "Sel">   --->   Core 73 'Sel' <Latency = 0> <II = 1> <Delay = 0.29> <FuncUnit> <Opcode : 'select'> <InPorts = 3> <OutPorts = 1>
ST_1 : Operation 99 [1/1] (0.00ns)   --->   "%zext_ln45_32 = zext i15 %datareg_32" [hls_simple_bds/firmware/nnet_utils/nnet_activation.h:45]   --->   Operation 99 'zext' 'zext_ln45_32' <Predicate = true> <Delay = 0.00>
ST_1 : Operation 100 [1/1] (0.78ns)   --->   "%icmp_ln45_33 = icmp_sgt  i16 %data_11_val_read, i16 0" [hls_simple_bds/firmware/nnet_utils/nnet_activation.h:45]   --->   Operation 100 'icmp' 'icmp_ln45_33' <Predicate = true> <Delay = 0.78> <CoreInst = "Cmp">   --->   Core 9 'Cmp' <Latency = 0> <II = 1> <Delay = 0.78> <FuncUnit> <Opcode : 'icmp'> <InPorts = 2> <OutPorts = 1>
ST_1 : Operation 101 [1/1] (0.29ns)   --->   "%datareg_33 = select i1 %icmp_ln45_33, i15 %trunc_ln42_42, i15 0" [hls_simple_bds/firmware/nnet_utils/nnet_activation.h:45]   --->   Operation 101 'select' 'datareg_33' <Predicate = true> <Delay = 0.29> <CoreInst = "Sel">   --->   Core 73 'Sel' <Latency = 0> <II = 1> <Delay = 0.29> <FuncUnit> <Opcode : 'select'> <InPorts = 3> <OutPorts = 1>
ST_1 : Operation 102 [1/1] (0.00ns)   --->   "%zext_ln45_33 = zext i15 %datareg_33" [hls_simple_bds/firmware/nnet_utils/nnet_activation.h:45]   --->   Operation 102 'zext' 'zext_ln45_33' <Predicate = true> <Delay = 0.00>
ST_1 : Operation 103 [1/1] (0.78ns)   --->   "%icmp_ln45_34 = icmp_sgt  i16 %data_12_val_read, i16 0" [hls_simple_bds/firmware/nnet_utils/nnet_activation.h:45]   --->   Operation 103 'icmp' 'icmp_ln45_34' <Predicate = true> <Delay = 0.78> <CoreInst = "Cmp">   --->   Core 9 'Cmp' <Latency = 0> <II = 1> <Delay = 0.78> <FuncUnit> <Opcode : 'icmp'> <InPorts = 2> <OutPorts = 1>
ST_1 : Operation 104 [1/1] (0.29ns)   --->   "%datareg_34 = select i1 %icmp_ln45_34, i15 %trunc_ln42_41, i15 0" [hls_simple_bds/firmware/nnet_utils/nnet_activation.h:45]   --->   Operation 104 'select' 'datareg_34' <Predicate = true> <Delay = 0.29> <CoreInst = "Sel">   --->   Core 73 'Sel' <Latency = 0> <II = 1> <Delay = 0.29> <FuncUnit> <Opcode : 'select'> <InPorts = 3> <OutPorts = 1>
ST_1 : Operation 105 [1/1] (0.00ns)   --->   "%zext_ln45_34 = zext i15 %datareg_34" [hls_simple_bds/firmware/nnet_utils/nnet_activation.h:45]   --->   Operation 105 'zext' 'zext_ln45_34' <Predicate = true> <Delay = 0.00>
ST_1 : Operation 106 [1/1] (0.78ns)   --->   "%icmp_ln45_35 = icmp_sgt  i16 %data_13_val_read, i16 0" [hls_simple_bds/firmware/nnet_utils/nnet_activation.h:45]   --->   Operation 106 'icmp' 'icmp_ln45_35' <Predicate = true> <Delay = 0.78> <CoreInst = "Cmp">   --->   Core 9 'Cmp' <Latency = 0> <II = 1> <Delay = 0.78> <FuncUnit> <Opcode : 'icmp'> <InPorts = 2> <OutPorts = 1>
ST_1 : Operation 107 [1/1] (0.29ns)   --->   "%datareg_35 = select i1 %icmp_ln45_35, i15 %trunc_ln42_40, i15 0" [hls_simple_bds/firmware/nnet_utils/nnet_activation.h:45]   --->   Operation 107 'select' 'datareg_35' <Predicate = true> <Delay = 0.29> <CoreInst = "Sel">   --->   Core 73 'Sel' <Latency = 0> <II = 1> <Delay = 0.29> <FuncUnit> <Opcode : 'select'> <InPorts = 3> <OutPorts = 1>
ST_1 : Operation 108 [1/1] (0.00ns)   --->   "%zext_ln45_35 = zext i15 %datareg_35" [hls_simple_bds/firmware/nnet_utils/nnet_activation.h:45]   --->   Operation 108 'zext' 'zext_ln45_35' <Predicate = true> <Delay = 0.00>
ST_1 : Operation 109 [1/1] (0.78ns)   --->   "%icmp_ln45_36 = icmp_sgt  i16 %data_14_val_read, i16 0" [hls_simple_bds/firmware/nnet_utils/nnet_activation.h:45]   --->   Operation 109 'icmp' 'icmp_ln45_36' <Predicate = true> <Delay = 0.78> <CoreInst = "Cmp">   --->   Core 9 'Cmp' <Latency = 0> <II = 1> <Delay = 0.78> <FuncUnit> <Opcode : 'icmp'> <InPorts = 2> <OutPorts = 1>
ST_1 : Operation 110 [1/1] (0.29ns)   --->   "%datareg_36 = select i1 %icmp_ln45_36, i15 %trunc_ln42_39, i15 0" [hls_simple_bds/firmware/nnet_utils/nnet_activation.h:45]   --->   Operation 110 'select' 'datareg_36' <Predicate = true> <Delay = 0.29> <CoreInst = "Sel">   --->   Core 73 'Sel' <Latency = 0> <II = 1> <Delay = 0.29> <FuncUnit> <Opcode : 'select'> <InPorts = 3> <OutPorts = 1>
ST_1 : Operation 111 [1/1] (0.00ns)   --->   "%zext_ln45_36 = zext i15 %datareg_36" [hls_simple_bds/firmware/nnet_utils/nnet_activation.h:45]   --->   Operation 111 'zext' 'zext_ln45_36' <Predicate = true> <Delay = 0.00>
ST_1 : Operation 112 [1/1] (0.78ns)   --->   "%icmp_ln45_37 = icmp_sgt  i16 %data_15_val_read, i16 0" [hls_simple_bds/firmware/nnet_utils/nnet_activation.h:45]   --->   Operation 112 'icmp' 'icmp_ln45_37' <Predicate = true> <Delay = 0.78> <CoreInst = "Cmp">   --->   Core 9 'Cmp' <Latency = 0> <II = 1> <Delay = 0.78> <FuncUnit> <Opcode : 'icmp'> <InPorts = 2> <OutPorts = 1>
ST_1 : Operation 113 [1/1] (0.29ns)   --->   "%datareg_37 = select i1 %icmp_ln45_37, i15 %trunc_ln42_38, i15 0" [hls_simple_bds/firmware/nnet_utils/nnet_activation.h:45]   --->   Operation 113 'select' 'datareg_37' <Predicate = true> <Delay = 0.29> <CoreInst = "Sel">   --->   Core 73 'Sel' <Latency = 0> <II = 1> <Delay = 0.29> <FuncUnit> <Opcode : 'select'> <InPorts = 3> <OutPorts = 1>
ST_1 : Operation 114 [1/1] (0.00ns)   --->   "%zext_ln45_37 = zext i15 %datareg_37" [hls_simple_bds/firmware/nnet_utils/nnet_activation.h:45]   --->   Operation 114 'zext' 'zext_ln45_37' <Predicate = true> <Delay = 0.00>
ST_1 : Operation 115 [1/1] (0.78ns)   --->   "%icmp_ln45_38 = icmp_sgt  i16 %data_16_val_read, i16 0" [hls_simple_bds/firmware/nnet_utils/nnet_activation.h:45]   --->   Operation 115 'icmp' 'icmp_ln45_38' <Predicate = true> <Delay = 0.78> <CoreInst = "Cmp">   --->   Core 9 'Cmp' <Latency = 0> <II = 1> <Delay = 0.78> <FuncUnit> <Opcode : 'icmp'> <InPorts = 2> <OutPorts = 1>
ST_1 : Operation 116 [1/1] (0.29ns)   --->   "%datareg_38 = select i1 %icmp_ln45_38, i15 %trunc_ln42_37, i15 0" [hls_simple_bds/firmware/nnet_utils/nnet_activation.h:45]   --->   Operation 116 'select' 'datareg_38' <Predicate = true> <Delay = 0.29> <CoreInst = "Sel">   --->   Core 73 'Sel' <Latency = 0> <II = 1> <Delay = 0.29> <FuncUnit> <Opcode : 'select'> <InPorts = 3> <OutPorts = 1>
ST_1 : Operation 117 [1/1] (0.00ns)   --->   "%zext_ln45_38 = zext i15 %datareg_38" [hls_simple_bds/firmware/nnet_utils/nnet_activation.h:45]   --->   Operation 117 'zext' 'zext_ln45_38' <Predicate = true> <Delay = 0.00>
ST_1 : Operation 118 [1/1] (0.78ns)   --->   "%icmp_ln45_39 = icmp_sgt  i16 %data_17_val_read, i16 0" [hls_simple_bds/firmware/nnet_utils/nnet_activation.h:45]   --->   Operation 118 'icmp' 'icmp_ln45_39' <Predicate = true> <Delay = 0.78> <CoreInst = "Cmp">   --->   Core 9 'Cmp' <Latency = 0> <II = 1> <Delay = 0.78> <FuncUnit> <Opcode : 'icmp'> <InPorts = 2> <OutPorts = 1>
ST_1 : Operation 119 [1/1] (0.29ns)   --->   "%datareg_39 = select i1 %icmp_ln45_39, i15 %trunc_ln42_36, i15 0" [hls_simple_bds/firmware/nnet_utils/nnet_activation.h:45]   --->   Operation 119 'select' 'datareg_39' <Predicate = true> <Delay = 0.29> <CoreInst = "Sel">   --->   Core 73 'Sel' <Latency = 0> <II = 1> <Delay = 0.29> <FuncUnit> <Opcode : 'select'> <InPorts = 3> <OutPorts = 1>
ST_1 : Operation 120 [1/1] (0.00ns)   --->   "%zext_ln45_39 = zext i15 %datareg_39" [hls_simple_bds/firmware/nnet_utils/nnet_activation.h:45]   --->   Operation 120 'zext' 'zext_ln45_39' <Predicate = true> <Delay = 0.00>
ST_1 : Operation 121 [1/1] (0.78ns)   --->   "%icmp_ln45_40 = icmp_sgt  i16 %data_18_val_read, i16 0" [hls_simple_bds/firmware/nnet_utils/nnet_activation.h:45]   --->   Operation 121 'icmp' 'icmp_ln45_40' <Predicate = true> <Delay = 0.78> <CoreInst = "Cmp">   --->   Core 9 'Cmp' <Latency = 0> <II = 1> <Delay = 0.78> <FuncUnit> <Opcode : 'icmp'> <InPorts = 2> <OutPorts = 1>
ST_1 : Operation 122 [1/1] (0.29ns)   --->   "%datareg_40 = select i1 %icmp_ln45_40, i15 %trunc_ln42_35, i15 0" [hls_simple_bds/firmware/nnet_utils/nnet_activation.h:45]   --->   Operation 122 'select' 'datareg_40' <Predicate = true> <Delay = 0.29> <CoreInst = "Sel">   --->   Core 73 'Sel' <Latency = 0> <II = 1> <Delay = 0.29> <FuncUnit> <Opcode : 'select'> <InPorts = 3> <OutPorts = 1>
ST_1 : Operation 123 [1/1] (0.00ns)   --->   "%zext_ln45_40 = zext i15 %datareg_40" [hls_simple_bds/firmware/nnet_utils/nnet_activation.h:45]   --->   Operation 123 'zext' 'zext_ln45_40' <Predicate = true> <Delay = 0.00>
ST_1 : Operation 124 [1/1] (0.78ns)   --->   "%icmp_ln45_41 = icmp_sgt  i16 %data_19_val_read, i16 0" [hls_simple_bds/firmware/nnet_utils/nnet_activation.h:45]   --->   Operation 124 'icmp' 'icmp_ln45_41' <Predicate = true> <Delay = 0.78> <CoreInst = "Cmp">   --->   Core 9 'Cmp' <Latency = 0> <II = 1> <Delay = 0.78> <FuncUnit> <Opcode : 'icmp'> <InPorts = 2> <OutPorts = 1>
ST_1 : Operation 125 [1/1] (0.29ns)   --->   "%datareg_41 = select i1 %icmp_ln45_41, i15 %trunc_ln42_34, i15 0" [hls_simple_bds/firmware/nnet_utils/nnet_activation.h:45]   --->   Operation 125 'select' 'datareg_41' <Predicate = true> <Delay = 0.29> <CoreInst = "Sel">   --->   Core 73 'Sel' <Latency = 0> <II = 1> <Delay = 0.29> <FuncUnit> <Opcode : 'select'> <InPorts = 3> <OutPorts = 1>
ST_1 : Operation 126 [1/1] (0.00ns)   --->   "%zext_ln45_41 = zext i15 %datareg_41" [hls_simple_bds/firmware/nnet_utils/nnet_activation.h:45]   --->   Operation 126 'zext' 'zext_ln45_41' <Predicate = true> <Delay = 0.00>
ST_1 : Operation 127 [1/1] (0.78ns)   --->   "%icmp_ln45_42 = icmp_sgt  i16 %data_20_val_read, i16 0" [hls_simple_bds/firmware/nnet_utils/nnet_activation.h:45]   --->   Operation 127 'icmp' 'icmp_ln45_42' <Predicate = true> <Delay = 0.78> <CoreInst = "Cmp">   --->   Core 9 'Cmp' <Latency = 0> <II = 1> <Delay = 0.78> <FuncUnit> <Opcode : 'icmp'> <InPorts = 2> <OutPorts = 1>
ST_1 : Operation 128 [1/1] (0.29ns)   --->   "%datareg_42 = select i1 %icmp_ln45_42, i15 %trunc_ln42_33, i15 0" [hls_simple_bds/firmware/nnet_utils/nnet_activation.h:45]   --->   Operation 128 'select' 'datareg_42' <Predicate = true> <Delay = 0.29> <CoreInst = "Sel">   --->   Core 73 'Sel' <Latency = 0> <II = 1> <Delay = 0.29> <FuncUnit> <Opcode : 'select'> <InPorts = 3> <OutPorts = 1>
ST_1 : Operation 129 [1/1] (0.00ns)   --->   "%zext_ln45_42 = zext i15 %datareg_42" [hls_simple_bds/firmware/nnet_utils/nnet_activation.h:45]   --->   Operation 129 'zext' 'zext_ln45_42' <Predicate = true> <Delay = 0.00>
ST_1 : Operation 130 [1/1] (0.78ns)   --->   "%icmp_ln45_43 = icmp_sgt  i16 %data_21_val_read, i16 0" [hls_simple_bds/firmware/nnet_utils/nnet_activation.h:45]   --->   Operation 130 'icmp' 'icmp_ln45_43' <Predicate = true> <Delay = 0.78> <CoreInst = "Cmp">   --->   Core 9 'Cmp' <Latency = 0> <II = 1> <Delay = 0.78> <FuncUnit> <Opcode : 'icmp'> <InPorts = 2> <OutPorts = 1>
ST_1 : Operation 131 [1/1] (0.29ns)   --->   "%datareg_43 = select i1 %icmp_ln45_43, i15 %trunc_ln42_32, i15 0" [hls_simple_bds/firmware/nnet_utils/nnet_activation.h:45]   --->   Operation 131 'select' 'datareg_43' <Predicate = true> <Delay = 0.29> <CoreInst = "Sel">   --->   Core 73 'Sel' <Latency = 0> <II = 1> <Delay = 0.29> <FuncUnit> <Opcode : 'select'> <InPorts = 3> <OutPorts = 1>
ST_1 : Operation 132 [1/1] (0.00ns)   --->   "%zext_ln45_43 = zext i15 %datareg_43" [hls_simple_bds/firmware/nnet_utils/nnet_activation.h:45]   --->   Operation 132 'zext' 'zext_ln45_43' <Predicate = true> <Delay = 0.00>
ST_1 : Operation 133 [1/1] (0.78ns)   --->   "%icmp_ln45_44 = icmp_sgt  i16 %data_22_val_read, i16 0" [hls_simple_bds/firmware/nnet_utils/nnet_activation.h:45]   --->   Operation 133 'icmp' 'icmp_ln45_44' <Predicate = true> <Delay = 0.78> <CoreInst = "Cmp">   --->   Core 9 'Cmp' <Latency = 0> <II = 1> <Delay = 0.78> <FuncUnit> <Opcode : 'icmp'> <InPorts = 2> <OutPorts = 1>
ST_1 : Operation 134 [1/1] (0.29ns)   --->   "%datareg_44 = select i1 %icmp_ln45_44, i15 %trunc_ln42_31, i15 0" [hls_simple_bds/firmware/nnet_utils/nnet_activation.h:45]   --->   Operation 134 'select' 'datareg_44' <Predicate = true> <Delay = 0.29> <CoreInst = "Sel">   --->   Core 73 'Sel' <Latency = 0> <II = 1> <Delay = 0.29> <FuncUnit> <Opcode : 'select'> <InPorts = 3> <OutPorts = 1>
ST_1 : Operation 135 [1/1] (0.00ns)   --->   "%zext_ln45_44 = zext i15 %datareg_44" [hls_simple_bds/firmware/nnet_utils/nnet_activation.h:45]   --->   Operation 135 'zext' 'zext_ln45_44' <Predicate = true> <Delay = 0.00>
ST_1 : Operation 136 [1/1] (0.78ns)   --->   "%icmp_ln45_45 = icmp_sgt  i16 %data_23_val_read, i16 0" [hls_simple_bds/firmware/nnet_utils/nnet_activation.h:45]   --->   Operation 136 'icmp' 'icmp_ln45_45' <Predicate = true> <Delay = 0.78> <CoreInst = "Cmp">   --->   Core 9 'Cmp' <Latency = 0> <II = 1> <Delay = 0.78> <FuncUnit> <Opcode : 'icmp'> <InPorts = 2> <OutPorts = 1>
ST_1 : Operation 137 [1/1] (0.29ns)   --->   "%datareg_45 = select i1 %icmp_ln45_45, i15 %trunc_ln42_30, i15 0" [hls_simple_bds/firmware/nnet_utils/nnet_activation.h:45]   --->   Operation 137 'select' 'datareg_45' <Predicate = true> <Delay = 0.29> <CoreInst = "Sel">   --->   Core 73 'Sel' <Latency = 0> <II = 1> <Delay = 0.29> <FuncUnit> <Opcode : 'select'> <InPorts = 3> <OutPorts = 1>
ST_1 : Operation 138 [1/1] (0.00ns)   --->   "%zext_ln45_45 = zext i15 %datareg_45" [hls_simple_bds/firmware/nnet_utils/nnet_activation.h:45]   --->   Operation 138 'zext' 'zext_ln45_45' <Predicate = true> <Delay = 0.00>
ST_1 : Operation 139 [1/1] (0.78ns)   --->   "%icmp_ln45_46 = icmp_sgt  i16 %data_24_val_read, i16 0" [hls_simple_bds/firmware/nnet_utils/nnet_activation.h:45]   --->   Operation 139 'icmp' 'icmp_ln45_46' <Predicate = true> <Delay = 0.78> <CoreInst = "Cmp">   --->   Core 9 'Cmp' <Latency = 0> <II = 1> <Delay = 0.78> <FuncUnit> <Opcode : 'icmp'> <InPorts = 2> <OutPorts = 1>
ST_1 : Operation 140 [1/1] (0.29ns)   --->   "%datareg_46 = select i1 %icmp_ln45_46, i15 %trunc_ln42_29, i15 0" [hls_simple_bds/firmware/nnet_utils/nnet_activation.h:45]   --->   Operation 140 'select' 'datareg_46' <Predicate = true> <Delay = 0.29> <CoreInst = "Sel">   --->   Core 73 'Sel' <Latency = 0> <II = 1> <Delay = 0.29> <FuncUnit> <Opcode : 'select'> <InPorts = 3> <OutPorts = 1>
ST_1 : Operation 141 [1/1] (0.00ns)   --->   "%zext_ln45_46 = zext i15 %datareg_46" [hls_simple_bds/firmware/nnet_utils/nnet_activation.h:45]   --->   Operation 141 'zext' 'zext_ln45_46' <Predicate = true> <Delay = 0.00>
ST_1 : Operation 142 [1/1] (0.78ns)   --->   "%icmp_ln45_47 = icmp_sgt  i16 %data_25_val_read, i16 0" [hls_simple_bds/firmware/nnet_utils/nnet_activation.h:45]   --->   Operation 142 'icmp' 'icmp_ln45_47' <Predicate = true> <Delay = 0.78> <CoreInst = "Cmp">   --->   Core 9 'Cmp' <Latency = 0> <II = 1> <Delay = 0.78> <FuncUnit> <Opcode : 'icmp'> <InPorts = 2> <OutPorts = 1>
ST_1 : Operation 143 [1/1] (0.29ns)   --->   "%datareg_47 = select i1 %icmp_ln45_47, i15 %trunc_ln42_28, i15 0" [hls_simple_bds/firmware/nnet_utils/nnet_activation.h:45]   --->   Operation 143 'select' 'datareg_47' <Predicate = true> <Delay = 0.29> <CoreInst = "Sel">   --->   Core 73 'Sel' <Latency = 0> <II = 1> <Delay = 0.29> <FuncUnit> <Opcode : 'select'> <InPorts = 3> <OutPorts = 1>
ST_1 : Operation 144 [1/1] (0.00ns)   --->   "%zext_ln45_47 = zext i15 %datareg_47" [hls_simple_bds/firmware/nnet_utils/nnet_activation.h:45]   --->   Operation 144 'zext' 'zext_ln45_47' <Predicate = true> <Delay = 0.00>
ST_1 : Operation 145 [1/1] (0.78ns)   --->   "%icmp_ln45_48 = icmp_sgt  i16 %data_26_val_read, i16 0" [hls_simple_bds/firmware/nnet_utils/nnet_activation.h:45]   --->   Operation 145 'icmp' 'icmp_ln45_48' <Predicate = true> <Delay = 0.78> <CoreInst = "Cmp">   --->   Core 9 'Cmp' <Latency = 0> <II = 1> <Delay = 0.78> <FuncUnit> <Opcode : 'icmp'> <InPorts = 2> <OutPorts = 1>
ST_1 : Operation 146 [1/1] (0.29ns)   --->   "%datareg_48 = select i1 %icmp_ln45_48, i15 %trunc_ln42_27, i15 0" [hls_simple_bds/firmware/nnet_utils/nnet_activation.h:45]   --->   Operation 146 'select' 'datareg_48' <Predicate = true> <Delay = 0.29> <CoreInst = "Sel">   --->   Core 73 'Sel' <Latency = 0> <II = 1> <Delay = 0.29> <FuncUnit> <Opcode : 'select'> <InPorts = 3> <OutPorts = 1>
ST_1 : Operation 147 [1/1] (0.00ns)   --->   "%zext_ln45_48 = zext i15 %datareg_48" [hls_simple_bds/firmware/nnet_utils/nnet_activation.h:45]   --->   Operation 147 'zext' 'zext_ln45_48' <Predicate = true> <Delay = 0.00>
ST_1 : Operation 148 [1/1] (0.78ns)   --->   "%icmp_ln45_49 = icmp_sgt  i16 %data_27_val_read, i16 0" [hls_simple_bds/firmware/nnet_utils/nnet_activation.h:45]   --->   Operation 148 'icmp' 'icmp_ln45_49' <Predicate = true> <Delay = 0.78> <CoreInst = "Cmp">   --->   Core 9 'Cmp' <Latency = 0> <II = 1> <Delay = 0.78> <FuncUnit> <Opcode : 'icmp'> <InPorts = 2> <OutPorts = 1>
ST_1 : Operation 149 [1/1] (0.29ns)   --->   "%datareg_49 = select i1 %icmp_ln45_49, i15 %trunc_ln42_26, i15 0" [hls_simple_bds/firmware/nnet_utils/nnet_activation.h:45]   --->   Operation 149 'select' 'datareg_49' <Predicate = true> <Delay = 0.29> <CoreInst = "Sel">   --->   Core 73 'Sel' <Latency = 0> <II = 1> <Delay = 0.29> <FuncUnit> <Opcode : 'select'> <InPorts = 3> <OutPorts = 1>
ST_1 : Operation 150 [1/1] (0.00ns)   --->   "%zext_ln45_49 = zext i15 %datareg_49" [hls_simple_bds/firmware/nnet_utils/nnet_activation.h:45]   --->   Operation 150 'zext' 'zext_ln45_49' <Predicate = true> <Delay = 0.00>
ST_1 : Operation 151 [1/1] (0.78ns)   --->   "%icmp_ln45_50 = icmp_sgt  i16 %data_28_val_read, i16 0" [hls_simple_bds/firmware/nnet_utils/nnet_activation.h:45]   --->   Operation 151 'icmp' 'icmp_ln45_50' <Predicate = true> <Delay = 0.78> <CoreInst = "Cmp">   --->   Core 9 'Cmp' <Latency = 0> <II = 1> <Delay = 0.78> <FuncUnit> <Opcode : 'icmp'> <InPorts = 2> <OutPorts = 1>
ST_1 : Operation 152 [1/1] (0.29ns)   --->   "%datareg_50 = select i1 %icmp_ln45_50, i15 %trunc_ln42_25, i15 0" [hls_simple_bds/firmware/nnet_utils/nnet_activation.h:45]   --->   Operation 152 'select' 'datareg_50' <Predicate = true> <Delay = 0.29> <CoreInst = "Sel">   --->   Core 73 'Sel' <Latency = 0> <II = 1> <Delay = 0.29> <FuncUnit> <Opcode : 'select'> <InPorts = 3> <OutPorts = 1>
ST_1 : Operation 153 [1/1] (0.00ns)   --->   "%zext_ln45_50 = zext i15 %datareg_50" [hls_simple_bds/firmware/nnet_utils/nnet_activation.h:45]   --->   Operation 153 'zext' 'zext_ln45_50' <Predicate = true> <Delay = 0.00>
ST_1 : Operation 154 [1/1] (0.78ns)   --->   "%icmp_ln45_51 = icmp_sgt  i16 %data_29_val_read, i16 0" [hls_simple_bds/firmware/nnet_utils/nnet_activation.h:45]   --->   Operation 154 'icmp' 'icmp_ln45_51' <Predicate = true> <Delay = 0.78> <CoreInst = "Cmp">   --->   Core 9 'Cmp' <Latency = 0> <II = 1> <Delay = 0.78> <FuncUnit> <Opcode : 'icmp'> <InPorts = 2> <OutPorts = 1>
ST_1 : Operation 155 [1/1] (0.29ns)   --->   "%datareg_51 = select i1 %icmp_ln45_51, i15 %trunc_ln42_24, i15 0" [hls_simple_bds/firmware/nnet_utils/nnet_activation.h:45]   --->   Operation 155 'select' 'datareg_51' <Predicate = true> <Delay = 0.29> <CoreInst = "Sel">   --->   Core 73 'Sel' <Latency = 0> <II = 1> <Delay = 0.29> <FuncUnit> <Opcode : 'select'> <InPorts = 3> <OutPorts = 1>
ST_1 : Operation 156 [1/1] (0.00ns)   --->   "%zext_ln45_51 = zext i15 %datareg_51" [hls_simple_bds/firmware/nnet_utils/nnet_activation.h:45]   --->   Operation 156 'zext' 'zext_ln45_51' <Predicate = true> <Delay = 0.00>
ST_1 : Operation 157 [1/1] (0.78ns)   --->   "%icmp_ln45_52 = icmp_sgt  i16 %data_30_val_read, i16 0" [hls_simple_bds/firmware/nnet_utils/nnet_activation.h:45]   --->   Operation 157 'icmp' 'icmp_ln45_52' <Predicate = true> <Delay = 0.78> <CoreInst = "Cmp">   --->   Core 9 'Cmp' <Latency = 0> <II = 1> <Delay = 0.78> <FuncUnit> <Opcode : 'icmp'> <InPorts = 2> <OutPorts = 1>
ST_1 : Operation 158 [1/1] (0.29ns)   --->   "%datareg_52 = select i1 %icmp_ln45_52, i15 %trunc_ln42_23, i15 0" [hls_simple_bds/firmware/nnet_utils/nnet_activation.h:45]   --->   Operation 158 'select' 'datareg_52' <Predicate = true> <Delay = 0.29> <CoreInst = "Sel">   --->   Core 73 'Sel' <Latency = 0> <II = 1> <Delay = 0.29> <FuncUnit> <Opcode : 'select'> <InPorts = 3> <OutPorts = 1>
ST_1 : Operation 159 [1/1] (0.00ns)   --->   "%zext_ln45_52 = zext i15 %datareg_52" [hls_simple_bds/firmware/nnet_utils/nnet_activation.h:45]   --->   Operation 159 'zext' 'zext_ln45_52' <Predicate = true> <Delay = 0.00>
ST_1 : Operation 160 [1/1] (0.78ns)   --->   "%icmp_ln45_53 = icmp_sgt  i16 %data_31_val_read, i16 0" [hls_simple_bds/firmware/nnet_utils/nnet_activation.h:45]   --->   Operation 160 'icmp' 'icmp_ln45_53' <Predicate = true> <Delay = 0.78> <CoreInst = "Cmp">   --->   Core 9 'Cmp' <Latency = 0> <II = 1> <Delay = 0.78> <FuncUnit> <Opcode : 'icmp'> <InPorts = 2> <OutPorts = 1>
ST_1 : Operation 161 [1/1] (0.29ns)   --->   "%datareg_53 = select i1 %icmp_ln45_53, i15 %trunc_ln42, i15 0" [hls_simple_bds/firmware/nnet_utils/nnet_activation.h:45]   --->   Operation 161 'select' 'datareg_53' <Predicate = true> <Delay = 0.29> <CoreInst = "Sel">   --->   Core 73 'Sel' <Latency = 0> <II = 1> <Delay = 0.29> <FuncUnit> <Opcode : 'select'> <InPorts = 3> <OutPorts = 1>
ST_1 : Operation 162 [1/1] (0.00ns)   --->   "%zext_ln45_53 = zext i15 %datareg_53" [hls_simple_bds/firmware/nnet_utils/nnet_activation.h:45]   --->   Operation 162 'zext' 'zext_ln45_53' <Predicate = true> <Delay = 0.00>
ST_1 : Operation 163 [1/1] (0.00ns)   --->   "%mrv = insertvalue i512 <undef>, i16 %zext_ln45" [hls_simple_bds/firmware/nnet_utils/nnet_activation.h:50]   --->   Operation 163 'insertvalue' 'mrv' <Predicate = true> <Delay = 0.00>
ST_1 : Operation 164 [1/1] (0.00ns)   --->   "%mrv_1 = insertvalue i512 %mrv, i16 %zext_ln45_23" [hls_simple_bds/firmware/nnet_utils/nnet_activation.h:50]   --->   Operation 164 'insertvalue' 'mrv_1' <Predicate = true> <Delay = 0.00>
ST_1 : Operation 165 [1/1] (0.00ns)   --->   "%mrv_2 = insertvalue i512 %mrv_1, i16 %zext_ln45_24" [hls_simple_bds/firmware/nnet_utils/nnet_activation.h:50]   --->   Operation 165 'insertvalue' 'mrv_2' <Predicate = true> <Delay = 0.00>
ST_1 : Operation 166 [1/1] (0.00ns)   --->   "%mrv_3 = insertvalue i512 %mrv_2, i16 %zext_ln45_25" [hls_simple_bds/firmware/nnet_utils/nnet_activation.h:50]   --->   Operation 166 'insertvalue' 'mrv_3' <Predicate = true> <Delay = 0.00>
ST_1 : Operation 167 [1/1] (0.00ns)   --->   "%mrv_4 = insertvalue i512 %mrv_3, i16 %zext_ln45_26" [hls_simple_bds/firmware/nnet_utils/nnet_activation.h:50]   --->   Operation 167 'insertvalue' 'mrv_4' <Predicate = true> <Delay = 0.00>
ST_1 : Operation 168 [1/1] (0.00ns)   --->   "%mrv_5 = insertvalue i512 %mrv_4, i16 %zext_ln45_27" [hls_simple_bds/firmware/nnet_utils/nnet_activation.h:50]   --->   Operation 168 'insertvalue' 'mrv_5' <Predicate = true> <Delay = 0.00>
ST_1 : Operation 169 [1/1] (0.00ns)   --->   "%mrv_6 = insertvalue i512 %mrv_5, i16 %zext_ln45_28" [hls_simple_bds/firmware/nnet_utils/nnet_activation.h:50]   --->   Operation 169 'insertvalue' 'mrv_6' <Predicate = true> <Delay = 0.00>
ST_1 : Operation 170 [1/1] (0.00ns)   --->   "%mrv_7 = insertvalue i512 %mrv_6, i16 %zext_ln45_29" [hls_simple_bds/firmware/nnet_utils/nnet_activation.h:50]   --->   Operation 170 'insertvalue' 'mrv_7' <Predicate = true> <Delay = 0.00>
ST_1 : Operation 171 [1/1] (0.00ns)   --->   "%mrv_8 = insertvalue i512 %mrv_7, i16 %zext_ln45_30" [hls_simple_bds/firmware/nnet_utils/nnet_activation.h:50]   --->   Operation 171 'insertvalue' 'mrv_8' <Predicate = true> <Delay = 0.00>
ST_1 : Operation 172 [1/1] (0.00ns)   --->   "%mrv_9 = insertvalue i512 %mrv_8, i16 %zext_ln45_31" [hls_simple_bds/firmware/nnet_utils/nnet_activation.h:50]   --->   Operation 172 'insertvalue' 'mrv_9' <Predicate = true> <Delay = 0.00>
ST_1 : Operation 173 [1/1] (0.00ns)   --->   "%mrv_10 = insertvalue i512 %mrv_9, i16 %zext_ln45_32" [hls_simple_bds/firmware/nnet_utils/nnet_activation.h:50]   --->   Operation 173 'insertvalue' 'mrv_10' <Predicate = true> <Delay = 0.00>
ST_1 : Operation 174 [1/1] (0.00ns)   --->   "%mrv_11 = insertvalue i512 %mrv_10, i16 %zext_ln45_33" [hls_simple_bds/firmware/nnet_utils/nnet_activation.h:50]   --->   Operation 174 'insertvalue' 'mrv_11' <Predicate = true> <Delay = 0.00>
ST_1 : Operation 175 [1/1] (0.00ns)   --->   "%mrv_12 = insertvalue i512 %mrv_11, i16 %zext_ln45_34" [hls_simple_bds/firmware/nnet_utils/nnet_activation.h:50]   --->   Operation 175 'insertvalue' 'mrv_12' <Predicate = true> <Delay = 0.00>
ST_1 : Operation 176 [1/1] (0.00ns)   --->   "%mrv_13 = insertvalue i512 %mrv_12, i16 %zext_ln45_35" [hls_simple_bds/firmware/nnet_utils/nnet_activation.h:50]   --->   Operation 176 'insertvalue' 'mrv_13' <Predicate = true> <Delay = 0.00>
ST_1 : Operation 177 [1/1] (0.00ns)   --->   "%mrv_14 = insertvalue i512 %mrv_13, i16 %zext_ln45_36" [hls_simple_bds/firmware/nnet_utils/nnet_activation.h:50]   --->   Operation 177 'insertvalue' 'mrv_14' <Predicate = true> <Delay = 0.00>
ST_1 : Operation 178 [1/1] (0.00ns)   --->   "%mrv_s = insertvalue i512 %mrv_14, i16 %zext_ln45_37" [hls_simple_bds/firmware/nnet_utils/nnet_activation.h:50]   --->   Operation 178 'insertvalue' 'mrv_s' <Predicate = true> <Delay = 0.00>
ST_1 : Operation 179 [1/1] (0.00ns)   --->   "%mrv_15 = insertvalue i512 %mrv_s, i16 %zext_ln45_38" [hls_simple_bds/firmware/nnet_utils/nnet_activation.h:50]   --->   Operation 179 'insertvalue' 'mrv_15' <Predicate = true> <Delay = 0.00>
ST_1 : Operation 180 [1/1] (0.00ns)   --->   "%mrv_16 = insertvalue i512 %mrv_15, i16 %zext_ln45_39" [hls_simple_bds/firmware/nnet_utils/nnet_activation.h:50]   --->   Operation 180 'insertvalue' 'mrv_16' <Predicate = true> <Delay = 0.00>
ST_1 : Operation 181 [1/1] (0.00ns)   --->   "%mrv_17 = insertvalue i512 %mrv_16, i16 %zext_ln45_40" [hls_simple_bds/firmware/nnet_utils/nnet_activation.h:50]   --->   Operation 181 'insertvalue' 'mrv_17' <Predicate = true> <Delay = 0.00>
ST_1 : Operation 182 [1/1] (0.00ns)   --->   "%mrv_18 = insertvalue i512 %mrv_17, i16 %zext_ln45_41" [hls_simple_bds/firmware/nnet_utils/nnet_activation.h:50]   --->   Operation 182 'insertvalue' 'mrv_18' <Predicate = true> <Delay = 0.00>
ST_1 : Operation 183 [1/1] (0.00ns)   --->   "%mrv_19 = insertvalue i512 %mrv_18, i16 %zext_ln45_42" [hls_simple_bds/firmware/nnet_utils/nnet_activation.h:50]   --->   Operation 183 'insertvalue' 'mrv_19' <Predicate = true> <Delay = 0.00>
ST_1 : Operation 184 [1/1] (0.00ns)   --->   "%mrv_20 = insertvalue i512 %mrv_19, i16 %zext_ln45_43" [hls_simple_bds/firmware/nnet_utils/nnet_activation.h:50]   --->   Operation 184 'insertvalue' 'mrv_20' <Predicate = true> <Delay = 0.00>
ST_1 : Operation 185 [1/1] (0.00ns)   --->   "%mrv_21 = insertvalue i512 %mrv_20, i16 %zext_ln45_44" [hls_simple_bds/firmware/nnet_utils/nnet_activation.h:50]   --->   Operation 185 'insertvalue' 'mrv_21' <Predicate = true> <Delay = 0.00>
ST_1 : Operation 186 [1/1] (0.00ns)   --->   "%mrv_22 = insertvalue i512 %mrv_21, i16 %zext_ln45_45" [hls_simple_bds/firmware/nnet_utils/nnet_activation.h:50]   --->   Operation 186 'insertvalue' 'mrv_22' <Predicate = true> <Delay = 0.00>
ST_1 : Operation 187 [1/1] (0.00ns)   --->   "%mrv_23 = insertvalue i512 %mrv_22, i16 %zext_ln45_46" [hls_simple_bds/firmware/nnet_utils/nnet_activation.h:50]   --->   Operation 187 'insertvalue' 'mrv_23' <Predicate = true> <Delay = 0.00>
ST_1 : Operation 188 [1/1] (0.00ns)   --->   "%mrv_24 = insertvalue i512 %mrv_23, i16 %zext_ln45_47" [hls_simple_bds/firmware/nnet_utils/nnet_activation.h:50]   --->   Operation 188 'insertvalue' 'mrv_24' <Predicate = true> <Delay = 0.00>
ST_1 : Operation 189 [1/1] (0.00ns)   --->   "%mrv_25 = insertvalue i512 %mrv_24, i16 %zext_ln45_48" [hls_simple_bds/firmware/nnet_utils/nnet_activation.h:50]   --->   Operation 189 'insertvalue' 'mrv_25' <Predicate = true> <Delay = 0.00>
ST_1 : Operation 190 [1/1] (0.00ns)   --->   "%mrv_26 = insertvalue i512 %mrv_25, i16 %zext_ln45_49" [hls_simple_bds/firmware/nnet_utils/nnet_activation.h:50]   --->   Operation 190 'insertvalue' 'mrv_26' <Predicate = true> <Delay = 0.00>
ST_1 : Operation 191 [1/1] (0.00ns)   --->   "%mrv_27 = insertvalue i512 %mrv_26, i16 %zext_ln45_50" [hls_simple_bds/firmware/nnet_utils/nnet_activation.h:50]   --->   Operation 191 'insertvalue' 'mrv_27' <Predicate = true> <Delay = 0.00>
ST_1 : Operation 192 [1/1] (0.00ns)   --->   "%mrv_28 = insertvalue i512 %mrv_27, i16 %zext_ln45_51" [hls_simple_bds/firmware/nnet_utils/nnet_activation.h:50]   --->   Operation 192 'insertvalue' 'mrv_28' <Predicate = true> <Delay = 0.00>
ST_1 : Operation 193 [1/1] (0.00ns)   --->   "%mrv_29 = insertvalue i512 %mrv_28, i16 %zext_ln45_52" [hls_simple_bds/firmware/nnet_utils/nnet_activation.h:50]   --->   Operation 193 'insertvalue' 'mrv_29' <Predicate = true> <Delay = 0.00>
ST_1 : Operation 194 [1/1] (0.00ns)   --->   "%mrv_30 = insertvalue i512 %mrv_29, i16 %zext_ln45_53" [hls_simple_bds/firmware/nnet_utils/nnet_activation.h:50]   --->   Operation 194 'insertvalue' 'mrv_30' <Predicate = true> <Delay = 0.00>
ST_1 : Operation 195 [1/1] (0.00ns)   --->   "%ret_ln50 = ret i512 %mrv_30" [hls_simple_bds/firmware/nnet_utils/nnet_activation.h:50]   --->   Operation 195 'ret' 'ret_ln50' <Predicate = true> <Delay = 0.00>


============================================================
+ Verbose Summary: Timing violations
============================================================
Target clock period: 10.000ns, clock uncertainty: 2.700ns.

 <State 1>: 1.078ns
The critical path consists of the following:
	wire read operation ('data_0_val_read', hls_simple_bds/firmware/nnet_utils/nnet_activation.h:42) on port 'data_0_val' (hls_simple_bds/firmware/nnet_utils/nnet_activation.h:42) [64]  (0.000 ns)
	'icmp' operation 1 bit ('icmp_ln45', hls_simple_bds/firmware/nnet_utils/nnet_activation.h:45) [98]  (0.785 ns)
	'select' operation 15 bit ('datareg', hls_simple_bds/firmware/nnet_utils/nnet_activation.h:45) [99]  (0.292 ns)


============================================================
+ Verbose Summary: Binding
============================================================
N/A
* FSMD analyzer results:
  - Output states:
 - Input state : 
  - Chain level:
	State 1


============================================================
+ Verbose Summary: Datapath Resource usage 
============================================================
N/A
