

================================================================
== Vitis HLS Report for 'softmax_stable_ap_fixed_ap_fixed_16_6_5_3_0_softmax_config9_s'
================================================================
* Date:           Wed Aug  6 12:26:16 2025

* Version:        2023.2 (Build 4023990 on Oct 11 2023)
* Project:        hls_simple_bds_synthesis
* Solution:       solution1 (Vivado IP Flow Target)
* Product family: virtexuplus
* Target device:  xcu250-figd2104-2L-e


================================================================
== Performance Estimates
================================================================
+ Timing: 
    * Summary: 
    +--------+----------+----------+------------+
    |  Clock |  Target  | Estimated| Uncertainty|
    +--------+----------+----------+------------+
    |ap_clk  |  10.00 ns|  3.494 ns|     2.70 ns|
    +--------+----------+----------+------------+

+ Latency: 
    * Summary: 
    +---------+---------+-----------+-----------+-----+-----+---------+
    |  Latency (cycles) |   Latency (absolute)  |  Interval | Pipeline|
    |   min   |   max   |    min    |    max    | min | max |   Type  |
    +---------+---------+-----------+-----------+-----+-----+---------+
    |        2|        2|  20.000 ns|  20.000 ns|    1|    1|      yes|
    +---------+---------+-----------+-----------+-----+-----+---------+

    + Detail: 
        * Instance: 
        N/A

        * Loop: 
        N/A

============================================================
+ Verbose Summary: Synthesis Manager
============================================================
InlineROM: 1
ExposeGlobal: 0
============================================================
+ Verbose Summary: CDFG Model
============================================================
IsTopModel: 0
ResetActiveHigh: 1
IsCombinational: 0
IsDatapathOnly: 0
HasWiredReturn: 1
HasMFsm: 2
HasVarLatency: 0
IsPipeline: 1
IsRtlPipelined: 1
IsInstanceOverlapped: 0
IsDontTouch: 0
HasImplIP: 0
IsGatedGlobalClock: 0

+ Individual pipeline summary: 
  * Pipeline-0: initiation interval (II) = 1, depth = 3


============================================================
+ Verbose Summary: Schedule
============================================================
* Number of FSM states : 3
* Pipeline : 1
  Pipeline-0 : II = 1, D = 3, States = { 1 2 3 }
* Dataflow Pipeline: 0

* FSM state transitions: 
1 --> 2 
2 --> 3 
3 --> 

* FSM state operations: 

State 1 <SV = 0> <Delay = 3.31>
ST_1 : Operation 4 [1/1] (0.00ns)   --->   "%data_1_val_read = read i16 @_ssdm_op_Read.ap_auto.i16, i16 %data_1_val" [hls_simple_bds/firmware/nnet_utils/nnet_common.h:66->hls_simple_bds/firmware/nnet_utils/nnet_common.h:44->hls_simple_bds/firmware/nnet_utils/nnet_activation.h:239]   --->   Operation 4 'read' 'data_1_val_read' <Predicate = true> <Delay = 0.00>
ST_1 : Operation 5 [1/1] (0.00ns)   --->   "%data_0_val_read = read i16 @_ssdm_op_Read.ap_auto.i16, i16 %data_0_val" [hls_simple_bds/firmware/nnet_utils/nnet_common.h:66->hls_simple_bds/firmware/nnet_utils/nnet_common.h:44->hls_simple_bds/firmware/nnet_utils/nnet_activation.h:239]   --->   Operation 5 'read' 'data_0_val_read' <Predicate = true> <Delay = 0.00>
ST_1 : Operation 6 [1/1] (0.78ns)   --->   "%icmp_ln66 = icmp_slt  i16 %data_0_val_read, i16 %data_1_val_read" [hls_simple_bds/firmware/nnet_utils/nnet_common.h:66->hls_simple_bds/firmware/nnet_utils/nnet_common.h:44->hls_simple_bds/firmware/nnet_utils/nnet_activation.h:239]   --->   Operation 6 'icmp' 'icmp_ln66' <Predicate = true> <Delay = 0.78> <CoreInst = "Cmp">   --->   Core 9 'Cmp' <Latency = 0> <II = 1> <Delay = 0.78> <FuncUnit> <Opcode : 'icmp'> <InPorts = 2> <OutPorts = 1>
ST_1 : Operation 7 [1/1] (0.00ns) (grouped into LUT with out node x_max)   --->   "%xor_ln66 = xor i1 %icmp_ln66, i1 1" [hls_simple_bds/firmware/nnet_utils/nnet_common.h:66->hls_simple_bds/firmware/nnet_utils/nnet_common.h:44->hls_simple_bds/firmware/nnet_utils/nnet_activation.h:239]   --->   Operation 7 'xor' 'xor_ln66' <Predicate = true> <Delay = 0.00> <CoreInst = "LogicGate">   --->   Core 74 'LogicGate' <Latency = 0> <II = 1> <Delay = 0.12> <FuncUnit> <Opcode : 'and' 'or' 'xor'> <InPorts = 2> <OutPorts = 1>
ST_1 : Operation 8 [1/1] (0.24ns) (out node of the LUT)   --->   "%x_max = select i1 %xor_ln66, i16 %data_0_val_read, i16 %data_1_val_read" [hls_simple_bds/firmware/nnet_utils/nnet_common.h:66->hls_simple_bds/firmware/nnet_utils/nnet_common.h:44->hls_simple_bds/firmware/nnet_utils/nnet_activation.h:239]   --->   Operation 8 'select' 'x_max' <Predicate = true> <Delay = 0.24> <CoreInst = "Sel">   --->   Core 73 'Sel' <Latency = 0> <II = 1> <Delay = 0.24> <FuncUnit> <Opcode : 'select'> <InPorts = 3> <OutPorts = 1>
ST_1 : Operation 9 [1/1] (0.00ns)   --->   "%sext_ln245 = sext i16 %data_0_val_read" [hls_simple_bds/firmware/nnet_utils/nnet_activation.h:245]   --->   Operation 9 'sext' 'sext_ln245' <Predicate = true> <Delay = 0.00>
ST_1 : Operation 10 [1/1] (0.00ns)   --->   "%sext_ln245_1 = sext i16 %x_max" [hls_simple_bds/firmware/nnet_utils/nnet_activation.h:245]   --->   Operation 10 'sext' 'sext_ln245_1' <Predicate = true> <Delay = 0.00>
ST_1 : Operation 11 [1/1] (0.78ns)   --->   "%sub_ln245 = sub i17 %sext_ln245, i17 %sext_ln245_1" [hls_simple_bds/firmware/nnet_utils/nnet_activation.h:245]   --->   Operation 11 'sub' 'sub_ln245' <Predicate = true> <Delay = 0.78> <CoreInst = "Adder">   --->   Core 1 'Adder' <Latency = 0> <II = 1> <Delay = 0.78> <FuncUnit> <Opcode : 'add' 'sub'> <InPorts = 2> <OutPorts = 1>
ST_1 : Operation 12 [1/1] (0.00ns)   --->   "%tmp_2 = bitselect i1 @_ssdm_op_BitSelect.i1.i17.i32, i17 %sub_ln245, i32 16" [hls_simple_bds/firmware/nnet_utils/nnet_activation.h:245]   --->   Operation 12 'bitselect' 'tmp_2' <Predicate = true> <Delay = 0.00>
ST_1 : Operation 13 [1/1] (0.00ns)   --->   "%tmp_3 = bitselect i1 @_ssdm_op_BitSelect.i1.i17.i32, i17 %sub_ln245, i32 15" [hls_simple_bds/firmware/nnet_utils/nnet_activation.h:245]   --->   Operation 13 'bitselect' 'tmp_3' <Predicate = true> <Delay = 0.00>
ST_1 : Operation 14 [1/1] (0.00ns) (grouped into LUT with out node select_ln245_1)   --->   "%xor_ln245 = xor i1 %tmp_2, i1 1" [hls_simple_bds/firmware/nnet_utils/nnet_activation.h:245]   --->   Operation 14 'xor' 'xor_ln245' <Predicate = true> <Delay = 0.00> <CoreInst = "LogicGate">   --->   Core 74 'LogicGate' <Latency = 0> <II = 1> <Delay = 0.12> <FuncUnit> <Opcode : 'and' 'or' 'xor'> <InPorts = 2> <OutPorts = 1>
ST_1 : Operation 15 [1/1] (0.00ns) (grouped into LUT with out node select_ln245_1)   --->   "%and_ln245 = and i1 %tmp_3, i1 %xor_ln245" [hls_simple_bds/firmware/nnet_utils/nnet_activation.h:245]   --->   Operation 15 'and' 'and_ln245' <Predicate = true> <Delay = 0.00> <CoreInst = "LogicGate">   --->   Core 74 'LogicGate' <Latency = 0> <II = 1> <Delay = 0.12> <FuncUnit> <Opcode : 'and' 'or' 'xor'> <InPorts = 2> <OutPorts = 1>
ST_1 : Operation 16 [1/1] (0.00ns) (grouped into LUT with out node select_ln245_1)   --->   "%xor_ln245_1 = xor i1 %tmp_2, i1 %tmp_3" [hls_simple_bds/firmware/nnet_utils/nnet_activation.h:245]   --->   Operation 16 'xor' 'xor_ln245_1' <Predicate = true> <Delay = 0.00> <CoreInst = "LogicGate">   --->   Core 74 'LogicGate' <Latency = 0> <II = 1> <Delay = 0.12> <FuncUnit> <Opcode : 'and' 'or' 'xor'> <InPorts = 2> <OutPorts = 1>
ST_1 : Operation 17 [1/1] (0.00ns)   --->   "%sext_ln245_2 = sext i16 %data_1_val_read" [hls_simple_bds/firmware/nnet_utils/nnet_activation.h:245]   --->   Operation 17 'sext' 'sext_ln245_2' <Predicate = true> <Delay = 0.00>
ST_1 : Operation 18 [1/1] (0.78ns)   --->   "%sub_ln245_1 = sub i17 %sext_ln245_2, i17 %sext_ln245_1" [hls_simple_bds/firmware/nnet_utils/nnet_activation.h:245]   --->   Operation 18 'sub' 'sub_ln245_1' <Predicate = true> <Delay = 0.78> <CoreInst = "Adder">   --->   Core 1 'Adder' <Latency = 0> <II = 1> <Delay = 0.78> <FuncUnit> <Opcode : 'add' 'sub'> <InPorts = 2> <OutPorts = 1>
ST_1 : Operation 19 [1/1] (0.00ns)   --->   "%tmp_4 = bitselect i1 @_ssdm_op_BitSelect.i1.i17.i32, i17 %sub_ln245_1, i32 16" [hls_simple_bds/firmware/nnet_utils/nnet_activation.h:245]   --->   Operation 19 'bitselect' 'tmp_4' <Predicate = true> <Delay = 0.00>
ST_1 : Operation 20 [1/1] (0.00ns)   --->   "%tmp_5 = bitselect i1 @_ssdm_op_BitSelect.i1.i17.i32, i17 %sub_ln245_1, i32 15" [hls_simple_bds/firmware/nnet_utils/nnet_activation.h:245]   --->   Operation 20 'bitselect' 'tmp_5' <Predicate = true> <Delay = 0.00>
ST_1 : Operation 21 [1/1] (0.00ns) (grouped into LUT with out node select_ln245_3)   --->   "%xor_ln245_2 = xor i1 %tmp_4, i1 1" [hls_simple_bds/firmware/nnet_utils/nnet_activation.h:245]   --->   Operation 21 'xor' 'xor_ln245_2' <Predicate = true> <Delay = 0.00> <CoreInst = "LogicGate">   --->   Core 74 'LogicGate' <Latency = 0> <II = 1> <Delay = 0.12> <FuncUnit> <Opcode : 'and' 'or' 'xor'> <InPorts = 2> <OutPorts = 1>
ST_1 : Operation 22 [1/1] (0.00ns) (grouped into LUT with out node select_ln245_3)   --->   "%and_ln245_1 = and i1 %tmp_5, i1 %xor_ln245_2" [hls_simple_bds/firmware/nnet_utils/nnet_activation.h:245]   --->   Operation 22 'and' 'and_ln245_1' <Predicate = true> <Delay = 0.00> <CoreInst = "LogicGate">   --->   Core 74 'LogicGate' <Latency = 0> <II = 1> <Delay = 0.12> <FuncUnit> <Opcode : 'and' 'or' 'xor'> <InPorts = 2> <OutPorts = 1>
ST_1 : Operation 23 [1/1] (0.00ns) (grouped into LUT with out node select_ln245_3)   --->   "%xor_ln245_3 = xor i1 %tmp_4, i1 %tmp_5" [hls_simple_bds/firmware/nnet_utils/nnet_activation.h:245]   --->   Operation 23 'xor' 'xor_ln245_3' <Predicate = true> <Delay = 0.00> <CoreInst = "LogicGate">   --->   Core 74 'LogicGate' <Latency = 0> <II = 1> <Delay = 0.12> <FuncUnit> <Opcode : 'and' 'or' 'xor'> <InPorts = 2> <OutPorts = 1>
ST_1 : Operation 24 [1/1] (0.00ns) (grouped into LUT with out node select_ln245_1)   --->   "%select_ln245 = select i1 %and_ln245, i10 511, i10 512" [hls_simple_bds/firmware/nnet_utils/nnet_activation.h:245]   --->   Operation 24 'select' 'select_ln245' <Predicate = true> <Delay = 0.00> <CoreInst = "Sel">   --->   Core 73 'Sel' <Latency = 0> <II = 1> <Delay = 0.30> <FuncUnit> <Opcode : 'select'> <InPorts = 3> <OutPorts = 1>
ST_1 : Operation 25 [1/1] (0.00ns) (grouped into LUT with out node select_ln245_1)   --->   "%tmp = partselect i10 @_ssdm_op_PartSelect.i10.i17.i32.i32, i17 %sub_ln245, i32 6, i32 15" [hls_simple_bds/firmware/nnet_utils/nnet_activation.h:145->hls_simple_bds/firmware/nnet_utils/nnet_activation.h:254]   --->   Operation 25 'partselect' 'tmp' <Predicate = true> <Delay = 0.00>
ST_1 : Operation 26 [1/1] (0.30ns) (out node of the LUT)   --->   "%select_ln245_1 = select i1 %xor_ln245_1, i10 %select_ln245, i10 %tmp" [hls_simple_bds/firmware/nnet_utils/nnet_activation.h:245]   --->   Operation 26 'select' 'select_ln245_1' <Predicate = true> <Delay = 0.30> <CoreInst = "Sel">   --->   Core 73 'Sel' <Latency = 0> <II = 1> <Delay = 0.30> <FuncUnit> <Opcode : 'select'> <InPorts = 3> <OutPorts = 1>
ST_1 : Operation 27 [1/1] (0.00ns)   --->   "%zext_ln255 = zext i10 %select_ln245_1" [hls_simple_bds/firmware/nnet_utils/nnet_activation.h:255]   --->   Operation 27 'zext' 'zext_ln255' <Predicate = true> <Delay = 0.00>
ST_1 : Operation 28 [1/1] (0.00ns)   --->   "%exp_table_addr = getelementptr i17 %exp_table, i64 0, i64 %zext_ln255" [hls_simple_bds/firmware/nnet_utils/nnet_activation.h:255]   --->   Operation 28 'getelementptr' 'exp_table_addr' <Predicate = true> <Delay = 0.00>
ST_1 : Operation 29 [2/2] (1.20ns)   --->   "%exp_table_load = load i10 %exp_table_addr" [hls_simple_bds/firmware/nnet_utils/nnet_activation.h:255]   --->   Operation 29 'load' 'exp_table_load' <Predicate = true> <Delay = 1.20> <CoreInst = "ROM">   --->   Core 101 'ROM' <Latency = 1> <II = 1> <Delay = 1.20> <Storage> <Opcode : 'load'> <Ports = 0> <Width = 17> <Depth = 1024> <ROM>
ST_1 : Operation 30 [1/1] (0.00ns) (grouped into LUT with out node select_ln245_3)   --->   "%select_ln245_2 = select i1 %and_ln245_1, i10 511, i10 512" [hls_simple_bds/firmware/nnet_utils/nnet_activation.h:245]   --->   Operation 30 'select' 'select_ln245_2' <Predicate = true> <Delay = 0.00> <CoreInst = "Sel">   --->   Core 73 'Sel' <Latency = 0> <II = 1> <Delay = 0.30> <FuncUnit> <Opcode : 'select'> <InPorts = 3> <OutPorts = 1>
ST_1 : Operation 31 [1/1] (0.00ns) (grouped into LUT with out node select_ln245_3)   --->   "%tmp_1 = partselect i10 @_ssdm_op_PartSelect.i10.i17.i32.i32, i17 %sub_ln245_1, i32 6, i32 15" [hls_simple_bds/firmware/nnet_utils/nnet_activation.h:145->hls_simple_bds/firmware/nnet_utils/nnet_activation.h:254]   --->   Operation 31 'partselect' 'tmp_1' <Predicate = true> <Delay = 0.00>
ST_1 : Operation 32 [1/1] (0.30ns) (out node of the LUT)   --->   "%select_ln245_3 = select i1 %xor_ln245_3, i10 %select_ln245_2, i10 %tmp_1" [hls_simple_bds/firmware/nnet_utils/nnet_activation.h:245]   --->   Operation 32 'select' 'select_ln245_3' <Predicate = true> <Delay = 0.30> <CoreInst = "Sel">   --->   Core 73 'Sel' <Latency = 0> <II = 1> <Delay = 0.30> <FuncUnit> <Opcode : 'select'> <InPorts = 3> <OutPorts = 1>
ST_1 : Operation 33 [1/1] (0.00ns)   --->   "%zext_ln255_1 = zext i10 %select_ln245_3" [hls_simple_bds/firmware/nnet_utils/nnet_activation.h:255]   --->   Operation 33 'zext' 'zext_ln255_1' <Predicate = true> <Delay = 0.00>
ST_1 : Operation 34 [1/1] (0.00ns)   --->   "%exp_table_addr_1 = getelementptr i17 %exp_table, i64 0, i64 %zext_ln255_1" [hls_simple_bds/firmware/nnet_utils/nnet_activation.h:255]   --->   Operation 34 'getelementptr' 'exp_table_addr_1' <Predicate = true> <Delay = 0.00>
ST_1 : Operation 35 [2/2] (1.20ns)   --->   "%exp_table_load_1 = load i10 %exp_table_addr_1" [hls_simple_bds/firmware/nnet_utils/nnet_activation.h:255]   --->   Operation 35 'load' 'exp_table_load_1' <Predicate = true> <Delay = 1.20> <CoreInst = "ROM">   --->   Core 101 'ROM' <Latency = 1> <II = 1> <Delay = 1.20> <Storage> <Opcode : 'load'> <Ports = 0> <Width = 17> <Depth = 1024> <ROM>

State 2 <SV = 1> <Delay = 3.49>
ST_2 : Operation 36 [1/2] (1.20ns)   --->   "%exp_table_load = load i10 %exp_table_addr" [hls_simple_bds/firmware/nnet_utils/nnet_activation.h:255]   --->   Operation 36 'load' 'exp_table_load' <Predicate = true> <Delay = 1.20> <CoreInst = "ROM">   --->   Core 101 'ROM' <Latency = 1> <II = 1> <Delay = 1.20> <Storage> <Opcode : 'load'> <Ports = 0> <Width = 17> <Depth = 1024> <ROM>
ST_2 : Operation 37 [1/1] (0.00ns)   --->   "%zext_ln245 = zext i17 %exp_table_load" [hls_simple_bds/firmware/nnet_utils/nnet_activation.h:245]   --->   Operation 37 'zext' 'zext_ln245' <Predicate = true> <Delay = 0.00>
ST_2 : Operation 38 [1/2] (1.20ns)   --->   "%exp_table_load_1 = load i10 %exp_table_addr_1" [hls_simple_bds/firmware/nnet_utils/nnet_activation.h:255]   --->   Operation 38 'load' 'exp_table_load_1' <Predicate = true> <Delay = 1.20> <CoreInst = "ROM">   --->   Core 101 'ROM' <Latency = 1> <II = 1> <Delay = 1.20> <Storage> <Opcode : 'load'> <Ports = 0> <Width = 17> <Depth = 1024> <ROM>
ST_2 : Operation 39 [1/1] (0.00ns)   --->   "%zext_ln51 = zext i17 %exp_table_load_1" [hls_simple_bds/firmware/nnet_utils/nnet_common.h:51->hls_simple_bds/firmware/nnet_utils/nnet_common.h:44->hls_simple_bds/firmware/nnet_utils/nnet_activation.h:262]   --->   Operation 39 'zext' 'zext_ln51' <Predicate = true> <Delay = 0.00>
ST_2 : Operation 40 [1/1] (0.79ns)   --->   "%add_ln51_1 = add i17 %exp_table_load_1, i17 %exp_table_load" [hls_simple_bds/firmware/nnet_utils/nnet_common.h:51->hls_simple_bds/firmware/nnet_utils/nnet_common.h:44->hls_simple_bds/firmware/nnet_utils/nnet_activation.h:262]   --->   Operation 40 'add' 'add_ln51_1' <Predicate = true> <Delay = 0.79> <CoreInst = "Adder">   --->   Core 1 'Adder' <Latency = 0> <II = 1> <Delay = 0.79> <FuncUnit> <Opcode : 'add' 'sub'> <InPorts = 2> <OutPorts = 1>
ST_2 : Operation 41 [1/1] (0.79ns)   --->   "%add_ln51 = add i18 %zext_ln51, i18 %zext_ln245" [hls_simple_bds/firmware/nnet_utils/nnet_common.h:51->hls_simple_bds/firmware/nnet_utils/nnet_common.h:44->hls_simple_bds/firmware/nnet_utils/nnet_activation.h:262]   --->   Operation 41 'add' 'add_ln51' <Predicate = true> <Delay = 0.79> <CoreInst = "Adder">   --->   Core 1 'Adder' <Latency = 0> <II = 1> <Delay = 0.79> <FuncUnit> <Opcode : 'add' 'sub'> <InPorts = 2> <OutPorts = 1>
ST_2 : Operation 42 [1/1] (0.00ns)   --->   "%tmp_6 = bitselect i1 @_ssdm_op_BitSelect.i1.i18.i32, i18 %add_ln51, i32 17" [hls_simple_bds/firmware/nnet_utils/nnet_common.h:51->hls_simple_bds/firmware/nnet_utils/nnet_common.h:44->hls_simple_bds/firmware/nnet_utils/nnet_activation.h:262]   --->   Operation 42 'bitselect' 'tmp_6' <Predicate = true> <Delay = 0.00>
ST_2 : Operation 43 [1/1] (0.00ns)   --->   "%tmp_2_cast = partselect i9 @_ssdm_op_PartSelect.i9.i17.i32.i32, i17 %add_ln51_1, i32 8, i32 16" [hls_simple_bds/firmware/nnet_utils/nnet_common.h:51->hls_simple_bds/firmware/nnet_utils/nnet_common.h:44->hls_simple_bds/firmware/nnet_utils/nnet_activation.h:262]   --->   Operation 43 'partselect' 'tmp_2_cast' <Predicate = true> <Delay = 0.00>
ST_2 : Operation 44 [1/1] (0.30ns)   --->   "%select_ln51 = select i1 %tmp_6, i9 511, i9 %tmp_2_cast" [hls_simple_bds/firmware/nnet_utils/nnet_common.h:51->hls_simple_bds/firmware/nnet_utils/nnet_common.h:44->hls_simple_bds/firmware/nnet_utils/nnet_activation.h:262]   --->   Operation 44 'select' 'select_ln51' <Predicate = true> <Delay = 0.30> <CoreInst = "Sel">   --->   Core 73 'Sel' <Latency = 0> <II = 1> <Delay = 0.30> <FuncUnit> <Opcode : 'select'> <InPorts = 3> <OutPorts = 1>
ST_2 : Operation 45 [1/1] (0.00ns)   --->   "%zext_ln265 = zext i9 %select_ln51" [hls_simple_bds/firmware/nnet_utils/nnet_activation.h:265]   --->   Operation 45 'zext' 'zext_ln265' <Predicate = true> <Delay = 0.00>
ST_2 : Operation 46 [1/1] (0.00ns)   --->   "%invert_table_addr = getelementptr i18 %invert_table, i64 0, i64 %zext_ln265" [hls_simple_bds/firmware/nnet_utils/nnet_activation.h:265]   --->   Operation 46 'getelementptr' 'invert_table_addr' <Predicate = true> <Delay = 0.00>
ST_2 : Operation 47 [2/2] (1.20ns)   --->   "%inv_exp_sum = load i10 %invert_table_addr" [hls_simple_bds/firmware/nnet_utils/nnet_activation.h:265]   --->   Operation 47 'load' 'inv_exp_sum' <Predicate = true> <Delay = 1.20> <CoreInst = "ROM">   --->   Core 101 'ROM' <Latency = 1> <II = 1> <Delay = 1.20> <Storage> <Opcode : 'load'> <Ports = 0> <Width = 18> <Depth = 1024> <ROM>

State 3 <SV = 2> <Delay = 3.23>
ST_3 : Operation 48 [1/1] (0.00ns)   --->   "%specpipeline_ln37 = specpipeline void @_ssdm_op_SpecPipeline, i32 4294967295, i32 0, i32 0, i32 0, void @empty_0" [hls_simple_bds/firmware/nnet_utils/nnet_common.h:37->hls_simple_bds/firmware/nnet_utils/nnet_activation.h:239]   --->   Operation 48 'specpipeline' 'specpipeline_ln37' <Predicate = true> <Delay = 0.00>
ST_3 : Operation 49 [1/2] (1.20ns)   --->   "%inv_exp_sum = load i10 %invert_table_addr" [hls_simple_bds/firmware/nnet_utils/nnet_activation.h:265]   --->   Operation 49 'load' 'inv_exp_sum' <Predicate = true> <Delay = 1.20> <CoreInst = "ROM">   --->   Core 101 'ROM' <Latency = 1> <II = 1> <Delay = 1.20> <Storage> <Opcode : 'load'> <Ports = 0> <Width = 18> <Depth = 1024> <ROM>
ST_3 : Operation 50 [1/1] (0.00ns)   --->   "%sext_ln268 = sext i18 %inv_exp_sum" [hls_simple_bds/firmware/nnet_utils/nnet_activation.h:268]   --->   Operation 50 'sext' 'sext_ln268' <Predicate = true> <Delay = 0.00>
ST_3 : Operation 51 [1/1] (0.00ns)   --->   "%zext_ln268 = zext i17 %exp_table_load" [hls_simple_bds/firmware/nnet_utils/nnet_activation.h:268]   --->   Operation 51 'zext' 'zext_ln268' <Predicate = true> <Delay = 0.00>
ST_3 : Operation 52 [1/1] (2.03ns)   --->   "%mul_ln268 = mul i26 %sext_ln268, i26 %zext_ln268" [hls_simple_bds/firmware/nnet_utils/nnet_activation.h:268]   --->   Operation 52 'mul' 'mul_ln268' <Predicate = true> <Delay = 2.03> <CoreInst = "Multiplier">   --->   Core 3 'Multiplier' <Latency = 0> <II = 1> <Delay = 2.03> <FuncUnit> <Opcode : 'mul'> <InPorts = 2> <OutPorts = 1>
ST_3 : Operation 53 [1/1] (0.00ns)   --->   "%trunc_ln1 = partselect i16 @_ssdm_op_PartSelect.i16.i26.i32.i32, i26 %mul_ln268, i32 10, i32 25" [hls_simple_bds/firmware/nnet_utils/nnet_activation.h:268]   --->   Operation 53 'partselect' 'trunc_ln1' <Predicate = true> <Delay = 0.00>
ST_3 : Operation 54 [1/1] (0.00ns)   --->   "%zext_ln268_1 = zext i17 %exp_table_load_1" [hls_simple_bds/firmware/nnet_utils/nnet_activation.h:268]   --->   Operation 54 'zext' 'zext_ln268_1' <Predicate = true> <Delay = 0.00>
ST_3 : Operation 55 [1/1] (2.03ns)   --->   "%mul_ln268_1 = mul i26 %sext_ln268, i26 %zext_ln268_1" [hls_simple_bds/firmware/nnet_utils/nnet_activation.h:268]   --->   Operation 55 'mul' 'mul_ln268_1' <Predicate = true> <Delay = 2.03> <CoreInst = "Multiplier">   --->   Core 3 'Multiplier' <Latency = 0> <II = 1> <Delay = 2.03> <FuncUnit> <Opcode : 'mul'> <InPorts = 2> <OutPorts = 1>
ST_3 : Operation 56 [1/1] (0.00ns)   --->   "%trunc_ln268_1 = partselect i16 @_ssdm_op_PartSelect.i16.i26.i32.i32, i26 %mul_ln268_1, i32 10, i32 25" [hls_simple_bds/firmware/nnet_utils/nnet_activation.h:268]   --->   Operation 56 'partselect' 'trunc_ln268_1' <Predicate = true> <Delay = 0.00>
ST_3 : Operation 57 [1/1] (0.00ns)   --->   "%mrv = insertvalue i32 <undef>, i16 %trunc_ln1" [hls_simple_bds/firmware/nnet_utils/nnet_activation.h:270]   --->   Operation 57 'insertvalue' 'mrv' <Predicate = true> <Delay = 0.00>
ST_3 : Operation 58 [1/1] (0.00ns)   --->   "%mrv_1 = insertvalue i32 %mrv, i16 %trunc_ln268_1" [hls_simple_bds/firmware/nnet_utils/nnet_activation.h:270]   --->   Operation 58 'insertvalue' 'mrv_1' <Predicate = true> <Delay = 0.00>
ST_3 : Operation 59 [1/1] (0.00ns)   --->   "%ret_ln270 = ret i32 %mrv_1" [hls_simple_bds/firmware/nnet_utils/nnet_activation.h:270]   --->   Operation 59 'ret' 'ret_ln270' <Predicate = true> <Delay = 0.00>


============================================================
+ Verbose Summary: Binding
============================================================
STG Binding: 
---------------- STG Properties BEGIN ----------------
- Is combinational: 0
- Is one-state seq: 0
- Is datapath-only: 0
- Is pipelined: 1
- Is top level: 0
Port [ Return ] is wired: 1; IO mode=ap_ctrl_hs:ce=0
Port [ data_0_val]:  wired=1; compound=0; hidden=0; nouse=0; global=0; static=0; extern=0; dir=0; type=0; pingpong=0; private_global=0; IO mode=ap_none:ce=0
Port [ data_1_val]:  wired=1; compound=0; hidden=0; nouse=0; global=0; static=0; extern=0; dir=0; type=0; pingpong=0; private_global=0; IO mode=ap_none:ce=0
Port [ exp_table]:  wired=0; compound=1; hidden=1; nouse=0; global=1; static=1; extern=0; dir=0; type=1; pingpong=0; private_global=1; MemPort=[11]; IO mode=ap_memory:ce=0
Port [ invert_table]:  wired=0; compound=1; hidden=1; nouse=0; global=1; static=1; extern=0; dir=0; type=1; pingpong=0; private_global=1; MemPort=[1]; IO mode=ap_memory:ce=0
---------------- STG Properties END ------------------

---------------- Datapath Model BEGIN ----------------

<LifeTime>
<method=bitvector/>
data_1_val_read   (read         ) [ 0000]
data_0_val_read   (read         ) [ 0000]
icmp_ln66         (icmp         ) [ 0000]
xor_ln66          (xor          ) [ 0000]
x_max             (select       ) [ 0000]
sext_ln245        (sext         ) [ 0000]
sext_ln245_1      (sext         ) [ 0000]
sub_ln245         (sub          ) [ 0000]
tmp_2             (bitselect    ) [ 0000]
tmp_3             (bitselect    ) [ 0000]
xor_ln245         (xor          ) [ 0000]
and_ln245         (and          ) [ 0000]
xor_ln245_1       (xor          ) [ 0000]
sext_ln245_2      (sext         ) [ 0000]
sub_ln245_1       (sub          ) [ 0000]
tmp_4             (bitselect    ) [ 0000]
tmp_5             (bitselect    ) [ 0000]
xor_ln245_2       (xor          ) [ 0000]
and_ln245_1       (and          ) [ 0000]
xor_ln245_3       (xor          ) [ 0000]
select_ln245      (select       ) [ 0000]
tmp               (partselect   ) [ 0000]
select_ln245_1    (select       ) [ 0000]
zext_ln255        (zext         ) [ 0000]
exp_table_addr    (getelementptr) [ 0110]
select_ln245_2    (select       ) [ 0000]
tmp_1             (partselect   ) [ 0000]
select_ln245_3    (select       ) [ 0000]
zext_ln255_1      (zext         ) [ 0000]
exp_table_addr_1  (getelementptr) [ 0110]
exp_table_load    (load         ) [ 0101]
zext_ln245        (zext         ) [ 0000]
exp_table_load_1  (load         ) [ 0101]
zext_ln51         (zext         ) [ 0000]
add_ln51_1        (add          ) [ 0000]
add_ln51          (add          ) [ 0000]
tmp_6             (bitselect    ) [ 0000]
tmp_2_cast        (partselect   ) [ 0000]
select_ln51       (select       ) [ 0000]
zext_ln265        (zext         ) [ 0000]
invert_table_addr (getelementptr) [ 0101]
specpipeline_ln37 (specpipeline ) [ 0000]
inv_exp_sum       (load         ) [ 0000]
sext_ln268        (sext         ) [ 0000]
zext_ln268        (zext         ) [ 0000]
mul_ln268         (mul          ) [ 0000]
trunc_ln1         (partselect   ) [ 0000]
zext_ln268_1      (zext         ) [ 0000]
mul_ln268_1       (mul          ) [ 0000]
trunc_ln268_1     (partselect   ) [ 0000]
mrv               (insertvalue  ) [ 0000]
mrv_1             (insertvalue  ) [ 0000]
ret_ln270         (ret          ) [ 0000]
</LifeTime>

<model>

<comp_list>
<comp id="0" class="1000" name="data_0_val">
<pin_list>
<pin id="1" dir="1" index="0" bw="1" slack="0"/>
</pin_list>
<bind>
<StgValue><ssdm name="data_0_val"/></StgValue>
</bind>
</comp>

<comp id="2" class="1000" name="data_1_val">
<pin_list>
<pin id="3" dir="1" index="0" bw="1" slack="0"/>
</pin_list>
<bind>
<StgValue><ssdm name="data_1_val"/></StgValue>
</bind>
</comp>

<comp id="4" class="1000" name="exp_table">
<pin_list>
<pin id="5" dir="1" index="0" bw="1" slack="0"/>
</pin_list>
<bind>
<StgValue><ssdm name="exp_table"/><MemPortTyVec>1 1 </MemPortTyVec>
</StgValue>
</bind>
</comp>

<comp id="6" class="1000" name="invert_table">
<pin_list>
<pin id="7" dir="1" index="0" bw="1" slack="0"/>
</pin_list>
<bind>
<StgValue><ssdm name="invert_table"/><MemPortTyVec>1 </MemPortTyVec>
</StgValue>
</bind>
</comp>

<comp id="8" class="1001" name="const_8">
<pin_list>
<pin id="9" dir="1" index="0" bw="1" slack="0"/>
</pin_list>
<bind>
<StgValue><ssdm name="_ssdm_op_Read.ap_auto.i16"/></StgValue>
</bind>
</comp>

<comp id="10" class="1001" name="const_10">
<pin_list>
<pin id="11" dir="1" index="0" bw="1" slack="0"/>
</pin_list>
<bind>
<StgValue><ssdm name=""/></StgValue>
</bind>
</comp>

<comp id="12" class="1001" name="const_12">
<pin_list>
<pin id="13" dir="1" index="0" bw="1" slack="0"/>
</pin_list>
<bind>
<StgValue><ssdm name="_ssdm_op_BitSelect.i1.i17.i32"/></StgValue>
</bind>
</comp>

<comp id="14" class="1001" name="const_14">
<pin_list>
<pin id="15" dir="1" index="0" bw="1" slack="0"/>
</pin_list>
<bind>
<StgValue><ssdm name=""/></StgValue>
</bind>
</comp>

<comp id="16" class="1001" name="const_16">
<pin_list>
<pin id="17" dir="1" index="0" bw="1" slack="0"/>
</pin_list>
<bind>
<StgValue><ssdm name=""/></StgValue>
</bind>
</comp>

<comp id="18" class="1001" name="const_18">
<pin_list>
<pin id="19" dir="1" index="0" bw="1" slack="0"/>
</pin_list>
<bind>
<StgValue><ssdm name=""/></StgValue>
</bind>
</comp>

<comp id="20" class="1001" name="const_20">
<pin_list>
<pin id="21" dir="1" index="0" bw="1" slack="0"/>
</pin_list>
<bind>
<StgValue><ssdm name=""/></StgValue>
</bind>
</comp>

<comp id="22" class="1001" name="const_22">
<pin_list>
<pin id="23" dir="1" index="0" bw="1" slack="0"/>
</pin_list>
<bind>
<StgValue><ssdm name="_ssdm_op_PartSelect.i10.i17.i32.i32"/></StgValue>
</bind>
</comp>

<comp id="24" class="1001" name="const_24">
<pin_list>
<pin id="25" dir="1" index="0" bw="1" slack="0"/>
</pin_list>
<bind>
<StgValue><ssdm name=""/></StgValue>
</bind>
</comp>

<comp id="26" class="1001" name="const_26">
<pin_list>
<pin id="27" dir="1" index="0" bw="1" slack="0"/>
</pin_list>
<bind>
<StgValue><ssdm name=""/></StgValue>
</bind>
</comp>

<comp id="28" class="1001" name="const_28">
<pin_list>
<pin id="29" dir="1" index="0" bw="1" slack="0"/>
</pin_list>
<bind>
<StgValue><ssdm name="_ssdm_op_BitSelect.i1.i18.i32"/></StgValue>
</bind>
</comp>

<comp id="30" class="1001" name="const_30">
<pin_list>
<pin id="31" dir="1" index="0" bw="1" slack="0"/>
</pin_list>
<bind>
<StgValue><ssdm name=""/></StgValue>
</bind>
</comp>

<comp id="32" class="1001" name="const_32">
<pin_list>
<pin id="33" dir="1" index="0" bw="1" slack="0"/>
</pin_list>
<bind>
<StgValue><ssdm name="_ssdm_op_PartSelect.i9.i17.i32.i32"/></StgValue>
</bind>
</comp>

<comp id="34" class="1001" name="const_34">
<pin_list>
<pin id="35" dir="1" index="0" bw="1" slack="0"/>
</pin_list>
<bind>
<StgValue><ssdm name=""/></StgValue>
</bind>
</comp>

<comp id="36" class="1001" name="const_36">
<pin_list>
<pin id="37" dir="1" index="0" bw="1" slack="0"/>
</pin_list>
<bind>
<StgValue><ssdm name=""/></StgValue>
</bind>
</comp>

<comp id="38" class="1001" name="const_38">
<pin_list>
<pin id="39" dir="1" index="0" bw="1" slack="2147483647"/>
</pin_list>
<bind>
<StgValue><ssdm name="_ssdm_op_SpecPipeline"/></StgValue>
</bind>
</comp>

<comp id="40" class="1001" name="const_40">
<pin_list>
<pin id="41" dir="1" index="0" bw="1" slack="2147483647"/>
</pin_list>
<bind>
<StgValue><ssdm name=""/></StgValue>
</bind>
</comp>

<comp id="42" class="1001" name="const_42">
<pin_list>
<pin id="43" dir="1" index="0" bw="1" slack="2147483647"/>
</pin_list>
<bind>
<StgValue><ssdm name=""/></StgValue>
</bind>
</comp>

<comp id="44" class="1001" name="const_44">
<pin_list>
<pin id="45" dir="1" index="0" bw="1" slack="2147483647"/>
</pin_list>
<bind>
<StgValue><ssdm name="empty_0"/></StgValue>
</bind>
</comp>

<comp id="46" class="1001" name="const_46">
<pin_list>
<pin id="47" dir="1" index="0" bw="1" slack="0"/>
</pin_list>
<bind>
<StgValue><ssdm name="_ssdm_op_PartSelect.i16.i26.i32.i32"/></StgValue>
</bind>
</comp>

<comp id="48" class="1001" name="const_48">
<pin_list>
<pin id="49" dir="1" index="0" bw="1" slack="0"/>
</pin_list>
<bind>
<StgValue><ssdm name=""/></StgValue>
</bind>
</comp>

<comp id="50" class="1001" name="const_50">
<pin_list>
<pin id="51" dir="1" index="0" bw="1" slack="0"/>
</pin_list>
<bind>
<StgValue><ssdm name=""/></StgValue>
</bind>
</comp>

<comp id="52" class="1001" name="const_52">
<pin_list>
<pin id="53" dir="1" index="0" bw="1" slack="0"/>
</pin_list>
<bind>
<StgValue><ssdm name=""/></StgValue>
</bind>
</comp>

<comp id="54" class="1004" name="data_1_val_read_read_fu_54">
<pin_list>
<pin id="55" dir="0" index="0" bw="16" slack="0"/>
<pin id="56" dir="0" index="1" bw="16" slack="0"/>
<pin id="57" dir="1" index="2" bw="16" slack="0"/>
</pin_list>
<bind>
<opcode="read(1150) " fcode="read"/>
<opset="data_1_val_read/1 "/>
</bind>
</comp>

<comp id="60" class="1004" name="data_0_val_read_read_fu_60">
<pin_list>
<pin id="61" dir="0" index="0" bw="16" slack="0"/>
<pin id="62" dir="0" index="1" bw="16" slack="0"/>
<pin id="63" dir="1" index="2" bw="16" slack="0"/>
</pin_list>
<bind>
<opcode="read(1150) " fcode="read"/>
<opset="data_0_val_read/1 "/>
</bind>
</comp>

<comp id="66" class="1004" name="exp_table_addr_gep_fu_66">
<pin_list>
<pin id="67" dir="0" index="0" bw="17" slack="0"/>
<pin id="68" dir="0" index="1" bw="1" slack="0"/>
<pin id="69" dir="0" index="2" bw="10" slack="0"/>
<pin id="70" dir="1" index="3" bw="10" slack="0"/>
</pin_list>
<bind>
<opcode="getelementptr(29) " fcode="getelementptr"/>
<opset="exp_table_addr/1 "/>
</bind>
</comp>

<comp id="73" class="1004" name="grp_access_fu_73">
<pin_list>
<pin id="74" dir="0" index="0" bw="10" slack="0"/>
<pin id="75" dir="0" index="1" bw="17" slack="2147483647"/>
<pin id="76" dir="0" index="2" bw="0" slack="0"/>
<pin id="78" dir="0" index="4" bw="10" slack="2147483647"/>
<pin id="79" dir="0" index="5" bw="17" slack="2147483647"/>
<pin id="80" dir="0" index="6" bw="0" slack="2147483647"/>
<pin id="77" dir="1" index="3" bw="17" slack="0"/>
<pin id="81" dir="1" index="7" bw="17" slack="0"/>
</pin_list>
<bind>
<opcode="load(27) " fcode="load"/>
<opset="exp_table_load/1 exp_table_load_1/1 "/>
</bind>
</comp>

<comp id="83" class="1004" name="exp_table_addr_1_gep_fu_83">
<pin_list>
<pin id="84" dir="0" index="0" bw="17" slack="0"/>
<pin id="85" dir="0" index="1" bw="1" slack="0"/>
<pin id="86" dir="0" index="2" bw="10" slack="0"/>
<pin id="87" dir="1" index="3" bw="10" slack="0"/>
</pin_list>
<bind>
<opcode="getelementptr(29) " fcode="getelementptr"/>
<opset="exp_table_addr_1/1 "/>
</bind>
</comp>

<comp id="91" class="1004" name="invert_table_addr_gep_fu_91">
<pin_list>
<pin id="92" dir="0" index="0" bw="18" slack="0"/>
<pin id="93" dir="0" index="1" bw="1" slack="0"/>
<pin id="94" dir="0" index="2" bw="9" slack="0"/>
<pin id="95" dir="1" index="3" bw="10" slack="0"/>
</pin_list>
<bind>
<opcode="getelementptr(29) " fcode="getelementptr"/>
<opset="invert_table_addr/2 "/>
</bind>
</comp>

<comp id="98" class="1004" name="grp_access_fu_98">
<pin_list>
<pin id="99" dir="0" index="0" bw="10" slack="0"/>
<pin id="100" dir="0" index="1" bw="18" slack="2147483647"/>
<pin id="101" dir="0" index="2" bw="0" slack="2147483647"/>
<pin id="102" dir="1" index="3" bw="18" slack="0"/>
</pin_list>
<bind>
<opcode="load(27) " fcode="load"/>
<opset="inv_exp_sum/2 "/>
</bind>
</comp>

<comp id="104" class="1004" name="icmp_ln66_fu_104">
<pin_list>
<pin id="105" dir="0" index="0" bw="16" slack="0"/>
<pin id="106" dir="0" index="1" bw="16" slack="0"/>
<pin id="107" dir="1" index="2" bw="1" slack="0"/>
</pin_list>
<bind>
<opcode="icmp(45) " fcode="icmp"/>
<opset="icmp_ln66/1 "/>
</bind>
</comp>

<comp id="110" class="1004" name="xor_ln66_fu_110">
<pin_list>
<pin id="111" dir="0" index="0" bw="1" slack="0"/>
<pin id="112" dir="0" index="1" bw="1" slack="0"/>
<pin id="113" dir="1" index="2" bw="1" slack="0"/>
</pin_list>
<bind>
<opcode="xor(25) " fcode="xor"/>
<opset="xor_ln66/1 "/>
</bind>
</comp>

<comp id="116" class="1004" name="x_max_fu_116">
<pin_list>
<pin id="117" dir="0" index="0" bw="1" slack="0"/>
<pin id="118" dir="0" index="1" bw="16" slack="0"/>
<pin id="119" dir="0" index="2" bw="16" slack="0"/>
<pin id="120" dir="1" index="3" bw="16" slack="0"/>
</pin_list>
<bind>
<opcode="select(49) " fcode="select"/>
<opset="x_max/1 "/>
</bind>
</comp>

<comp id="124" class="1004" name="sext_ln245_fu_124">
<pin_list>
<pin id="125" dir="0" index="0" bw="16" slack="0"/>
<pin id="126" dir="1" index="1" bw="17" slack="0"/>
</pin_list>
<bind>
<opcode="sext(35) " fcode="sext"/>
<opset="sext_ln245/1 "/>
</bind>
</comp>

<comp id="128" class="1004" name="sext_ln245_1_fu_128">
<pin_list>
<pin id="129" dir="0" index="0" bw="16" slack="0"/>
<pin id="130" dir="1" index="1" bw="17" slack="0"/>
</pin_list>
<bind>
<opcode="sext(35) " fcode="sext"/>
<opset="sext_ln245_1/1 "/>
</bind>
</comp>

<comp id="132" class="1004" name="sub_ln245_fu_132">
<pin_list>
<pin id="133" dir="0" index="0" bw="16" slack="0"/>
<pin id="134" dir="0" index="1" bw="16" slack="0"/>
<pin id="135" dir="1" index="2" bw="17" slack="0"/>
</pin_list>
<bind>
<opcode="sub(10) " fcode="sub"/>
<opset="sub_ln245/1 "/>
</bind>
</comp>

<comp id="138" class="1004" name="tmp_2_fu_138">
<pin_list>
<pin id="139" dir="0" index="0" bw="1" slack="0"/>
<pin id="140" dir="0" index="1" bw="17" slack="0"/>
<pin id="141" dir="0" index="2" bw="6" slack="0"/>
<pin id="142" dir="1" index="3" bw="1" slack="0"/>
</pin_list>
<bind>
<opcode="bitselect(1000) " fcode="bitselect"/>
<opset="tmp_2/1 "/>
</bind>
</comp>

<comp id="146" class="1004" name="tmp_3_fu_146">
<pin_list>
<pin id="147" dir="0" index="0" bw="1" slack="0"/>
<pin id="148" dir="0" index="1" bw="17" slack="0"/>
<pin id="149" dir="0" index="2" bw="5" slack="0"/>
<pin id="150" dir="1" index="3" bw="1" slack="0"/>
</pin_list>
<bind>
<opcode="bitselect(1000) " fcode="bitselect"/>
<opset="tmp_3/1 "/>
</bind>
</comp>

<comp id="154" class="1004" name="xor_ln245_fu_154">
<pin_list>
<pin id="155" dir="0" index="0" bw="1" slack="0"/>
<pin id="156" dir="0" index="1" bw="1" slack="0"/>
<pin id="157" dir="1" index="2" bw="1" slack="0"/>
</pin_list>
<bind>
<opcode="xor(25) " fcode="xor"/>
<opset="xor_ln245/1 "/>
</bind>
</comp>

<comp id="160" class="1004" name="and_ln245_fu_160">
<pin_list>
<pin id="161" dir="0" index="0" bw="1" slack="0"/>
<pin id="162" dir="0" index="1" bw="1" slack="0"/>
<pin id="163" dir="1" index="2" bw="1" slack="0"/>
</pin_list>
<bind>
<opcode="and(23) " fcode="and"/>
<opset="and_ln245/1 "/>
</bind>
</comp>

<comp id="166" class="1004" name="xor_ln245_1_fu_166">
<pin_list>
<pin id="167" dir="0" index="0" bw="1" slack="0"/>
<pin id="168" dir="0" index="1" bw="1" slack="0"/>
<pin id="169" dir="1" index="2" bw="1" slack="0"/>
</pin_list>
<bind>
<opcode="xor(25) " fcode="xor"/>
<opset="xor_ln245_1/1 "/>
</bind>
</comp>

<comp id="172" class="1004" name="sext_ln245_2_fu_172">
<pin_list>
<pin id="173" dir="0" index="0" bw="16" slack="0"/>
<pin id="174" dir="1" index="1" bw="17" slack="0"/>
</pin_list>
<bind>
<opcode="sext(35) " fcode="sext"/>
<opset="sext_ln245_2/1 "/>
</bind>
</comp>

<comp id="176" class="1004" name="sub_ln245_1_fu_176">
<pin_list>
<pin id="177" dir="0" index="0" bw="16" slack="0"/>
<pin id="178" dir="0" index="1" bw="16" slack="0"/>
<pin id="179" dir="1" index="2" bw="17" slack="0"/>
</pin_list>
<bind>
<opcode="sub(10) " fcode="sub"/>
<opset="sub_ln245_1/1 "/>
</bind>
</comp>

<comp id="182" class="1004" name="tmp_4_fu_182">
<pin_list>
<pin id="183" dir="0" index="0" bw="1" slack="0"/>
<pin id="184" dir="0" index="1" bw="17" slack="0"/>
<pin id="185" dir="0" index="2" bw="6" slack="0"/>
<pin id="186" dir="1" index="3" bw="1" slack="0"/>
</pin_list>
<bind>
<opcode="bitselect(1000) " fcode="bitselect"/>
<opset="tmp_4/1 "/>
</bind>
</comp>

<comp id="190" class="1004" name="tmp_5_fu_190">
<pin_list>
<pin id="191" dir="0" index="0" bw="1" slack="0"/>
<pin id="192" dir="0" index="1" bw="17" slack="0"/>
<pin id="193" dir="0" index="2" bw="5" slack="0"/>
<pin id="194" dir="1" index="3" bw="1" slack="0"/>
</pin_list>
<bind>
<opcode="bitselect(1000) " fcode="bitselect"/>
<opset="tmp_5/1 "/>
</bind>
</comp>

<comp id="198" class="1004" name="xor_ln245_2_fu_198">
<pin_list>
<pin id="199" dir="0" index="0" bw="1" slack="0"/>
<pin id="200" dir="0" index="1" bw="1" slack="0"/>
<pin id="201" dir="1" index="2" bw="1" slack="0"/>
</pin_list>
<bind>
<opcode="xor(25) " fcode="xor"/>
<opset="xor_ln245_2/1 "/>
</bind>
</comp>

<comp id="204" class="1004" name="and_ln245_1_fu_204">
<pin_list>
<pin id="205" dir="0" index="0" bw="1" slack="0"/>
<pin id="206" dir="0" index="1" bw="1" slack="0"/>
<pin id="207" dir="1" index="2" bw="1" slack="0"/>
</pin_list>
<bind>
<opcode="and(23) " fcode="and"/>
<opset="and_ln245_1/1 "/>
</bind>
</comp>

<comp id="210" class="1004" name="xor_ln245_3_fu_210">
<pin_list>
<pin id="211" dir="0" index="0" bw="1" slack="0"/>
<pin id="212" dir="0" index="1" bw="1" slack="0"/>
<pin id="213" dir="1" index="2" bw="1" slack="0"/>
</pin_list>
<bind>
<opcode="xor(25) " fcode="xor"/>
<opset="xor_ln245_3/1 "/>
</bind>
</comp>

<comp id="216" class="1004" name="select_ln245_fu_216">
<pin_list>
<pin id="217" dir="0" index="0" bw="1" slack="0"/>
<pin id="218" dir="0" index="1" bw="10" slack="0"/>
<pin id="219" dir="0" index="2" bw="10" slack="0"/>
<pin id="220" dir="1" index="3" bw="10" slack="0"/>
</pin_list>
<bind>
<opcode="select(49) " fcode="select"/>
<opset="select_ln245/1 "/>
</bind>
</comp>

<comp id="224" class="1004" name="tmp_fu_224">
<pin_list>
<pin id="225" dir="0" index="0" bw="10" slack="0"/>
<pin id="226" dir="0" index="1" bw="17" slack="0"/>
<pin id="227" dir="0" index="2" bw="4" slack="0"/>
<pin id="228" dir="0" index="3" bw="5" slack="0"/>
<pin id="229" dir="1" index="4" bw="10" slack="0"/>
</pin_list>
<bind>
<opcode="partselect(1002) " fcode="partselect"/>
<opset="tmp/1 "/>
</bind>
</comp>

<comp id="234" class="1004" name="select_ln245_1_fu_234">
<pin_list>
<pin id="235" dir="0" index="0" bw="1" slack="0"/>
<pin id="236" dir="0" index="1" bw="10" slack="0"/>
<pin id="237" dir="0" index="2" bw="10" slack="0"/>
<pin id="238" dir="1" index="3" bw="10" slack="0"/>
</pin_list>
<bind>
<opcode="select(49) " fcode="select"/>
<opset="select_ln245_1/1 "/>
</bind>
</comp>

<comp id="242" class="1004" name="zext_ln255_fu_242">
<pin_list>
<pin id="243" dir="0" index="0" bw="10" slack="0"/>
<pin id="244" dir="1" index="1" bw="64" slack="0"/>
</pin_list>
<bind>
<opcode="zext(34) " fcode="zext"/>
<opset="zext_ln255/1 "/>
</bind>
</comp>

<comp id="247" class="1004" name="select_ln245_2_fu_247">
<pin_list>
<pin id="248" dir="0" index="0" bw="1" slack="0"/>
<pin id="249" dir="0" index="1" bw="10" slack="0"/>
<pin id="250" dir="0" index="2" bw="10" slack="0"/>
<pin id="251" dir="1" index="3" bw="10" slack="0"/>
</pin_list>
<bind>
<opcode="select(49) " fcode="select"/>
<opset="select_ln245_2/1 "/>
</bind>
</comp>

<comp id="255" class="1004" name="tmp_1_fu_255">
<pin_list>
<pin id="256" dir="0" index="0" bw="10" slack="0"/>
<pin id="257" dir="0" index="1" bw="17" slack="0"/>
<pin id="258" dir="0" index="2" bw="4" slack="0"/>
<pin id="259" dir="0" index="3" bw="5" slack="0"/>
<pin id="260" dir="1" index="4" bw="10" slack="0"/>
</pin_list>
<bind>
<opcode="partselect(1002) " fcode="partselect"/>
<opset="tmp_1/1 "/>
</bind>
</comp>

<comp id="265" class="1004" name="select_ln245_3_fu_265">
<pin_list>
<pin id="266" dir="0" index="0" bw="1" slack="0"/>
<pin id="267" dir="0" index="1" bw="10" slack="0"/>
<pin id="268" dir="0" index="2" bw="10" slack="0"/>
<pin id="269" dir="1" index="3" bw="10" slack="0"/>
</pin_list>
<bind>
<opcode="select(49) " fcode="select"/>
<opset="select_ln245_3/1 "/>
</bind>
</comp>

<comp id="273" class="1004" name="zext_ln255_1_fu_273">
<pin_list>
<pin id="274" dir="0" index="0" bw="10" slack="0"/>
<pin id="275" dir="1" index="1" bw="64" slack="0"/>
</pin_list>
<bind>
<opcode="zext(34) " fcode="zext"/>
<opset="zext_ln255_1/1 "/>
</bind>
</comp>

<comp id="278" class="1004" name="zext_ln245_fu_278">
<pin_list>
<pin id="279" dir="0" index="0" bw="17" slack="0"/>
<pin id="280" dir="1" index="1" bw="18" slack="0"/>
</pin_list>
<bind>
<opcode="zext(34) " fcode="zext"/>
<opset="zext_ln245/2 "/>
</bind>
</comp>

<comp id="282" class="1004" name="zext_ln51_fu_282">
<pin_list>
<pin id="283" dir="0" index="0" bw="17" slack="0"/>
<pin id="284" dir="1" index="1" bw="18" slack="0"/>
</pin_list>
<bind>
<opcode="zext(34) " fcode="zext"/>
<opset="zext_ln51/2 "/>
</bind>
</comp>

<comp id="286" class="1004" name="add_ln51_1_fu_286">
<pin_list>
<pin id="287" dir="0" index="0" bw="17" slack="0"/>
<pin id="288" dir="0" index="1" bw="17" slack="0"/>
<pin id="289" dir="1" index="2" bw="17" slack="0"/>
</pin_list>
<bind>
<opcode="add(8) " fcode="add"/>
<opset="add_ln51_1/2 "/>
</bind>
</comp>

<comp id="292" class="1004" name="add_ln51_fu_292">
<pin_list>
<pin id="293" dir="0" index="0" bw="17" slack="0"/>
<pin id="294" dir="0" index="1" bw="17" slack="0"/>
<pin id="295" dir="1" index="2" bw="18" slack="0"/>
</pin_list>
<bind>
<opcode="add(8) " fcode="add"/>
<opset="add_ln51/2 "/>
</bind>
</comp>

<comp id="298" class="1004" name="tmp_6_fu_298">
<pin_list>
<pin id="299" dir="0" index="0" bw="1" slack="0"/>
<pin id="300" dir="0" index="1" bw="18" slack="0"/>
<pin id="301" dir="0" index="2" bw="6" slack="0"/>
<pin id="302" dir="1" index="3" bw="1" slack="0"/>
</pin_list>
<bind>
<opcode="bitselect(1000) " fcode="bitselect"/>
<opset="tmp_6/2 "/>
</bind>
</comp>

<comp id="306" class="1004" name="tmp_2_cast_fu_306">
<pin_list>
<pin id="307" dir="0" index="0" bw="9" slack="0"/>
<pin id="308" dir="0" index="1" bw="17" slack="0"/>
<pin id="309" dir="0" index="2" bw="5" slack="0"/>
<pin id="310" dir="0" index="3" bw="6" slack="0"/>
<pin id="311" dir="1" index="4" bw="9" slack="0"/>
</pin_list>
<bind>
<opcode="partselect(1002) " fcode="partselect"/>
<opset="tmp_2_cast/2 "/>
</bind>
</comp>

<comp id="316" class="1004" name="select_ln51_fu_316">
<pin_list>
<pin id="317" dir="0" index="0" bw="1" slack="0"/>
<pin id="318" dir="0" index="1" bw="1" slack="0"/>
<pin id="319" dir="0" index="2" bw="9" slack="0"/>
<pin id="320" dir="1" index="3" bw="9" slack="0"/>
</pin_list>
<bind>
<opcode="select(49) " fcode="select"/>
<opset="select_ln51/2 "/>
</bind>
</comp>

<comp id="324" class="1004" name="zext_ln265_fu_324">
<pin_list>
<pin id="325" dir="0" index="0" bw="9" slack="0"/>
<pin id="326" dir="1" index="1" bw="64" slack="0"/>
</pin_list>
<bind>
<opcode="zext(34) " fcode="zext"/>
<opset="zext_ln265/2 "/>
</bind>
</comp>

<comp id="329" class="1004" name="sext_ln268_fu_329">
<pin_list>
<pin id="330" dir="0" index="0" bw="18" slack="0"/>
<pin id="331" dir="1" index="1" bw="26" slack="0"/>
</pin_list>
<bind>
<opcode="sext(35) " fcode="sext"/>
<opset="sext_ln268/3 "/>
</bind>
</comp>

<comp id="333" class="1004" name="zext_ln268_fu_333">
<pin_list>
<pin id="334" dir="0" index="0" bw="17" slack="1"/>
<pin id="335" dir="1" index="1" bw="26" slack="0"/>
</pin_list>
<bind>
<opcode="zext(34) " fcode="zext"/>
<opset="zext_ln268/3 "/>
</bind>
</comp>

<comp id="336" class="1004" name="mul_ln268_fu_336">
<pin_list>
<pin id="337" dir="0" index="0" bw="18" slack="0"/>
<pin id="338" dir="0" index="1" bw="17" slack="0"/>
<pin id="339" dir="1" index="2" bw="26" slack="0"/>
</pin_list>
<bind>
<opcode="mul(12) " fcode="mul"/>
<opset="mul_ln268/3 "/>
</bind>
</comp>

<comp id="342" class="1004" name="trunc_ln1_fu_342">
<pin_list>
<pin id="343" dir="0" index="0" bw="16" slack="0"/>
<pin id="344" dir="0" index="1" bw="26" slack="0"/>
<pin id="345" dir="0" index="2" bw="5" slack="0"/>
<pin id="346" dir="0" index="3" bw="6" slack="0"/>
<pin id="347" dir="1" index="4" bw="16" slack="0"/>
</pin_list>
<bind>
<opcode="partselect(1002) " fcode="partselect"/>
<opset="trunc_ln1/3 "/>
</bind>
</comp>

<comp id="352" class="1004" name="zext_ln268_1_fu_352">
<pin_list>
<pin id="353" dir="0" index="0" bw="17" slack="1"/>
<pin id="354" dir="1" index="1" bw="26" slack="0"/>
</pin_list>
<bind>
<opcode="zext(34) " fcode="zext"/>
<opset="zext_ln268_1/3 "/>
</bind>
</comp>

<comp id="355" class="1004" name="mul_ln268_1_fu_355">
<pin_list>
<pin id="356" dir="0" index="0" bw="18" slack="0"/>
<pin id="357" dir="0" index="1" bw="17" slack="0"/>
<pin id="358" dir="1" index="2" bw="26" slack="0"/>
</pin_list>
<bind>
<opcode="mul(12) " fcode="mul"/>
<opset="mul_ln268_1/3 "/>
</bind>
</comp>

<comp id="361" class="1004" name="trunc_ln268_1_fu_361">
<pin_list>
<pin id="362" dir="0" index="0" bw="16" slack="0"/>
<pin id="363" dir="0" index="1" bw="26" slack="0"/>
<pin id="364" dir="0" index="2" bw="5" slack="0"/>
<pin id="365" dir="0" index="3" bw="6" slack="0"/>
<pin id="366" dir="1" index="4" bw="16" slack="0"/>
</pin_list>
<bind>
<opcode="partselect(1002) " fcode="partselect"/>
<opset="trunc_ln268_1/3 "/>
</bind>
</comp>

<comp id="371" class="1004" name="mrv_fu_371">
<pin_list>
<pin id="372" dir="0" index="0" bw="32" slack="0"/>
<pin id="373" dir="0" index="1" bw="16" slack="0"/>
<pin id="374" dir="1" index="2" bw="32" slack="0"/>
</pin_list>
<bind>
<opcode="insertvalue(57) " fcode="insertvalue"/>
<opset="mrv/3 "/>
</bind>
</comp>

<comp id="377" class="1004" name="mrv_1_fu_377">
<pin_list>
<pin id="378" dir="0" index="0" bw="32" slack="0"/>
<pin id="379" dir="0" index="1" bw="16" slack="0"/>
<pin id="380" dir="1" index="2" bw="32" slack="2147483647"/>
</pin_list>
<bind>
<opcode="insertvalue(57) " fcode="insertvalue"/>
<opset="mrv_1/3 "/>
</bind>
</comp>

<comp id="383" class="1005" name="exp_table_addr_reg_383">
<pin_list>
<pin id="384" dir="0" index="0" bw="10" slack="1"/>
<pin id="385" dir="1" index="1" bw="10" slack="1"/>
</pin_list>
<bind>
<opset="exp_table_addr "/>
</bind>
</comp>

<comp id="388" class="1005" name="exp_table_addr_1_reg_388">
<pin_list>
<pin id="389" dir="0" index="0" bw="10" slack="1"/>
<pin id="390" dir="1" index="1" bw="10" slack="1"/>
</pin_list>
<bind>
<opset="exp_table_addr_1 "/>
</bind>
</comp>

<comp id="393" class="1005" name="exp_table_load_reg_393">
<pin_list>
<pin id="394" dir="0" index="0" bw="17" slack="1"/>
<pin id="395" dir="1" index="1" bw="17" slack="1"/>
</pin_list>
<bind>
<opset="exp_table_load "/>
</bind>
</comp>

<comp id="398" class="1005" name="exp_table_load_1_reg_398">
<pin_list>
<pin id="399" dir="0" index="0" bw="17" slack="1"/>
<pin id="400" dir="1" index="1" bw="17" slack="1"/>
</pin_list>
<bind>
<opset="exp_table_load_1 "/>
</bind>
</comp>

<comp id="403" class="1005" name="invert_table_addr_reg_403">
<pin_list>
<pin id="404" dir="0" index="0" bw="10" slack="1"/>
<pin id="405" dir="1" index="1" bw="10" slack="1"/>
</pin_list>
<bind>
<opset="invert_table_addr "/>
</bind>
</comp>

</comp_list>

<net_list>
<net id="58"><net_src comp="8" pin="0"/><net_sink comp="54" pin=0"/></net>

<net id="59"><net_src comp="2" pin="0"/><net_sink comp="54" pin=1"/></net>

<net id="64"><net_src comp="8" pin="0"/><net_sink comp="60" pin=0"/></net>

<net id="65"><net_src comp="0" pin="0"/><net_sink comp="60" pin=1"/></net>

<net id="71"><net_src comp="4" pin="0"/><net_sink comp="66" pin=0"/></net>

<net id="72"><net_src comp="26" pin="0"/><net_sink comp="66" pin=1"/></net>

<net id="82"><net_src comp="66" pin="3"/><net_sink comp="73" pin=2"/></net>

<net id="88"><net_src comp="4" pin="0"/><net_sink comp="83" pin=0"/></net>

<net id="89"><net_src comp="26" pin="0"/><net_sink comp="83" pin=1"/></net>

<net id="90"><net_src comp="83" pin="3"/><net_sink comp="73" pin=0"/></net>

<net id="96"><net_src comp="6" pin="0"/><net_sink comp="91" pin=0"/></net>

<net id="97"><net_src comp="26" pin="0"/><net_sink comp="91" pin=1"/></net>

<net id="103"><net_src comp="91" pin="3"/><net_sink comp="98" pin=0"/></net>

<net id="108"><net_src comp="60" pin="2"/><net_sink comp="104" pin=0"/></net>

<net id="109"><net_src comp="54" pin="2"/><net_sink comp="104" pin=1"/></net>

<net id="114"><net_src comp="104" pin="2"/><net_sink comp="110" pin=0"/></net>

<net id="115"><net_src comp="10" pin="0"/><net_sink comp="110" pin=1"/></net>

<net id="121"><net_src comp="110" pin="2"/><net_sink comp="116" pin=0"/></net>

<net id="122"><net_src comp="60" pin="2"/><net_sink comp="116" pin=1"/></net>

<net id="123"><net_src comp="54" pin="2"/><net_sink comp="116" pin=2"/></net>

<net id="127"><net_src comp="60" pin="2"/><net_sink comp="124" pin=0"/></net>

<net id="131"><net_src comp="116" pin="3"/><net_sink comp="128" pin=0"/></net>

<net id="136"><net_src comp="124" pin="1"/><net_sink comp="132" pin=0"/></net>

<net id="137"><net_src comp="128" pin="1"/><net_sink comp="132" pin=1"/></net>

<net id="143"><net_src comp="12" pin="0"/><net_sink comp="138" pin=0"/></net>

<net id="144"><net_src comp="132" pin="2"/><net_sink comp="138" pin=1"/></net>

<net id="145"><net_src comp="14" pin="0"/><net_sink comp="138" pin=2"/></net>

<net id="151"><net_src comp="12" pin="0"/><net_sink comp="146" pin=0"/></net>

<net id="152"><net_src comp="132" pin="2"/><net_sink comp="146" pin=1"/></net>

<net id="153"><net_src comp="16" pin="0"/><net_sink comp="146" pin=2"/></net>

<net id="158"><net_src comp="138" pin="3"/><net_sink comp="154" pin=0"/></net>

<net id="159"><net_src comp="10" pin="0"/><net_sink comp="154" pin=1"/></net>

<net id="164"><net_src comp="146" pin="3"/><net_sink comp="160" pin=0"/></net>

<net id="165"><net_src comp="154" pin="2"/><net_sink comp="160" pin=1"/></net>

<net id="170"><net_src comp="138" pin="3"/><net_sink comp="166" pin=0"/></net>

<net id="171"><net_src comp="146" pin="3"/><net_sink comp="166" pin=1"/></net>

<net id="175"><net_src comp="54" pin="2"/><net_sink comp="172" pin=0"/></net>

<net id="180"><net_src comp="172" pin="1"/><net_sink comp="176" pin=0"/></net>

<net id="181"><net_src comp="128" pin="1"/><net_sink comp="176" pin=1"/></net>

<net id="187"><net_src comp="12" pin="0"/><net_sink comp="182" pin=0"/></net>

<net id="188"><net_src comp="176" pin="2"/><net_sink comp="182" pin=1"/></net>

<net id="189"><net_src comp="14" pin="0"/><net_sink comp="182" pin=2"/></net>

<net id="195"><net_src comp="12" pin="0"/><net_sink comp="190" pin=0"/></net>

<net id="196"><net_src comp="176" pin="2"/><net_sink comp="190" pin=1"/></net>

<net id="197"><net_src comp="16" pin="0"/><net_sink comp="190" pin=2"/></net>

<net id="202"><net_src comp="182" pin="3"/><net_sink comp="198" pin=0"/></net>

<net id="203"><net_src comp="10" pin="0"/><net_sink comp="198" pin=1"/></net>

<net id="208"><net_src comp="190" pin="3"/><net_sink comp="204" pin=0"/></net>

<net id="209"><net_src comp="198" pin="2"/><net_sink comp="204" pin=1"/></net>

<net id="214"><net_src comp="182" pin="3"/><net_sink comp="210" pin=0"/></net>

<net id="215"><net_src comp="190" pin="3"/><net_sink comp="210" pin=1"/></net>

<net id="221"><net_src comp="160" pin="2"/><net_sink comp="216" pin=0"/></net>

<net id="222"><net_src comp="18" pin="0"/><net_sink comp="216" pin=1"/></net>

<net id="223"><net_src comp="20" pin="0"/><net_sink comp="216" pin=2"/></net>

<net id="230"><net_src comp="22" pin="0"/><net_sink comp="224" pin=0"/></net>

<net id="231"><net_src comp="132" pin="2"/><net_sink comp="224" pin=1"/></net>

<net id="232"><net_src comp="24" pin="0"/><net_sink comp="224" pin=2"/></net>

<net id="233"><net_src comp="16" pin="0"/><net_sink comp="224" pin=3"/></net>

<net id="239"><net_src comp="166" pin="2"/><net_sink comp="234" pin=0"/></net>

<net id="240"><net_src comp="216" pin="3"/><net_sink comp="234" pin=1"/></net>

<net id="241"><net_src comp="224" pin="4"/><net_sink comp="234" pin=2"/></net>

<net id="245"><net_src comp="234" pin="3"/><net_sink comp="242" pin=0"/></net>

<net id="246"><net_src comp="242" pin="1"/><net_sink comp="66" pin=2"/></net>

<net id="252"><net_src comp="204" pin="2"/><net_sink comp="247" pin=0"/></net>

<net id="253"><net_src comp="18" pin="0"/><net_sink comp="247" pin=1"/></net>

<net id="254"><net_src comp="20" pin="0"/><net_sink comp="247" pin=2"/></net>

<net id="261"><net_src comp="22" pin="0"/><net_sink comp="255" pin=0"/></net>

<net id="262"><net_src comp="176" pin="2"/><net_sink comp="255" pin=1"/></net>

<net id="263"><net_src comp="24" pin="0"/><net_sink comp="255" pin=2"/></net>

<net id="264"><net_src comp="16" pin="0"/><net_sink comp="255" pin=3"/></net>

<net id="270"><net_src comp="210" pin="2"/><net_sink comp="265" pin=0"/></net>

<net id="271"><net_src comp="247" pin="3"/><net_sink comp="265" pin=1"/></net>

<net id="272"><net_src comp="255" pin="4"/><net_sink comp="265" pin=2"/></net>

<net id="276"><net_src comp="265" pin="3"/><net_sink comp="273" pin=0"/></net>

<net id="277"><net_src comp="273" pin="1"/><net_sink comp="83" pin=2"/></net>

<net id="281"><net_src comp="73" pin="7"/><net_sink comp="278" pin=0"/></net>

<net id="285"><net_src comp="73" pin="3"/><net_sink comp="282" pin=0"/></net>

<net id="290"><net_src comp="73" pin="3"/><net_sink comp="286" pin=0"/></net>

<net id="291"><net_src comp="73" pin="7"/><net_sink comp="286" pin=1"/></net>

<net id="296"><net_src comp="282" pin="1"/><net_sink comp="292" pin=0"/></net>

<net id="297"><net_src comp="278" pin="1"/><net_sink comp="292" pin=1"/></net>

<net id="303"><net_src comp="28" pin="0"/><net_sink comp="298" pin=0"/></net>

<net id="304"><net_src comp="292" pin="2"/><net_sink comp="298" pin=1"/></net>

<net id="305"><net_src comp="30" pin="0"/><net_sink comp="298" pin=2"/></net>

<net id="312"><net_src comp="32" pin="0"/><net_sink comp="306" pin=0"/></net>

<net id="313"><net_src comp="286" pin="2"/><net_sink comp="306" pin=1"/></net>

<net id="314"><net_src comp="34" pin="0"/><net_sink comp="306" pin=2"/></net>

<net id="315"><net_src comp="14" pin="0"/><net_sink comp="306" pin=3"/></net>

<net id="321"><net_src comp="298" pin="3"/><net_sink comp="316" pin=0"/></net>

<net id="322"><net_src comp="36" pin="0"/><net_sink comp="316" pin=1"/></net>

<net id="323"><net_src comp="306" pin="4"/><net_sink comp="316" pin=2"/></net>

<net id="327"><net_src comp="316" pin="3"/><net_sink comp="324" pin=0"/></net>

<net id="328"><net_src comp="324" pin="1"/><net_sink comp="91" pin=2"/></net>

<net id="332"><net_src comp="98" pin="3"/><net_sink comp="329" pin=0"/></net>

<net id="340"><net_src comp="329" pin="1"/><net_sink comp="336" pin=0"/></net>

<net id="341"><net_src comp="333" pin="1"/><net_sink comp="336" pin=1"/></net>

<net id="348"><net_src comp="46" pin="0"/><net_sink comp="342" pin=0"/></net>

<net id="349"><net_src comp="336" pin="2"/><net_sink comp="342" pin=1"/></net>

<net id="350"><net_src comp="48" pin="0"/><net_sink comp="342" pin=2"/></net>

<net id="351"><net_src comp="50" pin="0"/><net_sink comp="342" pin=3"/></net>

<net id="359"><net_src comp="329" pin="1"/><net_sink comp="355" pin=0"/></net>

<net id="360"><net_src comp="352" pin="1"/><net_sink comp="355" pin=1"/></net>

<net id="367"><net_src comp="46" pin="0"/><net_sink comp="361" pin=0"/></net>

<net id="368"><net_src comp="355" pin="2"/><net_sink comp="361" pin=1"/></net>

<net id="369"><net_src comp="48" pin="0"/><net_sink comp="361" pin=2"/></net>

<net id="370"><net_src comp="50" pin="0"/><net_sink comp="361" pin=3"/></net>

<net id="375"><net_src comp="52" pin="0"/><net_sink comp="371" pin=0"/></net>

<net id="376"><net_src comp="342" pin="4"/><net_sink comp="371" pin=1"/></net>

<net id="381"><net_src comp="371" pin="2"/><net_sink comp="377" pin=0"/></net>

<net id="382"><net_src comp="361" pin="4"/><net_sink comp="377" pin=1"/></net>

<net id="386"><net_src comp="66" pin="3"/><net_sink comp="383" pin=0"/></net>

<net id="387"><net_src comp="383" pin="1"/><net_sink comp="73" pin=2"/></net>

<net id="391"><net_src comp="83" pin="3"/><net_sink comp="388" pin=0"/></net>

<net id="392"><net_src comp="388" pin="1"/><net_sink comp="73" pin=0"/></net>

<net id="396"><net_src comp="73" pin="7"/><net_sink comp="393" pin=0"/></net>

<net id="397"><net_src comp="393" pin="1"/><net_sink comp="333" pin=0"/></net>

<net id="401"><net_src comp="73" pin="3"/><net_sink comp="398" pin=0"/></net>

<net id="402"><net_src comp="398" pin="1"/><net_sink comp="352" pin=0"/></net>

<net id="406"><net_src comp="91" pin="3"/><net_sink comp="403" pin=0"/></net>

<net id="407"><net_src comp="403" pin="1"/><net_sink comp="98" pin=0"/></net>

</net_list>

</model> 
---------------- Datapath Model END ------------------

* FSMD analyzer results:
  - Output states:
 - Input state : 
	Port: softmax_stable<ap_fixed,ap_fixed<16,6,5,3,0>,softmax_config9> : data_0_val | {1 }
	Port: softmax_stable<ap_fixed,ap_fixed<16,6,5,3,0>,softmax_config9> : data_1_val | {1 }
	Port: softmax_stable<ap_fixed,ap_fixed<16,6,5,3,0>,softmax_config9> : exp_table | {1 2 }
	Port: softmax_stable<ap_fixed,ap_fixed<16,6,5,3,0>,softmax_config9> : invert_table | {2 3 }
  - Chain level:
	State 1
		xor_ln66 : 1
		x_max : 1
		sext_ln245_1 : 2
		sub_ln245 : 3
		tmp_2 : 4
		tmp_3 : 4
		xor_ln245 : 5
		and_ln245 : 5
		xor_ln245_1 : 5
		sub_ln245_1 : 3
		tmp_4 : 4
		tmp_5 : 4
		xor_ln245_2 : 5
		and_ln245_1 : 5
		xor_ln245_3 : 5
		select_ln245 : 5
		tmp : 4
		select_ln245_1 : 6
		zext_ln255 : 7
		exp_table_addr : 8
		exp_table_load : 9
		select_ln245_2 : 5
		tmp_1 : 4
		select_ln245_3 : 6
		zext_ln255_1 : 7
		exp_table_addr_1 : 8
		exp_table_load_1 : 9
	State 2
		zext_ln245 : 1
		zext_ln51 : 1
		add_ln51_1 : 1
		add_ln51 : 2
		tmp_6 : 3
		tmp_2_cast : 2
		select_ln51 : 4
		zext_ln265 : 5
		invert_table_addr : 6
		inv_exp_sum : 7
	State 3
		sext_ln268 : 1
		mul_ln268 : 2
		trunc_ln1 : 3
		mul_ln268_1 : 2
		trunc_ln268_1 : 3
		mrv : 4
		mrv_1 : 5
		ret_ln270 : 6


============================================================
+ Verbose Summary: Datapath Resource usage 
============================================================

* Functional unit list:
|----------|----------------------------|---------|---------|---------|
| Operation|       Functional Unit      |   DSP   |    FF   |   LUT   |
|----------|----------------------------|---------|---------|---------|
|          |        x_max_fu_116        |    0    |    0    |    16   |
|          |     select_ln245_fu_216    |    0    |    0    |    10   |
|  select  |    select_ln245_1_fu_234   |    0    |    0    |    10   |
|          |    select_ln245_2_fu_247   |    0    |    0    |    10   |
|          |    select_ln245_3_fu_265   |    0    |    0    |    10   |
|          |     select_ln51_fu_316     |    0    |    0    |    9    |
|----------|----------------------------|---------|---------|---------|
|    add   |      add_ln51_1_fu_286     |    0    |    0    |    24   |
|          |       add_ln51_fu_292      |    0    |    0    |    24   |
|----------|----------------------------|---------|---------|---------|
|    sub   |      sub_ln245_fu_132      |    0    |    0    |    23   |
|          |     sub_ln245_1_fu_176     |    0    |    0    |    23   |
|----------|----------------------------|---------|---------|---------|
|   icmp   |      icmp_ln66_fu_104      |    0    |    0    |    23   |
|----------|----------------------------|---------|---------|---------|
|    mul   |      mul_ln268_fu_336      |    1    |    0    |    5    |
|          |     mul_ln268_1_fu_355     |    1    |    0    |    5    |
|----------|----------------------------|---------|---------|---------|
|          |       xor_ln66_fu_110      |    0    |    0    |    2    |
|          |      xor_ln245_fu_154      |    0    |    0    |    2    |
|    xor   |     xor_ln245_1_fu_166     |    0    |    0    |    2    |
|          |     xor_ln245_2_fu_198     |    0    |    0    |    2    |
|          |     xor_ln245_3_fu_210     |    0    |    0    |    2    |
|----------|----------------------------|---------|---------|---------|
|    and   |      and_ln245_fu_160      |    0    |    0    |    2    |
|          |     and_ln245_1_fu_204     |    0    |    0    |    2    |
|----------|----------------------------|---------|---------|---------|
|   read   | data_1_val_read_read_fu_54 |    0    |    0    |    0    |
|          | data_0_val_read_read_fu_60 |    0    |    0    |    0    |
|----------|----------------------------|---------|---------|---------|
|          |      sext_ln245_fu_124     |    0    |    0    |    0    |
|   sext   |     sext_ln245_1_fu_128    |    0    |    0    |    0    |
|          |     sext_ln245_2_fu_172    |    0    |    0    |    0    |
|          |      sext_ln268_fu_329     |    0    |    0    |    0    |
|----------|----------------------------|---------|---------|---------|
|          |        tmp_2_fu_138        |    0    |    0    |    0    |
|          |        tmp_3_fu_146        |    0    |    0    |    0    |
| bitselect|        tmp_4_fu_182        |    0    |    0    |    0    |
|          |        tmp_5_fu_190        |    0    |    0    |    0    |
|          |        tmp_6_fu_298        |    0    |    0    |    0    |
|----------|----------------------------|---------|---------|---------|
|          |         tmp_fu_224         |    0    |    0    |    0    |
|          |        tmp_1_fu_255        |    0    |    0    |    0    |
|partselect|      tmp_2_cast_fu_306     |    0    |    0    |    0    |
|          |      trunc_ln1_fu_342      |    0    |    0    |    0    |
|          |    trunc_ln268_1_fu_361    |    0    |    0    |    0    |
|----------|----------------------------|---------|---------|---------|
|          |      zext_ln255_fu_242     |    0    |    0    |    0    |
|          |     zext_ln255_1_fu_273    |    0    |    0    |    0    |
|          |      zext_ln245_fu_278     |    0    |    0    |    0    |
|   zext   |      zext_ln51_fu_282      |    0    |    0    |    0    |
|          |      zext_ln265_fu_324     |    0    |    0    |    0    |
|          |      zext_ln268_fu_333     |    0    |    0    |    0    |
|          |     zext_ln268_1_fu_352    |    0    |    0    |    0    |
|----------|----------------------------|---------|---------|---------|
|insertvalue|         mrv_fu_371         |    0    |    0    |    0    |
|          |        mrv_1_fu_377        |    0    |    0    |    0    |
|----------|----------------------------|---------|---------|---------|
|   Total  |                            |    2    |    0    |   206   |
|----------|----------------------------|---------|---------|---------|

Memories:
N/A

* Register list:
+-------------------------+--------+
|                         |   FF   |
+-------------------------+--------+
| exp_table_addr_1_reg_388|   10   |
|  exp_table_addr_reg_383 |   10   |
| exp_table_load_1_reg_398|   17   |
|  exp_table_load_reg_393 |   17   |
|invert_table_addr_reg_403|   10   |
+-------------------------+--------+
|          Total          |   64   |
+-------------------------+--------+

* Multiplexer (MUX) list: 
|------------------|------|------|------|--------||---------||---------|
|       Comp       |  Pin | Size |  BW  | S x BW ||  Delay  ||   LUT   |
|------------------|------|------|------|--------||---------||---------|
| grp_access_fu_73 |  p0  |   2  |  10  |   20   ||    9    |
| grp_access_fu_73 |  p2  |   2  |   0  |    0   ||    9    |
| grp_access_fu_98 |  p0  |   2  |  10  |   20   ||    9    |
|------------------|------|------|------|--------||---------||---------|
|       Total      |      |      |      |   40   ||  1.161  ||    27   |
|------------------|------|------|------|--------||---------||---------|



* Summary:
+-----------+--------+--------+--------+--------+
|           |   DSP  |  Delay |   FF   |   LUT  |
+-----------+--------+--------+--------+--------+
|  Function |    2   |    -   |    0   |   206  |
|   Memory  |    -   |    -   |    -   |    -   |
|Multiplexer|    -   |    1   |    -   |   27   |
|  Register |    -   |    -   |   64   |    -   |
+-----------+--------+--------+--------+--------+
|   Total   |    2   |    1   |   64   |   233  |
+-----------+--------+--------+--------+--------+
