

================================================================
== Vitis HLS Report for 'softmax_stable_ap_fixed_ap_fixed_16_6_5_3_0_softmax_config9_s'
================================================================
* Date:           Wed Aug  6 12:26:16 2025

* Version:        2023.2 (Build 4023990 on Oct 11 2023)
* Project:        hls_simple_bds_synthesis
* Solution:       solution1 (Vivado IP Flow Target)
* Product family: virtexuplus
* Target device:  xcu250-figd2104-2L-e


================================================================
== Performance Estimates
================================================================
+ Timing: 
    * Summary: 
    +--------+----------+----------+------------+
    |  Clock |  Target  | Estimated| Uncertainty|
    +--------+----------+----------+------------+
    |ap_clk  |  10.00 ns|  3.494 ns|     2.70 ns|
    +--------+----------+----------+------------+

+ Latency: 
    * Summary: 
    +---------+---------+-----------+-----------+-----+-----+---------+
    |  Latency (cycles) |   Latency (absolute)  |  Interval | Pipeline|
    |   min   |   max   |    min    |    max    | min | max |   Type  |
    +---------+---------+-----------+-----------+-----+-----+---------+
    |        2|        2|  20.000 ns|  20.000 ns|    1|    1|      yes|
    +---------+---------+-----------+-----------+-----+-----+---------+

    + Detail: 
        * Instance: 
        N/A

        * Loop: 
        N/A

============================================================
+ Verbose Summary: Synthesis Manager
============================================================
InlineROM: 1
ExposeGlobal: 0
============================================================
+ Verbose Summary: CDFG Model
============================================================
IsTopModel: 0
ResetActiveHigh: 1
IsCombinational: 0
IsDatapathOnly: 0
HasWiredReturn: 1
HasMFsm: 2
HasVarLatency: 0
IsPipeline: 1
IsRtlPipelined: 1
IsInstanceOverlapped: 0
IsDontTouch: 0
HasImplIP: 0
IsGatedGlobalClock: 0

+ Individual pipeline summary: 
  * Pipeline-0: initiation interval (II) = 1, depth = 3


============================================================
+ Verbose Summary: Schedule
============================================================
* Number of FSM states : 3
* Pipeline : 1
  Pipeline-0 : II = 1, D = 3, States = { 1 2 3 }
* Dataflow Pipeline: 0

* FSM state transitions: 
1 --> 2 
2 --> 3 
3 --> 

* FSM state operations: 

State 1 <SV = 0> <Delay = 3.31>
ST_1 : Operation 4 [1/1] (0.00ns)   --->   "%data_1_val_read = read i16 @_ssdm_op_Read.ap_auto.i16, i16 %data_1_val" [hls_simple_bds/firmware/nnet_utils/nnet_common.h:66->hls_simple_bds/firmware/nnet_utils/nnet_common.h:44->hls_simple_bds/firmware/nnet_utils/nnet_activation.h:239]   --->   Operation 4 'read' 'data_1_val_read' <Predicate = true> <Delay = 0.00>
ST_1 : Operation 5 [1/1] (0.00ns)   --->   "%data_0_val_read = read i16 @_ssdm_op_Read.ap_auto.i16, i16 %data_0_val" [hls_simple_bds/firmware/nnet_utils/nnet_common.h:66->hls_simple_bds/firmware/nnet_utils/nnet_common.h:44->hls_simple_bds/firmware/nnet_utils/nnet_activation.h:239]   --->   Operation 5 'read' 'data_0_val_read' <Predicate = true> <Delay = 0.00>
ST_1 : Operation 6 [1/1] (0.78ns)   --->   "%icmp_ln66 = icmp_slt  i16 %data_0_val_read, i16 %data_1_val_read" [hls_simple_bds/firmware/nnet_utils/nnet_common.h:66->hls_simple_bds/firmware/nnet_utils/nnet_common.h:44->hls_simple_bds/firmware/nnet_utils/nnet_activation.h:239]   --->   Operation 6 'icmp' 'icmp_ln66' <Predicate = true> <Delay = 0.78> <CoreInst = "Cmp">   --->   Core 9 'Cmp' <Latency = 0> <II = 1> <Delay = 0.78> <FuncUnit> <Opcode : 'icmp'> <InPorts = 2> <OutPorts = 1>
ST_1 : Operation 7 [1/1] (0.00ns) (grouped into LUT with out node x_max)   --->   "%xor_ln66 = xor i1 %icmp_ln66, i1 1" [hls_simple_bds/firmware/nnet_utils/nnet_common.h:66->hls_simple_bds/firmware/nnet_utils/nnet_common.h:44->hls_simple_bds/firmware/nnet_utils/nnet_activation.h:239]   --->   Operation 7 'xor' 'xor_ln66' <Predicate = true> <Delay = 0.00> <CoreInst = "LogicGate">   --->   Core 74 'LogicGate' <Latency = 0> <II = 1> <Delay = 0.12> <FuncUnit> <Opcode : 'and' 'or' 'xor'> <InPorts = 2> <OutPorts = 1>
ST_1 : Operation 8 [1/1] (0.24ns) (out node of the LUT)   --->   "%x_max = select i1 %xor_ln66, i16 %data_0_val_read, i16 %data_1_val_read" [hls_simple_bds/firmware/nnet_utils/nnet_common.h:66->hls_simple_bds/firmware/nnet_utils/nnet_common.h:44->hls_simple_bds/firmware/nnet_utils/nnet_activation.h:239]   --->   Operation 8 'select' 'x_max' <Predicate = true> <Delay = 0.24> <CoreInst = "Sel">   --->   Core 73 'Sel' <Latency = 0> <II = 1> <Delay = 0.24> <FuncUnit> <Opcode : 'select'> <InPorts = 3> <OutPorts = 1>
ST_1 : Operation 9 [1/1] (0.00ns)   --->   "%sext_ln245 = sext i16 %data_0_val_read" [hls_simple_bds/firmware/nnet_utils/nnet_activation.h:245]   --->   Operation 9 'sext' 'sext_ln245' <Predicate = true> <Delay = 0.00>
ST_1 : Operation 10 [1/1] (0.00ns)   --->   "%sext_ln245_1 = sext i16 %x_max" [hls_simple_bds/firmware/nnet_utils/nnet_activation.h:245]   --->   Operation 10 'sext' 'sext_ln245_1' <Predicate = true> <Delay = 0.00>
ST_1 : Operation 11 [1/1] (0.78ns)   --->   "%sub_ln245 = sub i17 %sext_ln245, i17 %sext_ln245_1" [hls_simple_bds/firmware/nnet_utils/nnet_activation.h:245]   --->   Operation 11 'sub' 'sub_ln245' <Predicate = true> <Delay = 0.78> <CoreInst = "Adder">   --->   Core 1 'Adder' <Latency = 0> <II = 1> <Delay = 0.78> <FuncUnit> <Opcode : 'add' 'sub'> <InPorts = 2> <OutPorts = 1>
ST_1 : Operation 12 [1/1] (0.00ns)   --->   "%tmp_2 = bitselect i1 @_ssdm_op_BitSelect.i1.i17.i32, i17 %sub_ln245, i32 16" [hls_simple_bds/firmware/nnet_utils/nnet_activation.h:245]   --->   Operation 12 'bitselect' 'tmp_2' <Predicate = true> <Delay = 0.00>
ST_1 : Operation 13 [1/1] (0.00ns)   --->   "%tmp_3 = bitselect i1 @_ssdm_op_BitSelect.i1.i17.i32, i17 %sub_ln245, i32 15" [hls_simple_bds/firmware/nnet_utils/nnet_activation.h:245]   --->   Operation 13 'bitselect' 'tmp_3' <Predicate = true> <Delay = 0.00>
ST_1 : Operation 14 [1/1] (0.00ns) (grouped into LUT with out node select_ln245_1)   --->   "%xor_ln245 = xor i1 %tmp_2, i1 1" [hls_simple_bds/firmware/nnet_utils/nnet_activation.h:245]   --->   Operation 14 'xor' 'xor_ln245' <Predicate = true> <Delay = 0.00> <CoreInst = "LogicGate">   --->   Core 74 'LogicGate' <Latency = 0> <II = 1> <Delay = 0.12> <FuncUnit> <Opcode : 'and' 'or' 'xor'> <InPorts = 2> <OutPorts = 1>
ST_1 : Operation 15 [1/1] (0.00ns) (grouped into LUT with out node select_ln245_1)   --->   "%and_ln245 = and i1 %tmp_3, i1 %xor_ln245" [hls_simple_bds/firmware/nnet_utils/nnet_activation.h:245]   --->   Operation 15 'and' 'and_ln245' <Predicate = true> <Delay = 0.00> <CoreInst = "LogicGate">   --->   Core 74 'LogicGate' <Latency = 0> <II = 1> <Delay = 0.12> <FuncUnit> <Opcode : 'and' 'or' 'xor'> <InPorts = 2> <OutPorts = 1>
ST_1 : Operation 16 [1/1] (0.00ns) (grouped into LUT with out node select_ln245_1)   --->   "%xor_ln245_1 = xor i1 %tmp_2, i1 %tmp_3" [hls_simple_bds/firmware/nnet_utils/nnet_activation.h:245]   --->   Operation 16 'xor' 'xor_ln245_1' <Predicate = true> <Delay = 0.00> <CoreInst = "LogicGate">   --->   Core 74 'LogicGate' <Latency = 0> <II = 1> <Delay = 0.12> <FuncUnit> <Opcode : 'and' 'or' 'xor'> <InPorts = 2> <OutPorts = 1>
ST_1 : Operation 17 [1/1] (0.00ns)   --->   "%sext_ln245_2 = sext i16 %data_1_val_read" [hls_simple_bds/firmware/nnet_utils/nnet_activation.h:245]   --->   Operation 17 'sext' 'sext_ln245_2' <Predicate = true> <Delay = 0.00>
ST_1 : Operation 18 [1/1] (0.78ns)   --->   "%sub_ln245_1 = sub i17 %sext_ln245_2, i17 %sext_ln245_1" [hls_simple_bds/firmware/nnet_utils/nnet_activation.h:245]   --->   Operation 18 'sub' 'sub_ln245_1' <Predicate = true> <Delay = 0.78> <CoreInst = "Adder">   --->   Core 1 'Adder' <Latency = 0> <II = 1> <Delay = 0.78> <FuncUnit> <Opcode : 'add' 'sub'> <InPorts = 2> <OutPorts = 1>
ST_1 : Operation 19 [1/1] (0.00ns)   --->   "%tmp_4 = bitselect i1 @_ssdm_op_BitSelect.i1.i17.i32, i17 %sub_ln245_1, i32 16" [hls_simple_bds/firmware/nnet_utils/nnet_activation.h:245]   --->   Operation 19 'bitselect' 'tmp_4' <Predicate = true> <Delay = 0.00>
ST_1 : Operation 20 [1/1] (0.00ns)   --->   "%tmp_5 = bitselect i1 @_ssdm_op_BitSelect.i1.i17.i32, i17 %sub_ln245_1, i32 15" [hls_simple_bds/firmware/nnet_utils/nnet_activation.h:245]   --->   Operation 20 'bitselect' 'tmp_5' <Predicate = true> <Delay = 0.00>
ST_1 : Operation 21 [1/1] (0.00ns) (grouped into LUT with out node select_ln245_3)   --->   "%xor_ln245_2 = xor i1 %tmp_4, i1 1" [hls_simple_bds/firmware/nnet_utils/nnet_activation.h:245]   --->   Operation 21 'xor' 'xor_ln245_2' <Predicate = true> <Delay = 0.00> <CoreInst = "LogicGate">   --->   Core 74 'LogicGate' <Latency = 0> <II = 1> <Delay = 0.12> <FuncUnit> <Opcode : 'and' 'or' 'xor'> <InPorts = 2> <OutPorts = 1>
ST_1 : Operation 22 [1/1] (0.00ns) (grouped into LUT with out node select_ln245_3)   --->   "%and_ln245_1 = and i1 %tmp_5, i1 %xor_ln245_2" [hls_simple_bds/firmware/nnet_utils/nnet_activation.h:245]   --->   Operation 22 'and' 'and_ln245_1' <Predicate = true> <Delay = 0.00> <CoreInst = "LogicGate">   --->   Core 74 'LogicGate' <Latency = 0> <II = 1> <Delay = 0.12> <FuncUnit> <Opcode : 'and' 'or' 'xor'> <InPorts = 2> <OutPorts = 1>
ST_1 : Operation 23 [1/1] (0.00ns) (grouped into LUT with out node select_ln245_3)   --->   "%xor_ln245_3 = xor i1 %tmp_4, i1 %tmp_5" [hls_simple_bds/firmware/nnet_utils/nnet_activation.h:245]   --->   Operation 23 'xor' 'xor_ln245_3' <Predicate = true> <Delay = 0.00> <CoreInst = "LogicGate">   --->   Core 74 'LogicGate' <Latency = 0> <II = 1> <Delay = 0.12> <FuncUnit> <Opcode : 'and' 'or' 'xor'> <InPorts = 2> <OutPorts = 1>
ST_1 : Operation 24 [1/1] (0.00ns) (grouped into LUT with out node select_ln245_1)   --->   "%select_ln245 = select i1 %and_ln245, i10 511, i10 512" [hls_simple_bds/firmware/nnet_utils/nnet_activation.h:245]   --->   Operation 24 'select' 'select_ln245' <Predicate = true> <Delay = 0.00> <CoreInst = "Sel">   --->   Core 73 'Sel' <Latency = 0> <II = 1> <Delay = 0.30> <FuncUnit> <Opcode : 'select'> <InPorts = 3> <OutPorts = 1>
ST_1 : Operation 25 [1/1] (0.00ns) (grouped into LUT with out node select_ln245_1)   --->   "%tmp = partselect i10 @_ssdm_op_PartSelect.i10.i17.i32.i32, i17 %sub_ln245, i32 6, i32 15" [hls_simple_bds/firmware/nnet_utils/nnet_activation.h:145->hls_simple_bds/firmware/nnet_utils/nnet_activation.h:254]   --->   Operation 25 'partselect' 'tmp' <Predicate = true> <Delay = 0.00>
ST_1 : Operation 26 [1/1] (0.30ns) (out node of the LUT)   --->   "%select_ln245_1 = select i1 %xor_ln245_1, i10 %select_ln245, i10 %tmp" [hls_simple_bds/firmware/nnet_utils/nnet_activation.h:245]   --->   Operation 26 'select' 'select_ln245_1' <Predicate = true> <Delay = 0.30> <CoreInst = "Sel">   --->   Core 73 'Sel' <Latency = 0> <II = 1> <Delay = 0.30> <FuncUnit> <Opcode : 'select'> <InPorts = 3> <OutPorts = 1>
ST_1 : Operation 27 [1/1] (0.00ns)   --->   "%zext_ln255 = zext i10 %select_ln245_1" [hls_simple_bds/firmware/nnet_utils/nnet_activation.h:255]   --->   Operation 27 'zext' 'zext_ln255' <Predicate = true> <Delay = 0.00>
ST_1 : Operation 28 [1/1] (0.00ns)   --->   "%exp_table_addr = getelementptr i17 %exp_table, i64 0, i64 %zext_ln255" [hls_simple_bds/firmware/nnet_utils/nnet_activation.h:255]   --->   Operation 28 'getelementptr' 'exp_table_addr' <Predicate = true> <Delay = 0.00>
ST_1 : Operation 29 [2/2] (1.20ns)   --->   "%exp_table_load = load i10 %exp_table_addr" [hls_simple_bds/firmware/nnet_utils/nnet_activation.h:255]   --->   Operation 29 'load' 'exp_table_load' <Predicate = true> <Delay = 1.20> <CoreInst = "ROM">   --->   Core 101 'ROM' <Latency = 1> <II = 1> <Delay = 1.20> <Storage> <Opcode : 'load'> <Ports = 0> <Width = 17> <Depth = 1024> <ROM>
ST_1 : Operation 30 [1/1] (0.00ns) (grouped into LUT with out node select_ln245_3)   --->   "%select_ln245_2 = select i1 %and_ln245_1, i10 511, i10 512" [hls_simple_bds/firmware/nnet_utils/nnet_activation.h:245]   --->   Operation 30 'select' 'select_ln245_2' <Predicate = true> <Delay = 0.00> <CoreInst = "Sel">   --->   Core 73 'Sel' <Latency = 0> <II = 1> <Delay = 0.30> <FuncUnit> <Opcode : 'select'> <InPorts = 3> <OutPorts = 1>
ST_1 : Operation 31 [1/1] (0.00ns) (grouped into LUT with out node select_ln245_3)   --->   "%tmp_1 = partselect i10 @_ssdm_op_PartSelect.i10.i17.i32.i32, i17 %sub_ln245_1, i32 6, i32 15" [hls_simple_bds/firmware/nnet_utils/nnet_activation.h:145->hls_simple_bds/firmware/nnet_utils/nnet_activation.h:254]   --->   Operation 31 'partselect' 'tmp_1' <Predicate = true> <Delay = 0.00>
ST_1 : Operation 32 [1/1] (0.30ns) (out node of the LUT)   --->   "%select_ln245_3 = select i1 %xor_ln245_3, i10 %select_ln245_2, i10 %tmp_1" [hls_simple_bds/firmware/nnet_utils/nnet_activation.h:245]   --->   Operation 32 'select' 'select_ln245_3' <Predicate = true> <Delay = 0.30> <CoreInst = "Sel">   --->   Core 73 'Sel' <Latency = 0> <II = 1> <Delay = 0.30> <FuncUnit> <Opcode : 'select'> <InPorts = 3> <OutPorts = 1>
ST_1 : Operation 33 [1/1] (0.00ns)   --->   "%zext_ln255_1 = zext i10 %select_ln245_3" [hls_simple_bds/firmware/nnet_utils/nnet_activation.h:255]   --->   Operation 33 'zext' 'zext_ln255_1' <Predicate = true> <Delay = 0.00>
ST_1 : Operation 34 [1/1] (0.00ns)   --->   "%exp_table_addr_1 = getelementptr i17 %exp_table, i64 0, i64 %zext_ln255_1" [hls_simple_bds/firmware/nnet_utils/nnet_activation.h:255]   --->   Operation 34 'getelementptr' 'exp_table_addr_1' <Predicate = true> <Delay = 0.00>
ST_1 : Operation 35 [2/2] (1.20ns)   --->   "%exp_table_load_1 = load i10 %exp_table_addr_1" [hls_simple_bds/firmware/nnet_utils/nnet_activation.h:255]   --->   Operation 35 'load' 'exp_table_load_1' <Predicate = true> <Delay = 1.20> <CoreInst = "ROM">   --->   Core 101 'ROM' <Latency = 1> <II = 1> <Delay = 1.20> <Storage> <Opcode : 'load'> <Ports = 0> <Width = 17> <Depth = 1024> <ROM>

State 2 <SV = 1> <Delay = 3.49>
ST_2 : Operation 36 [1/2] (1.20ns)   --->   "%exp_table_load = load i10 %exp_table_addr" [hls_simple_bds/firmware/nnet_utils/nnet_activation.h:255]   --->   Operation 36 'load' 'exp_table_load' <Predicate = true> <Delay = 1.20> <CoreInst = "ROM">   --->   Core 101 'ROM' <Latency = 1> <II = 1> <Delay = 1.20> <Storage> <Opcode : 'load'> <Ports = 0> <Width = 17> <Depth = 1024> <ROM>
ST_2 : Operation 37 [1/1] (0.00ns)   --->   "%zext_ln245 = zext i17 %exp_table_load" [hls_simple_bds/firmware/nnet_utils/nnet_activation.h:245]   --->   Operation 37 'zext' 'zext_ln245' <Predicate = true> <Delay = 0.00>
ST_2 : Operation 38 [1/2] (1.20ns)   --->   "%exp_table_load_1 = load i10 %exp_table_addr_1" [hls_simple_bds/firmware/nnet_utils/nnet_activation.h:255]   --->   Operation 38 'load' 'exp_table_load_1' <Predicate = true> <Delay = 1.20> <CoreInst = "ROM">   --->   Core 101 'ROM' <Latency = 1> <II = 1> <Delay = 1.20> <Storage> <Opcode : 'load'> <Ports = 0> <Width = 17> <Depth = 1024> <ROM>
ST_2 : Operation 39 [1/1] (0.00ns)   --->   "%zext_ln51 = zext i17 %exp_table_load_1" [hls_simple_bds/firmware/nnet_utils/nnet_common.h:51->hls_simple_bds/firmware/nnet_utils/nnet_common.h:44->hls_simple_bds/firmware/nnet_utils/nnet_activation.h:262]   --->   Operation 39 'zext' 'zext_ln51' <Predicate = true> <Delay = 0.00>
ST_2 : Operation 40 [1/1] (0.79ns)   --->   "%add_ln51_1 = add i17 %exp_table_load_1, i17 %exp_table_load" [hls_simple_bds/firmware/nnet_utils/nnet_common.h:51->hls_simple_bds/firmware/nnet_utils/nnet_common.h:44->hls_simple_bds/firmware/nnet_utils/nnet_activation.h:262]   --->   Operation 40 'add' 'add_ln51_1' <Predicate = true> <Delay = 0.79> <CoreInst = "Adder">   --->   Core 1 'Adder' <Latency = 0> <II = 1> <Delay = 0.79> <FuncUnit> <Opcode : 'add' 'sub'> <InPorts = 2> <OutPorts = 1>
ST_2 : Operation 41 [1/1] (0.79ns)   --->   "%add_ln51 = add i18 %zext_ln51, i18 %zext_ln245" [hls_simple_bds/firmware/nnet_utils/nnet_common.h:51->hls_simple_bds/firmware/nnet_utils/nnet_common.h:44->hls_simple_bds/firmware/nnet_utils/nnet_activation.h:262]   --->   Operation 41 'add' 'add_ln51' <Predicate = true> <Delay = 0.79> <CoreInst = "Adder">   --->   Core 1 'Adder' <Latency = 0> <II = 1> <Delay = 0.79> <FuncUnit> <Opcode : 'add' 'sub'> <InPorts = 2> <OutPorts = 1>
ST_2 : Operation 42 [1/1] (0.00ns)   --->   "%tmp_6 = bitselect i1 @_ssdm_op_BitSelect.i1.i18.i32, i18 %add_ln51, i32 17" [hls_simple_bds/firmware/nnet_utils/nnet_common.h:51->hls_simple_bds/firmware/nnet_utils/nnet_common.h:44->hls_simple_bds/firmware/nnet_utils/nnet_activation.h:262]   --->   Operation 42 'bitselect' 'tmp_6' <Predicate = true> <Delay = 0.00>
ST_2 : Operation 43 [1/1] (0.00ns)   --->   "%tmp_2_cast = partselect i9 @_ssdm_op_PartSelect.i9.i17.i32.i32, i17 %add_ln51_1, i32 8, i32 16" [hls_simple_bds/firmware/nnet_utils/nnet_common.h:51->hls_simple_bds/firmware/nnet_utils/nnet_common.h:44->hls_simple_bds/firmware/nnet_utils/nnet_activation.h:262]   --->   Operation 43 'partselect' 'tmp_2_cast' <Predicate = true> <Delay = 0.00>
ST_2 : Operation 44 [1/1] (0.30ns)   --->   "%select_ln51 = select i1 %tmp_6, i9 511, i9 %tmp_2_cast" [hls_simple_bds/firmware/nnet_utils/nnet_common.h:51->hls_simple_bds/firmware/nnet_utils/nnet_common.h:44->hls_simple_bds/firmware/nnet_utils/nnet_activation.h:262]   --->   Operation 44 'select' 'select_ln51' <Predicate = true> <Delay = 0.30> <CoreInst = "Sel">   --->   Core 73 'Sel' <Latency = 0> <II = 1> <Delay = 0.30> <FuncUnit> <Opcode : 'select'> <InPorts = 3> <OutPorts = 1>
ST_2 : Operation 45 [1/1] (0.00ns)   --->   "%zext_ln265 = zext i9 %select_ln51" [hls_simple_bds/firmware/nnet_utils/nnet_activation.h:265]   --->   Operation 45 'zext' 'zext_ln265' <Predicate = true> <Delay = 0.00>
ST_2 : Operation 46 [1/1] (0.00ns)   --->   "%invert_table_addr = getelementptr i18 %invert_table, i64 0, i64 %zext_ln265" [hls_simple_bds/firmware/nnet_utils/nnet_activation.h:265]   --->   Operation 46 'getelementptr' 'invert_table_addr' <Predicate = true> <Delay = 0.00>
ST_2 : Operation 47 [2/2] (1.20ns)   --->   "%inv_exp_sum = load i10 %invert_table_addr" [hls_simple_bds/firmware/nnet_utils/nnet_activation.h:265]   --->   Operation 47 'load' 'inv_exp_sum' <Predicate = true> <Delay = 1.20> <CoreInst = "ROM">   --->   Core 101 'ROM' <Latency = 1> <II = 1> <Delay = 1.20> <Storage> <Opcode : 'load'> <Ports = 0> <Width = 18> <Depth = 1024> <ROM>

State 3 <SV = 2> <Delay = 3.23>
ST_3 : Operation 48 [1/1] (0.00ns)   --->   "%specpipeline_ln37 = specpipeline void @_ssdm_op_SpecPipeline, i32 4294967295, i32 0, i32 0, i32 0, void @empty_0" [hls_simple_bds/firmware/nnet_utils/nnet_common.h:37->hls_simple_bds/firmware/nnet_utils/nnet_activation.h:239]   --->   Operation 48 'specpipeline' 'specpipeline_ln37' <Predicate = true> <Delay = 0.00>
ST_3 : Operation 49 [1/2] (1.20ns)   --->   "%inv_exp_sum = load i10 %invert_table_addr" [hls_simple_bds/firmware/nnet_utils/nnet_activation.h:265]   --->   Operation 49 'load' 'inv_exp_sum' <Predicate = true> <Delay = 1.20> <CoreInst = "ROM">   --->   Core 101 'ROM' <Latency = 1> <II = 1> <Delay = 1.20> <Storage> <Opcode : 'load'> <Ports = 0> <Width = 18> <Depth = 1024> <ROM>
ST_3 : Operation 50 [1/1] (0.00ns)   --->   "%sext_ln268 = sext i18 %inv_exp_sum" [hls_simple_bds/firmware/nnet_utils/nnet_activation.h:268]   --->   Operation 50 'sext' 'sext_ln268' <Predicate = true> <Delay = 0.00>
ST_3 : Operation 51 [1/1] (0.00ns)   --->   "%zext_ln268 = zext i17 %exp_table_load" [hls_simple_bds/firmware/nnet_utils/nnet_activation.h:268]   --->   Operation 51 'zext' 'zext_ln268' <Predicate = true> <Delay = 0.00>
ST_3 : Operation 52 [1/1] (2.03ns)   --->   "%mul_ln268 = mul i26 %sext_ln268, i26 %zext_ln268" [hls_simple_bds/firmware/nnet_utils/nnet_activation.h:268]   --->   Operation 52 'mul' 'mul_ln268' <Predicate = true> <Delay = 2.03> <CoreInst = "Multiplier">   --->   Core 3 'Multiplier' <Latency = 0> <II = 1> <Delay = 2.03> <FuncUnit> <Opcode : 'mul'> <InPorts = 2> <OutPorts = 1>
ST_3 : Operation 53 [1/1] (0.00ns)   --->   "%trunc_ln1 = partselect i16 @_ssdm_op_PartSelect.i16.i26.i32.i32, i26 %mul_ln268, i32 10, i32 25" [hls_simple_bds/firmware/nnet_utils/nnet_activation.h:268]   --->   Operation 53 'partselect' 'trunc_ln1' <Predicate = true> <Delay = 0.00>
ST_3 : Operation 54 [1/1] (0.00ns)   --->   "%zext_ln268_1 = zext i17 %exp_table_load_1" [hls_simple_bds/firmware/nnet_utils/nnet_activation.h:268]   --->   Operation 54 'zext' 'zext_ln268_1' <Predicate = true> <Delay = 0.00>
ST_3 : Operation 55 [1/1] (2.03ns)   --->   "%mul_ln268_1 = mul i26 %sext_ln268, i26 %zext_ln268_1" [hls_simple_bds/firmware/nnet_utils/nnet_activation.h:268]   --->   Operation 55 'mul' 'mul_ln268_1' <Predicate = true> <Delay = 2.03> <CoreInst = "Multiplier">   --->   Core 3 'Multiplier' <Latency = 0> <II = 1> <Delay = 2.03> <FuncUnit> <Opcode : 'mul'> <InPorts = 2> <OutPorts = 1>
ST_3 : Operation 56 [1/1] (0.00ns)   --->   "%trunc_ln268_1 = partselect i16 @_ssdm_op_PartSelect.i16.i26.i32.i32, i26 %mul_ln268_1, i32 10, i32 25" [hls_simple_bds/firmware/nnet_utils/nnet_activation.h:268]   --->   Operation 56 'partselect' 'trunc_ln268_1' <Predicate = true> <Delay = 0.00>
ST_3 : Operation 57 [1/1] (0.00ns)   --->   "%mrv = insertvalue i32 <undef>, i16 %trunc_ln1" [hls_simple_bds/firmware/nnet_utils/nnet_activation.h:270]   --->   Operation 57 'insertvalue' 'mrv' <Predicate = true> <Delay = 0.00>
ST_3 : Operation 58 [1/1] (0.00ns)   --->   "%mrv_1 = insertvalue i32 %mrv, i16 %trunc_ln268_1" [hls_simple_bds/firmware/nnet_utils/nnet_activation.h:270]   --->   Operation 58 'insertvalue' 'mrv_1' <Predicate = true> <Delay = 0.00>
ST_3 : Operation 59 [1/1] (0.00ns)   --->   "%ret_ln270 = ret i32 %mrv_1" [hls_simple_bds/firmware/nnet_utils/nnet_activation.h:270]   --->   Operation 59 'ret' 'ret_ln270' <Predicate = true> <Delay = 0.00>


============================================================
+ Verbose Summary: Timing violations
============================================================
Target clock period: 10.000ns, clock uncertainty: 2.700ns.

 <State 1>: 3.316ns
The critical path consists of the following:
	wire read operation ('data_1_val_read', hls_simple_bds/firmware/nnet_utils/nnet_common.h:66->hls_simple_bds/firmware/nnet_utils/nnet_common.h:44->hls_simple_bds/firmware/nnet_utils/nnet_activation.h:239) on port 'data_1_val' (hls_simple_bds/firmware/nnet_utils/nnet_common.h:66->hls_simple_bds/firmware/nnet_utils/nnet_common.h:44->hls_simple_bds/firmware/nnet_utils/nnet_activation.h:239) [6]  (0.000 ns)
	'icmp' operation 1 bit ('icmp_ln66', hls_simple_bds/firmware/nnet_utils/nnet_common.h:66->hls_simple_bds/firmware/nnet_utils/nnet_common.h:44->hls_simple_bds/firmware/nnet_utils/nnet_activation.h:239) [8]  (0.785 ns)
	'xor' operation 1 bit ('xor_ln66', hls_simple_bds/firmware/nnet_utils/nnet_common.h:66->hls_simple_bds/firmware/nnet_utils/nnet_common.h:44->hls_simple_bds/firmware/nnet_utils/nnet_activation.h:239) [9]  (0.000 ns)
	'select' operation 16 bit ('x_max', hls_simple_bds/firmware/nnet_utils/nnet_common.h:66->hls_simple_bds/firmware/nnet_utils/nnet_common.h:44->hls_simple_bds/firmware/nnet_utils/nnet_activation.h:239) [10]  (0.243 ns)
	'sub' operation 17 bit ('sub_ln245', hls_simple_bds/firmware/nnet_utils/nnet_activation.h:245) [13]  (0.785 ns)
	'xor' operation 1 bit ('xor_ln245_1', hls_simple_bds/firmware/nnet_utils/nnet_activation.h:245) [18]  (0.000 ns)
	'select' operation 10 bit ('select_ln245_1', hls_simple_bds/firmware/nnet_utils/nnet_activation.h:245) [28]  (0.303 ns)
	'getelementptr' operation 10 bit ('exp_table_addr', hls_simple_bds/firmware/nnet_utils/nnet_activation.h:255) [30]  (0.000 ns)
	'load' operation 17 bit ('exp_table_load', hls_simple_bds/firmware/nnet_utils/nnet_activation.h:255) on array 'exp_table' [31]  (1.200 ns)

 <State 2>: 3.494ns
The critical path consists of the following:
	'load' operation 17 bit ('exp_table_load', hls_simple_bds/firmware/nnet_utils/nnet_activation.h:255) on array 'exp_table' [31]  (1.200 ns)
	'add' operation 17 bit ('add_ln51_1', hls_simple_bds/firmware/nnet_utils/nnet_common.h:51->hls_simple_bds/firmware/nnet_utils/nnet_common.h:44->hls_simple_bds/firmware/nnet_utils/nnet_activation.h:262) [40]  (0.791 ns)
	'select' operation 9 bit ('select_ln51', hls_simple_bds/firmware/nnet_utils/nnet_common.h:51->hls_simple_bds/firmware/nnet_utils/nnet_common.h:44->hls_simple_bds/firmware/nnet_utils/nnet_activation.h:262) [44]  (0.303 ns)
	'getelementptr' operation 10 bit ('invert_table_addr', hls_simple_bds/firmware/nnet_utils/nnet_activation.h:265) [46]  (0.000 ns)
	'load' operation 18 bit ('inv_exp_sum', hls_simple_bds/firmware/nnet_utils/nnet_activation.h:265) on array 'invert_table' [47]  (1.200 ns)

 <State 3>: 3.233ns
The critical path consists of the following:
	'load' operation 18 bit ('inv_exp_sum', hls_simple_bds/firmware/nnet_utils/nnet_activation.h:265) on array 'invert_table' [47]  (1.200 ns)
	'mul' operation 26 bit ('mul_ln268', hls_simple_bds/firmware/nnet_utils/nnet_activation.h:268) [50]  (2.033 ns)


============================================================
+ Verbose Summary: Binding
============================================================
N/A
* FSMD analyzer results:
  - Output states:
 - Input state : 
  - Chain level:
	State 1
	State 2
	State 3


============================================================
+ Verbose Summary: Datapath Resource usage 
============================================================
N/A
